<?xml version="1.0" encoding="utf-8"?>
<TestRun id="a0ba4986-3faf-4a9a-837e-789da976071d" name="@runnervmlun5p 2026-09-23 22:39:31" xmlns="http://microsoft.com/schemas/VisualStudio/TeamTest/2010">
  <Times creation="2026-09-23T22:39:31.9355255+00:00" queuing="2026-09-23T22:39:31.9355257+00:00" start="2026-09-23T22:39:30.9538747+00:00" finish="2026-09-23T22:39:42.7285578+00:00" />
  <TestSettings name="default" id="35b29af4-225b-4154-b391-42738b1e00b7">
    <Deployment runDeploymentRoot="_runnervmlun5p_2026-09-23_22_39_31" />
  </TestSettings>
  <Results>
    <UnitTestResult executionId="4a7bfc2f-d2ef-4892-bf21-f613257dc845" testId="931b5757-b39d-2e8b-53fb-992531ccd5e2" testName="Data_mode_parsing(&quot;bogus&quot;,Normal)" computerName="runnervmlun5p" duration="00:00:00.0000210" startTime="2026-09-23T22:39:31.8647156+00:00" endTime="2026-09-23T22:39:31.8647362+00:00" testType="13cdc9d9-ddb5-4fa4-a97d-d965ccfc6d4b" outcome="Passed" testListId="8c84fa94-04c1-424b-9868-57a2d4851a1d" relativeResultsDirectory="4a7bfc2f-d2ef-4892-bf21-f613257dc845" />
    <UnitTestResult executionId="fbb85008-0141-42a4-80f5-dccbfecc6021" testId="961b7cea-13a0-7a51-8953-1f88fc308135" testName="Assets_search_and_filter(&quot;ROOF&quot;,All,[&quot;AHU-203&quot;, &quot;CT-007&quot;, &quot;FAN-305&quot;])" computerName="runnervmlun5p" duration="00:00:00.0009280" startTime="2026-09-23T22:39:33.5421923+00:00" endTime="2026-09-23T22:39:33.5431202+00:00" testType="13cdc9d9-ddb5-4fa4-a97d-d965ccfc6d4b" outcome="Passed" testListId="8c84fa94-04c1-424b-9868-57a2d4851a1d" relativeResultsDirectory="fbb85008-0141-42a4-80f5-dccbfecc6021" />
    <UnitTestResult executionId="4c064060-6569-4d65-8014-5516823ca02d" testId="9837ced1-a01b-79cf-0cb4-d99c593c5b55" testName="Assets_search_and_filter(&quot;roof&quot;,Critical,[&quot;CT-007&quot;])" computerName="runnervmlun5p" duration="00:00:00.0009580" startTime="2026-09-23T22:39:33.5452274+00:00" endTime="2026-09-23T22:39:33.5461854+00:00" testType="13cdc9d9-ddb5-4fa4-a97d-d965ccfc6d4b" outcome="Passed" testListId="8c84fa94-04c1-424b-9868-57a2d4851a1d" relativeResultsDirectory="4c064060-6569-4d65-8014-5516823ca02d" />
    <UnitTestResult executionId="b86eb2b0-676e-4b0b-bd2a-8778e8a25434" testId="d067fb80-e266-1606-9971-a316f13740e1" testName="Temperature_range_is_inclusive(&quot;abc&quot;,False)" computerName="runnervmlun5p" duration="00:00:00.0006840" startTime="2026-09-23T22:39:42.6675089+00:00" endTime="2026-09-23T22:39:42.6681929+00:00" testType="13cdc9d9-ddb5-4fa4-a97d-d965ccfc6d4b" outcome="Passed" testListId="8c84fa94-04c1-424b-9868-57a2d4851a1d" relativeResultsDirectory="b86eb2b0-676e-4b0b-bd2a-8778e8a25434" />
    <UnitTestResult executionId="2cd4504a-a5cb-4c77-91a0-f532fb2ec786" testId="5967d81f-e741-bb1c-24ba-b9a1ea697b1e" testName="Success_actions_navigate_to_asset_and_history" computerName="runnervmlun5p" duration="00:00:00.0040720" startTime="2026-09-23T22:39:42.6552702+00:00" endTime="2026-09-23T22:39:42.6593414+00:00" testType="13cdc9d9-ddb5-4fa4-a97d-d965ccfc6d4b" outcome="Passed" testListId="8c84fa94-04c1-424b-9868-57a2d4851a1d" relativeResultsDirectory="2cd4504a-a5cb-4c77-91a0-f532fb2ec786" />
    <UnitTestResult executionId="477a8291-30c6-4068-843e-fe2e70e134e3" testId="3fdc559d-49b5-939a-ea88-5f5ccb46e6e5" testName="Added_inspection_is_persisted_and_survives_a_new_repository_instance" computerName="runnervmlun5p" duration="00:00:00.1271470" startTime="2026-09-23T22:39:31.6883842+00:00" endTime="2026-09-23T22:39:31.8154536+00:00" testType="13cdc9d9-ddb5-4fa4-a97d-d965ccfc6d4b" outcome="Passed" testListId="8c84fa94-04c1-424b-9868-57a2d4851a1d" relativeResultsDirectory="477a8291-30c6-4068-843e-fe2e70e134e3" />
    <UnitTestResult executionId="c0514748-b05a-426d-8a70-c9e724bc5f7f" testId="92451776-62ba-795c-7aa9-8864e9936359" testName="Saving_never_modifies_the_benchmark_fixture_files" computerName="runnervmlun5p" duration="00:00:00.0038810" startTime="2026-09-23T22:39:33.4937270+00:00" endTime="2026-09-23T22:39:33.4976075+00:00" testType="13cdc9d9-ddb5-4fa4-a97d-d965ccfc6d4b" outcome="Passed" testListId="8c84fa94-04c1-424b-9868-57a2d4851a1d" relativeResultsDirectory="c0514748-b05a-426d-8a70-c9e724bc5f7f" />
    <UnitTestResult executionId="5be0eb1b-8b06-4c4d-8423-342490ae1139" testId="044be290-726d-c554-d312-8462128118ae" testName="Data_mode_parsing(&quot;slow&quot;,Slow)" computerName="runnervmlun5p" duration="00:00:00.0000150" startTime="2026-09-23T22:39:31.8615954+00:00" endTime="2026-09-23T22:39:31.8616109+00:00" testType="13cdc9d9-ddb5-4fa4-a97d-d965ccfc6d4b" outcome="Passed" testListId="8c84fa94-04c1-424b-9868-57a2d4851a1d" relativeResultsDirectory="5be0eb1b-8b06-4c4d-8423-342490ae1139" />
    <UnitTestResult executionId="0bb77bdd-5056-4e8f-8ac6-d77dbb47df07" testId="6f2aa134-5b06-03bc-c307-d0430840d9c8" testName="Assets_search_and_filter(&quot;&quot;,Attention,[&quot;AHU-203&quot;, &quot;CNV-018&quot;, &quot;BLR-002&quot;])" computerName="runnervmlun5p" duration="00:00:00.0010200" startTime="2026-09-23T22:39:33.5441757+00:00" endTime="2026-09-23T22:39:33.5451959+00:00" testType="13cdc9d9-ddb5-4fa4-a97d-d965ccfc6d4b" outcome="Passed" testListId="8c84fa94-04c1-424b-9868-57a2d4851a1d" relativeResultsDirectory="0bb77bdd-5056-4e8f-8ac6-d77dbb47df07" />
    <UnitTestResult executionId="f86161d5-7960-4835-9d76-fe33bd675bec" testId="b9aeeb57-77b5-2794-ec49-6942cf68579c" testName="Cancel_goes_back_without_saving" computerName="runnervmlun5p" duration="00:00:00.0091090" startTime="2026-09-23T22:39:33.5472838+00:00" endTime="2026-09-23T22:39:33.5563923+00:00" testType="13cdc9d9-ddb5-4fa4-a97d-d965ccfc6d4b" outcome="Passed" testListId="8c84fa94-04c1-424b-9868-57a2d4851a1d" relativeResultsDirectory="f86161d5-7960-4835-9d76-fe33bd675bec" />
    <UnitTestResult executionId="96551035-eb13-4f02-99b7-3a5e22e3413f" testId="e39bb4d4-c0e8-b6b6-d093-ccc8b2e12736" testName="Asset_detail_reflects_newest_inspection_after_save" computerName="runnervmlun5p" duration="00:00:00.0133180" startTime="2026-09-23T22:39:33.5043003+00:00" endTime="2026-09-23T22:39:33.5176184+00:00" testType="13cdc9d9-ddb5-4fa4-a97d-d965ccfc6d4b" outcome="Passed" testListId="8c84fa94-04c1-424b-9868-57a2d4851a1d" relativeResultsDirectory="96551035-eb13-4f02-99b7-3a5e22e3413f" />
    <UnitTestResult executionId="064e2d8c-532e-4d85-8865-ce98a75df90b" testId="e24b2363-895f-ba8e-ce32-4ea0aeb39b2c" testName="Temperature_range_is_inclusive(&quot;250.1&quot;,False)" computerName="runnervmlun5p" duration="00:00:00.0006140" startTime="2026-09-23T22:39:42.6668618+00:00" endTime="2026-09-23T22:39:42.6674753+00:00" testType="13cdc9d9-ddb5-4fa4-a97d-d965ccfc6d4b" outcome="Passed" testListId="8c84fa94-04c1-424b-9868-57a2d4851a1d" relativeResultsDirectory="064e2d8c-532e-4d85-8865-ce98a75df90b" />
    <UnitTestResult executionId="5c91cba2-a1c3-411a-94fc-c6a65e86a21f" testId="555728f0-6772-ec4b-ac44-67c7553b6f8c" testName="Picker_select_cancel_and_failure_keep_the_form_usable" computerName="runnervmlun5p" duration="00:00:00.0066460" startTime="2026-09-23T22:39:34.2375506+00:00" endTime="2026-09-23T22:39:34.2441968+00:00" testType="13cdc9d9-ddb5-4fa4-a97d-d965ccfc6d4b" outcome="Passed" testListId="8c84fa94-04c1-424b-9868-57a2d4851a1d" relativeResultsDirectory="5c91cba2-a1c3-411a-94fc-c6a65e86a21f" />
    <UnitTestResult executionId="d092ec21-9326-47eb-9548-fbee49617123" testId="599e77a4-6fde-de7d-4c87-c34bbd7317fb" testName="Data_mode_parsing(null,Normal)" computerName="runnervmlun5p" duration="00:00:00.0000150" startTime="2026-09-23T22:39:31.8622471+00:00" endTime="2026-09-23T22:39:31.8622625+00:00" testType="13cdc9d9-ddb5-4fa4-a97d-d965ccfc6d4b" outcome="Passed" testListId="8c84fa94-04c1-424b-9868-57a2d4851a1d" relativeResultsDirectory="d092ec21-9326-47eb-9548-fbee49617123" />
    <UnitTestResult executionId="14dc1cb9-1244-448c-a88a-539a0d2a0e01" testId="fa537a50-d997-e2ec-552c-1f5eedfee4dd" testName="Issue_description_visibility_and_requirement" computerName="runnervmlun5p" duration="00:00:00.0026780" startTime="2026-09-23T22:39:34.1815631+00:00" endTime="2026-09-23T22:39:34.1842407+00:00" testType="13cdc9d9-ddb5-4fa4-a97d-d965ccfc6d4b" outcome="Passed" testListId="8c84fa94-04c1-424b-9868-57a2d4851a1d" relativeResultsDirectory="14dc1cb9-1244-448c-a88a-539a0d2a0e01" />
    <UnitTestResult executionId="8ef929f1-0d20-4591-a7da-95448b19fc61" testId="9b16206d-b7ef-e539-9fee-1d13dacf7fad" testName="Data_modes_are_deterministic" computerName="runnervmlun5p" duration="00:00:01.6127570" startTime="2026-09-23T22:39:31.8720821+00:00" endTime="2026-09-23T22:39:33.4848387+00:00" testType="13cdc9d9-ddb5-4fa4-a97d-d965ccfc6d4b" outcome="Passed" testListId="8c84fa94-04c1-424b-9868-57a2d4851a1d" relativeResultsDirectory="8ef929f1-0d20-4591-a7da-95448b19fc61" />
    <UnitTestResult executionId="03c5bd02-3c37-49e7-849d-7e82ec744b4b" testId="35b62df2-148b-f364-c307-afc590091eb3" testName="History_is_newest_first_and_filters" computerName="runnervmlun5p" duration="00:00:00.0086140" startTime="2026-09-23T22:39:34.1729153+00:00" endTime="2026-09-23T22:39:34.1815291+00:00" testType="13cdc9d9-ddb5-4fa4-a97d-d965ccfc6d4b" outcome="Passed" testListId="8c84fa94-04c1-424b-9868-57a2d4851a1d" relativeResultsDirectory="03c5bd02-3c37-49e7-849d-7e82ec744b4b" />
    <UnitTestResult executionId="791f0aeb-cf9b-427e-b0a1-29e6956c7643" testId="b13ebba2-f006-a127-b395-c9631f5e1d4e" testName="Temperature_range_is_inclusive(&quot;-51&quot;,False)" computerName="runnervmlun5p" duration="00:00:00.0007100" startTime="2026-09-23T22:39:42.6661219+00:00" endTime="2026-09-23T22:39:42.6668321+00:00" testType="13cdc9d9-ddb5-4fa4-a97d-d965ccfc6d4b" outcome="Passed" testListId="8c84fa94-04c1-424b-9868-57a2d4851a1d" relativeResultsDirectory="791f0aeb-cf9b-427e-b0a1-29e6956c7643" />
    <UnitTestResult executionId="33462377-84da-491e-8501-7d1deb3e790a" testId="73956f71-7c24-853f-ed19-297a1a3c40ed" testName="Submit_is_disabled_until_required_fields_are_valid" computerName="runnervmlun5p" duration="00:00:00.0026610" startTime="2026-09-23T22:39:42.6525770+00:00" endTime="2026-09-23T22:39:42.6552378+00:00" testType="13cdc9d9-ddb5-4fa4-a97d-d965ccfc6d4b" outcome="Passed" testListId="8c84fa94-04c1-424b-9868-57a2d4851a1d" relativeResultsDirectory="33462377-84da-491e-8501-7d1deb3e790a" />
    <UnitTestResult executionId="549802c4-3bf7-4f91-b6d0-bff95fab9942" testId="9d70edb6-66e8-6bcb-1445-5902b6da99d5" testName="Assets_no_results_is_distinct_from_empty" computerName="runnervmlun5p" duration="00:00:00.0087250" startTime="2026-09-23T22:39:33.5176684+00:00" endTime="2026-09-23T22:39:33.5263934+00:00" testType="13cdc9d9-ddb5-4fa4-a97d-d965ccfc6d4b" outcome="Passed" testListId="8c84fa94-04c1-424b-9868-57a2d4851a1d" relativeResultsDirectory="549802c4-3bf7-4f91-b6d0-bff95fab9942" />
    <UnitTestResult executionId="c55bc328-e5a0-4a7f-a152-2f9047330ccd" testId="016a5fd2-b9ac-fdf5-0708-d507797d2d74" testName="Dashboard_counts_are_derived_from_data" computerName="runnervmlun5p" duration="00:00:00.0123450" startTime="2026-09-23T22:39:33.5564252+00:00" endTime="2026-09-23T22:39:33.5687701+00:00" testType="13cdc9d9-ddb5-4fa4-a97d-d965ccfc6d4b" outcome="Passed" testListId="8c84fa94-04c1-424b-9868-57a2d4851a1d" relativeResultsDirectory="c55bc328-e5a0-4a7f-a152-2f9047330ccd" />
    <UnitTestResult executionId="49f4b1c0-2799-489b-b270-cbf60e14e264" testId="89e8a839-345a-b13c-95b7-2e725c0c6866" testName="Attachment_is_copied_into_app_storage" computerName="runnervmlun5p" duration="00:00:00.0239020" startTime="2026-09-23T22:39:31.8173060+00:00" endTime="2026-09-23T22:39:31.8412076+00:00" testType="13cdc9d9-ddb5-4fa4-a97d-d965ccfc6d4b" outcome="Passed" testListId="8c84fa94-04c1-424b-9868-57a2d4851a1d" relativeResultsDirectory="49f4b1c0-2799-489b-b270-cbf60e14e264" />
    <UnitTestResult executionId="df7854dc-d4ac-4445-b4c3-ba9e7a23e0fd" testId="9f7301f1-072c-9372-73af-4069fda5dc7e" testName="Temperature_range_is_inclusive(&quot;250&quot;,True)" computerName="runnervmlun5p" duration="00:00:00.0009390" startTime="2026-09-23T22:39:42.6645018+00:00" endTime="2026-09-23T22:39:42.6654409+00:00" testType="13cdc9d9-ddb5-4fa4-a97d-d965ccfc6d4b" outcome="Passed" testListId="8c84fa94-04c1-424b-9868-57a2d4851a1d" relativeResultsDirectory="df7854dc-d4ac-4445-b4c3-ba9e7a23e0fd" />
    <UnitTestResult executionId="fc20e4b0-f872-4e9e-9451-7829a7abc703" testId="e3c603c3-6d56-19dc-a9ff-c272922f4623" testName="Assets_search_and_filter(&quot;pump&quot;,All,[&quot;PMP-104&quot;, &quot;PMP-220&quot;])" computerName="runnervmlun5p" duration="00:00:00.0009780" startTime="2026-09-23T22:39:33.5411875+00:00" endTime="2026-09-23T22:39:33.5421657+00:00" testType="13cdc9d9-ddb5-4fa4-a97d-d965ccfc6d4b" outcome="Passed" testListId="8c84fa94-04c1-424b-9868-57a2d4851a1d" relativeResultsDirectory="fc20e4b0-f872-4e9e-9451-7829a7abc703" />
    <UnitTestResult executionId="beb324dd-9dcc-459d-af90-1f3274348be2" testId="2e823845-2063-194a-2d72-9d1e527ae6af" testName="Successful_submit_creates_exactly_one_inspection_and_navigates" computerName="runnervmlun5p" duration="00:00:00.0030900" startTime="2026-09-23T22:39:42.6593846+00:00" endTime="2026-09-23T22:39:42.6624765+00:00" testType="13cdc9d9-ddb5-4fa4-a97d-d965ccfc6d4b" outcome="Passed" testListId="8c84fa94-04c1-424b-9868-57a2d4851a1d" relativeResultsDirectory="beb324dd-9dcc-459d-af90-1f3274348be2" />
    <UnitTestResult executionId="d9133c9a-cdc0-414f-9c4c-cdec32b0e6a1" testId="31c01c01-f42e-efae-0a10-b13a817adbca" testName="Assets_search_and_filter(&quot;PMP&quot;,All,[&quot;PMP-104&quot;, &quot;PMP-220&quot;])" computerName="runnervmlun5p" duration="00:00:00.0012110" startTime="2026-09-23T22:39:33.5399461+00:00" endTime="2026-09-23T22:39:33.5411572+00:00" testType="13cdc9d9-ddb5-4fa4-a97d-d965ccfc6d4b" outcome="Passed" testListId="8c84fa94-04c1-424b-9868-57a2d4851a1d" relativeResultsDirectory="d9133c9a-cdc0-414f-9c4c-cdec32b0e6a1" />
    <UnitTestResult executionId="fd1529d7-d3a3-4ac7-ba91-1ce99a8cf303" testId="3cc2e54f-d3cd-80e0-e892-d7e5c8e8a2a3" testName="Assets_search_and_filter(&quot;roof&quot;,Operational,[&quot;FAN-305&quot;])" computerName="runnervmlun5p" duration="00:00:00.0010250" startTime="2026-09-23T22:39:33.5462114+00:00" endTime="2026-09-23T22:39:33.5472358+00:00" testType="13cdc9d9-ddb5-4fa4-a97d-d965ccfc6d4b" outcome="Passed" testListId="8c84fa94-04c1-424b-9868-57a2d4851a1d" relativeResultsDirectory="fd1529d7-d3a3-4ac7-ba91-1ce99a8cf303" />
    <UnitTestResult executionId="8ded4407-e234-480d-8d2a-02f47e23dc9d" testId="c66058e0-2a69-7251-d4c8-fc0bd55fbffe" testName="Data_mode_parsing(&quot;save-error&quot;,SaveError)" computerName="runnervmlun5p" duration="00:00:00.0000230" startTime="2026-09-23T22:39:31.8619314+00:00" endTime="2026-09-23T22:39:31.8619544+00:00" testType="13cdc9d9-ddb5-4fa4-a97d-d965ccfc6d4b" outcome="Passed" testListId="8c84fa94-04c1-424b-9868-57a2d4851a1d" relativeResultsDirectory="8ded4407-e234-480d-8d2a-02f47e23dc9d" />
    <UnitTestResult executionId="06c851b8-ea6f-43c3-bf3b-1d261c061b3e" testId="e2b9e8db-7c8b-8fba-6d61-582367e06020" testName="Assets_search_and_filter(&quot;cooling&quot;,All,[&quot;CT-007&quot;])" computerName="runnervmlun5p" duration="00:00:00.0027100" startTime="2026-09-23T22:39:33.5367591+00:00" endTime="2026-09-23T22:39:33.5394693+00:00" testType="13cdc9d9-ddb5-4fa4-a97d-d965ccfc6d4b" outcome="Passed" testListId="8c84fa94-04c1-424b-9868-57a2d4851a1d" relativeResultsDirectory="06c851b8-ea6f-43c3-bf3b-1d261c061b3e" />
    <UnitTestResult executionId="f8612bd7-9a03-4c29-b523-0863eb64681d" testId="e4e28ecb-266d-dec7-a85f-76eb8ad262f4" testName="Assets_search_and_filter(&quot;&quot;,Critical,[&quot;CT-007&quot;, &quot;EF-090&quot;])" computerName="runnervmlun5p" duration="00:00:00.0009920" startTime="2026-09-23T22:39:33.5431533+00:00" endTime="2026-09-23T22:39:33.5441445+00:00" testType="13cdc9d9-ddb5-4fa4-a97d-d965ccfc6d4b" outcome="Passed" testListId="8c84fa94-04c1-424b-9868-57a2d4851a1d" relativeResultsDirectory="f8612bd7-9a03-4c29-b523-0863eb64681d" />
    <UnitTestResult executionId="0a413c94-7ad0-44f2-a2f5-3e26ddf268a9" testId="ed831b8a-2374-12ff-c33c-c1f44e5a2454" testName="Data_mode_parsing(&quot;empty&quot;,Empty)" computerName="runnervmlun5p" duration="00:00:00.0000170" startTime="2026-09-23T22:39:31.8612662+00:00" endTime="2026-09-23T22:39:31.8612829+00:00" testType="13cdc9d9-ddb5-4fa4-a97d-d965ccfc6d4b" outcome="Passed" testListId="8c84fa94-04c1-424b-9868-57a2d4851a1d" relativeResultsDirectory="0a413c94-7ad0-44f2-a2f5-3e26ddf268a9" />
    <UnitTestResult executionId="43acabe2-e6b7-4b98-b9b7-cb03a8da9187" testId="4158b6eb-d22e-c8b9-0f3a-4910a5296057" testName="Corrupt_local_data_surfaces_a_repository_exception" computerName="runnervmlun5p" duration="00:00:00.0160620" startTime="2026-09-23T22:39:31.8422255+00:00" endTime="2026-09-23T22:39:31.8582869+00:00" testType="13cdc9d9-ddb5-4fa4-a97d-d965ccfc6d4b" outcome="Passed" testListId="8c84fa94-04c1-424b-9868-57a2d4851a1d" relativeResultsDirectory="43acabe2-e6b7-4b98-b9b7-cb03a8da9187" />
    <UnitTestResult executionId="7c1ee9c4-c8fb-4e4b-a255-e59061fe0e0b" testId="4e3ae567-4b75-4d78-2984-aa253720d416" testName="Seeds_all_twelve_assets_and_six_inspections" computerName="runnervmlun5p" duration="00:00:00.0024130" startTime="2026-09-23T22:39:33.4976358+00:00" endTime="2026-09-23T22:39:33.5000491+00:00" testType="13cdc9d9-ddb5-4fa4-a97d-d965ccfc6d4b" outcome="Passed" testListId="8c84fa94-04c1-424b-9868-57a2d4851a1d" relativeResultsDirectory="7c1ee9c4-c8fb-4e4b-a255-e59061fe0e0b" />
    <UnitTestResult executionId="a0575130-b3dd-4fc9-86f0-b81ebbaafc33" testId="8152bec8-db64-4696-85a0-5a0c5814a6d5" testName="Dashboard_reports_empty_and_error_states" computerName="runnervmlun5p" duration="00:00:00.6040510" startTime="2026-09-23T22:39:33.5688018+00:00" endTime="2026-09-23T22:39:34.1728530+00:00" testType="13cdc9d9-ddb5-4fa4-a97d-d965ccfc6d4b" outcome="Passed" testListId="8c84fa94-04c1-424b-9868-57a2d4851a1d" relativeResultsDirectory="a0575130-b3dd-4fc9-86f0-b81ebbaafc33" />
    <UnitTestResult executionId="a0f3042b-4ce6-4f58-8ee0-912b02295178" testId="8b89425b-5f3b-20d6-32d8-3ab34297400a" testName="Generated_ids_are_unique_and_stable" computerName="runnervmlun5p" duration="00:00:00.0073400" startTime="2026-09-23T22:39:33.4848946+00:00" endTime="2026-09-23T22:39:33.4922345+00:00" testType="13cdc9d9-ddb5-4fa4-a97d-d965ccfc6d4b" outcome="Passed" testListId="8c84fa94-04c1-424b-9868-57a2d4851a1d" relativeResultsDirectory="a0f3042b-4ce6-4f58-8ee0-912b02295178" />
    <UnitTestResult executionId="97e53ad4-ee37-4ee8-98e4-1070e93340ea" testId="800b53c4-e597-9174-35ab-8247b00e88d4" testName="New_inspection_appears_first_in_history_immediately" computerName="runnervmlun5p" duration="00:00:00.0532440" startTime="2026-09-23T22:39:34.1842677+00:00" endTime="2026-09-23T22:39:34.2375110+00:00" testType="13cdc9d9-ddb5-4fa4-a97d-d965ccfc6d4b" outcome="Passed" testListId="8c84fa94-04c1-424b-9868-57a2d4851a1d" relativeResultsDirectory="97e53ad4-ee37-4ee8-98e4-1070e93340ea" />
    <UnitTestResult executionId="424d1c76-b932-42e6-892d-b473ede1e5a0" testId="874ec84c-b730-4645-f99a-855ac936f00f" testName="Temperature_range_is_inclusive(&quot;27.5&quot;,True)" computerName="runnervmlun5p" duration="00:00:00.0006290" startTime="2026-09-23T22:39:42.6654673+00:00" endTime="2026-09-23T22:39:42.6660964+00:00" testType="13cdc9d9-ddb5-4fa4-a97d-d965ccfc6d4b" outcome="Passed" testListId="8c84fa94-04c1-424b-9868-57a2d4851a1d" relativeResultsDirectory="424d1c76-b932-42e6-892d-b473ede1e5a0" />
    <UnitTestResult executionId="e4128982-c5b1-4b7d-ace1-8b0f554386c8" testId="04261274-ab07-3f03-bcf6-21c0fc212f55" testName="Repeated_activation_while_saving_creates_one_inspection" computerName="runnervmlun5p" duration="00:00:08.0048610" startTime="2026-09-23T22:39:34.2442321+00:00" endTime="2026-09-23T22:39:42.2490924+00:00" testType="13cdc9d9-ddb5-4fa4-a97d-d965ccfc6d4b" outcome="Passed" testListId="8c84fa94-04c1-424b-9868-57a2d4851a1d" relativeResultsDirectory="e4128982-c5b1-4b7d-ace1-8b0f554386c8" />
    <UnitTestResult executionId="46250e5f-1c6a-4a45-893d-9f2d0f19e9f5" testId="cacd4947-eb57-d792-40f9-56bc27df0eed" testName="Save_failure_reports_error_and_does_not_navigate" computerName="runnervmlun5p" duration="00:00:00.4033669" startTime="2026-09-23T22:39:42.2491471+00:00" endTime="2026-09-23T22:39:42.6525139+00:00" testType="13cdc9d9-ddb5-4fa4-a97d-d965ccfc6d4b" outcome="Passed" testListId="8c84fa94-04c1-424b-9868-57a2d4851a1d" relativeResultsDirectory="46250e5f-1c6a-4a45-893d-9f2d0f19e9f5" />
    <UnitTestResult executionId="89f42d59-6b8f-4140-af40-3faf27facf8f" testId="e65441a8-f004-9eb6-6824-96e89d755038" testName="Data_mode_parsing(&quot;ERROR-ONCE&quot;,ErrorOnce)" computerName="runnervmlun5p" duration="00:00:00.0002910" startTime="2026-09-23T22:39:31.8605641+00:00" endTime="2026-09-23T22:39:31.8608555+00:00" testType="13cdc9d9-ddb5-4fa4-a97d-d965ccfc6d4b" outcome="Passed" testListId="8c84fa94-04c1-424b-9868-57a2d4851a1d" relativeResultsDirectory="89f42d59-6b8f-4140-af40-3faf27facf8f" />
    <UnitTestResult executionId="493d35a7-2fd0-431a-a4e7-b46cb25a1b2b" testId="1c4eca39-09ca-0b1e-78e2-66b95aa9627a" testName="Temperature_range_is_inclusive(&quot;-50&quot;,True)" computerName="runnervmlun5p" duration="00:00:00.0019060" startTime="2026-09-23T22:39:42.6625699+00:00" endTime="2026-09-23T22:39:42.6644761+00:00" testType="13cdc9d9-ddb5-4fa4-a97d-d965ccfc6d4b" outcome="Passed" testListId="8c84fa94-04c1-424b-9868-57a2d4851a1d" relativeResultsDirectory="493d35a7-2fd0-431a-a4e7-b46cb25a1b2b" />
    <UnitTestResult executionId="9ed91a91-436a-4512-bd91-81ac43e98746" testId="b12f152b-4615-4892-351c-6fd64f9014f7" testName="Write_failure_throws_and_leaves_state_unchanged" computerName="runnervmlun5p" duration="00:00:00.0029160" startTime="2026-09-23T22:39:33.5000806+00:00" endTime="2026-09-23T22:39:33.5029963+00:00" testType="13cdc9d9-ddb5-4fa4-a97d-d965ccfc6d4b" outcome="Passed" testListId="8c84fa94-04c1-424b-9868-57a2d4851a1d" relativeResultsDirectory="9ed91a91-436a-4512-bd91-81ac43e98746" />
    <UnitTestResult executionId="21dfeca9-41e9-4b0e-a857-7f2fd74e2106" testId="a65a202e-4b1a-d7ad-e040-6de035fc4583" testName="Assets_open_pushes_detail_when_narrow_and_selects_when_wide" computerName="runnervmlun5p" duration="00:00:00.0102680" startTime="2026-09-23T22:39:33.5264249+00:00" endTime="2026-09-23T22:39:33.5366934+00:00" testType="13cdc9d9-ddb5-4fa4-a97d-d965ccfc6d4b" outcome="Passed" testListId="8c84fa94-04c1-424b-9868-57a2d4851a1d" relativeResultsDirectory="21dfeca9-41e9-4b0e-a857-7f2fd74e2106" />
    <UnitTestResult executionId="1a222574-04df-4308-bd6e-6bf5d74dd3d6" testId="c8bbc628-0cdb-88d8-32a5-2b8a89b03ec8" testName="Temperature_range_is_inclusive(&quot;&quot;,False)" computerName="runnervmlun5p" duration="00:00:00.0006260" startTime="2026-09-23T22:39:42.6682092+00:00" endTime="2026-09-23T22:39:42.6688350+00:00" testType="13cdc9d9-ddb5-4fa4-a97d-d965ccfc6d4b" outcome="Passed" testListId="8c84fa94-04c1-424b-9868-57a2d4851a1d" relativeResultsDirectory="1a222574-04df-4308-bd6e-6bf5d74dd3d6" />
    <UnitTestResult executionId="ccd429e7-8065-44e2-bdcd-bf8c61e788a8" testId="8ac7050d-d7af-c392-8777-837030536554" testName="Timestamp_formatting" computerName="runnervmlun5p" duration="00:00:00.0005860" startTime="2026-09-23T22:39:42.6688875+00:00" endTime="2026-09-23T22:39:42.6694735+00:00" testType="13cdc9d9-ddb5-4fa4-a97d-d965ccfc6d4b" outcome="Passed" testListId="8c84fa94-04c1-424b-9868-57a2d4851a1d" relativeResultsDirectory="ccd429e7-8065-44e2-bdcd-bf8c61e788a8" />
    <UnitTestResult executionId="db15affe-5205-44d8-b9b9-2aa999082ee0" testId="1c93215e-4091-8d15-7487-ef577c944bc5" testName="Data_mode_parsing(&quot;error&quot;,Error)" computerName="runnervmlun5p" duration="00:00:00.0010180" startTime="2026-09-23T22:39:31.8592271+00:00" endTime="2026-09-23T22:39:31.8602451+00:00" testType="13cdc9d9-ddb5-4fa4-a97d-d965ccfc6d4b" outcome="Passed" testListId="8c84fa94-04c1-424b-9868-57a2d4851a1d" relativeResultsDirectory="db15affe-5205-44d8-b9b9-2aa999082ee0" />
    <UnitTestResult executionId="c746ce23-78e9-418a-9c09-85a6601b12ba" testId="52d680ce-defe-2dc2-e08c-0c44390a187f" testName="Next_id_follows_the_highest_existing_number" computerName="runnervmlun5p" duration="00:00:00.0014270" startTime="2026-09-23T22:39:33.4922708+00:00" endTime="2026-09-23T22:39:33.4936972+00:00" testType="13cdc9d9-ddb5-4fa4-a97d-d965ccfc6d4b" outcome="Passed" testListId="8c84fa94-04c1-424b-9868-57a2d4851a1d" relativeResultsDirectory="c746ce23-78e9-418a-9c09-85a6601b12ba" />
  </Results>
  <TestDefinitions>
    <UnitTest name="Temperature_range_is_inclusive(&quot;250.1&quot;,False)" storage="/home/runner/work/uno-builds/uno-builds/fieldcheck/app/fieldcheck/fieldcheck.tests/bin/release/net10.0/fieldcheck.tests.dll" id="e24b2363-895f-ba8e-ce32-4ea0aeb39b2c">
      <Execution id="064e2d8c-532e-4d85-8865-ce98a75df90b" />
      <TestMethod codeBase="/home/runner/work/Uno-Builds/Uno-Builds/FieldCheck/app/FieldCheck/FieldCheck.Tests/bin/Release/net10.0/FieldCheck.Tests.dll" adapterTypeName="executor://nunit3testexecutor/" className="FieldCheck.Tests.ViewModelTests" name="Temperature_range_is_inclusive(&quot;250.1&quot;,False)" />
    </UnitTest>
    <UnitTest name="Assets_search_and_filter(&quot;roof&quot;,Critical,[&quot;CT-007&quot;])" storage="/home/runner/work/uno-builds/uno-builds/fieldcheck/app/fieldcheck/fieldcheck.tests/bin/release/net10.0/fieldcheck.tests.dll" id="9837ced1-a01b-79cf-0cb4-d99c593c5b55">
      <Execution id="4c064060-6569-4d65-8014-5516823ca02d" />
      <TestMethod codeBase="/home/runner/work/Uno-Builds/Uno-Builds/FieldCheck/app/FieldCheck/FieldCheck.Tests/bin/Release/net10.0/FieldCheck.Tests.dll" adapterTypeName="executor://nunit3testexecutor/" className="FieldCheck.Tests.ViewModelTests" name="Assets_search_and_filter(&quot;roof&quot;,Critical,[&quot;CT-007&quot;])" />
    </UnitTest>
    <UnitTest name="Data_modes_are_deterministic" storage="/home/runner/work/uno-builds/uno-builds/fieldcheck/app/fieldcheck/fieldcheck.tests/bin/release/net10.0/fieldcheck.tests.dll" id="9b16206d-b7ef-e539-9fee-1d13dacf7fad">
      <Execution id="8ef929f1-0d20-4591-a7da-95448b19fc61" />
      <TestMethod codeBase="/home/runner/work/Uno-Builds/Uno-Builds/FieldCheck/app/FieldCheck/FieldCheck.Tests/bin/Release/net10.0/FieldCheck.Tests.dll" adapterTypeName="executor://nunit3testexecutor/" className="FieldCheck.Tests.RepositoryTests" name="Data_modes_are_deterministic" />
    </UnitTest>
    <UnitTest name="Assets_no_results_is_distinct_from_empty" storage="/home/runner/work/uno-builds/uno-builds/fieldcheck/app/fieldcheck/fieldcheck.tests/bin/release/net10.0/fieldcheck.tests.dll" id="9d70edb6-66e8-6bcb-1445-5902b6da99d5">
      <Execution id="549802c4-3bf7-4f91-b6d0-bff95fab9942" />
      <TestMethod codeBase="/home/runner/work/Uno-Builds/Uno-Builds/FieldCheck/app/FieldCheck/FieldCheck.Tests/bin/Release/net10.0/FieldCheck.Tests.dll" adapterTypeName="executor://nunit3testexecutor/" className="FieldCheck.Tests.ViewModelTests" name="Assets_no_results_is_distinct_from_empty" />
    </UnitTest>
    <UnitTest name="Timestamp_formatting" storage="/home/runner/work/uno-builds/uno-builds/fieldcheck/app/fieldcheck/fieldcheck.tests/bin/release/net10.0/fieldcheck.tests.dll" id="8ac7050d-d7af-c392-8777-837030536554">
      <Execution id="ccd429e7-8065-44e2-bdcd-bf8c61e788a8" />
      <TestMethod codeBase="/home/runner/work/Uno-Builds/Uno-Builds/FieldCheck/app/FieldCheck/FieldCheck.Tests/bin/Release/net10.0/FieldCheck.Tests.dll" adapterTypeName="executor://nunit3testexecutor/" className="FieldCheck.Tests.ViewModelTests" name="Timestamp_formatting" />
    </UnitTest>
    <UnitTest name="Assets_search_and_filter(&quot;ROOF&quot;,All,[&quot;AHU-203&quot;, &quot;CT-007&quot;, &quot;FAN-305&quot;])" storage="/home/runner/work/uno-builds/uno-builds/fieldcheck/app/fieldcheck/fieldcheck.tests/bin/release/net10.0/fieldcheck.tests.dll" id="961b7cea-13a0-7a51-8953-1f88fc308135">
      <Execution id="fbb85008-0141-42a4-80f5-dccbfecc6021" />
      <TestMethod codeBase="/home/runner/work/Uno-Builds/Uno-Builds/FieldCheck/app/FieldCheck/FieldCheck.Tests/bin/Release/net10.0/FieldCheck.Tests.dll" adapterTypeName="executor://nunit3testexecutor/" className="FieldCheck.Tests.ViewModelTests" name="Assets_search_and_filter(&quot;ROOF&quot;,All,[&quot;AHU-203&quot;, &quot;CT-007&quot;, &quot;FAN-305&quot;])" />
    </UnitTest>
    <UnitTest name="Write_failure_throws_and_leaves_state_unchanged" storage="/home/runner/work/uno-builds/uno-builds/fieldcheck/app/fieldcheck/fieldcheck.tests/bin/release/net10.0/fieldcheck.tests.dll" id="b12f152b-4615-4892-351c-6fd64f9014f7">
      <Execution id="9ed91a91-436a-4512-bd91-81ac43e98746" />
      <TestMethod codeBase="/home/runner/work/Uno-Builds/Uno-Builds/FieldCheck/app/FieldCheck/FieldCheck.Tests/bin/Release/net10.0/FieldCheck.Tests.dll" adapterTypeName="executor://nunit3testexecutor/" className="FieldCheck.Tests.RepositoryTests" name="Write_failure_throws_and_leaves_state_unchanged" />
    </UnitTest>
    <UnitTest name="Temperature_range_is_inclusive(&quot;250&quot;,True)" storage="/home/runner/work/uno-builds/uno-builds/fieldcheck/app/fieldcheck/fieldcheck.tests/bin/release/net10.0/fieldcheck.tests.dll" id="9f7301f1-072c-9372-73af-4069fda5dc7e">
      <Execution id="df7854dc-d4ac-4445-b4c3-ba9e7a23e0fd" />
      <TestMethod codeBase="/home/runner/work/Uno-Builds/Uno-Builds/FieldCheck/app/FieldCheck/FieldCheck.Tests/bin/Release/net10.0/FieldCheck.Tests.dll" adapterTypeName="executor://nunit3testexecutor/" className="FieldCheck.Tests.ViewModelTests" name="Temperature_range_is_inclusive(&quot;250&quot;,True)" />
    </UnitTest>
    <UnitTest name="Cancel_goes_back_without_saving" storage="/home/runner/work/uno-builds/uno-builds/fieldcheck/app/fieldcheck/fieldcheck.tests/bin/release/net10.0/fieldcheck.tests.dll" id="b9aeeb57-77b5-2794-ec49-6942cf68579c">
      <Execution id="f86161d5-7960-4835-9d76-fe33bd675bec" />
      <TestMethod codeBase="/home/runner/work/Uno-Builds/Uno-Builds/FieldCheck/app/FieldCheck/FieldCheck.Tests/bin/Release/net10.0/FieldCheck.Tests.dll" adapterTypeName="executor://nunit3testexecutor/" className="FieldCheck.Tests.ViewModelTests" name="Cancel_goes_back_without_saving" />
    </UnitTest>
    <UnitTest name="Data_mode_parsing(&quot;save-error&quot;,SaveError)" storage="/home/runner/work/uno-builds/uno-builds/fieldcheck/app/fieldcheck/fieldcheck.tests/bin/release/net10.0/fieldcheck.tests.dll" id="c66058e0-2a69-7251-d4c8-fc0bd55fbffe">
      <Execution id="8ded4407-e234-480d-8d2a-02f47e23dc9d" />
      <TestMethod codeBase="/home/runner/work/Uno-Builds/Uno-Builds/FieldCheck/app/FieldCheck/FieldCheck.Tests/bin/Release/net10.0/FieldCheck.Tests.dll" adapterTypeName="executor://nunit3testexecutor/" className="FieldCheck.Tests.RepositoryTests" name="Data_mode_parsing(&quot;save-error&quot;,SaveError)" />
    </UnitTest>
    <UnitTest name="Success_actions_navigate_to_asset_and_history" storage="/home/runner/work/uno-builds/uno-builds/fieldcheck/app/fieldcheck/fieldcheck.tests/bin/release/net10.0/fieldcheck.tests.dll" id="5967d81f-e741-bb1c-24ba-b9a1ea697b1e">
      <Execution id="2cd4504a-a5cb-4c77-91a0-f532fb2ec786" />
      <TestMethod codeBase="/home/runner/work/Uno-Builds/Uno-Builds/FieldCheck/app/FieldCheck/FieldCheck.Tests/bin/Release/net10.0/FieldCheck.Tests.dll" adapterTypeName="executor://nunit3testexecutor/" className="FieldCheck.Tests.ViewModelTests" name="Success_actions_navigate_to_asset_and_history" />
    </UnitTest>
    <UnitTest name="Generated_ids_are_unique_and_stable" storage="/home/runner/work/uno-builds/uno-builds/fieldcheck/app/fieldcheck/fieldcheck.tests/bin/release/net10.0/fieldcheck.tests.dll" id="8b89425b-5f3b-20d6-32d8-3ab34297400a">
      <Execution id="a0f3042b-4ce6-4f58-8ee0-912b02295178" />
      <TestMethod codeBase="/home/runner/work/Uno-Builds/Uno-Builds/FieldCheck/app/FieldCheck/FieldCheck.Tests/bin/Release/net10.0/FieldCheck.Tests.dll" adapterTypeName="executor://nunit3testexecutor/" className="FieldCheck.Tests.RepositoryTests" name="Generated_ids_are_unique_and_stable" />
    </UnitTest>
    <UnitTest name="History_is_newest_first_and_filters" storage="/home/runner/work/uno-builds/uno-builds/fieldcheck/app/fieldcheck/fieldcheck.tests/bin/release/net10.0/fieldcheck.tests.dll" id="35b62df2-148b-f364-c307-afc590091eb3">
      <Execution id="03c5bd02-3c37-49e7-849d-7e82ec744b4b" />
      <TestMethod codeBase="/home/runner/work/Uno-Builds/Uno-Builds/FieldCheck/app/FieldCheck/FieldCheck.Tests/bin/Release/net10.0/FieldCheck.Tests.dll" adapterTypeName="executor://nunit3testexecutor/" className="FieldCheck.Tests.ViewModelTests" name="History_is_newest_first_and_filters" />
    </UnitTest>
    <UnitTest name="Assets_search_and_filter(&quot;&quot;,Critical,[&quot;CT-007&quot;, &quot;EF-090&quot;])" storage="/home/runner/work/uno-builds/uno-builds/fieldcheck/app/fieldcheck/fieldcheck.tests/bin/release/net10.0/fieldcheck.tests.dll" id="e4e28ecb-266d-dec7-a85f-76eb8ad262f4">
      <Execution id="f8612bd7-9a03-4c29-b523-0863eb64681d" />
      <TestMethod codeBase="/home/runner/work/Uno-Builds/Uno-Builds/FieldCheck/app/FieldCheck/FieldCheck.Tests/bin/Release/net10.0/FieldCheck.Tests.dll" adapterTypeName="executor://nunit3testexecutor/" className="FieldCheck.Tests.ViewModelTests" name="Assets_search_and_filter(&quot;&quot;,Critical,[&quot;CT-007&quot;, &quot;EF-090&quot;])" />
    </UnitTest>
    <UnitTest name="Asset_detail_reflects_newest_inspection_after_save" storage="/home/runner/work/uno-builds/uno-builds/fieldcheck/app/fieldcheck/fieldcheck.tests/bin/release/net10.0/fieldcheck.tests.dll" id="e39bb4d4-c0e8-b6b6-d093-ccc8b2e12736">
      <Execution id="96551035-eb13-4f02-99b7-3a5e22e3413f" />
      <TestMethod codeBase="/home/runner/work/Uno-Builds/Uno-Builds/FieldCheck/app/FieldCheck/FieldCheck.Tests/bin/Release/net10.0/FieldCheck.Tests.dll" adapterTypeName="executor://nunit3testexecutor/" className="FieldCheck.Tests.ViewModelTests" name="Asset_detail_reflects_newest_inspection_after_save" />
    </UnitTest>
    <UnitTest name="Repeated_activation_while_saving_creates_one_inspection" storage="/home/runner/work/uno-builds/uno-builds/fieldcheck/app/fieldcheck/fieldcheck.tests/bin/release/net10.0/fieldcheck.tests.dll" id="04261274-ab07-3f03-bcf6-21c0fc212f55">
      <Execution id="e4128982-c5b1-4b7d-ace1-8b0f554386c8" />
      <TestMethod codeBase="/home/runner/work/Uno-Builds/Uno-Builds/FieldCheck/app/FieldCheck/FieldCheck.Tests/bin/Release/net10.0/FieldCheck.Tests.dll" adapterTypeName="executor://nunit3testexecutor/" className="FieldCheck.Tests.ViewModelTests" name="Repeated_activation_while_saving_creates_one_inspection" />
    </UnitTest>
    <UnitTest name="Temperature_range_is_inclusive(&quot;-50&quot;,True)" storage="/home/runner/work/uno-builds/uno-builds/fieldcheck/app/fieldcheck/fieldcheck.tests/bin/release/net10.0/fieldcheck.tests.dll" id="1c4eca39-09ca-0b1e-78e2-66b95aa9627a">
      <Execution id="493d35a7-2fd0-431a-a4e7-b46cb25a1b2b" />
      <TestMethod codeBase="/home/runner/work/Uno-Builds/Uno-Builds/FieldCheck/app/FieldCheck/FieldCheck.Tests/bin/Release/net10.0/FieldCheck.Tests.dll" adapterTypeName="executor://nunit3testexecutor/" className="FieldCheck.Tests.ViewModelTests" name="Temperature_range_is_inclusive(&quot;-50&quot;,True)" />
    </UnitTest>
    <UnitTest name="Assets_search_and_filter(&quot;PMP&quot;,All,[&quot;PMP-104&quot;, &quot;PMP-220&quot;])" storage="/home/runner/work/uno-builds/uno-builds/fieldcheck/app/fieldcheck/fieldcheck.tests/bin/release/net10.0/fieldcheck.tests.dll" id="31c01c01-f42e-efae-0a10-b13a817adbca">
      <Execution id="d9133c9a-cdc0-414f-9c4c-cdec32b0e6a1" />
      <TestMethod codeBase="/home/runner/work/Uno-Builds/Uno-Builds/FieldCheck/app/FieldCheck/FieldCheck.Tests/bin/Release/net10.0/FieldCheck.Tests.dll" adapterTypeName="executor://nunit3testexecutor/" className="FieldCheck.Tests.ViewModelTests" name="Assets_search_and_filter(&quot;PMP&quot;,All,[&quot;PMP-104&quot;, &quot;PMP-220&quot;])" />
    </UnitTest>
    <UnitTest name="Dashboard_counts_are_derived_from_data" storage="/home/runner/work/uno-builds/uno-builds/fieldcheck/app/fieldcheck/fieldcheck.tests/bin/release/net10.0/fieldcheck.tests.dll" id="016a5fd2-b9ac-fdf5-0708-d507797d2d74">
      <Execution id="c55bc328-e5a0-4a7f-a152-2f9047330ccd" />
      <TestMethod codeBase="/home/runner/work/Uno-Builds/Uno-Builds/FieldCheck/app/FieldCheck/FieldCheck.Tests/bin/Release/net10.0/FieldCheck.Tests.dll" adapterTypeName="executor://nunit3testexecutor/" className="FieldCheck.Tests.ViewModelTests" name="Dashboard_counts_are_derived_from_data" />
    </UnitTest>
    <UnitTest name="Data_mode_parsing(&quot;bogus&quot;,Normal)" storage="/home/runner/work/uno-builds/uno-builds/fieldcheck/app/fieldcheck/fieldcheck.tests/bin/release/net10.0/fieldcheck.tests.dll" id="931b5757-b39d-2e8b-53fb-992531ccd5e2">
      <Execution id="4a7bfc2f-d2ef-4892-bf21-f613257dc845" />
      <TestMethod codeBase="/home/runner/work/Uno-Builds/Uno-Builds/FieldCheck/app/FieldCheck/FieldCheck.Tests/bin/Release/net10.0/FieldCheck.Tests.dll" adapterTypeName="executor://nunit3testexecutor/" className="FieldCheck.Tests.RepositoryTests" name="Data_mode_parsing(&quot;bogus&quot;,Normal)" />
    </UnitTest>
    <UnitTest name="Successful_submit_creates_exactly_one_inspection_and_navigates" storage="/home/runner/work/uno-builds/uno-builds/fieldcheck/app/fieldcheck/fieldcheck.tests/bin/release/net10.0/fieldcheck.tests.dll" id="2e823845-2063-194a-2d72-9d1e527ae6af">
      <Execution id="beb324dd-9dcc-459d-af90-1f3274348be2" />
      <TestMethod codeBase="/home/runner/work/Uno-Builds/Uno-Builds/FieldCheck/app/FieldCheck/FieldCheck.Tests/bin/Release/net10.0/FieldCheck.Tests.dll" adapterTypeName="executor://nunit3testexecutor/" className="FieldCheck.Tests.ViewModelTests" name="Successful_submit_creates_exactly_one_inspection_and_navigates" />
    </UnitTest>
    <UnitTest name="Data_mode_parsing(&quot;error&quot;,Error)" storage="/home/runner/work/uno-builds/uno-builds/fieldcheck/app/fieldcheck/fieldcheck.tests/bin/release/net10.0/fieldcheck.tests.dll" id="1c93215e-4091-8d15-7487-ef577c944bc5">
      <Execution id="db15affe-5205-44d8-b9b9-2aa999082ee0" />
      <TestMethod codeBase="/home/runner/work/Uno-Builds/Uno-Builds/FieldCheck/app/FieldCheck/FieldCheck.Tests/bin/Release/net10.0/FieldCheck.Tests.dll" adapterTypeName="executor://nunit3testexecutor/" className="FieldCheck.Tests.RepositoryTests" name="Data_mode_parsing(&quot;error&quot;,Error)" />
    </UnitTest>
    <UnitTest name="Picker_select_cancel_and_failure_keep_the_form_usable" storage="/home/runner/work/uno-builds/uno-builds/fieldcheck/app/fieldcheck/fieldcheck.tests/bin/release/net10.0/fieldcheck.tests.dll" id="555728f0-6772-ec4b-ac44-67c7553b6f8c">
      <Execution id="5c91cba2-a1c3-411a-94fc-c6a65e86a21f" />
      <TestMethod codeBase="/home/runner/work/Uno-Builds/Uno-Builds/FieldCheck/app/FieldCheck/FieldCheck.Tests/bin/Release/net10.0/FieldCheck.Tests.dll" adapterTypeName="executor://nunit3testexecutor/" className="FieldCheck.Tests.ViewModelTests" name="Picker_select_cancel_and_failure_keep_the_form_usable" />
    </UnitTest>
    <UnitTest name="Attachment_is_copied_into_app_storage" storage="/home/runner/work/uno-builds/uno-builds/fieldcheck/app/fieldcheck/fieldcheck.tests/bin/release/net10.0/fieldcheck.tests.dll" id="89e8a839-345a-b13c-95b7-2e725c0c6866">
      <Execution id="49f4b1c0-2799-489b-b270-cbf60e14e264" />
      <TestMethod codeBase="/home/runner/work/Uno-Builds/Uno-Builds/FieldCheck/app/FieldCheck/FieldCheck.Tests/bin/Release/net10.0/FieldCheck.Tests.dll" adapterTypeName="executor://nunit3testexecutor/" className="FieldCheck.Tests.RepositoryTests" name="Attachment_is_copied_into_app_storage" />
    </UnitTest>
    <UnitTest name="Assets_search_and_filter(&quot;cooling&quot;,All,[&quot;CT-007&quot;])" storage="/home/runner/work/uno-builds/uno-builds/fieldcheck/app/fieldcheck/fieldcheck.tests/bin/release/net10.0/fieldcheck.tests.dll" id="e2b9e8db-7c8b-8fba-6d61-582367e06020">
      <Execution id="06c851b8-ea6f-43c3-bf3b-1d261c061b3e" />
      <TestMethod codeBase="/home/runner/work/Uno-Builds/Uno-Builds/FieldCheck/app/FieldCheck/FieldCheck.Tests/bin/Release/net10.0/FieldCheck.Tests.dll" adapterTypeName="executor://nunit3testexecutor/" className="FieldCheck.Tests.ViewModelTests" name="Assets_search_and_filter(&quot;cooling&quot;,All,[&quot;CT-007&quot;])" />
    </UnitTest>
    <UnitTest name="Submit_is_disabled_until_required_fields_are_valid" storage="/home/runner/work/uno-builds/uno-builds/fieldcheck/app/fieldcheck/fieldcheck.tests/bin/release/net10.0/fieldcheck.tests.dll" id="73956f71-7c24-853f-ed19-297a1a3c40ed">
      <Execution id="33462377-84da-491e-8501-7d1deb3e790a" />
      <TestMethod codeBase="/home/runner/work/Uno-Builds/Uno-Builds/FieldCheck/app/FieldCheck/FieldCheck.Tests/bin/Release/net10.0/FieldCheck.Tests.dll" adapterTypeName="executor://nunit3testexecutor/" className="FieldCheck.Tests.ViewModelTests" name="Submit_is_disabled_until_required_fields_are_valid" />
    </UnitTest>
    <UnitTest name="Seeds_all_twelve_assets_and_six_inspections" storage="/home/runner/work/uno-builds/uno-builds/fieldcheck/app/fieldcheck/fieldcheck.tests/bin/release/net10.0/fieldcheck.tests.dll" id="4e3ae567-4b75-4d78-2984-aa253720d416">
      <Execution id="7c1ee9c4-c8fb-4e4b-a255-e59061fe0e0b" />
      <TestMethod codeBase="/home/runner/work/Uno-Builds/Uno-Builds/FieldCheck/app/FieldCheck/FieldCheck.Tests/bin/Release/net10.0/FieldCheck.Tests.dll" adapterTypeName="executor://nunit3testexecutor/" className="FieldCheck.Tests.RepositoryTests" name="Seeds_all_twelve_assets_and_six_inspections" />
    </UnitTest>
    <UnitTest name="Data_mode_parsing(null,Normal)" storage="/home/runner/work/uno-builds/uno-builds/fieldcheck/app/fieldcheck/fieldcheck.tests/bin/release/net10.0/fieldcheck.tests.dll" id="599e77a4-6fde-de7d-4c87-c34bbd7317fb">
      <Execution id="d092ec21-9326-47eb-9548-fbee49617123" />
      <TestMethod codeBase="/home/runner/work/Uno-Builds/Uno-Builds/FieldCheck/app/FieldCheck/FieldCheck.Tests/bin/Release/net10.0/FieldCheck.Tests.dll" adapterTypeName="executor://nunit3testexecutor/" className="FieldCheck.Tests.RepositoryTests" name="Data_mode_parsing(null,Normal)" />
    </UnitTest>
    <UnitTest name="Corrupt_local_data_surfaces_a_repository_exception" storage="/home/runner/work/uno-builds/uno-builds/fieldcheck/app/fieldcheck/fieldcheck.tests/bin/release/net10.0/fieldcheck.tests.dll" id="4158b6eb-d22e-c8b9-0f3a-4910a5296057">
      <Execution id="43acabe2-e6b7-4b98-b9b7-cb03a8da9187" />
      <TestMethod codeBase="/home/runner/work/Uno-Builds/Uno-Builds/FieldCheck/app/FieldCheck/FieldCheck.Tests/bin/Release/net10.0/FieldCheck.Tests.dll" adapterTypeName="executor://nunit3testexecutor/" className="FieldCheck.Tests.RepositoryTests" name="Corrupt_local_data_surfaces_a_repository_exception" />
    </UnitTest>
    <UnitTest name="Temperature_range_is_inclusive(&quot;-51&quot;,False)" storage="/home/runner/work/uno-builds/uno-builds/fieldcheck/app/fieldcheck/fieldcheck.tests/bin/release/net10.0/fieldcheck.tests.dll" id="b13ebba2-f006-a127-b395-c9631f5e1d4e">
      <Execution id="791f0aeb-cf9b-427e-b0a1-29e6956c7643" />
      <TestMethod codeBase="/home/runner/work/Uno-Builds/Uno-Builds/FieldCheck/app/FieldCheck/FieldCheck.Tests/bin/Release/net10.0/FieldCheck.Tests.dll" adapterTypeName="executor://nunit3testexecutor/" className="FieldCheck.Tests.ViewModelTests" name="Temperature_range_is_inclusive(&quot;-51&quot;,False)" />
    </UnitTest>
    <UnitTest name="Temperature_range_is_inclusive(&quot;27.5&quot;,True)" storage="/home/runner/work/uno-builds/uno-builds/fieldcheck/app/fieldcheck/fieldcheck.tests/bin/release/net10.0/fieldcheck.tests.dll" id="874ec84c-b730-4645-f99a-855ac936f00f">
      <Execution id="424d1c76-b932-42e6-892d-b473ede1e5a0" />
      <TestMethod codeBase="/home/runner/work/Uno-Builds/Uno-Builds/FieldCheck/app/FieldCheck/FieldCheck.Tests/bin/Release/net10.0/FieldCheck.Tests.dll" adapterTypeName="executor://nunit3testexecutor/" className="FieldCheck.Tests.ViewModelTests" name="Temperature_range_is_inclusive(&quot;27.5&quot;,True)" />
    </UnitTest>
    <UnitTest name="Temperature_range_is_inclusive(&quot;&quot;,False)" storage="/home/runner/work/uno-builds/uno-builds/fieldcheck/app/fieldcheck/fieldcheck.tests/bin/release/net10.0/fieldcheck.tests.dll" id="c8bbc628-0cdb-88d8-32a5-2b8a89b03ec8">
      <Execution id="1a222574-04df-4308-bd6e-6bf5d74dd3d6" />
      <TestMethod codeBase="/home/runner/work/Uno-Builds/Uno-Builds/FieldCheck/app/FieldCheck/FieldCheck.Tests/bin/Release/net10.0/FieldCheck.Tests.dll" adapterTypeName="executor://nunit3testexecutor/" className="FieldCheck.Tests.ViewModelTests" name="Temperature_range_is_inclusive(&quot;&quot;,False)" />
    </UnitTest>
    <UnitTest name="Added_inspection_is_persisted_and_survives_a_new_repository_instance" storage="/home/runner/work/uno-builds/uno-builds/fieldcheck/app/fieldcheck/fieldcheck.tests/bin/release/net10.0/fieldcheck.tests.dll" id="3fdc559d-49b5-939a-ea88-5f5ccb46e6e5">
      <Execution id="477a8291-30c6-4068-843e-fe2e70e134e3" />
      <TestMethod codeBase="/home/runner/work/Uno-Builds/Uno-Builds/FieldCheck/app/FieldCheck/FieldCheck.Tests/bin/Release/net10.0/FieldCheck.Tests.dll" adapterTypeName="executor://nunit3testexecutor/" className="FieldCheck.Tests.RepositoryTests" name="Added_inspection_is_persisted_and_survives_a_new_repository_instance" />
    </UnitTest>
    <UnitTest name="Temperature_range_is_inclusive(&quot;abc&quot;,False)" storage="/home/runner/work/uno-builds/uno-builds/fieldcheck/app/fieldcheck/fieldcheck.tests/bin/release/net10.0/fieldcheck.tests.dll" id="d067fb80-e266-1606-9971-a316f13740e1">
      <Execution id="b86eb2b0-676e-4b0b-bd2a-8778e8a25434" />
      <TestMethod codeBase="/home/runner/work/Uno-Builds/Uno-Builds/FieldCheck/app/FieldCheck/FieldCheck.Tests/bin/Release/net10.0/FieldCheck.Tests.dll" adapterTypeName="executor://nunit3testexecutor/" className="FieldCheck.Tests.ViewModelTests" name="Temperature_range_is_inclusive(&quot;abc&quot;,False)" />
    </UnitTest>
    <UnitTest name="Data_mode_parsing(&quot;ERROR-ONCE&quot;,ErrorOnce)" storage="/home/runner/work/uno-builds/uno-builds/fieldcheck/app/fieldcheck/fieldcheck.tests/bin/release/net10.0/fieldcheck.tests.dll" id="e65441a8-f004-9eb6-6824-96e89d755038">
      <Execution id="89f42d59-6b8f-4140-af40-3faf27facf8f" />
      <TestMethod codeBase="/home/runner/work/Uno-Builds/Uno-Builds/FieldCheck/app/FieldCheck/FieldCheck.Tests/bin/Release/net10.0/FieldCheck.Tests.dll" adapterTypeName="executor://nunit3testexecutor/" className="FieldCheck.Tests.RepositoryTests" name="Data_mode_parsing(&quot;ERROR-ONCE&quot;,ErrorOnce)" />
    </UnitTest>
    <UnitTest name="Issue_description_visibility_and_requirement" storage="/home/runner/work/uno-builds/uno-builds/fieldcheck/app/fieldcheck/fieldcheck.tests/bin/release/net10.0/fieldcheck.tests.dll" id="fa537a50-d997-e2ec-552c-1f5eedfee4dd">
      <Execution id="14dc1cb9-1244-448c-a88a-539a0d2a0e01" />
      <TestMethod codeBase="/home/runner/work/Uno-Builds/Uno-Builds/FieldCheck/app/FieldCheck/FieldCheck.Tests/bin/Release/net10.0/FieldCheck.Tests.dll" adapterTypeName="executor://nunit3testexecutor/" className="FieldCheck.Tests.ViewModelTests" name="Issue_description_visibility_and_requirement" />
    </UnitTest>
    <UnitTest name="Dashboard_reports_empty_and_error_states" storage="/home/runner/work/uno-builds/uno-builds/fieldcheck/app/fieldcheck/fieldcheck.tests/bin/release/net10.0/fieldcheck.tests.dll" id="8152bec8-db64-4696-85a0-5a0c5814a6d5">
      <Execution id="a0575130-b3dd-4fc9-86f0-b81ebbaafc33" />
      <TestMethod codeBase="/home/runner/work/Uno-Builds/Uno-Builds/FieldCheck/app/FieldCheck/FieldCheck.Tests/bin/Release/net10.0/FieldCheck.Tests.dll" adapterTypeName="executor://nunit3testexecutor/" className="FieldCheck.Tests.ViewModelTests" name="Dashboard_reports_empty_and_error_states" />
    </UnitTest>
    <UnitTest name="Saving_never_modifies_the_benchmark_fixture_files" storage="/home/runner/work/uno-builds/uno-builds/fieldcheck/app/fieldcheck/fieldcheck.tests/bin/release/net10.0/fieldcheck.tests.dll" id="92451776-62ba-795c-7aa9-8864e9936359">
      <Execution id="c0514748-b05a-426d-8a70-c9e724bc5f7f" />
      <TestMethod codeBase="/home/runner/work/Uno-Builds/Uno-Builds/FieldCheck/app/FieldCheck/FieldCheck.Tests/bin/Release/net10.0/FieldCheck.Tests.dll" adapterTypeName="executor://nunit3testexecutor/" className="FieldCheck.Tests.RepositoryTests" name="Saving_never_modifies_the_benchmark_fixture_files" />
    </UnitTest>
    <UnitTest name="Assets_search_and_filter(&quot;roof&quot;,Operational,[&quot;FAN-305&quot;])" storage="/home/runner/work/uno-builds/uno-builds/fieldcheck/app/fieldcheck/fieldcheck.tests/bin/release/net10.0/fieldcheck.tests.dll" id="3cc2e54f-d3cd-80e0-e892-d7e5c8e8a2a3">
      <Execution id="fd1529d7-d3a3-4ac7-ba91-1ce99a8cf303" />
      <TestMethod codeBase="/home/runner/work/Uno-Builds/Uno-Builds/FieldCheck/app/FieldCheck/FieldCheck.Tests/bin/Release/net10.0/FieldCheck.Tests.dll" adapterTypeName="executor://nunit3testexecutor/" className="FieldCheck.Tests.ViewModelTests" name="Assets_search_and_filter(&quot;roof&quot;,Operational,[&quot;FAN-305&quot;])" />
    </UnitTest>
    <UnitTest name="Assets_open_pushes_detail_when_narrow_and_selects_when_wide" storage="/home/runner/work/uno-builds/uno-builds/fieldcheck/app/fieldcheck/fieldcheck.tests/bin/release/net10.0/fieldcheck.tests.dll" id="a65a202e-4b1a-d7ad-e040-6de035fc4583">
      <Execution id="21dfeca9-41e9-4b0e-a857-7f2fd74e2106" />
      <TestMethod codeBase="/home/runner/work/Uno-Builds/Uno-Builds/FieldCheck/app/FieldCheck/FieldCheck.Tests/bin/Release/net10.0/FieldCheck.Tests.dll" adapterTypeName="executor://nunit3testexecutor/" className="FieldCheck.Tests.ViewModelTests" name="Assets_open_pushes_detail_when_narrow_and_selects_when_wide" />
    </UnitTest>
    <UnitTest name="Save_failure_reports_error_and_does_not_navigate" storage="/home/runner/work/uno-builds/uno-builds/fieldcheck/app/fieldcheck/fieldcheck.tests/bin/release/net10.0/fieldcheck.tests.dll" id="cacd4947-eb57-d792-40f9-56bc27df0eed">
      <Execution id="46250e5f-1c6a-4a45-893d-9f2d0f19e9f5" />
      <TestMethod codeBase="/home/runner/work/Uno-Builds/Uno-Builds/FieldCheck/app/FieldCheck/FieldCheck.Tests/bin/Release/net10.0/FieldCheck.Tests.dll" adapterTypeName="executor://nunit3testexecutor/" className="FieldCheck.Tests.ViewModelTests" name="Save_failure_reports_error_and_does_not_navigate" />
    </UnitTest>
    <UnitTest name="Data_mode_parsing(&quot;empty&quot;,Empty)" storage="/home/runner/work/uno-builds/uno-builds/fieldcheck/app/fieldcheck/fieldcheck.tests/bin/release/net10.0/fieldcheck.tests.dll" id="ed831b8a-2374-12ff-c33c-c1f44e5a2454">
      <Execution id="0a413c94-7ad0-44f2-a2f5-3e26ddf268a9" />
      <TestMethod codeBase="/home/runner/work/Uno-Builds/Uno-Builds/FieldCheck/app/FieldCheck/FieldCheck.Tests/bin/Release/net10.0/FieldCheck.Tests.dll" adapterTypeName="executor://nunit3testexecutor/" className="FieldCheck.Tests.RepositoryTests" name="Data_mode_parsing(&quot;empty&quot;,Empty)" />
    </UnitTest>
    <UnitTest name="New_inspection_appears_first_in_history_immediately" storage="/home/runner/work/uno-builds/uno-builds/fieldcheck/app/fieldcheck/fieldcheck.tests/bin/release/net10.0/fieldcheck.tests.dll" id="800b53c4-e597-9174-35ab-8247b00e88d4">
      <Execution id="97e53ad4-ee37-4ee8-98e4-1070e93340ea" />
      <TestMethod codeBase="/home/runner/work/Uno-Builds/Uno-Builds/FieldCheck/app/FieldCheck/FieldCheck.Tests/bin/Release/net10.0/FieldCheck.Tests.dll" adapterTypeName="executor://nunit3testexecutor/" className="FieldCheck.Tests.ViewModelTests" name="New_inspection_appears_first_in_history_immediately" />
    </UnitTest>
    <UnitTest name="Assets_search_and_filter(&quot;pump&quot;,All,[&quot;PMP-104&quot;, &quot;PMP-220&quot;])" storage="/home/runner/work/uno-builds/uno-builds/fieldcheck/app/fieldcheck/fieldcheck.tests/bin/release/net10.0/fieldcheck.tests.dll" id="e3c603c3-6d56-19dc-a9ff-c272922f4623">
      <Execution id="fc20e4b0-f872-4e9e-9451-7829a7abc703" />
      <TestMethod codeBase="/home/runner/work/Uno-Builds/Uno-Builds/FieldCheck/app/FieldCheck/FieldCheck.Tests/bin/Release/net10.0/FieldCheck.Tests.dll" adapterTypeName="executor://nunit3testexecutor/" className="FieldCheck.Tests.ViewModelTests" name="Assets_search_and_filter(&quot;pump&quot;,All,[&quot;PMP-104&quot;, &quot;PMP-220&quot;])" />
    </UnitTest>
    <UnitTest name="Next_id_follows_the_highest_existing_number" storage="/home/runner/work/uno-builds/uno-builds/fieldcheck/app/fieldcheck/fieldcheck.tests/bin/release/net10.0/fieldcheck.tests.dll" id="52d680ce-defe-2dc2-e08c-0c44390a187f">
      <Execution id="c746ce23-78e9-418a-9c09-85a6601b12ba" />
      <TestMethod codeBase="/home/runner/work/Uno-Builds/Uno-Builds/FieldCheck/app/FieldCheck/FieldCheck.Tests/bin/Release/net10.0/FieldCheck.Tests.dll" adapterTypeName="executor://nunit3testexecutor/" className="FieldCheck.Tests.RepositoryTests" name="Next_id_follows_the_highest_existing_number" />
    </UnitTest>
    <UnitTest name="Data_mode_parsing(&quot;slow&quot;,Slow)" storage="/home/runner/work/uno-builds/uno-builds/fieldcheck/app/fieldcheck/fieldcheck.tests/bin/release/net10.0/fieldcheck.tests.dll" id="044be290-726d-c554-d312-8462128118ae">
      <Execution id="5be0eb1b-8b06-4c4d-8423-342490ae1139" />
      <TestMethod codeBase="/home/runner/work/Uno-Builds/Uno-Builds/FieldCheck/app/FieldCheck/FieldCheck.Tests/bin/Release/net10.0/FieldCheck.Tests.dll" adapterTypeName="executor://nunit3testexecutor/" className="FieldCheck.Tests.RepositoryTests" name="Data_mode_parsing(&quot;slow&quot;,Slow)" />
    </UnitTest>
    <UnitTest name="Assets_search_and_filter(&quot;&quot;,Attention,[&quot;AHU-203&quot;, &quot;CNV-018&quot;, &quot;BLR-002&quot;])" storage="/home/runner/work/uno-builds/uno-builds/fieldcheck/app/fieldcheck/fieldcheck.tests/bin/release/net10.0/fieldcheck.tests.dll" id="6f2aa134-5b06-03bc-c307-d0430840d9c8">
      <Execution id="0bb77bdd-5056-4e8f-8ac6-d77dbb47df07" />
      <TestMethod codeBase="/home/runner/work/Uno-Builds/Uno-Builds/FieldCheck/app/FieldCheck/FieldCheck.Tests/bin/Release/net10.0/FieldCheck.Tests.dll" adapterTypeName="executor://nunit3testexecutor/" className="FieldCheck.Tests.ViewModelTests" name="Assets_search_and_filter(&quot;&quot;,Attention,[&quot;AHU-203&quot;, &quot;CNV-018&quot;, &quot;BLR-002&quot;])" />
    </UnitTest>
  </TestDefinitions>
  <TestEntries>
    <TestEntry testId="931b5757-b39d-2e8b-53fb-992531ccd5e2" executionId="4a7bfc2f-d2ef-4892-bf21-f613257dc845" testListId="8c84fa94-04c1-424b-9868-57a2d4851a1d" />
    <TestEntry testId="961b7cea-13a0-7a51-8953-1f88fc308135" executionId="fbb85008-0141-42a4-80f5-dccbfecc6021" testListId="8c84fa94-04c1-424b-9868-57a2d4851a1d" />
    <TestEntry testId="9837ced1-a01b-79cf-0cb4-d99c593c5b55" executionId="4c064060-6569-4d65-8014-5516823ca02d" testListId="8c84fa94-04c1-424b-9868-57a2d4851a1d" />
    <TestEntry testId="d067fb80-e266-1606-9971-a316f13740e1" executionId="b86eb2b0-676e-4b0b-bd2a-8778e8a25434" testListId="8c84fa94-04c1-424b-9868-57a2d4851a1d" />
    <TestEntry testId="5967d81f-e741-bb1c-24ba-b9a1ea697b1e" executionId="2cd4504a-a5cb-4c77-91a0-f532fb2ec786" testListId="8c84fa94-04c1-424b-9868-57a2d4851a1d" />
    <TestEntry testId="3fdc559d-49b5-939a-ea88-5f5ccb46e6e5" executionId="477a8291-30c6-4068-843e-fe2e70e134e3" testListId="8c84fa94-04c1-424b-9868-57a2d4851a1d" />
    <TestEntry testId="92451776-62ba-795c-7aa9-8864e9936359" executionId="c0514748-b05a-426d-8a70-c9e724bc5f7f" testListId="8c84fa94-04c1-424b-9868-57a2d4851a1d" />
    <TestEntry testId="044be290-726d-c554-d312-8462128118ae" executionId="5be0eb1b-8b06-4c4d-8423-342490ae1139" testListId="8c84fa94-04c1-424b-9868-57a2d4851a1d" />
    <TestEntry testId="6f2aa134-5b06-03bc-c307-d0430840d9c8" executionId="0bb77bdd-5056-4e8f-8ac6-d77dbb47df07" testListId="8c84fa94-04c1-424b-9868-57a2d4851a1d" />
    <TestEntry testId="b9aeeb57-77b5-2794-ec49-6942cf68579c" executionId="f86161d5-7960-4835-9d76-fe33bd675bec" testListId="8c84fa94-04c1-424b-9868-57a2d4851a1d" />
    <TestEntry testId="e39bb4d4-c0e8-b6b6-d093-ccc8b2e12736" executionId="96551035-eb13-4f02-99b7-3a5e22e3413f" testListId="8c84fa94-04c1-424b-9868-57a2d4851a1d" />
    <TestEntry testId="e24b2363-895f-ba8e-ce32-4ea0aeb39b2c" executionId="064e2d8c-532e-4d85-8865-ce98a75df90b" testListId="8c84fa94-04c1-424b-9868-57a2d4851a1d" />
    <TestEntry testId="555728f0-6772-ec4b-ac44-67c7553b6f8c" executionId="5c91cba2-a1c3-411a-94fc-c6a65e86a21f" testListId="8c84fa94-04c1-424b-9868-57a2d4851a1d" />
    <TestEntry testId="599e77a4-6fde-de7d-4c87-c34bbd7317fb" executionId="d092ec21-9326-47eb-9548-fbee49617123" testListId="8c84fa94-04c1-424b-9868-57a2d4851a1d" />
    <TestEntry testId="fa537a50-d997-e2ec-552c-1f5eedfee4dd" executionId="14dc1cb9-1244-448c-a88a-539a0d2a0e01" testListId="8c84fa94-04c1-424b-9868-57a2d4851a1d" />
    <TestEntry testId="9b16206d-b7ef-e539-9fee-1d13dacf7fad" executionId="8ef929f1-0d20-4591-a7da-95448b19fc61" testListId="8c84fa94-04c1-424b-9868-57a2d4851a1d" />
    <TestEntry testId="35b62df2-148b-f364-c307-afc590091eb3" executionId="03c5bd02-3c37-49e7-849d-7e82ec744b4b" testListId="8c84fa94-04c1-424b-9868-57a2d4851a1d" />
    <TestEntry testId="b13ebba2-f006-a127-b395-c9631f5e1d4e" executionId="791f0aeb-cf9b-427e-b0a1-29e6956c7643" testListId="8c84fa94-04c1-424b-9868-57a2d4851a1d" />
    <TestEntry testId="73956f71-7c24-853f-ed19-297a1a3c40ed" executionId="33462377-84da-491e-8501-7d1deb3e790a" testListId="8c84fa94-04c1-424b-9868-57a2d4851a1d" />
    <TestEntry testId="9d70edb6-66e8-6bcb-1445-5902b6da99d5" executionId="549802c4-3bf7-4f91-b6d0-bff95fab9942" testListId="8c84fa94-04c1-424b-9868-57a2d4851a1d" />
    <TestEntry testId="016a5fd2-b9ac-fdf5-0708-d507797d2d74" executionId="c55bc328-e5a0-4a7f-a152-2f9047330ccd" testListId="8c84fa94-04c1-424b-9868-57a2d4851a1d" />
    <TestEntry testId="89e8a839-345a-b13c-95b7-2e725c0c6866" executionId="49f4b1c0-2799-489b-b270-cbf60e14e264" testListId="8c84fa94-04c1-424b-9868-57a2d4851a1d" />
    <TestEntry testId="9f7301f1-072c-9372-73af-4069fda5dc7e" executionId="df7854dc-d4ac-4445-b4c3-ba9e7a23e0fd" testListId="8c84fa94-04c1-424b-9868-57a2d4851a1d" />
    <TestEntry testId="e3c603c3-6d56-19dc-a9ff-c272922f4623" executionId="fc20e4b0-f872-4e9e-9451-7829a7abc703" testListId="8c84fa94-04c1-424b-9868-57a2d4851a1d" />
    <TestEntry testId="2e823845-2063-194a-2d72-9d1e527ae6af" executionId="beb324dd-9dcc-459d-af90-1f3274348be2" testListId="8c84fa94-04c1-424b-9868-57a2d4851a1d" />
    <TestEntry testId="31c01c01-f42e-efae-0a10-b13a817adbca" executionId="d9133c9a-cdc0-414f-9c4c-cdec32b0e6a1" testListId="8c84fa94-04c1-424b-9868-57a2d4851a1d" />
    <TestEntry testId="3cc2e54f-d3cd-80e0-e892-d7e5c8e8a2a3" executionId="fd1529d7-d3a3-4ac7-ba91-1ce99a8cf303" testListId="8c84fa94-04c1-424b-9868-57a2d4851a1d" />
    <TestEntry testId="c66058e0-2a69-7251-d4c8-fc0bd55fbffe" executionId="8ded4407-e234-480d-8d2a-02f47e23dc9d" testListId="8c84fa94-04c1-424b-9868-57a2d4851a1d" />
    <TestEntry testId="e2b9e8db-7c8b-8fba-6d61-582367e06020" executionId="06c851b8-ea6f-43c3-bf3b-1d261c061b3e" testListId="8c84fa94-04c1-424b-9868-57a2d4851a1d" />
    <TestEntry testId="e4e28ecb-266d-dec7-a85f-76eb8ad262f4" executionId="f8612bd7-9a03-4c29-b523-0863eb64681d" testListId="8c84fa94-04c1-424b-9868-57a2d4851a1d" />
    <TestEntry testId="ed831b8a-2374-12ff-c33c-c1f44e5a2454" executionId="0a413c94-7ad0-44f2-a2f5-3e26ddf268a9" testListId="8c84fa94-04c1-424b-9868-57a2d4851a1d" />
    <TestEntry testId="4158b6eb-d22e-c8b9-0f3a-4910a5296057" executionId="43acabe2-e6b7-4b98-b9b7-cb03a8da9187" testListId="8c84fa94-04c1-424b-9868-57a2d4851a1d" />
    <TestEntry testId="4e3ae567-4b75-4d78-2984-aa253720d416" executionId="7c1ee9c4-c8fb-4e4b-a255-e59061fe0e0b" testListId="8c84fa94-04c1-424b-9868-57a2d4851a1d" />
    <TestEntry testId="8152bec8-db64-4696-85a0-5a0c5814a6d5" executionId="a0575130-b3dd-4fc9-86f0-b81ebbaafc33" testListId="8c84fa94-04c1-424b-9868-57a2d4851a1d" />
    <TestEntry testId="8b89425b-5f3b-20d6-32d8-3ab34297400a" executionId="a0f3042b-4ce6-4f58-8ee0-912b02295178" testListId="8c84fa94-04c1-424b-9868-57a2d4851a1d" />
    <TestEntry testId="800b53c4-e597-9174-35ab-8247b00e88d4" executionId="97e53ad4-ee37-4ee8-98e4-1070e93340ea" testListId="8c84fa94-04c1-424b-9868-57a2d4851a1d" />
    <TestEntry testId="874ec84c-b730-4645-f99a-855ac936f00f" executionId="424d1c76-b932-42e6-892d-b473ede1e5a0" testListId="8c84fa94-04c1-424b-9868-57a2d4851a1d" />
    <TestEntry testId="04261274-ab07-3f03-bcf6-21c0fc212f55" executionId="e4128982-c5b1-4b7d-ace1-8b0f554386c8" testListId="8c84fa94-04c1-424b-9868-57a2d4851a1d" />
    <TestEntry testId="cacd4947-eb57-d792-40f9-56bc27df0eed" executionId="46250e5f-1c6a-4a45-893d-9f2d0f19e9f5" testListId="8c84fa94-04c1-424b-9868-57a2d4851a1d" />
    <TestEntry testId="e65441a8-f004-9eb6-6824-96e89d755038" executionId="89f42d59-6b8f-4140-af40-3faf27facf8f" testListId="8c84fa94-04c1-424b-9868-57a2d4851a1d" />
    <TestEntry testId="1c4eca39-09ca-0b1e-78e2-66b95aa9627a" executionId="493d35a7-2fd0-431a-a4e7-b46cb25a1b2b" testListId="8c84fa94-04c1-424b-9868-57a2d4851a1d" />
    <TestEntry testId="b12f152b-4615-4892-351c-6fd64f9014f7" executionId="9ed91a91-436a-4512-bd91-81ac43e98746" testListId="8c84fa94-04c1-424b-9868-57a2d4851a1d" />
    <TestEntry testId="a65a202e-4b1a-d7ad-e040-6de035fc4583" executionId="21dfeca9-41e9-4b0e-a857-7f2fd74e2106" testListId="8c84fa94-04c1-424b-9868-57a2d4851a1d" />
    <TestEntry testId="c8bbc628-0cdb-88d8-32a5-2b8a89b03ec8" executionId="1a222574-04df-4308-bd6e-6bf5d74dd3d6" testListId="8c84fa94-04c1-424b-9868-57a2d4851a1d" />
    <TestEntry testId="8ac7050d-d7af-c392-8777-837030536554" executionId="ccd429e7-8065-44e2-bdcd-bf8c61e788a8" testListId="8c84fa94-04c1-424b-9868-57a2d4851a1d" />
    <TestEntry testId="1c93215e-4091-8d15-7487-ef577c944bc5" executionId="db15affe-5205-44d8-b9b9-2aa999082ee0" testListId="8c84fa94-04c1-424b-9868-57a2d4851a1d" />
    <TestEntry testId="52d680ce-defe-2dc2-e08c-0c44390a187f" executionId="c746ce23-78e9-418a-9c09-85a6601b12ba" testListId="8c84fa94-04c1-424b-9868-57a2d4851a1d" />
  </TestEntries>
  <TestLists>
    <TestList name="Results Not in a List" id="8c84fa94-04c1-424b-9868-57a2d4851a1d" />
    <TestList name="All Loaded Results" id="19431567-8539-422a-85d7-44ee4e166bda" />
  </TestLists>
  <ResultSummary outcome="Completed">
    <Counters total="47" executed="47" passed="47" failed="0" error="0" timeout="0" aborted="0" inconclusive="0" passedButRunAborted="0" notRunnable="0" notExecuted="0" disconnected="0" warning="0" completed="0" inProgress="0" pending="0" />
    <Output>
      <StdOut>NUnit Adapter 5.2.0.0: Test execution started
Running all tests in /home/runner/work/Uno-Builds/Uno-Builds/FieldCheck/app/FieldCheck/FieldCheck.Tests/bin/Release/net10.0/FieldCheck.Tests.dll
   NUnit3TestExecutor discovered 47 of 47 NUnit test cases using Current Discovery mode, Non-Explicit run
NUnit Adapter 5.2.0.0: Test execution complete
</StdOut>
    </Output>
  </ResultSummary>
</TestRun>