<?xml version="1.0" encoding="utf-8"?>
<TestRun id="e71992ba-8509-41e1-9ec9-53afb324f1dd" name="@runnervmtr4k5 2026-09-23 20:43:09" xmlns="http://microsoft.com/schemas/VisualStudio/TeamTest/2010">
  <Times creation="2026-09-23T20:43:09.9286788+00:00" queuing="2026-09-23T20:43:09.9286789+00:00" start="2026-09-23T20:43:08.9085337+00:00" finish="2026-09-23T20:43:15.7230512+00:00" />
  <TestSettings name="default" id="6db92fe3-0e10-4e52-b23d-41e5dbd3e469">
    <Deployment runDeploymentRoot="_runnervmtr4k5_2026-09-23_20_43_09" />
  </TestSettings>
  <Results>
    <UnitTestResult executionId="14850c93-7983-405d-a026-4f59c8c86b16" testId="5967d81f-e741-bb1c-24ba-b9a1ea697b1e" testName="Success_actions_navigate_to_asset_and_history" computerName="runnervmtr4k5" duration="00:00:00.0043860" startTime="2026-09-23T20:43:15.6475496+00:00" endTime="2026-09-23T20:43:15.6519343+00:00" testType="13cdc9d9-ddb5-4fa4-a97d-d965ccfc6d4b" outcome="Passed" testListId="8c84fa94-04c1-424b-9868-57a2d4851a1d" relativeResultsDirectory="14850c93-7983-405d-a026-4f59c8c86b16" />
    <UnitTestResult executionId="8bd6fc58-ba4a-4df6-b5ad-df214b322d26" testId="b12f152b-4615-4892-351c-6fd64f9014f7" testName="Write_failure_throws_and_leaves_state_unchanged" computerName="runnervmtr4k5" duration="00:00:00.0027770" startTime="2026-09-23T20:43:11.4969081+00:00" endTime="2026-09-23T20:43:11.4996852+00:00" testType="13cdc9d9-ddb5-4fa4-a97d-d965ccfc6d4b" outcome="Passed" testListId="8c84fa94-04c1-424b-9868-57a2d4851a1d" relativeResultsDirectory="8bd6fc58-ba4a-4df6-b5ad-df214b322d26" />
    <UnitTestResult executionId="67157ee8-1b04-4faa-beb2-8c6510e86418" testId="e3c603c3-6d56-19dc-a9ff-c272922f4623" testName="Assets_search_and_filter(&quot;pump&quot;,All,[&quot;PMP-104&quot;, &quot;PMP-220&quot;])" computerName="runnervmtr4k5" duration="00:00:00.0008790" startTime="2026-09-23T20:43:11.5345321+00:00" endTime="2026-09-23T20:43:11.5354109+00:00" testType="13cdc9d9-ddb5-4fa4-a97d-d965ccfc6d4b" outcome="Passed" testListId="8c84fa94-04c1-424b-9868-57a2d4851a1d" relativeResultsDirectory="67157ee8-1b04-4faa-beb2-8c6510e86418" />
    <UnitTestResult executionId="f68ce966-ead7-4211-80e6-8fd15000a3cf" testId="89e8a839-345a-b13c-95b7-2e725c0c6866" testName="Attachment_is_copied_into_app_storage" computerName="runnervmtr4k5" duration="00:00:00.0193950" startTime="2026-09-23T20:43:09.8271989+00:00" endTime="2026-09-23T20:43:09.8465933+00:00" testType="13cdc9d9-ddb5-4fa4-a97d-d965ccfc6d4b" outcome="Passed" testListId="8c84fa94-04c1-424b-9868-57a2d4851a1d" relativeResultsDirectory="f68ce966-ead7-4211-80e6-8fd15000a3cf" />
    <UnitTestResult executionId="b3e95f4a-4ba2-48f2-87a9-df63fa2e6df3" testId="9d70edb6-66e8-6bcb-1445-5902b6da99d5" testName="Assets_no_results_is_distinct_from_empty" computerName="runnervmtr4k5" duration="00:00:00.0064009" startTime="2026-09-23T20:43:11.5132629+00:00" endTime="2026-09-23T20:43:11.5196636+00:00" testType="13cdc9d9-ddb5-4fa4-a97d-d965ccfc6d4b" outcome="Passed" testListId="8c84fa94-04c1-424b-9868-57a2d4851a1d" relativeResultsDirectory="b3e95f4a-4ba2-48f2-87a9-df63fa2e6df3" />
    <UnitTestResult executionId="c54aeb37-81d9-4fca-a35f-07e0ce3879da" testId="1c4eca39-09ca-0b1e-78e2-66b95aa9627a" testName="Temperature_range_is_inclusive(&quot;-50&quot;,True)" computerName="runnervmtr4k5" duration="00:00:00.0023240" startTime="2026-09-23T20:43:15.6559150+00:00" endTime="2026-09-23T20:43:15.6582391+00:00" testType="13cdc9d9-ddb5-4fa4-a97d-d965ccfc6d4b" outcome="Passed" testListId="8c84fa94-04c1-424b-9868-57a2d4851a1d" relativeResultsDirectory="c54aeb37-81d9-4fca-a35f-07e0ce3879da" />
    <UnitTestResult executionId="f33c4913-a91a-4be8-a05a-600b76f41f43" testId="fa537a50-d997-e2ec-552c-1f5eedfee4dd" testName="Issue_description_visibility_and_requirement" computerName="runnervmtr4k5" duration="00:00:00.0025560" startTime="2026-09-23T20:43:12.1722793+00:00" endTime="2026-09-23T20:43:12.1748355+00:00" testType="13cdc9d9-ddb5-4fa4-a97d-d965ccfc6d4b" outcome="Passed" testListId="8c84fa94-04c1-424b-9868-57a2d4851a1d" relativeResultsDirectory="f33c4913-a91a-4be8-a05a-600b76f41f43" />
    <UnitTestResult executionId="a6b14484-45f7-41ed-a4a5-71463bda370d" testId="8b89425b-5f3b-20d6-32d8-3ab34297400a" testName="Generated_ids_are_unique_and_stable" computerName="runnervmtr4k5" duration="00:00:00.0073800" startTime="2026-09-23T20:43:11.4819715+00:00" endTime="2026-09-23T20:43:11.4893511+00:00" testType="13cdc9d9-ddb5-4fa4-a97d-d965ccfc6d4b" outcome="Passed" testListId="8c84fa94-04c1-424b-9868-57a2d4851a1d" relativeResultsDirectory="a6b14484-45f7-41ed-a4a5-71463bda370d" />
    <UnitTestResult executionId="6caff867-c9d7-45c9-9d20-ccf98b1a115f" testId="e39bb4d4-c0e8-b6b6-d093-ccc8b2e12736" testName="Asset_detail_reflects_newest_inspection_after_save" computerName="runnervmtr4k5" duration="00:00:00.0122920" startTime="2026-09-23T20:43:11.5009403+00:00" endTime="2026-09-23T20:43:11.5132322+00:00" testType="13cdc9d9-ddb5-4fa4-a97d-d965ccfc6d4b" outcome="Passed" testListId="8c84fa94-04c1-424b-9868-57a2d4851a1d" relativeResultsDirectory="6caff867-c9d7-45c9-9d20-ccf98b1a115f" />
    <UnitTestResult executionId="a02963da-ef14-4b81-8c88-7d708d0e8830" testId="800b53c4-e597-9174-35ab-8247b00e88d4" testName="New_inspection_appears_first_in_history_immediately" computerName="runnervmtr4k5" duration="00:00:00.0531630" startTime="2026-09-23T20:43:12.1748622+00:00" endTime="2026-09-23T20:43:12.2280249+00:00" testType="13cdc9d9-ddb5-4fa4-a97d-d965ccfc6d4b" outcome="Passed" testListId="8c84fa94-04c1-424b-9868-57a2d4851a1d" relativeResultsDirectory="a02963da-ef14-4b81-8c88-7d708d0e8830" />
    <UnitTestResult executionId="617e4270-07dc-40aa-bd58-a8d6d09384c1" testId="4158b6eb-d22e-c8b9-0f3a-4910a5296057" testName="Corrupt_local_data_surfaces_a_repository_exception" computerName="runnervmtr4k5" duration="00:00:00.0144540" startTime="2026-09-23T20:43:09.8472361+00:00" endTime="2026-09-23T20:43:09.8616898+00:00" testType="13cdc9d9-ddb5-4fa4-a97d-d965ccfc6d4b" outcome="Passed" testListId="8c84fa94-04c1-424b-9868-57a2d4851a1d" relativeResultsDirectory="617e4270-07dc-40aa-bd58-a8d6d09384c1" />
    <UnitTestResult executionId="bb7667f0-da55-4dc5-9395-faaaa3a09221" testId="c8bbc628-0cdb-88d8-32a5-2b8a89b03ec8" testName="Temperature_range_is_inclusive(&quot;&quot;,False)" computerName="runnervmtr4k5" duration="00:00:00.0009800" startTime="2026-09-23T20:43:15.6622503+00:00" endTime="2026-09-23T20:43:15.6632303+00:00" testType="13cdc9d9-ddb5-4fa4-a97d-d965ccfc6d4b" outcome="Passed" testListId="8c84fa94-04c1-424b-9868-57a2d4851a1d" relativeResultsDirectory="bb7667f0-da55-4dc5-9395-faaaa3a09221" />
    <UnitTestResult executionId="d928549b-1853-483c-81f6-de51aa2072f9" testId="92451776-62ba-795c-7aa9-8864e9936359" testName="Saving_never_modifies_the_benchmark_fixture_files" computerName="runnervmtr4k5" duration="00:00:00.0037390" startTime="2026-09-23T20:43:11.4908318+00:00" endTime="2026-09-23T20:43:11.4945705+00:00" testType="13cdc9d9-ddb5-4fa4-a97d-d965ccfc6d4b" outcome="Passed" testListId="8c84fa94-04c1-424b-9868-57a2d4851a1d" relativeResultsDirectory="d928549b-1853-483c-81f6-de51aa2072f9" />
    <UnitTestResult executionId="10800037-140c-4360-8159-f6ffbed9f034" testId="d067fb80-e266-1606-9971-a316f13740e1" testName="Temperature_range_is_inclusive(&quot;abc&quot;,False)" computerName="runnervmtr4k5" duration="00:00:00.0007060" startTime="2026-09-23T20:43:15.6615272+00:00" endTime="2026-09-23T20:43:15.6622328+00:00" testType="13cdc9d9-ddb5-4fa4-a97d-d965ccfc6d4b" outcome="Passed" testListId="8c84fa94-04c1-424b-9868-57a2d4851a1d" relativeResultsDirectory="10800037-140c-4360-8159-f6ffbed9f034" />
    <UnitTestResult executionId="a414d9c1-c1d3-4fcc-96d5-656d62dcbeec" testId="04261274-ab07-3f03-bcf6-21c0fc212f55" testName="Repeated_activation_while_saving_creates_one_inspection" computerName="runnervmtr4k5" duration="00:00:03.0037219" startTime="2026-09-23T20:43:12.2368310+00:00" endTime="2026-09-23T20:43:15.2405533+00:00" testType="13cdc9d9-ddb5-4fa4-a97d-d965ccfc6d4b" outcome="Passed" testListId="8c84fa94-04c1-424b-9868-57a2d4851a1d" relativeResultsDirectory="a414d9c1-c1d3-4fcc-96d5-656d62dcbeec" />
    <UnitTestResult executionId="5c173de4-6c8c-43aa-9d6d-0dde72cd625f" testId="4e3ae567-4b75-4d78-2984-aa253720d416" testName="Seeds_all_twelve_assets_and_six_inspections" computerName="runnervmtr4k5" duration="00:00:00.0022790" startTime="2026-09-23T20:43:11.4946000+00:00" endTime="2026-09-23T20:43:11.4968786+00:00" testType="13cdc9d9-ddb5-4fa4-a97d-d965ccfc6d4b" outcome="Passed" testListId="8c84fa94-04c1-424b-9868-57a2d4851a1d" relativeResultsDirectory="5c173de4-6c8c-43aa-9d6d-0dde72cd625f" />
    <UnitTestResult executionId="cf1ceec6-dde8-438c-a98d-173d53aeaf64" testId="31c01c01-f42e-efae-0a10-b13a817adbca" testName="Assets_search_and_filter(&quot;PMP&quot;,All,[&quot;PMP-104&quot;, &quot;PMP-220&quot;])" computerName="runnervmtr4k5" duration="00:00:00.0011430" startTime="2026-09-23T20:43:11.5333575+00:00" endTime="2026-09-23T20:43:11.5345002+00:00" testType="13cdc9d9-ddb5-4fa4-a97d-d965ccfc6d4b" outcome="Passed" testListId="8c84fa94-04c1-424b-9868-57a2d4851a1d" relativeResultsDirectory="cf1ceec6-dde8-438c-a98d-173d53aeaf64" />
    <UnitTestResult executionId="a81f9b11-bf7f-4176-804c-56b875911ddb" testId="9837ced1-a01b-79cf-0cb4-d99c593c5b55" testName="Assets_search_and_filter(&quot;roof&quot;,Critical,[&quot;CT-007&quot;])" computerName="runnervmtr4k5" duration="00:00:00.0008390" startTime="2026-09-23T20:43:11.5383525+00:00" endTime="2026-09-23T20:43:11.5391912+00:00" testType="13cdc9d9-ddb5-4fa4-a97d-d965ccfc6d4b" outcome="Passed" testListId="8c84fa94-04c1-424b-9868-57a2d4851a1d" relativeResultsDirectory="a81f9b11-bf7f-4176-804c-56b875911ddb" />
    <UnitTestResult executionId="fa73e826-89b9-491b-89af-7121ada84232" testId="8ac7050d-d7af-c392-8777-837030536554" testName="Timestamp_formatting" computerName="runnervmtr4k5" duration="00:00:00.0005599" startTime="2026-09-23T20:43:15.6632854+00:00" endTime="2026-09-23T20:43:15.6638450+00:00" testType="13cdc9d9-ddb5-4fa4-a97d-d965ccfc6d4b" outcome="Passed" testListId="8c84fa94-04c1-424b-9868-57a2d4851a1d" relativeResultsDirectory="fa73e826-89b9-491b-89af-7121ada84232" />
    <UnitTestResult executionId="99c677e5-80a6-4c41-946c-d492b578361d" testId="e24b2363-895f-ba8e-ce32-4ea0aeb39b2c" testName="Temperature_range_is_inclusive(&quot;250.1&quot;,False)" computerName="runnervmtr4k5" duration="00:00:00.0007100" startTime="2026-09-23T20:43:15.6607775+00:00" endTime="2026-09-23T20:43:15.6614864+00:00" testType="13cdc9d9-ddb5-4fa4-a97d-d965ccfc6d4b" outcome="Passed" testListId="8c84fa94-04c1-424b-9868-57a2d4851a1d" relativeResultsDirectory="99c677e5-80a6-4c41-946c-d492b578361d" />
    <UnitTestResult executionId="3fae05dc-d6a4-4e53-b2bc-8c95b4a0445a" testId="b13ebba2-f006-a127-b395-c9631f5e1d4e" testName="Temperature_range_is_inclusive(&quot;-51&quot;,False)" computerName="runnervmtr4k5" duration="00:00:00.0008060" startTime="2026-09-23T20:43:15.6599395+00:00" endTime="2026-09-23T20:43:15.6607457+00:00" testType="13cdc9d9-ddb5-4fa4-a97d-d965ccfc6d4b" outcome="Passed" testListId="8c84fa94-04c1-424b-9868-57a2d4851a1d" relativeResultsDirectory="3fae05dc-d6a4-4e53-b2bc-8c95b4a0445a" />
    <UnitTestResult executionId="ac831e31-8e38-47fc-86fc-006139a85c0c" testId="e4e28ecb-266d-dec7-a85f-76eb8ad262f4" testName="Assets_search_and_filter(&quot;&quot;,Critical,[&quot;CT-007&quot;, &quot;EF-090&quot;])" computerName="runnervmtr4k5" duration="00:00:00.0009820" startTime="2026-09-23T20:43:11.5364012+00:00" endTime="2026-09-23T20:43:11.5373824+00:00" testType="13cdc9d9-ddb5-4fa4-a97d-d965ccfc6d4b" outcome="Passed" testListId="8c84fa94-04c1-424b-9868-57a2d4851a1d" relativeResultsDirectory="ac831e31-8e38-47fc-86fc-006139a85c0c" />
    <UnitTestResult executionId="d590a159-24ce-4f9b-ac84-58132fcf99f9" testId="a65a202e-4b1a-d7ad-e040-6de035fc4583" testName="Assets_open_pushes_detail_when_narrow_and_selects_when_wide" computerName="runnervmtr4k5" duration="00:00:00.0096010" startTime="2026-09-23T20:43:11.5196933+00:00" endTime="2026-09-23T20:43:11.5292946+00:00" testType="13cdc9d9-ddb5-4fa4-a97d-d965ccfc6d4b" outcome="Passed" testListId="8c84fa94-04c1-424b-9868-57a2d4851a1d" relativeResultsDirectory="d590a159-24ce-4f9b-ac84-58132fcf99f9" />
    <UnitTestResult executionId="538227c5-9a92-4f46-b370-c43dfbed0c1f" testId="3fdc559d-49b5-939a-ea88-5f5ccb46e6e5" testName="Added_inspection_is_persisted_and_survives_a_new_repository_instance" computerName="runnervmtr4k5" duration="00:00:00.1298060" startTime="2026-09-23T20:43:09.6905635+00:00" endTime="2026-09-23T20:43:09.8202563+00:00" testType="13cdc9d9-ddb5-4fa4-a97d-d965ccfc6d4b" outcome="Passed" testListId="8c84fa94-04c1-424b-9868-57a2d4851a1d" relativeResultsDirectory="538227c5-9a92-4f46-b370-c43dfbed0c1f" />
    <UnitTestResult executionId="a9e42827-431c-46b9-b2c8-1bad35b4f5b0" testId="3cc2e54f-d3cd-80e0-e892-d7e5c8e8a2a3" testName="Assets_search_and_filter(&quot;roof&quot;,Operational,[&quot;FAN-305&quot;])" computerName="runnervmtr4k5" duration="00:00:00.0008520" startTime="2026-09-23T20:43:11.5392183+00:00" endTime="2026-09-23T20:43:11.5400700+00:00" testType="13cdc9d9-ddb5-4fa4-a97d-d965ccfc6d4b" outcome="Passed" testListId="8c84fa94-04c1-424b-9868-57a2d4851a1d" relativeResultsDirectory="a9e42827-431c-46b9-b2c8-1bad35b4f5b0" />
    <UnitTestResult executionId="e1f0a579-cbc0-450e-a14c-d5e5d3f36125" testId="599e77a4-6fde-de7d-4c87-c34bbd7317fb" testName="Data_mode_parsing(null,Normal)" computerName="runnervmtr4k5" duration="00:00:00.0000060" startTime="2026-09-23T20:43:09.8631507+00:00" endTime="2026-09-23T20:43:09.8631564+00:00" testType="13cdc9d9-ddb5-4fa4-a97d-d965ccfc6d4b" outcome="Passed" testListId="8c84fa94-04c1-424b-9868-57a2d4851a1d" relativeResultsDirectory="e1f0a579-cbc0-450e-a14c-d5e5d3f36125" />
    <UnitTestResult executionId="ee7a4ab1-9531-4c3a-8370-6b93603c8af3" testId="ed831b8a-2374-12ff-c33c-c1f44e5a2454" testName="Data_mode_parsing(&quot;empty&quot;,Empty)" computerName="runnervmtr4k5" duration="00:00:00.0000120" startTime="2026-09-23T20:43:09.8630670+00:00" endTime="2026-09-23T20:43:09.8630795+00:00" testType="13cdc9d9-ddb5-4fa4-a97d-d965ccfc6d4b" outcome="Passed" testListId="8c84fa94-04c1-424b-9868-57a2d4851a1d" relativeResultsDirectory="ee7a4ab1-9531-4c3a-8370-6b93603c8af3" />
    <UnitTestResult executionId="2cfca272-eec8-4679-a6b6-37017860ca5f" testId="cacd4947-eb57-d792-40f9-56bc27df0eed" testName="Save_failure_reports_error_and_does_not_navigate" computerName="runnervmtr4k5" duration="00:00:00.4037890" startTime="2026-09-23T20:43:15.2406183+00:00" endTime="2026-09-23T20:43:15.6444068+00:00" testType="13cdc9d9-ddb5-4fa4-a97d-d965ccfc6d4b" outcome="Passed" testListId="8c84fa94-04c1-424b-9868-57a2d4851a1d" relativeResultsDirectory="2cfca272-eec8-4679-a6b6-37017860ca5f" />
    <UnitTestResult executionId="3b2e3c27-5b87-4c3e-be67-ff3eadeb3279" testId="73956f71-7c24-853f-ed19-297a1a3c40ed" testName="Submit_is_disabled_until_required_fields_are_valid" computerName="runnervmtr4k5" duration="00:00:00.0030500" startTime="2026-09-23T20:43:15.6444658+00:00" endTime="2026-09-23T20:43:15.6475159+00:00" testType="13cdc9d9-ddb5-4fa4-a97d-d965ccfc6d4b" outcome="Passed" testListId="8c84fa94-04c1-424b-9868-57a2d4851a1d" relativeResultsDirectory="3b2e3c27-5b87-4c3e-be67-ff3eadeb3279" />
    <UnitTestResult executionId="aa1593d0-0a50-42a7-9850-718cc3e99c26" testId="52d680ce-defe-2dc2-e08c-0c44390a187f" testName="Next_id_follows_the_highest_existing_number" computerName="runnervmtr4k5" duration="00:00:00.0014120" startTime="2026-09-23T20:43:11.4893878+00:00" endTime="2026-09-23T20:43:11.4907994+00:00" testType="13cdc9d9-ddb5-4fa4-a97d-d965ccfc6d4b" outcome="Passed" testListId="8c84fa94-04c1-424b-9868-57a2d4851a1d" relativeResultsDirectory="aa1593d0-0a50-42a7-9850-718cc3e99c26" />
    <UnitTestResult executionId="7e74bb81-5258-4fb5-a4c2-f9b33d9ac90b" testId="c66058e0-2a69-7251-d4c8-fc0bd55fbffe" testName="Data_mode_parsing(&quot;save-error&quot;,SaveError)" computerName="runnervmtr4k5" duration="00:00:00.0000190" startTime="2026-09-23T20:43:09.8631150+00:00" endTime="2026-09-23T20:43:09.8631343+00:00" testType="13cdc9d9-ddb5-4fa4-a97d-d965ccfc6d4b" outcome="Passed" testListId="8c84fa94-04c1-424b-9868-57a2d4851a1d" relativeResultsDirectory="7e74bb81-5258-4fb5-a4c2-f9b33d9ac90b" />
    <UnitTestResult executionId="83726afc-2038-449c-929c-323763375b87" testId="2e823845-2063-194a-2d72-9d1e527ae6af" testName="Successful_submit_creates_exactly_one_inspection_and_navigates" computerName="runnervmtr4k5" duration="00:00:00.0038410" startTime="2026-09-23T20:43:15.6519891+00:00" endTime="2026-09-23T20:43:15.6558305+00:00" testType="13cdc9d9-ddb5-4fa4-a97d-d965ccfc6d4b" outcome="Passed" testListId="8c84fa94-04c1-424b-9868-57a2d4851a1d" relativeResultsDirectory="83726afc-2038-449c-929c-323763375b87" />
    <UnitTestResult executionId="20c3afe3-f5d5-44bb-9a32-25fc337c17a6" testId="874ec84c-b730-4645-f99a-855ac936f00f" testName="Temperature_range_is_inclusive(&quot;27.5&quot;,True)" computerName="runnervmtr4k5" duration="00:00:00.0006280" startTime="2026-09-23T20:43:15.6592689+00:00" endTime="2026-09-23T20:43:15.6598966+00:00" testType="13cdc9d9-ddb5-4fa4-a97d-d965ccfc6d4b" outcome="Passed" testListId="8c84fa94-04c1-424b-9868-57a2d4851a1d" relativeResultsDirectory="20c3afe3-f5d5-44bb-9a32-25fc337c17a6" />
    <UnitTestResult executionId="c91c24e0-2958-4f89-aca6-015149070605" testId="e65441a8-f004-9eb6-6824-96e89d755038" testName="Data_mode_parsing(&quot;ERROR-ONCE&quot;,ErrorOnce)" computerName="runnervmtr4k5" duration="00:00:00.0002540" startTime="2026-09-23T20:43:09.8627872+00:00" endTime="2026-09-23T20:43:09.8630414+00:00" testType="13cdc9d9-ddb5-4fa4-a97d-d965ccfc6d4b" outcome="Passed" testListId="8c84fa94-04c1-424b-9868-57a2d4851a1d" relativeResultsDirectory="c91c24e0-2958-4f89-aca6-015149070605" />
    <UnitTestResult executionId="b901135c-e7ea-42e4-8a1c-f56744d27cba" testId="1c93215e-4091-8d15-7487-ef577c944bc5" testName="Data_mode_parsing(&quot;error&quot;,Error)" computerName="runnervmtr4k5" duration="00:00:00.0009850" startTime="2026-09-23T20:43:09.8617677+00:00" endTime="2026-09-23T20:43:09.8627524+00:00" testType="13cdc9d9-ddb5-4fa4-a97d-d965ccfc6d4b" outcome="Passed" testListId="8c84fa94-04c1-424b-9868-57a2d4851a1d" relativeResultsDirectory="b901135c-e7ea-42e4-8a1c-f56744d27cba" />
    <UnitTestResult executionId="9c120410-a55b-429e-9e5c-652005358dcf" testId="35b62df2-148b-f364-c307-afc590091eb3" testName="History_is_newest_first_and_filters" computerName="runnervmtr4k5" duration="00:00:00.0071350" startTime="2026-09-23T20:43:12.1651072+00:00" endTime="2026-09-23T20:43:12.1722424+00:00" testType="13cdc9d9-ddb5-4fa4-a97d-d965ccfc6d4b" outcome="Passed" testListId="8c84fa94-04c1-424b-9868-57a2d4851a1d" relativeResultsDirectory="9c120410-a55b-429e-9e5c-652005358dcf" />
    <UnitTestResult executionId="914c6509-d33b-430d-aa4d-7eebf8c48ad1" testId="016a5fd2-b9ac-fdf5-0708-d507797d2d74" testName="Dashboard_counts_are_derived_from_data" computerName="runnervmtr4k5" duration="00:00:00.0100380" startTime="2026-09-23T20:43:11.5512111+00:00" endTime="2026-09-23T20:43:11.5612486+00:00" testType="13cdc9d9-ddb5-4fa4-a97d-d965ccfc6d4b" outcome="Passed" testListId="8c84fa94-04c1-424b-9868-57a2d4851a1d" relativeResultsDirectory="914c6509-d33b-430d-aa4d-7eebf8c48ad1" />
    <UnitTestResult executionId="a254e21d-c852-4f6a-a43e-7d60931d01a4" testId="9f7301f1-072c-9372-73af-4069fda5dc7e" testName="Temperature_range_is_inclusive(&quot;250&quot;,True)" computerName="runnervmtr4k5" duration="00:00:00.0009720" startTime="2026-09-23T20:43:15.6582676+00:00" endTime="2026-09-23T20:43:15.6592398+00:00" testType="13cdc9d9-ddb5-4fa4-a97d-d965ccfc6d4b" outcome="Passed" testListId="8c84fa94-04c1-424b-9868-57a2d4851a1d" relativeResultsDirectory="a254e21d-c852-4f6a-a43e-7d60931d01a4" />
    <UnitTestResult executionId="cadbcba6-f065-4832-8864-a66ccc54f78a" testId="044be290-726d-c554-d312-8462128118ae" testName="Data_mode_parsing(&quot;slow&quot;,Slow)" computerName="runnervmtr4k5" duration="00:00:00.0000050" startTime="2026-09-23T20:43:09.8630947+00:00" endTime="2026-09-23T20:43:09.8631001+00:00" testType="13cdc9d9-ddb5-4fa4-a97d-d965ccfc6d4b" outcome="Passed" testListId="8c84fa94-04c1-424b-9868-57a2d4851a1d" relativeResultsDirectory="cadbcba6-f065-4832-8864-a66ccc54f78a" />
    <UnitTestResult executionId="53d9eaa3-7d0e-4caf-a3f9-80321728302d" testId="555728f0-6772-ec4b-ac44-67c7553b6f8c" testName="Picker_select_cancel_and_failure_keep_the_form_usable" computerName="runnervmtr4k5" duration="00:00:00.0082780" startTime="2026-09-23T20:43:12.2280774+00:00" endTime="2026-09-23T20:43:12.2363552+00:00" testType="13cdc9d9-ddb5-4fa4-a97d-d965ccfc6d4b" outcome="Passed" testListId="8c84fa94-04c1-424b-9868-57a2d4851a1d" relativeResultsDirectory="53d9eaa3-7d0e-4caf-a3f9-80321728302d" />
    <UnitTestResult executionId="6e3ee230-f151-4929-aa0e-15867e0d2367" testId="b9aeeb57-77b5-2794-ec49-6942cf68579c" testName="Cancel_goes_back_without_saving" computerName="runnervmtr4k5" duration="00:00:00.0110330" startTime="2026-09-23T20:43:11.5401229+00:00" endTime="2026-09-23T20:43:11.5511558+00:00" testType="13cdc9d9-ddb5-4fa4-a97d-d965ccfc6d4b" outcome="Passed" testListId="8c84fa94-04c1-424b-9868-57a2d4851a1d" relativeResultsDirectory="6e3ee230-f151-4929-aa0e-15867e0d2367" />
    <UnitTestResult executionId="345017fd-2ec4-4ee7-86aa-541b6d2ee0e1" testId="6f2aa134-5b06-03bc-c307-d0430840d9c8" testName="Assets_search_and_filter(&quot;&quot;,Attention,[&quot;AHU-203&quot;, &quot;CNV-018&quot;, &quot;BLR-002&quot;])" computerName="runnervmtr4k5" duration="00:00:00.0008970" startTime="2026-09-23T20:43:11.5374070+00:00" endTime="2026-09-23T20:43:11.5383038+00:00" testType="13cdc9d9-ddb5-4fa4-a97d-d965ccfc6d4b" outcome="Passed" testListId="8c84fa94-04c1-424b-9868-57a2d4851a1d" relativeResultsDirectory="345017fd-2ec4-4ee7-86aa-541b6d2ee0e1" />
    <UnitTestResult executionId="9a3ab486-e018-4d28-9a09-343f6acfbe6e" testId="8152bec8-db64-4696-85a0-5a0c5814a6d5" testName="Dashboard_reports_empty_and_error_states" computerName="runnervmtr4k5" duration="00:00:00.6037709" startTime="2026-09-23T20:43:11.5612776+00:00" endTime="2026-09-23T20:43:12.1650487+00:00" testType="13cdc9d9-ddb5-4fa4-a97d-d965ccfc6d4b" outcome="Passed" testListId="8c84fa94-04c1-424b-9868-57a2d4851a1d" relativeResultsDirectory="9a3ab486-e018-4d28-9a09-343f6acfbe6e" />
    <UnitTestResult executionId="2d4039d0-ec88-4968-a251-e26e0c8da347" testId="931b5757-b39d-2e8b-53fb-992531ccd5e2" testName="Data_mode_parsing(&quot;bogus&quot;,Normal)" computerName="runnervmtr4k5" duration="00:00:00.0000080" startTime="2026-09-23T20:43:09.8631954+00:00" endTime="2026-09-23T20:43:09.8632034+00:00" testType="13cdc9d9-ddb5-4fa4-a97d-d965ccfc6d4b" outcome="Passed" testListId="8c84fa94-04c1-424b-9868-57a2d4851a1d" relativeResultsDirectory="2d4039d0-ec88-4968-a251-e26e0c8da347" />
    <UnitTestResult executionId="f8935227-488b-40f3-951f-46964e09b09a" testId="961b7cea-13a0-7a51-8953-1f88fc308135" testName="Assets_search_and_filter(&quot;ROOF&quot;,All,[&quot;AHU-203&quot;, &quot;CT-007&quot;, &quot;FAN-305&quot;])" computerName="runnervmtr4k5" duration="00:00:00.0009060" startTime="2026-09-23T20:43:11.5354391+00:00" endTime="2026-09-23T20:43:11.5363445+00:00" testType="13cdc9d9-ddb5-4fa4-a97d-d965ccfc6d4b" outcome="Passed" testListId="8c84fa94-04c1-424b-9868-57a2d4851a1d" relativeResultsDirectory="f8935227-488b-40f3-951f-46964e09b09a" />
    <UnitTestResult executionId="688adef8-3835-45a2-bd76-61054c7f7d2b" testId="e2b9e8db-7c8b-8fba-6d61-582367e06020" testName="Assets_search_and_filter(&quot;cooling&quot;,All,[&quot;CT-007&quot;])" computerName="runnervmtr4k5" duration="00:00:00.0035550" startTime="2026-09-23T20:43:11.5293568+00:00" endTime="2026-09-23T20:43:11.5329118+00:00" testType="13cdc9d9-ddb5-4fa4-a97d-d965ccfc6d4b" outcome="Passed" testListId="8c84fa94-04c1-424b-9868-57a2d4851a1d" relativeResultsDirectory="688adef8-3835-45a2-bd76-61054c7f7d2b" />
    <UnitTestResult executionId="765e6d14-05e9-4396-9ef1-a24921dd449d" testId="9b16206d-b7ef-e539-9fee-1d13dacf7fad" testName="Data_modes_are_deterministic" computerName="runnervmtr4k5" duration="00:00:01.6169750" startTime="2026-09-23T20:43:09.8649423+00:00" endTime="2026-09-23T20:43:11.4819165+00:00" testType="13cdc9d9-ddb5-4fa4-a97d-d965ccfc6d4b" outcome="Passed" testListId="8c84fa94-04c1-424b-9868-57a2d4851a1d" relativeResultsDirectory="765e6d14-05e9-4396-9ef1-a24921dd449d" />
  </Results>
  <TestDefinitions>
    <UnitTest name="Temperature_range_is_inclusive(&quot;250.1&quot;,False)" storage="/home/runner/work/uno-builds/uno-builds/fieldcheck/app/fieldcheck/fieldcheck.tests/bin/release/net10.0/fieldcheck.tests.dll" id="e24b2363-895f-ba8e-ce32-4ea0aeb39b2c">
      <Execution id="99c677e5-80a6-4c41-946c-d492b578361d" />
      <TestMethod codeBase="/home/runner/work/Uno-Builds/Uno-Builds/FieldCheck/app/FieldCheck/FieldCheck.Tests/bin/Release/net10.0/FieldCheck.Tests.dll" adapterTypeName="executor://nunit3testexecutor/" className="FieldCheck.Tests.ViewModelTests" name="Temperature_range_is_inclusive(&quot;250.1&quot;,False)" />
    </UnitTest>
    <UnitTest name="Assets_search_and_filter(&quot;roof&quot;,Critical,[&quot;CT-007&quot;])" storage="/home/runner/work/uno-builds/uno-builds/fieldcheck/app/fieldcheck/fieldcheck.tests/bin/release/net10.0/fieldcheck.tests.dll" id="9837ced1-a01b-79cf-0cb4-d99c593c5b55">
      <Execution id="a81f9b11-bf7f-4176-804c-56b875911ddb" />
      <TestMethod codeBase="/home/runner/work/Uno-Builds/Uno-Builds/FieldCheck/app/FieldCheck/FieldCheck.Tests/bin/Release/net10.0/FieldCheck.Tests.dll" adapterTypeName="executor://nunit3testexecutor/" className="FieldCheck.Tests.ViewModelTests" name="Assets_search_and_filter(&quot;roof&quot;,Critical,[&quot;CT-007&quot;])" />
    </UnitTest>
    <UnitTest name="Data_modes_are_deterministic" storage="/home/runner/work/uno-builds/uno-builds/fieldcheck/app/fieldcheck/fieldcheck.tests/bin/release/net10.0/fieldcheck.tests.dll" id="9b16206d-b7ef-e539-9fee-1d13dacf7fad">
      <Execution id="765e6d14-05e9-4396-9ef1-a24921dd449d" />
      <TestMethod codeBase="/home/runner/work/Uno-Builds/Uno-Builds/FieldCheck/app/FieldCheck/FieldCheck.Tests/bin/Release/net10.0/FieldCheck.Tests.dll" adapterTypeName="executor://nunit3testexecutor/" className="FieldCheck.Tests.RepositoryTests" name="Data_modes_are_deterministic" />
    </UnitTest>
    <UnitTest name="Assets_no_results_is_distinct_from_empty" storage="/home/runner/work/uno-builds/uno-builds/fieldcheck/app/fieldcheck/fieldcheck.tests/bin/release/net10.0/fieldcheck.tests.dll" id="9d70edb6-66e8-6bcb-1445-5902b6da99d5">
      <Execution id="b3e95f4a-4ba2-48f2-87a9-df63fa2e6df3" />
      <TestMethod codeBase="/home/runner/work/Uno-Builds/Uno-Builds/FieldCheck/app/FieldCheck/FieldCheck.Tests/bin/Release/net10.0/FieldCheck.Tests.dll" adapterTypeName="executor://nunit3testexecutor/" className="FieldCheck.Tests.ViewModelTests" name="Assets_no_results_is_distinct_from_empty" />
    </UnitTest>
    <UnitTest name="Timestamp_formatting" storage="/home/runner/work/uno-builds/uno-builds/fieldcheck/app/fieldcheck/fieldcheck.tests/bin/release/net10.0/fieldcheck.tests.dll" id="8ac7050d-d7af-c392-8777-837030536554">
      <Execution id="fa73e826-89b9-491b-89af-7121ada84232" />
      <TestMethod codeBase="/home/runner/work/Uno-Builds/Uno-Builds/FieldCheck/app/FieldCheck/FieldCheck.Tests/bin/Release/net10.0/FieldCheck.Tests.dll" adapterTypeName="executor://nunit3testexecutor/" className="FieldCheck.Tests.ViewModelTests" name="Timestamp_formatting" />
    </UnitTest>
    <UnitTest name="Assets_search_and_filter(&quot;ROOF&quot;,All,[&quot;AHU-203&quot;, &quot;CT-007&quot;, &quot;FAN-305&quot;])" storage="/home/runner/work/uno-builds/uno-builds/fieldcheck/app/fieldcheck/fieldcheck.tests/bin/release/net10.0/fieldcheck.tests.dll" id="961b7cea-13a0-7a51-8953-1f88fc308135">
      <Execution id="f8935227-488b-40f3-951f-46964e09b09a" />
      <TestMethod codeBase="/home/runner/work/Uno-Builds/Uno-Builds/FieldCheck/app/FieldCheck/FieldCheck.Tests/bin/Release/net10.0/FieldCheck.Tests.dll" adapterTypeName="executor://nunit3testexecutor/" className="FieldCheck.Tests.ViewModelTests" name="Assets_search_and_filter(&quot;ROOF&quot;,All,[&quot;AHU-203&quot;, &quot;CT-007&quot;, &quot;FAN-305&quot;])" />
    </UnitTest>
    <UnitTest name="Write_failure_throws_and_leaves_state_unchanged" storage="/home/runner/work/uno-builds/uno-builds/fieldcheck/app/fieldcheck/fieldcheck.tests/bin/release/net10.0/fieldcheck.tests.dll" id="b12f152b-4615-4892-351c-6fd64f9014f7">
      <Execution id="8bd6fc58-ba4a-4df6-b5ad-df214b322d26" />
      <TestMethod codeBase="/home/runner/work/Uno-Builds/Uno-Builds/FieldCheck/app/FieldCheck/FieldCheck.Tests/bin/Release/net10.0/FieldCheck.Tests.dll" adapterTypeName="executor://nunit3testexecutor/" className="FieldCheck.Tests.RepositoryTests" name="Write_failure_throws_and_leaves_state_unchanged" />
    </UnitTest>
    <UnitTest name="Temperature_range_is_inclusive(&quot;250&quot;,True)" storage="/home/runner/work/uno-builds/uno-builds/fieldcheck/app/fieldcheck/fieldcheck.tests/bin/release/net10.0/fieldcheck.tests.dll" id="9f7301f1-072c-9372-73af-4069fda5dc7e">
      <Execution id="a254e21d-c852-4f6a-a43e-7d60931d01a4" />
      <TestMethod codeBase="/home/runner/work/Uno-Builds/Uno-Builds/FieldCheck/app/FieldCheck/FieldCheck.Tests/bin/Release/net10.0/FieldCheck.Tests.dll" adapterTypeName="executor://nunit3testexecutor/" className="FieldCheck.Tests.ViewModelTests" name="Temperature_range_is_inclusive(&quot;250&quot;,True)" />
    </UnitTest>
    <UnitTest name="Cancel_goes_back_without_saving" storage="/home/runner/work/uno-builds/uno-builds/fieldcheck/app/fieldcheck/fieldcheck.tests/bin/release/net10.0/fieldcheck.tests.dll" id="b9aeeb57-77b5-2794-ec49-6942cf68579c">
      <Execution id="6e3ee230-f151-4929-aa0e-15867e0d2367" />
      <TestMethod codeBase="/home/runner/work/Uno-Builds/Uno-Builds/FieldCheck/app/FieldCheck/FieldCheck.Tests/bin/Release/net10.0/FieldCheck.Tests.dll" adapterTypeName="executor://nunit3testexecutor/" className="FieldCheck.Tests.ViewModelTests" name="Cancel_goes_back_without_saving" />
    </UnitTest>
    <UnitTest name="Data_mode_parsing(&quot;save-error&quot;,SaveError)" storage="/home/runner/work/uno-builds/uno-builds/fieldcheck/app/fieldcheck/fieldcheck.tests/bin/release/net10.0/fieldcheck.tests.dll" id="c66058e0-2a69-7251-d4c8-fc0bd55fbffe">
      <Execution id="7e74bb81-5258-4fb5-a4c2-f9b33d9ac90b" />
      <TestMethod codeBase="/home/runner/work/Uno-Builds/Uno-Builds/FieldCheck/app/FieldCheck/FieldCheck.Tests/bin/Release/net10.0/FieldCheck.Tests.dll" adapterTypeName="executor://nunit3testexecutor/" className="FieldCheck.Tests.RepositoryTests" name="Data_mode_parsing(&quot;save-error&quot;,SaveError)" />
    </UnitTest>
    <UnitTest name="Success_actions_navigate_to_asset_and_history" storage="/home/runner/work/uno-builds/uno-builds/fieldcheck/app/fieldcheck/fieldcheck.tests/bin/release/net10.0/fieldcheck.tests.dll" id="5967d81f-e741-bb1c-24ba-b9a1ea697b1e">
      <Execution id="14850c93-7983-405d-a026-4f59c8c86b16" />
      <TestMethod codeBase="/home/runner/work/Uno-Builds/Uno-Builds/FieldCheck/app/FieldCheck/FieldCheck.Tests/bin/Release/net10.0/FieldCheck.Tests.dll" adapterTypeName="executor://nunit3testexecutor/" className="FieldCheck.Tests.ViewModelTests" name="Success_actions_navigate_to_asset_and_history" />
    </UnitTest>
    <UnitTest name="Generated_ids_are_unique_and_stable" storage="/home/runner/work/uno-builds/uno-builds/fieldcheck/app/fieldcheck/fieldcheck.tests/bin/release/net10.0/fieldcheck.tests.dll" id="8b89425b-5f3b-20d6-32d8-3ab34297400a">
      <Execution id="a6b14484-45f7-41ed-a4a5-71463bda370d" />
      <TestMethod codeBase="/home/runner/work/Uno-Builds/Uno-Builds/FieldCheck/app/FieldCheck/FieldCheck.Tests/bin/Release/net10.0/FieldCheck.Tests.dll" adapterTypeName="executor://nunit3testexecutor/" className="FieldCheck.Tests.RepositoryTests" name="Generated_ids_are_unique_and_stable" />
    </UnitTest>
    <UnitTest name="History_is_newest_first_and_filters" storage="/home/runner/work/uno-builds/uno-builds/fieldcheck/app/fieldcheck/fieldcheck.tests/bin/release/net10.0/fieldcheck.tests.dll" id="35b62df2-148b-f364-c307-afc590091eb3">
      <Execution id="9c120410-a55b-429e-9e5c-652005358dcf" />
      <TestMethod codeBase="/home/runner/work/Uno-Builds/Uno-Builds/FieldCheck/app/FieldCheck/FieldCheck.Tests/bin/Release/net10.0/FieldCheck.Tests.dll" adapterTypeName="executor://nunit3testexecutor/" className="FieldCheck.Tests.ViewModelTests" name="History_is_newest_first_and_filters" />
    </UnitTest>
    <UnitTest name="Assets_search_and_filter(&quot;&quot;,Critical,[&quot;CT-007&quot;, &quot;EF-090&quot;])" storage="/home/runner/work/uno-builds/uno-builds/fieldcheck/app/fieldcheck/fieldcheck.tests/bin/release/net10.0/fieldcheck.tests.dll" id="e4e28ecb-266d-dec7-a85f-76eb8ad262f4">
      <Execution id="ac831e31-8e38-47fc-86fc-006139a85c0c" />
      <TestMethod codeBase="/home/runner/work/Uno-Builds/Uno-Builds/FieldCheck/app/FieldCheck/FieldCheck.Tests/bin/Release/net10.0/FieldCheck.Tests.dll" adapterTypeName="executor://nunit3testexecutor/" className="FieldCheck.Tests.ViewModelTests" name="Assets_search_and_filter(&quot;&quot;,Critical,[&quot;CT-007&quot;, &quot;EF-090&quot;])" />
    </UnitTest>
    <UnitTest name="Asset_detail_reflects_newest_inspection_after_save" storage="/home/runner/work/uno-builds/uno-builds/fieldcheck/app/fieldcheck/fieldcheck.tests/bin/release/net10.0/fieldcheck.tests.dll" id="e39bb4d4-c0e8-b6b6-d093-ccc8b2e12736">
      <Execution id="6caff867-c9d7-45c9-9d20-ccf98b1a115f" />
      <TestMethod codeBase="/home/runner/work/Uno-Builds/Uno-Builds/FieldCheck/app/FieldCheck/FieldCheck.Tests/bin/Release/net10.0/FieldCheck.Tests.dll" adapterTypeName="executor://nunit3testexecutor/" className="FieldCheck.Tests.ViewModelTests" name="Asset_detail_reflects_newest_inspection_after_save" />
    </UnitTest>
    <UnitTest name="Repeated_activation_while_saving_creates_one_inspection" storage="/home/runner/work/uno-builds/uno-builds/fieldcheck/app/fieldcheck/fieldcheck.tests/bin/release/net10.0/fieldcheck.tests.dll" id="04261274-ab07-3f03-bcf6-21c0fc212f55">
      <Execution id="a414d9c1-c1d3-4fcc-96d5-656d62dcbeec" />
      <TestMethod codeBase="/home/runner/work/Uno-Builds/Uno-Builds/FieldCheck/app/FieldCheck/FieldCheck.Tests/bin/Release/net10.0/FieldCheck.Tests.dll" adapterTypeName="executor://nunit3testexecutor/" className="FieldCheck.Tests.ViewModelTests" name="Repeated_activation_while_saving_creates_one_inspection" />
    </UnitTest>
    <UnitTest name="Temperature_range_is_inclusive(&quot;-50&quot;,True)" storage="/home/runner/work/uno-builds/uno-builds/fieldcheck/app/fieldcheck/fieldcheck.tests/bin/release/net10.0/fieldcheck.tests.dll" id="1c4eca39-09ca-0b1e-78e2-66b95aa9627a">
      <Execution id="c54aeb37-81d9-4fca-a35f-07e0ce3879da" />
      <TestMethod codeBase="/home/runner/work/Uno-Builds/Uno-Builds/FieldCheck/app/FieldCheck/FieldCheck.Tests/bin/Release/net10.0/FieldCheck.Tests.dll" adapterTypeName="executor://nunit3testexecutor/" className="FieldCheck.Tests.ViewModelTests" name="Temperature_range_is_inclusive(&quot;-50&quot;,True)" />
    </UnitTest>
    <UnitTest name="Assets_search_and_filter(&quot;PMP&quot;,All,[&quot;PMP-104&quot;, &quot;PMP-220&quot;])" storage="/home/runner/work/uno-builds/uno-builds/fieldcheck/app/fieldcheck/fieldcheck.tests/bin/release/net10.0/fieldcheck.tests.dll" id="31c01c01-f42e-efae-0a10-b13a817adbca">
      <Execution id="cf1ceec6-dde8-438c-a98d-173d53aeaf64" />
      <TestMethod codeBase="/home/runner/work/Uno-Builds/Uno-Builds/FieldCheck/app/FieldCheck/FieldCheck.Tests/bin/Release/net10.0/FieldCheck.Tests.dll" adapterTypeName="executor://nunit3testexecutor/" className="FieldCheck.Tests.ViewModelTests" name="Assets_search_and_filter(&quot;PMP&quot;,All,[&quot;PMP-104&quot;, &quot;PMP-220&quot;])" />
    </UnitTest>
    <UnitTest name="Dashboard_counts_are_derived_from_data" storage="/home/runner/work/uno-builds/uno-builds/fieldcheck/app/fieldcheck/fieldcheck.tests/bin/release/net10.0/fieldcheck.tests.dll" id="016a5fd2-b9ac-fdf5-0708-d507797d2d74">
      <Execution id="914c6509-d33b-430d-aa4d-7eebf8c48ad1" />
      <TestMethod codeBase="/home/runner/work/Uno-Builds/Uno-Builds/FieldCheck/app/FieldCheck/FieldCheck.Tests/bin/Release/net10.0/FieldCheck.Tests.dll" adapterTypeName="executor://nunit3testexecutor/" className="FieldCheck.Tests.ViewModelTests" name="Dashboard_counts_are_derived_from_data" />
    </UnitTest>
    <UnitTest name="Data_mode_parsing(&quot;bogus&quot;,Normal)" storage="/home/runner/work/uno-builds/uno-builds/fieldcheck/app/fieldcheck/fieldcheck.tests/bin/release/net10.0/fieldcheck.tests.dll" id="931b5757-b39d-2e8b-53fb-992531ccd5e2">
      <Execution id="2d4039d0-ec88-4968-a251-e26e0c8da347" />
      <TestMethod codeBase="/home/runner/work/Uno-Builds/Uno-Builds/FieldCheck/app/FieldCheck/FieldCheck.Tests/bin/Release/net10.0/FieldCheck.Tests.dll" adapterTypeName="executor://nunit3testexecutor/" className="FieldCheck.Tests.RepositoryTests" name="Data_mode_parsing(&quot;bogus&quot;,Normal)" />
    </UnitTest>
    <UnitTest name="Successful_submit_creates_exactly_one_inspection_and_navigates" storage="/home/runner/work/uno-builds/uno-builds/fieldcheck/app/fieldcheck/fieldcheck.tests/bin/release/net10.0/fieldcheck.tests.dll" id="2e823845-2063-194a-2d72-9d1e527ae6af">
      <Execution id="83726afc-2038-449c-929c-323763375b87" />
      <TestMethod codeBase="/home/runner/work/Uno-Builds/Uno-Builds/FieldCheck/app/FieldCheck/FieldCheck.Tests/bin/Release/net10.0/FieldCheck.Tests.dll" adapterTypeName="executor://nunit3testexecutor/" className="FieldCheck.Tests.ViewModelTests" name="Successful_submit_creates_exactly_one_inspection_and_navigates" />
    </UnitTest>
    <UnitTest name="Data_mode_parsing(&quot;error&quot;,Error)" storage="/home/runner/work/uno-builds/uno-builds/fieldcheck/app/fieldcheck/fieldcheck.tests/bin/release/net10.0/fieldcheck.tests.dll" id="1c93215e-4091-8d15-7487-ef577c944bc5">
      <Execution id="b901135c-e7ea-42e4-8a1c-f56744d27cba" />
      <TestMethod codeBase="/home/runner/work/Uno-Builds/Uno-Builds/FieldCheck/app/FieldCheck/FieldCheck.Tests/bin/Release/net10.0/FieldCheck.Tests.dll" adapterTypeName="executor://nunit3testexecutor/" className="FieldCheck.Tests.RepositoryTests" name="Data_mode_parsing(&quot;error&quot;,Error)" />
    </UnitTest>
    <UnitTest name="Picker_select_cancel_and_failure_keep_the_form_usable" storage="/home/runner/work/uno-builds/uno-builds/fieldcheck/app/fieldcheck/fieldcheck.tests/bin/release/net10.0/fieldcheck.tests.dll" id="555728f0-6772-ec4b-ac44-67c7553b6f8c">
      <Execution id="53d9eaa3-7d0e-4caf-a3f9-80321728302d" />
      <TestMethod codeBase="/home/runner/work/Uno-Builds/Uno-Builds/FieldCheck/app/FieldCheck/FieldCheck.Tests/bin/Release/net10.0/FieldCheck.Tests.dll" adapterTypeName="executor://nunit3testexecutor/" className="FieldCheck.Tests.ViewModelTests" name="Picker_select_cancel_and_failure_keep_the_form_usable" />
    </UnitTest>
    <UnitTest name="Attachment_is_copied_into_app_storage" storage="/home/runner/work/uno-builds/uno-builds/fieldcheck/app/fieldcheck/fieldcheck.tests/bin/release/net10.0/fieldcheck.tests.dll" id="89e8a839-345a-b13c-95b7-2e725c0c6866">
      <Execution id="f68ce966-ead7-4211-80e6-8fd15000a3cf" />
      <TestMethod codeBase="/home/runner/work/Uno-Builds/Uno-Builds/FieldCheck/app/FieldCheck/FieldCheck.Tests/bin/Release/net10.0/FieldCheck.Tests.dll" adapterTypeName="executor://nunit3testexecutor/" className="FieldCheck.Tests.RepositoryTests" name="Attachment_is_copied_into_app_storage" />
    </UnitTest>
    <UnitTest name="Assets_search_and_filter(&quot;cooling&quot;,All,[&quot;CT-007&quot;])" storage="/home/runner/work/uno-builds/uno-builds/fieldcheck/app/fieldcheck/fieldcheck.tests/bin/release/net10.0/fieldcheck.tests.dll" id="e2b9e8db-7c8b-8fba-6d61-582367e06020">
      <Execution id="688adef8-3835-45a2-bd76-61054c7f7d2b" />
      <TestMethod codeBase="/home/runner/work/Uno-Builds/Uno-Builds/FieldCheck/app/FieldCheck/FieldCheck.Tests/bin/Release/net10.0/FieldCheck.Tests.dll" adapterTypeName="executor://nunit3testexecutor/" className="FieldCheck.Tests.ViewModelTests" name="Assets_search_and_filter(&quot;cooling&quot;,All,[&quot;CT-007&quot;])" />
    </UnitTest>
    <UnitTest name="Submit_is_disabled_until_required_fields_are_valid" storage="/home/runner/work/uno-builds/uno-builds/fieldcheck/app/fieldcheck/fieldcheck.tests/bin/release/net10.0/fieldcheck.tests.dll" id="73956f71-7c24-853f-ed19-297a1a3c40ed">
      <Execution id="3b2e3c27-5b87-4c3e-be67-ff3eadeb3279" />
      <TestMethod codeBase="/home/runner/work/Uno-Builds/Uno-Builds/FieldCheck/app/FieldCheck/FieldCheck.Tests/bin/Release/net10.0/FieldCheck.Tests.dll" adapterTypeName="executor://nunit3testexecutor/" className="FieldCheck.Tests.ViewModelTests" name="Submit_is_disabled_until_required_fields_are_valid" />
    </UnitTest>
    <UnitTest name="Seeds_all_twelve_assets_and_six_inspections" storage="/home/runner/work/uno-builds/uno-builds/fieldcheck/app/fieldcheck/fieldcheck.tests/bin/release/net10.0/fieldcheck.tests.dll" id="4e3ae567-4b75-4d78-2984-aa253720d416">
      <Execution id="5c173de4-6c8c-43aa-9d6d-0dde72cd625f" />
      <TestMethod codeBase="/home/runner/work/Uno-Builds/Uno-Builds/FieldCheck/app/FieldCheck/FieldCheck.Tests/bin/Release/net10.0/FieldCheck.Tests.dll" adapterTypeName="executor://nunit3testexecutor/" className="FieldCheck.Tests.RepositoryTests" name="Seeds_all_twelve_assets_and_six_inspections" />
    </UnitTest>
    <UnitTest name="Data_mode_parsing(null,Normal)" storage="/home/runner/work/uno-builds/uno-builds/fieldcheck/app/fieldcheck/fieldcheck.tests/bin/release/net10.0/fieldcheck.tests.dll" id="599e77a4-6fde-de7d-4c87-c34bbd7317fb">
      <Execution id="e1f0a579-cbc0-450e-a14c-d5e5d3f36125" />
      <TestMethod codeBase="/home/runner/work/Uno-Builds/Uno-Builds/FieldCheck/app/FieldCheck/FieldCheck.Tests/bin/Release/net10.0/FieldCheck.Tests.dll" adapterTypeName="executor://nunit3testexecutor/" className="FieldCheck.Tests.RepositoryTests" name="Data_mode_parsing(null,Normal)" />
    </UnitTest>
    <UnitTest name="Corrupt_local_data_surfaces_a_repository_exception" storage="/home/runner/work/uno-builds/uno-builds/fieldcheck/app/fieldcheck/fieldcheck.tests/bin/release/net10.0/fieldcheck.tests.dll" id="4158b6eb-d22e-c8b9-0f3a-4910a5296057">
      <Execution id="617e4270-07dc-40aa-bd58-a8d6d09384c1" />
      <TestMethod codeBase="/home/runner/work/Uno-Builds/Uno-Builds/FieldCheck/app/FieldCheck/FieldCheck.Tests/bin/Release/net10.0/FieldCheck.Tests.dll" adapterTypeName="executor://nunit3testexecutor/" className="FieldCheck.Tests.RepositoryTests" name="Corrupt_local_data_surfaces_a_repository_exception" />
    </UnitTest>
    <UnitTest name="Temperature_range_is_inclusive(&quot;-51&quot;,False)" storage="/home/runner/work/uno-builds/uno-builds/fieldcheck/app/fieldcheck/fieldcheck.tests/bin/release/net10.0/fieldcheck.tests.dll" id="b13ebba2-f006-a127-b395-c9631f5e1d4e">
      <Execution id="3fae05dc-d6a4-4e53-b2bc-8c95b4a0445a" />
      <TestMethod codeBase="/home/runner/work/Uno-Builds/Uno-Builds/FieldCheck/app/FieldCheck/FieldCheck.Tests/bin/Release/net10.0/FieldCheck.Tests.dll" adapterTypeName="executor://nunit3testexecutor/" className="FieldCheck.Tests.ViewModelTests" name="Temperature_range_is_inclusive(&quot;-51&quot;,False)" />
    </UnitTest>
    <UnitTest name="Temperature_range_is_inclusive(&quot;27.5&quot;,True)" storage="/home/runner/work/uno-builds/uno-builds/fieldcheck/app/fieldcheck/fieldcheck.tests/bin/release/net10.0/fieldcheck.tests.dll" id="874ec84c-b730-4645-f99a-855ac936f00f">
      <Execution id="20c3afe3-f5d5-44bb-9a32-25fc337c17a6" />
      <TestMethod codeBase="/home/runner/work/Uno-Builds/Uno-Builds/FieldCheck/app/FieldCheck/FieldCheck.Tests/bin/Release/net10.0/FieldCheck.Tests.dll" adapterTypeName="executor://nunit3testexecutor/" className="FieldCheck.Tests.ViewModelTests" name="Temperature_range_is_inclusive(&quot;27.5&quot;,True)" />
    </UnitTest>
    <UnitTest name="Temperature_range_is_inclusive(&quot;&quot;,False)" storage="/home/runner/work/uno-builds/uno-builds/fieldcheck/app/fieldcheck/fieldcheck.tests/bin/release/net10.0/fieldcheck.tests.dll" id="c8bbc628-0cdb-88d8-32a5-2b8a89b03ec8">
      <Execution id="bb7667f0-da55-4dc5-9395-faaaa3a09221" />
      <TestMethod codeBase="/home/runner/work/Uno-Builds/Uno-Builds/FieldCheck/app/FieldCheck/FieldCheck.Tests/bin/Release/net10.0/FieldCheck.Tests.dll" adapterTypeName="executor://nunit3testexecutor/" className="FieldCheck.Tests.ViewModelTests" name="Temperature_range_is_inclusive(&quot;&quot;,False)" />
    </UnitTest>
    <UnitTest name="Added_inspection_is_persisted_and_survives_a_new_repository_instance" storage="/home/runner/work/uno-builds/uno-builds/fieldcheck/app/fieldcheck/fieldcheck.tests/bin/release/net10.0/fieldcheck.tests.dll" id="3fdc559d-49b5-939a-ea88-5f5ccb46e6e5">
      <Execution id="538227c5-9a92-4f46-b370-c43dfbed0c1f" />
      <TestMethod codeBase="/home/runner/work/Uno-Builds/Uno-Builds/FieldCheck/app/FieldCheck/FieldCheck.Tests/bin/Release/net10.0/FieldCheck.Tests.dll" adapterTypeName="executor://nunit3testexecutor/" className="FieldCheck.Tests.RepositoryTests" name="Added_inspection_is_persisted_and_survives_a_new_repository_instance" />
    </UnitTest>
    <UnitTest name="Temperature_range_is_inclusive(&quot;abc&quot;,False)" storage="/home/runner/work/uno-builds/uno-builds/fieldcheck/app/fieldcheck/fieldcheck.tests/bin/release/net10.0/fieldcheck.tests.dll" id="d067fb80-e266-1606-9971-a316f13740e1">
      <Execution id="10800037-140c-4360-8159-f6ffbed9f034" />
      <TestMethod codeBase="/home/runner/work/Uno-Builds/Uno-Builds/FieldCheck/app/FieldCheck/FieldCheck.Tests/bin/Release/net10.0/FieldCheck.Tests.dll" adapterTypeName="executor://nunit3testexecutor/" className="FieldCheck.Tests.ViewModelTests" name="Temperature_range_is_inclusive(&quot;abc&quot;,False)" />
    </UnitTest>
    <UnitTest name="Data_mode_parsing(&quot;ERROR-ONCE&quot;,ErrorOnce)" storage="/home/runner/work/uno-builds/uno-builds/fieldcheck/app/fieldcheck/fieldcheck.tests/bin/release/net10.0/fieldcheck.tests.dll" id="e65441a8-f004-9eb6-6824-96e89d755038">
      <Execution id="c91c24e0-2958-4f89-aca6-015149070605" />
      <TestMethod codeBase="/home/runner/work/Uno-Builds/Uno-Builds/FieldCheck/app/FieldCheck/FieldCheck.Tests/bin/Release/net10.0/FieldCheck.Tests.dll" adapterTypeName="executor://nunit3testexecutor/" className="FieldCheck.Tests.RepositoryTests" name="Data_mode_parsing(&quot;ERROR-ONCE&quot;,ErrorOnce)" />
    </UnitTest>
    <UnitTest name="Issue_description_visibility_and_requirement" storage="/home/runner/work/uno-builds/uno-builds/fieldcheck/app/fieldcheck/fieldcheck.tests/bin/release/net10.0/fieldcheck.tests.dll" id="fa537a50-d997-e2ec-552c-1f5eedfee4dd">
      <Execution id="f33c4913-a91a-4be8-a05a-600b76f41f43" />
      <TestMethod codeBase="/home/runner/work/Uno-Builds/Uno-Builds/FieldCheck/app/FieldCheck/FieldCheck.Tests/bin/Release/net10.0/FieldCheck.Tests.dll" adapterTypeName="executor://nunit3testexecutor/" className="FieldCheck.Tests.ViewModelTests" name="Issue_description_visibility_and_requirement" />
    </UnitTest>
    <UnitTest name="Dashboard_reports_empty_and_error_states" storage="/home/runner/work/uno-builds/uno-builds/fieldcheck/app/fieldcheck/fieldcheck.tests/bin/release/net10.0/fieldcheck.tests.dll" id="8152bec8-db64-4696-85a0-5a0c5814a6d5">
      <Execution id="9a3ab486-e018-4d28-9a09-343f6acfbe6e" />
      <TestMethod codeBase="/home/runner/work/Uno-Builds/Uno-Builds/FieldCheck/app/FieldCheck/FieldCheck.Tests/bin/Release/net10.0/FieldCheck.Tests.dll" adapterTypeName="executor://nunit3testexecutor/" className="FieldCheck.Tests.ViewModelTests" name="Dashboard_reports_empty_and_error_states" />
    </UnitTest>
    <UnitTest name="Saving_never_modifies_the_benchmark_fixture_files" storage="/home/runner/work/uno-builds/uno-builds/fieldcheck/app/fieldcheck/fieldcheck.tests/bin/release/net10.0/fieldcheck.tests.dll" id="92451776-62ba-795c-7aa9-8864e9936359">
      <Execution id="d928549b-1853-483c-81f6-de51aa2072f9" />
      <TestMethod codeBase="/home/runner/work/Uno-Builds/Uno-Builds/FieldCheck/app/FieldCheck/FieldCheck.Tests/bin/Release/net10.0/FieldCheck.Tests.dll" adapterTypeName="executor://nunit3testexecutor/" className="FieldCheck.Tests.RepositoryTests" name="Saving_never_modifies_the_benchmark_fixture_files" />
    </UnitTest>
    <UnitTest name="Assets_search_and_filter(&quot;roof&quot;,Operational,[&quot;FAN-305&quot;])" storage="/home/runner/work/uno-builds/uno-builds/fieldcheck/app/fieldcheck/fieldcheck.tests/bin/release/net10.0/fieldcheck.tests.dll" id="3cc2e54f-d3cd-80e0-e892-d7e5c8e8a2a3">
      <Execution id="a9e42827-431c-46b9-b2c8-1bad35b4f5b0" />
      <TestMethod codeBase="/home/runner/work/Uno-Builds/Uno-Builds/FieldCheck/app/FieldCheck/FieldCheck.Tests/bin/Release/net10.0/FieldCheck.Tests.dll" adapterTypeName="executor://nunit3testexecutor/" className="FieldCheck.Tests.ViewModelTests" name="Assets_search_and_filter(&quot;roof&quot;,Operational,[&quot;FAN-305&quot;])" />
    </UnitTest>
    <UnitTest name="Assets_open_pushes_detail_when_narrow_and_selects_when_wide" storage="/home/runner/work/uno-builds/uno-builds/fieldcheck/app/fieldcheck/fieldcheck.tests/bin/release/net10.0/fieldcheck.tests.dll" id="a65a202e-4b1a-d7ad-e040-6de035fc4583">
      <Execution id="d590a159-24ce-4f9b-ac84-58132fcf99f9" />
      <TestMethod codeBase="/home/runner/work/Uno-Builds/Uno-Builds/FieldCheck/app/FieldCheck/FieldCheck.Tests/bin/Release/net10.0/FieldCheck.Tests.dll" adapterTypeName="executor://nunit3testexecutor/" className="FieldCheck.Tests.ViewModelTests" name="Assets_open_pushes_detail_when_narrow_and_selects_when_wide" />
    </UnitTest>
    <UnitTest name="Save_failure_reports_error_and_does_not_navigate" storage="/home/runner/work/uno-builds/uno-builds/fieldcheck/app/fieldcheck/fieldcheck.tests/bin/release/net10.0/fieldcheck.tests.dll" id="cacd4947-eb57-d792-40f9-56bc27df0eed">
      <Execution id="2cfca272-eec8-4679-a6b6-37017860ca5f" />
      <TestMethod codeBase="/home/runner/work/Uno-Builds/Uno-Builds/FieldCheck/app/FieldCheck/FieldCheck.Tests/bin/Release/net10.0/FieldCheck.Tests.dll" adapterTypeName="executor://nunit3testexecutor/" className="FieldCheck.Tests.ViewModelTests" name="Save_failure_reports_error_and_does_not_navigate" />
    </UnitTest>
    <UnitTest name="Data_mode_parsing(&quot;empty&quot;,Empty)" storage="/home/runner/work/uno-builds/uno-builds/fieldcheck/app/fieldcheck/fieldcheck.tests/bin/release/net10.0/fieldcheck.tests.dll" id="ed831b8a-2374-12ff-c33c-c1f44e5a2454">
      <Execution id="ee7a4ab1-9531-4c3a-8370-6b93603c8af3" />
      <TestMethod codeBase="/home/runner/work/Uno-Builds/Uno-Builds/FieldCheck/app/FieldCheck/FieldCheck.Tests/bin/Release/net10.0/FieldCheck.Tests.dll" adapterTypeName="executor://nunit3testexecutor/" className="FieldCheck.Tests.RepositoryTests" name="Data_mode_parsing(&quot;empty&quot;,Empty)" />
    </UnitTest>
    <UnitTest name="New_inspection_appears_first_in_history_immediately" storage="/home/runner/work/uno-builds/uno-builds/fieldcheck/app/fieldcheck/fieldcheck.tests/bin/release/net10.0/fieldcheck.tests.dll" id="800b53c4-e597-9174-35ab-8247b00e88d4">
      <Execution id="a02963da-ef14-4b81-8c88-7d708d0e8830" />
      <TestMethod codeBase="/home/runner/work/Uno-Builds/Uno-Builds/FieldCheck/app/FieldCheck/FieldCheck.Tests/bin/Release/net10.0/FieldCheck.Tests.dll" adapterTypeName="executor://nunit3testexecutor/" className="FieldCheck.Tests.ViewModelTests" name="New_inspection_appears_first_in_history_immediately" />
    </UnitTest>
    <UnitTest name="Assets_search_and_filter(&quot;pump&quot;,All,[&quot;PMP-104&quot;, &quot;PMP-220&quot;])" storage="/home/runner/work/uno-builds/uno-builds/fieldcheck/app/fieldcheck/fieldcheck.tests/bin/release/net10.0/fieldcheck.tests.dll" id="e3c603c3-6d56-19dc-a9ff-c272922f4623">
      <Execution id="67157ee8-1b04-4faa-beb2-8c6510e86418" />
      <TestMethod codeBase="/home/runner/work/Uno-Builds/Uno-Builds/FieldCheck/app/FieldCheck/FieldCheck.Tests/bin/Release/net10.0/FieldCheck.Tests.dll" adapterTypeName="executor://nunit3testexecutor/" className="FieldCheck.Tests.ViewModelTests" name="Assets_search_and_filter(&quot;pump&quot;,All,[&quot;PMP-104&quot;, &quot;PMP-220&quot;])" />
    </UnitTest>
    <UnitTest name="Next_id_follows_the_highest_existing_number" storage="/home/runner/work/uno-builds/uno-builds/fieldcheck/app/fieldcheck/fieldcheck.tests/bin/release/net10.0/fieldcheck.tests.dll" id="52d680ce-defe-2dc2-e08c-0c44390a187f">
      <Execution id="aa1593d0-0a50-42a7-9850-718cc3e99c26" />
      <TestMethod codeBase="/home/runner/work/Uno-Builds/Uno-Builds/FieldCheck/app/FieldCheck/FieldCheck.Tests/bin/Release/net10.0/FieldCheck.Tests.dll" adapterTypeName="executor://nunit3testexecutor/" className="FieldCheck.Tests.RepositoryTests" name="Next_id_follows_the_highest_existing_number" />
    </UnitTest>
    <UnitTest name="Data_mode_parsing(&quot;slow&quot;,Slow)" storage="/home/runner/work/uno-builds/uno-builds/fieldcheck/app/fieldcheck/fieldcheck.tests/bin/release/net10.0/fieldcheck.tests.dll" id="044be290-726d-c554-d312-8462128118ae">
      <Execution id="cadbcba6-f065-4832-8864-a66ccc54f78a" />
      <TestMethod codeBase="/home/runner/work/Uno-Builds/Uno-Builds/FieldCheck/app/FieldCheck/FieldCheck.Tests/bin/Release/net10.0/FieldCheck.Tests.dll" adapterTypeName="executor://nunit3testexecutor/" className="FieldCheck.Tests.RepositoryTests" name="Data_mode_parsing(&quot;slow&quot;,Slow)" />
    </UnitTest>
    <UnitTest name="Assets_search_and_filter(&quot;&quot;,Attention,[&quot;AHU-203&quot;, &quot;CNV-018&quot;, &quot;BLR-002&quot;])" storage="/home/runner/work/uno-builds/uno-builds/fieldcheck/app/fieldcheck/fieldcheck.tests/bin/release/net10.0/fieldcheck.tests.dll" id="6f2aa134-5b06-03bc-c307-d0430840d9c8">
      <Execution id="345017fd-2ec4-4ee7-86aa-541b6d2ee0e1" />
      <TestMethod codeBase="/home/runner/work/Uno-Builds/Uno-Builds/FieldCheck/app/FieldCheck/FieldCheck.Tests/bin/Release/net10.0/FieldCheck.Tests.dll" adapterTypeName="executor://nunit3testexecutor/" className="FieldCheck.Tests.ViewModelTests" name="Assets_search_and_filter(&quot;&quot;,Attention,[&quot;AHU-203&quot;, &quot;CNV-018&quot;, &quot;BLR-002&quot;])" />
    </UnitTest>
  </TestDefinitions>
  <TestEntries>
    <TestEntry testId="5967d81f-e741-bb1c-24ba-b9a1ea697b1e" executionId="14850c93-7983-405d-a026-4f59c8c86b16" testListId="8c84fa94-04c1-424b-9868-57a2d4851a1d" />
    <TestEntry testId="b12f152b-4615-4892-351c-6fd64f9014f7" executionId="8bd6fc58-ba4a-4df6-b5ad-df214b322d26" testListId="8c84fa94-04c1-424b-9868-57a2d4851a1d" />
    <TestEntry testId="e3c603c3-6d56-19dc-a9ff-c272922f4623" executionId="67157ee8-1b04-4faa-beb2-8c6510e86418" testListId="8c84fa94-04c1-424b-9868-57a2d4851a1d" />
    <TestEntry testId="89e8a839-345a-b13c-95b7-2e725c0c6866" executionId="f68ce966-ead7-4211-80e6-8fd15000a3cf" testListId="8c84fa94-04c1-424b-9868-57a2d4851a1d" />
    <TestEntry testId="9d70edb6-66e8-6bcb-1445-5902b6da99d5" executionId="b3e95f4a-4ba2-48f2-87a9-df63fa2e6df3" testListId="8c84fa94-04c1-424b-9868-57a2d4851a1d" />
    <TestEntry testId="1c4eca39-09ca-0b1e-78e2-66b95aa9627a" executionId="c54aeb37-81d9-4fca-a35f-07e0ce3879da" testListId="8c84fa94-04c1-424b-9868-57a2d4851a1d" />
    <TestEntry testId="fa537a50-d997-e2ec-552c-1f5eedfee4dd" executionId="f33c4913-a91a-4be8-a05a-600b76f41f43" testListId="8c84fa94-04c1-424b-9868-57a2d4851a1d" />
    <TestEntry testId="8b89425b-5f3b-20d6-32d8-3ab34297400a" executionId="a6b14484-45f7-41ed-a4a5-71463bda370d" testListId="8c84fa94-04c1-424b-9868-57a2d4851a1d" />
    <TestEntry testId="e39bb4d4-c0e8-b6b6-d093-ccc8b2e12736" executionId="6caff867-c9d7-45c9-9d20-ccf98b1a115f" testListId="8c84fa94-04c1-424b-9868-57a2d4851a1d" />
    <TestEntry testId="800b53c4-e597-9174-35ab-8247b00e88d4" executionId="a02963da-ef14-4b81-8c88-7d708d0e8830" testListId="8c84fa94-04c1-424b-9868-57a2d4851a1d" />
    <TestEntry testId="4158b6eb-d22e-c8b9-0f3a-4910a5296057" executionId="617e4270-07dc-40aa-bd58-a8d6d09384c1" testListId="8c84fa94-04c1-424b-9868-57a2d4851a1d" />
    <TestEntry testId="c8bbc628-0cdb-88d8-32a5-2b8a89b03ec8" executionId="bb7667f0-da55-4dc5-9395-faaaa3a09221" testListId="8c84fa94-04c1-424b-9868-57a2d4851a1d" />
    <TestEntry testId="92451776-62ba-795c-7aa9-8864e9936359" executionId="d928549b-1853-483c-81f6-de51aa2072f9" testListId="8c84fa94-04c1-424b-9868-57a2d4851a1d" />
    <TestEntry testId="d067fb80-e266-1606-9971-a316f13740e1" executionId="10800037-140c-4360-8159-f6ffbed9f034" testListId="8c84fa94-04c1-424b-9868-57a2d4851a1d" />
    <TestEntry testId="04261274-ab07-3f03-bcf6-21c0fc212f55" executionId="a414d9c1-c1d3-4fcc-96d5-656d62dcbeec" testListId="8c84fa94-04c1-424b-9868-57a2d4851a1d" />
    <TestEntry testId="4e3ae567-4b75-4d78-2984-aa253720d416" executionId="5c173de4-6c8c-43aa-9d6d-0dde72cd625f" testListId="8c84fa94-04c1-424b-9868-57a2d4851a1d" />
    <TestEntry testId="31c01c01-f42e-efae-0a10-b13a817adbca" executionId="cf1ceec6-dde8-438c-a98d-173d53aeaf64" testListId="8c84fa94-04c1-424b-9868-57a2d4851a1d" />
    <TestEntry testId="9837ced1-a01b-79cf-0cb4-d99c593c5b55" executionId="a81f9b11-bf7f-4176-804c-56b875911ddb" testListId="8c84fa94-04c1-424b-9868-57a2d4851a1d" />
    <TestEntry testId="8ac7050d-d7af-c392-8777-837030536554" executionId="fa73e826-89b9-491b-89af-7121ada84232" testListId="8c84fa94-04c1-424b-9868-57a2d4851a1d" />
    <TestEntry testId="e24b2363-895f-ba8e-ce32-4ea0aeb39b2c" executionId="99c677e5-80a6-4c41-946c-d492b578361d" testListId="8c84fa94-04c1-424b-9868-57a2d4851a1d" />
    <TestEntry testId="b13ebba2-f006-a127-b395-c9631f5e1d4e" executionId="3fae05dc-d6a4-4e53-b2bc-8c95b4a0445a" testListId="8c84fa94-04c1-424b-9868-57a2d4851a1d" />
    <TestEntry testId="e4e28ecb-266d-dec7-a85f-76eb8ad262f4" executionId="ac831e31-8e38-47fc-86fc-006139a85c0c" testListId="8c84fa94-04c1-424b-9868-57a2d4851a1d" />
    <TestEntry testId="a65a202e-4b1a-d7ad-e040-6de035fc4583" executionId="d590a159-24ce-4f9b-ac84-58132fcf99f9" testListId="8c84fa94-04c1-424b-9868-57a2d4851a1d" />
    <TestEntry testId="3fdc559d-49b5-939a-ea88-5f5ccb46e6e5" executionId="538227c5-9a92-4f46-b370-c43dfbed0c1f" testListId="8c84fa94-04c1-424b-9868-57a2d4851a1d" />
    <TestEntry testId="3cc2e54f-d3cd-80e0-e892-d7e5c8e8a2a3" executionId="a9e42827-431c-46b9-b2c8-1bad35b4f5b0" testListId="8c84fa94-04c1-424b-9868-57a2d4851a1d" />
    <TestEntry testId="599e77a4-6fde-de7d-4c87-c34bbd7317fb" executionId="e1f0a579-cbc0-450e-a14c-d5e5d3f36125" testListId="8c84fa94-04c1-424b-9868-57a2d4851a1d" />
    <TestEntry testId="ed831b8a-2374-12ff-c33c-c1f44e5a2454" executionId="ee7a4ab1-9531-4c3a-8370-6b93603c8af3" testListId="8c84fa94-04c1-424b-9868-57a2d4851a1d" />
    <TestEntry testId="cacd4947-eb57-d792-40f9-56bc27df0eed" executionId="2cfca272-eec8-4679-a6b6-37017860ca5f" testListId="8c84fa94-04c1-424b-9868-57a2d4851a1d" />
    <TestEntry testId="73956f71-7c24-853f-ed19-297a1a3c40ed" executionId="3b2e3c27-5b87-4c3e-be67-ff3eadeb3279" testListId="8c84fa94-04c1-424b-9868-57a2d4851a1d" />
    <TestEntry testId="52d680ce-defe-2dc2-e08c-0c44390a187f" executionId="aa1593d0-0a50-42a7-9850-718cc3e99c26" testListId="8c84fa94-04c1-424b-9868-57a2d4851a1d" />
    <TestEntry testId="c66058e0-2a69-7251-d4c8-fc0bd55fbffe" executionId="7e74bb81-5258-4fb5-a4c2-f9b33d9ac90b" testListId="8c84fa94-04c1-424b-9868-57a2d4851a1d" />
    <TestEntry testId="2e823845-2063-194a-2d72-9d1e527ae6af" executionId="83726afc-2038-449c-929c-323763375b87" testListId="8c84fa94-04c1-424b-9868-57a2d4851a1d" />
    <TestEntry testId="874ec84c-b730-4645-f99a-855ac936f00f" executionId="20c3afe3-f5d5-44bb-9a32-25fc337c17a6" testListId="8c84fa94-04c1-424b-9868-57a2d4851a1d" />
    <TestEntry testId="e65441a8-f004-9eb6-6824-96e89d755038" executionId="c91c24e0-2958-4f89-aca6-015149070605" testListId="8c84fa94-04c1-424b-9868-57a2d4851a1d" />
    <TestEntry testId="1c93215e-4091-8d15-7487-ef577c944bc5" executionId="b901135c-e7ea-42e4-8a1c-f56744d27cba" testListId="8c84fa94-04c1-424b-9868-57a2d4851a1d" />
    <TestEntry testId="35b62df2-148b-f364-c307-afc590091eb3" executionId="9c120410-a55b-429e-9e5c-652005358dcf" testListId="8c84fa94-04c1-424b-9868-57a2d4851a1d" />
    <TestEntry testId="016a5fd2-b9ac-fdf5-0708-d507797d2d74" executionId="914c6509-d33b-430d-aa4d-7eebf8c48ad1" testListId="8c84fa94-04c1-424b-9868-57a2d4851a1d" />
    <TestEntry testId="9f7301f1-072c-9372-73af-4069fda5dc7e" executionId="a254e21d-c852-4f6a-a43e-7d60931d01a4" testListId="8c84fa94-04c1-424b-9868-57a2d4851a1d" />
    <TestEntry testId="044be290-726d-c554-d312-8462128118ae" executionId="cadbcba6-f065-4832-8864-a66ccc54f78a" testListId="8c84fa94-04c1-424b-9868-57a2d4851a1d" />
    <TestEntry testId="555728f0-6772-ec4b-ac44-67c7553b6f8c" executionId="53d9eaa3-7d0e-4caf-a3f9-80321728302d" testListId="8c84fa94-04c1-424b-9868-57a2d4851a1d" />
    <TestEntry testId="b9aeeb57-77b5-2794-ec49-6942cf68579c" executionId="6e3ee230-f151-4929-aa0e-15867e0d2367" testListId="8c84fa94-04c1-424b-9868-57a2d4851a1d" />
    <TestEntry testId="6f2aa134-5b06-03bc-c307-d0430840d9c8" executionId="345017fd-2ec4-4ee7-86aa-541b6d2ee0e1" testListId="8c84fa94-04c1-424b-9868-57a2d4851a1d" />
    <TestEntry testId="8152bec8-db64-4696-85a0-5a0c5814a6d5" executionId="9a3ab486-e018-4d28-9a09-343f6acfbe6e" testListId="8c84fa94-04c1-424b-9868-57a2d4851a1d" />
    <TestEntry testId="931b5757-b39d-2e8b-53fb-992531ccd5e2" executionId="2d4039d0-ec88-4968-a251-e26e0c8da347" testListId="8c84fa94-04c1-424b-9868-57a2d4851a1d" />
    <TestEntry testId="961b7cea-13a0-7a51-8953-1f88fc308135" executionId="f8935227-488b-40f3-951f-46964e09b09a" testListId="8c84fa94-04c1-424b-9868-57a2d4851a1d" />
    <TestEntry testId="e2b9e8db-7c8b-8fba-6d61-582367e06020" executionId="688adef8-3835-45a2-bd76-61054c7f7d2b" testListId="8c84fa94-04c1-424b-9868-57a2d4851a1d" />
    <TestEntry testId="9b16206d-b7ef-e539-9fee-1d13dacf7fad" executionId="765e6d14-05e9-4396-9ef1-a24921dd449d" testListId="8c84fa94-04c1-424b-9868-57a2d4851a1d" />
  </TestEntries>
  <TestLists>
    <TestList name="Results Not in a List" id="8c84fa94-04c1-424b-9868-57a2d4851a1d" />
    <TestList name="All Loaded Results" id="19431567-8539-422a-85d7-44ee4e166bda" />
  </TestLists>
  <ResultSummary outcome="Completed">
    <Counters total="47" executed="47" passed="47" failed="0" error="0" timeout="0" aborted="0" inconclusive="0" passedButRunAborted="0" notRunnable="0" notExecuted="0" disconnected="0" warning="0" completed="0" inProgress="0" pending="0" />
    <Output>
      <StdOut>NUnit Adapter 5.2.0.0: Test execution started
Running all tests in /home/runner/work/Uno-Builds/Uno-Builds/FieldCheck/app/FieldCheck/FieldCheck.Tests/bin/Release/net10.0/FieldCheck.Tests.dll
   NUnit3TestExecutor discovered 47 of 47 NUnit test cases using Current Discovery mode, Non-Explicit run
NUnit Adapter 5.2.0.0: Test execution complete
</StdOut>
    </Output>
  </ResultSummary>
</TestRun>