<?xml version="1.0" encoding="utf-8"?>
<TestRun id="296a9f26-4f95-458d-93c7-aacda6bec1ee" name="@runnervmlun5p 2026-09-24 00:02:42" xmlns="http://microsoft.com/schemas/VisualStudio/TeamTest/2010">
  <Times creation="2026-09-24T00:02:42.0853165+00:00" queuing="2026-09-24T00:02:42.0853166+00:00" start="2026-09-24T00:02:41.0778861+00:00" finish="2026-09-24T00:02:56.9057166+00:00" />
  <TestSettings name="default" id="b0a973df-b2d0-4c0b-aa93-ffa42ac2ebb9">
    <Deployment runDeploymentRoot="_runnervmlun5p_2026-09-24_00_02_42" />
  </TestSettings>
  <Results>
    <UnitTestResult executionId="86783a20-ec67-4833-a87c-da0a8b607cca" testId="fa537a50-d997-e2ec-552c-1f5eedfee4dd" testName="Issue_description_visibility_and_requirement" computerName="runnervmlun5p" duration="00:00:00.0035770" startTime="2026-09-24T00:02:44.3534508+00:00" endTime="2026-09-24T00:02:44.3570264+00:00" testType="13cdc9d9-ddb5-4fa4-a97d-d965ccfc6d4b" outcome="Passed" testListId="8c84fa94-04c1-424b-9868-57a2d4851a1d" relativeResultsDirectory="86783a20-ec67-4833-a87c-da0a8b607cca" />
    <UnitTestResult executionId="d1bd921a-52f7-454d-81f8-c09155325589" testId="599e77a4-6fde-de7d-4c87-c34bbd7317fb" testName="Data_mode_parsing(null,Normal)" computerName="runnervmlun5p" duration="00:00:00.0000210" startTime="2026-09-24T00:02:42.0065061+00:00" endTime="2026-09-24T00:02:42.0065269+00:00" testType="13cdc9d9-ddb5-4fa4-a97d-d965ccfc6d4b" outcome="Passed" testListId="8c84fa94-04c1-424b-9868-57a2d4851a1d" relativeResultsDirectory="d1bd921a-52f7-454d-81f8-c09155325589" />
    <UnitTestResult executionId="e4418174-b083-42da-8643-a8e539ca7ad6" testId="52d680ce-defe-2dc2-e08c-0c44390a187f" testName="Next_id_follows_the_highest_existing_number" computerName="runnervmlun5p" duration="00:00:00.0018570" startTime="2026-09-24T00:02:43.6469901+00:00" endTime="2026-09-24T00:02:43.6488465+00:00" testType="13cdc9d9-ddb5-4fa4-a97d-d965ccfc6d4b" outcome="Passed" testListId="8c84fa94-04c1-424b-9868-57a2d4851a1d" relativeResultsDirectory="e4418174-b083-42da-8643-a8e539ca7ad6" />
    <UnitTestResult executionId="4f4004c3-3fe9-4736-a4ea-f326a12c4925" testId="3cc2e54f-d3cd-80e0-e892-d7e5c8e8a2a3" testName="Assets_search_and_filter(&quot;roof&quot;,Operational,[&quot;FAN-305&quot;])" computerName="runnervmlun5p" duration="00:00:00.0010110" startTime="2026-09-24T00:02:43.7117165+00:00" endTime="2026-09-24T00:02:43.7127275+00:00" testType="13cdc9d9-ddb5-4fa4-a97d-d965ccfc6d4b" outcome="Passed" testListId="8c84fa94-04c1-424b-9868-57a2d4851a1d" relativeResultsDirectory="4f4004c3-3fe9-4736-a4ea-f326a12c4925" />
    <UnitTestResult executionId="16563ee1-a205-4c0e-afa2-9dd7aa958d15" testId="c8bbc628-0cdb-88d8-32a5-2b8a89b03ec8" testName="Temperature_range_is_inclusive(&quot;&quot;,False)" computerName="runnervmlun5p" duration="00:00:00.0006759" startTime="2026-09-24T00:02:56.8440290+00:00" endTime="2026-09-24T00:02:56.8447045+00:00" testType="13cdc9d9-ddb5-4fa4-a97d-d965ccfc6d4b" outcome="Passed" testListId="8c84fa94-04c1-424b-9868-57a2d4851a1d" relativeResultsDirectory="16563ee1-a205-4c0e-afa2-9dd7aa958d15" />
    <UnitTestResult executionId="57f724f8-5369-4d4c-843e-986ace648d7f" testId="e3c603c3-6d56-19dc-a9ff-c272922f4623" testName="Assets_search_and_filter(&quot;pump&quot;,All,[&quot;PMP-104&quot;, &quot;PMP-220&quot;])" computerName="runnervmlun5p" duration="00:00:00.0009660" startTime="2026-09-24T00:02:43.7066933+00:00" endTime="2026-09-24T00:02:43.7076593+00:00" testType="13cdc9d9-ddb5-4fa4-a97d-d965ccfc6d4b" outcome="Passed" testListId="8c84fa94-04c1-424b-9868-57a2d4851a1d" relativeResultsDirectory="57f724f8-5369-4d4c-843e-986ace648d7f" />
    <UnitTestResult executionId="3c97d50c-2a9f-471d-9fc4-fbd302395cec" testId="4158b6eb-d22e-c8b9-0f3a-4910a5296057" testName="Corrupt_local_data_surfaces_a_repository_exception" computerName="runnervmlun5p" duration="00:00:00.0209170" startTime="2026-09-24T00:02:41.9809843+00:00" endTime="2026-09-24T00:02:42.0019018+00:00" testType="13cdc9d9-ddb5-4fa4-a97d-d965ccfc6d4b" outcome="Passed" testListId="8c84fa94-04c1-424b-9868-57a2d4851a1d" relativeResultsDirectory="3c97d50c-2a9f-471d-9fc4-fbd302395cec" />
    <UnitTestResult executionId="288e59eb-4105-4b44-8870-a02fc15c7cdb" testId="ed831b8a-2374-12ff-c33c-c1f44e5a2454" testName="Data_mode_parsing(&quot;empty&quot;,Empty)" computerName="runnervmlun5p" duration="00:00:00.0000349" startTime="2026-09-24T00:02:42.0053268+00:00" endTime="2026-09-24T00:02:42.0053616+00:00" testType="13cdc9d9-ddb5-4fa4-a97d-d965ccfc6d4b" outcome="Passed" testListId="8c84fa94-04c1-424b-9868-57a2d4851a1d" relativeResultsDirectory="288e59eb-4105-4b44-8870-a02fc15c7cdb" />
    <UnitTestResult executionId="17abdfba-add0-4c93-bb04-e324b5b91282" testId="9d70edb6-66e8-6bcb-1445-5902b6da99d5" testName="Assets_no_results_is_distinct_from_empty" computerName="runnervmlun5p" duration="00:00:00.0096610" startTime="2026-09-24T00:02:43.6802609+00:00" endTime="2026-09-24T00:02:43.6899209+00:00" testType="13cdc9d9-ddb5-4fa4-a97d-d965ccfc6d4b" outcome="Passed" testListId="8c84fa94-04c1-424b-9868-57a2d4851a1d" relativeResultsDirectory="17abdfba-add0-4c93-bb04-e324b5b91282" />
    <UnitTestResult executionId="6767c67b-9353-467a-bedc-10889fdec8f0" testId="a65a202e-4b1a-d7ad-e040-6de035fc4583" testName="Assets_open_pushes_detail_when_narrow_and_selects_when_wide" computerName="runnervmlun5p" duration="00:00:00.0089410" startTime="2026-09-24T00:02:43.6899870+00:00" endTime="2026-09-24T00:02:43.6989271+00:00" testType="13cdc9d9-ddb5-4fa4-a97d-d965ccfc6d4b" outcome="Passed" testListId="8c84fa94-04c1-424b-9868-57a2d4851a1d" relativeResultsDirectory="6767c67b-9353-467a-bedc-10889fdec8f0" />
    <UnitTestResult executionId="485ffcab-d63b-4396-9d1b-c12aa7def753" testId="3fdc559d-49b5-939a-ea88-5f5ccb46e6e5" testName="Added_inspection_is_persisted_and_survives_a_new_repository_instance" computerName="runnervmlun5p" duration="00:00:00.1464000" startTime="2026-09-24T00:02:41.8003864+00:00" endTime="2026-09-24T00:02:41.9466878+00:00" testType="13cdc9d9-ddb5-4fa4-a97d-d965ccfc6d4b" outcome="Passed" testListId="8c84fa94-04c1-424b-9868-57a2d4851a1d" relativeResultsDirectory="485ffcab-d63b-4396-9d1b-c12aa7def753" />
    <UnitTestResult executionId="bb075624-3bfa-4359-8306-3367551a7072" testId="1c93215e-4091-8d15-7487-ef577c944bc5" testName="Data_mode_parsing(&quot;error&quot;,Error)" computerName="runnervmlun5p" duration="00:00:00.0011280" startTime="2026-09-24T00:02:42.0029214+00:00" endTime="2026-09-24T00:02:42.0040499+00:00" testType="13cdc9d9-ddb5-4fa4-a97d-d965ccfc6d4b" outcome="Passed" testListId="8c84fa94-04c1-424b-9868-57a2d4851a1d" relativeResultsDirectory="bb075624-3bfa-4359-8306-3367551a7072" />
    <UnitTestResult executionId="ee9784e9-021d-40b0-834b-5cf8e4674f90" testId="89e8a839-345a-b13c-95b7-2e725c0c6866" testName="Attachment_is_copied_into_app_storage" computerName="runnervmlun5p" duration="00:00:00.0270500" startTime="2026-09-24T00:02:41.9524403+00:00" endTime="2026-09-24T00:02:41.9794906+00:00" testType="13cdc9d9-ddb5-4fa4-a97d-d965ccfc6d4b" outcome="Passed" testListId="8c84fa94-04c1-424b-9868-57a2d4851a1d" relativeResultsDirectory="ee9784e9-021d-40b0-834b-5cf8e4674f90" />
    <UnitTestResult executionId="7a2beb38-8e3b-4574-a73d-12f54bdd820a" testId="4e3ae567-4b75-4d78-2984-aa253720d416" testName="Seeds_all_twelve_assets_and_six_inspections" computerName="runnervmlun5p" duration="00:00:00.0027750" startTime="2026-09-24T00:02:43.6545582+00:00" endTime="2026-09-24T00:02:43.6573334+00:00" testType="13cdc9d9-ddb5-4fa4-a97d-d965ccfc6d4b" outcome="Passed" testListId="8c84fa94-04c1-424b-9868-57a2d4851a1d" relativeResultsDirectory="7a2beb38-8e3b-4574-a73d-12f54bdd820a" />
    <UnitTestResult executionId="afc9fd32-5e09-4a5c-baaf-86519eec6353" testId="9f7301f1-072c-9372-73af-4069fda5dc7e" testName="Temperature_range_is_inclusive(&quot;250&quot;,True)" computerName="runnervmlun5p" duration="00:00:00.0008600" startTime="2026-09-24T00:02:56.8404348+00:00" endTime="2026-09-24T00:02:56.8412953+00:00" testType="13cdc9d9-ddb5-4fa4-a97d-d965ccfc6d4b" outcome="Passed" testListId="8c84fa94-04c1-424b-9868-57a2d4851a1d" relativeResultsDirectory="afc9fd32-5e09-4a5c-baaf-86519eec6353" />
    <UnitTestResult executionId="f92e7c70-4836-429d-a5ff-c84574ab7246" testId="6f2aa134-5b06-03bc-c307-d0430840d9c8" testName="Assets_search_and_filter(&quot;&quot;,Attention,[&quot;AHU-203&quot;, &quot;CNV-018&quot;, &quot;BLR-002&quot;])" computerName="runnervmlun5p" duration="00:00:00.0009560" startTime="2026-09-24T00:02:43.7096275+00:00" endTime="2026-09-24T00:02:43.7105834+00:00" testType="13cdc9d9-ddb5-4fa4-a97d-d965ccfc6d4b" outcome="Passed" testListId="8c84fa94-04c1-424b-9868-57a2d4851a1d" relativeResultsDirectory="f92e7c70-4836-429d-a5ff-c84574ab7246" />
    <UnitTestResult executionId="90a8237e-c457-4b58-9d5c-1dbc08fa723c" testId="b12f152b-4615-4892-351c-6fd64f9014f7" testName="Write_failure_throws_and_leaves_state_unchanged" computerName="runnervmlun5p" duration="00:00:00.0038060" startTime="2026-09-24T00:02:43.6573826+00:00" endTime="2026-09-24T00:02:43.6611878+00:00" testType="13cdc9d9-ddb5-4fa4-a97d-d965ccfc6d4b" outcome="Passed" testListId="8c84fa94-04c1-424b-9868-57a2d4851a1d" relativeResultsDirectory="90a8237e-c457-4b58-9d5c-1dbc08fa723c" />
    <UnitTestResult executionId="ad1245fa-9eb0-4482-8445-924c8c9db49c" testId="2e823845-2063-194a-2d72-9d1e527ae6af" testName="Successful_submit_creates_exactly_one_inspection_and_navigates" computerName="runnervmlun5p" duration="00:00:00.0030360" startTime="2026-09-24T00:02:56.8353617+00:00" endTime="2026-09-24T00:02:56.8383978+00:00" testType="13cdc9d9-ddb5-4fa4-a97d-d965ccfc6d4b" outcome="Passed" testListId="8c84fa94-04c1-424b-9868-57a2d4851a1d" relativeResultsDirectory="ad1245fa-9eb0-4482-8445-924c8c9db49c" />
    <UnitTestResult executionId="34263e0c-7cdf-4ffd-8da5-83d2855e2a2b" testId="044be290-726d-c554-d312-8462128118ae" testName="Data_mode_parsing(&quot;slow&quot;,Slow)" computerName="runnervmlun5p" duration="00:00:00.0000230" startTime="2026-09-24T00:02:42.0057434+00:00" endTime="2026-09-24T00:02:42.0057670+00:00" testType="13cdc9d9-ddb5-4fa4-a97d-d965ccfc6d4b" outcome="Passed" testListId="8c84fa94-04c1-424b-9868-57a2d4851a1d" relativeResultsDirectory="34263e0c-7cdf-4ffd-8da5-83d2855e2a2b" />
    <UnitTestResult executionId="a1fcff6c-19cd-465b-ad04-9ca02923a569" testId="8ac7050d-d7af-c392-8777-837030536554" testName="Timestamp_formatting" computerName="runnervmlun5p" duration="00:00:00.0005990" startTime="2026-09-24T00:02:56.8452185+00:00" endTime="2026-09-24T00:02:56.8458180+00:00" testType="13cdc9d9-ddb5-4fa4-a97d-d965ccfc6d4b" outcome="Passed" testListId="8c84fa94-04c1-424b-9868-57a2d4851a1d" relativeResultsDirectory="a1fcff6c-19cd-465b-ad04-9ca02923a569" />
    <UnitTestResult executionId="502533a8-ea96-469d-8171-83e03c3bb0f2" testId="9837ced1-a01b-79cf-0cb4-d99c593c5b55" testName="Assets_search_and_filter(&quot;roof&quot;,Critical,[&quot;CT-007&quot;])" computerName="runnervmlun5p" duration="00:00:00.0010560" startTime="2026-09-24T00:02:43.7106259+00:00" endTime="2026-09-24T00:02:43.7116815+00:00" testType="13cdc9d9-ddb5-4fa4-a97d-d965ccfc6d4b" outcome="Passed" testListId="8c84fa94-04c1-424b-9868-57a2d4851a1d" relativeResultsDirectory="502533a8-ea96-469d-8171-83e03c3bb0f2" />
    <UnitTestResult executionId="a6204b81-86d5-483b-8895-a5c0c9d0b635" testId="5967d81f-e741-bb1c-24ba-b9a1ea697b1e" testName="Success_actions_navigate_to_asset_and_history" computerName="runnervmlun5p" duration="00:00:00.0043880" startTime="2026-09-24T00:02:56.8309305+00:00" endTime="2026-09-24T00:02:56.8353180+00:00" testType="13cdc9d9-ddb5-4fa4-a97d-d965ccfc6d4b" outcome="Passed" testListId="8c84fa94-04c1-424b-9868-57a2d4851a1d" relativeResultsDirectory="a6204b81-86d5-483b-8895-a5c0c9d0b635" />
    <UnitTestResult executionId="d378641e-8e75-4711-b6bb-674528f1028f" testId="961b7cea-13a0-7a51-8953-1f88fc308135" testName="Assets_search_and_filter(&quot;ROOF&quot;,All,[&quot;AHU-203&quot;, &quot;CT-007&quot;, &quot;FAN-305&quot;])" computerName="runnervmlun5p" duration="00:00:00.0008750" startTime="2026-09-24T00:02:43.7076952+00:00" endTime="2026-09-24T00:02:43.7085696+00:00" testType="13cdc9d9-ddb5-4fa4-a97d-d965ccfc6d4b" outcome="Passed" testListId="8c84fa94-04c1-424b-9868-57a2d4851a1d" relativeResultsDirectory="d378641e-8e75-4711-b6bb-674528f1028f" />
    <UnitTestResult executionId="231cf449-73d1-4242-855b-42e29019a71e" testId="1c4eca39-09ca-0b1e-78e2-66b95aa9627a" testName="Temperature_range_is_inclusive(&quot;-50&quot;,True)" computerName="runnervmlun5p" duration="00:00:00.0018740" startTime="2026-09-24T00:02:56.8385022+00:00" endTime="2026-09-24T00:02:56.8403761+00:00" testType="13cdc9d9-ddb5-4fa4-a97d-d965ccfc6d4b" outcome="Passed" testListId="8c84fa94-04c1-424b-9868-57a2d4851a1d" relativeResultsDirectory="231cf449-73d1-4242-855b-42e29019a71e" />
    <UnitTestResult executionId="66051d1d-a2b4-498c-aa59-c0bc31c71f58" testId="92451776-62ba-795c-7aa9-8864e9936359" testName="Saving_never_modifies_the_benchmark_fixture_files" computerName="runnervmlun5p" duration="00:00:00.0055830" startTime="2026-09-24T00:02:43.6489151+00:00" endTime="2026-09-24T00:02:43.6544981+00:00" testType="13cdc9d9-ddb5-4fa4-a97d-d965ccfc6d4b" outcome="Passed" testListId="8c84fa94-04c1-424b-9868-57a2d4851a1d" relativeResultsDirectory="66051d1d-a2b4-498c-aa59-c0bc31c71f58" />
    <UnitTestResult executionId="a0cf04a7-0ecd-48d4-9560-e1f3f52a47fc" testId="e4e28ecb-266d-dec7-a85f-76eb8ad262f4" testName="Assets_search_and_filter(&quot;&quot;,Critical,[&quot;CT-007&quot;, &quot;EF-090&quot;])" computerName="runnervmlun5p" duration="00:00:00.0009800" startTime="2026-09-24T00:02:43.7086103+00:00" endTime="2026-09-24T00:02:43.7095887+00:00" testType="13cdc9d9-ddb5-4fa4-a97d-d965ccfc6d4b" outcome="Passed" testListId="8c84fa94-04c1-424b-9868-57a2d4851a1d" relativeResultsDirectory="a0cf04a7-0ecd-48d4-9560-e1f3f52a47fc" />
    <UnitTestResult executionId="f5f4e0b2-54d7-4f2a-b2d2-e0dac77a590b" testId="e65441a8-f004-9eb6-6824-96e89d755038" testName="Data_mode_parsing(&quot;ERROR-ONCE&quot;,ErrorOnce)" computerName="runnervmlun5p" duration="00:00:00.0003330" startTime="2026-09-24T00:02:42.0043540+00:00" endTime="2026-09-24T00:02:42.0046871+00:00" testType="13cdc9d9-ddb5-4fa4-a97d-d965ccfc6d4b" outcome="Passed" testListId="8c84fa94-04c1-424b-9868-57a2d4851a1d" relativeResultsDirectory="f5f4e0b2-54d7-4f2a-b2d2-e0dac77a590b" />
    <UnitTestResult executionId="8150ddaf-8cb1-474a-9aa3-ff6c152930c9" testId="c66058e0-2a69-7251-d4c8-fc0bd55fbffe" testName="Data_mode_parsing(&quot;save-error&quot;,SaveError)" computerName="runnervmlun5p" duration="00:00:00.0000220" startTime="2026-09-24T00:02:42.0061125+00:00" endTime="2026-09-24T00:02:42.0061343+00:00" testType="13cdc9d9-ddb5-4fa4-a97d-d965ccfc6d4b" outcome="Passed" testListId="8c84fa94-04c1-424b-9868-57a2d4851a1d" relativeResultsDirectory="8150ddaf-8cb1-474a-9aa3-ff6c152930c9" />
    <UnitTestResult executionId="e1b71c9f-ed20-4d1d-b55c-0add1de25290" testId="04261274-ab07-3f03-bcf6-21c0fc212f55" testName="Repeated_activation_while_saving_creates_one_inspection" computerName="runnervmlun5p" duration="00:00:12.0046630" startTime="2026-09-24T00:02:44.4204619+00:00" endTime="2026-09-24T00:02:56.4251244+00:00" testType="13cdc9d9-ddb5-4fa4-a97d-d965ccfc6d4b" outcome="Passed" testListId="8c84fa94-04c1-424b-9868-57a2d4851a1d" relativeResultsDirectory="e1b71c9f-ed20-4d1d-b55c-0add1de25290" />
    <UnitTestResult executionId="4ad58d18-fc10-47cd-8aba-492081a7475d" testId="e24b2363-895f-ba8e-ce32-4ea0aeb39b2c" testName="Temperature_range_is_inclusive(&quot;250.1&quot;,False)" computerName="runnervmlun5p" duration="00:00:00.0005770" startTime="2026-09-24T00:02:56.8427369+00:00" endTime="2026-09-24T00:02:56.8433137+00:00" testType="13cdc9d9-ddb5-4fa4-a97d-d965ccfc6d4b" outcome="Passed" testListId="8c84fa94-04c1-424b-9868-57a2d4851a1d" relativeResultsDirectory="4ad58d18-fc10-47cd-8aba-492081a7475d" />
    <UnitTestResult executionId="e0e14959-516c-4f51-a638-cbaa01e0e223" testId="8b89425b-5f3b-20d6-32d8-3ab34297400a" testName="Generated_ids_are_unique_and_stable" computerName="runnervmlun5p" duration="00:00:00.0081660" startTime="2026-09-24T00:02:43.6387614+00:00" endTime="2026-09-24T00:02:43.6469264+00:00" testType="13cdc9d9-ddb5-4fa4-a97d-d965ccfc6d4b" outcome="Passed" testListId="8c84fa94-04c1-424b-9868-57a2d4851a1d" relativeResultsDirectory="e0e14959-516c-4f51-a638-cbaa01e0e223" />
    <UnitTestResult executionId="a86e4631-e1ca-4eeb-ae8c-fdda65e9be16" testId="e39bb4d4-c0e8-b6b6-d093-ccc8b2e12736" testName="Asset_detail_reflects_newest_inspection_after_save" computerName="runnervmlun5p" duration="00:00:00.0170790" startTime="2026-09-24T00:02:43.6631247+00:00" endTime="2026-09-24T00:02:43.6802027+00:00" testType="13cdc9d9-ddb5-4fa4-a97d-d965ccfc6d4b" outcome="Passed" testListId="8c84fa94-04c1-424b-9868-57a2d4851a1d" relativeResultsDirectory="a86e4631-e1ca-4eeb-ae8c-fdda65e9be16" />
    <UnitTestResult executionId="8d04c2fe-1839-435c-b044-9dd48eed1e04" testId="d067fb80-e266-1606-9971-a316f13740e1" testName="Temperature_range_is_inclusive(&quot;abc&quot;,False)" computerName="runnervmlun5p" duration="00:00:00.0006720" startTime="2026-09-24T00:02:56.8433415+00:00" endTime="2026-09-24T00:02:56.8440133+00:00" testType="13cdc9d9-ddb5-4fa4-a97d-d965ccfc6d4b" outcome="Passed" testListId="8c84fa94-04c1-424b-9868-57a2d4851a1d" relativeResultsDirectory="8d04c2fe-1839-435c-b044-9dd48eed1e04" />
    <UnitTestResult executionId="4f9ae8b2-f97e-482a-a83b-5b06353871c1" testId="931b5757-b39d-2e8b-53fb-992531ccd5e2" testName="Data_mode_parsing(&quot;bogus&quot;,Normal)" computerName="runnervmlun5p" duration="00:00:00.0000850" startTime="2026-09-24T00:02:42.0094532+00:00" endTime="2026-09-24T00:02:42.0095384+00:00" testType="13cdc9d9-ddb5-4fa4-a97d-d965ccfc6d4b" outcome="Passed" testListId="8c84fa94-04c1-424b-9868-57a2d4851a1d" relativeResultsDirectory="4f9ae8b2-f97e-482a-a83b-5b06353871c1" />
    <UnitTestResult executionId="b1307c77-f192-4341-bc38-1a3c52f5f017" testId="73956f71-7c24-853f-ed19-297a1a3c40ed" testName="Submit_is_disabled_until_required_fields_are_valid" computerName="runnervmlun5p" duration="00:00:00.0026900" startTime="2026-09-24T00:02:56.8282065+00:00" endTime="2026-09-24T00:02:56.8308965+00:00" testType="13cdc9d9-ddb5-4fa4-a97d-d965ccfc6d4b" outcome="Passed" testListId="8c84fa94-04c1-424b-9868-57a2d4851a1d" relativeResultsDirectory="b1307c77-f192-4341-bc38-1a3c52f5f017" />
    <UnitTestResult executionId="9f2c4297-5961-4265-a019-b341eec29d12" testId="b13ebba2-f006-a127-b395-c9631f5e1d4e" testName="Temperature_range_is_inclusive(&quot;-51&quot;,False)" computerName="runnervmlun5p" duration="00:00:00.0006920" startTime="2026-09-24T00:02:56.8420049+00:00" endTime="2026-09-24T00:02:56.8426966+00:00" testType="13cdc9d9-ddb5-4fa4-a97d-d965ccfc6d4b" outcome="Passed" testListId="8c84fa94-04c1-424b-9868-57a2d4851a1d" relativeResultsDirectory="9f2c4297-5961-4265-a019-b341eec29d12" />
    <UnitTestResult executionId="d0042a93-1161-4aa4-9913-ef319d5fde88" testId="874ec84c-b730-4645-f99a-855ac936f00f" testName="Temperature_range_is_inclusive(&quot;27.5&quot;,True)" computerName="runnervmlun5p" duration="00:00:00.0006550" startTime="2026-09-24T00:02:56.8413298+00:00" endTime="2026-09-24T00:02:56.8419846+00:00" testType="13cdc9d9-ddb5-4fa4-a97d-d965ccfc6d4b" outcome="Passed" testListId="8c84fa94-04c1-424b-9868-57a2d4851a1d" relativeResultsDirectory="d0042a93-1161-4aa4-9913-ef319d5fde88" />
    <UnitTestResult executionId="e3bdf9f8-cae4-40de-9eb5-be871002abfb" testId="016a5fd2-b9ac-fdf5-0708-d507797d2d74" testName="Dashboard_counts_are_derived_from_data" computerName="runnervmlun5p" duration="00:00:00.0130070" startTime="2026-09-24T00:02:43.7257405+00:00" endTime="2026-09-24T00:02:43.7387470+00:00" testType="13cdc9d9-ddb5-4fa4-a97d-d965ccfc6d4b" outcome="Passed" testListId="8c84fa94-04c1-424b-9868-57a2d4851a1d" relativeResultsDirectory="e3bdf9f8-cae4-40de-9eb5-be871002abfb" />
    <UnitTestResult executionId="a1db8ac4-f42a-42b4-84dd-de593f423298" testId="b9aeeb57-77b5-2794-ec49-6942cf68579c" testName="Cancel_goes_back_without_saving" computerName="runnervmlun5p" duration="00:00:00.0128720" startTime="2026-09-24T00:02:43.7128078+00:00" endTime="2026-09-24T00:02:43.7256789+00:00" testType="13cdc9d9-ddb5-4fa4-a97d-d965ccfc6d4b" outcome="Passed" testListId="8c84fa94-04c1-424b-9868-57a2d4851a1d" relativeResultsDirectory="a1db8ac4-f42a-42b4-84dd-de593f423298" />
    <UnitTestResult executionId="0e5676d9-bbaf-4635-909e-b408f885960f" testId="e2b9e8db-7c8b-8fba-6d61-582367e06020" testName="Assets_search_and_filter(&quot;cooling&quot;,All,[&quot;CT-007&quot;])" computerName="runnervmlun5p" duration="00:00:00.0059860" startTime="2026-09-24T00:02:43.6990697+00:00" endTime="2026-09-24T00:02:43.7050548+00:00" testType="13cdc9d9-ddb5-4fa4-a97d-d965ccfc6d4b" outcome="Passed" testListId="8c84fa94-04c1-424b-9868-57a2d4851a1d" relativeResultsDirectory="0e5676d9-bbaf-4635-909e-b408f885960f" />
    <UnitTestResult executionId="4aacaa5e-7957-419f-860d-cdc2388d3c80" testId="800b53c4-e597-9174-35ab-8247b00e88d4" testName="New_inspection_appears_first_in_history_immediately" computerName="runnervmlun5p" duration="00:00:00.0542580" startTime="2026-09-24T00:02:44.3571354+00:00" endTime="2026-09-24T00:02:44.4113938+00:00" testType="13cdc9d9-ddb5-4fa4-a97d-d965ccfc6d4b" outcome="Passed" testListId="8c84fa94-04c1-424b-9868-57a2d4851a1d" relativeResultsDirectory="4aacaa5e-7957-419f-860d-cdc2388d3c80" />
    <UnitTestResult executionId="e914dc39-e92d-4cc2-82c5-57de295b5012" testId="31c01c01-f42e-efae-0a10-b13a817adbca" testName="Assets_search_and_filter(&quot;PMP&quot;,All,[&quot;PMP-104&quot;, &quot;PMP-220&quot;])" computerName="runnervmlun5p" duration="00:00:00.0015320" startTime="2026-09-24T00:02:43.7051183+00:00" endTime="2026-09-24T00:02:43.7066504+00:00" testType="13cdc9d9-ddb5-4fa4-a97d-d965ccfc6d4b" outcome="Passed" testListId="8c84fa94-04c1-424b-9868-57a2d4851a1d" relativeResultsDirectory="e914dc39-e92d-4cc2-82c5-57de295b5012" />
    <UnitTestResult executionId="2be579d8-3a6e-4619-8227-37506108f180" testId="35b62df2-148b-f364-c307-afc590091eb3" testName="History_is_newest_first_and_filters" computerName="runnervmlun5p" duration="00:00:00.0094039" startTime="2026-09-24T00:02:44.3439693+00:00" endTime="2026-09-24T00:02:44.3533729+00:00" testType="13cdc9d9-ddb5-4fa4-a97d-d965ccfc6d4b" outcome="Passed" testListId="8c84fa94-04c1-424b-9868-57a2d4851a1d" relativeResultsDirectory="2be579d8-3a6e-4619-8227-37506108f180" />
    <UnitTestResult executionId="cf8d6b5e-53c6-4e1f-a4d9-18b46ff23ea1" testId="8152bec8-db64-4696-85a0-5a0c5814a6d5" testName="Dashboard_reports_empty_and_error_states" computerName="runnervmlun5p" duration="00:00:00.6050810" startTime="2026-09-24T00:02:43.7388083+00:00" endTime="2026-09-24T00:02:44.3438890+00:00" testType="13cdc9d9-ddb5-4fa4-a97d-d965ccfc6d4b" outcome="Passed" testListId="8c84fa94-04c1-424b-9868-57a2d4851a1d" relativeResultsDirectory="cf8d6b5e-53c6-4e1f-a4d9-18b46ff23ea1" />
    <UnitTestResult executionId="532701be-bcd0-4b58-b082-805ea2f2bb0b" testId="555728f0-6772-ec4b-ac44-67c7553b6f8c" testName="Picker_select_cancel_and_failure_keep_the_form_usable" computerName="runnervmlun5p" duration="00:00:00.0089160" startTime="2026-09-24T00:02:44.4114530+00:00" endTime="2026-09-24T00:02:44.4203682+00:00" testType="13cdc9d9-ddb5-4fa4-a97d-d965ccfc6d4b" outcome="Passed" testListId="8c84fa94-04c1-424b-9868-57a2d4851a1d" relativeResultsDirectory="532701be-bcd0-4b58-b082-805ea2f2bb0b" />
    <UnitTestResult executionId="5f234bb4-72ee-4449-9266-02975f537229" testId="9b16206d-b7ef-e539-9fee-1d13dacf7fad" testName="Data_modes_are_deterministic" computerName="runnervmlun5p" duration="00:00:01.6182460" startTime="2026-09-24T00:02:42.0204478+00:00" endTime="2026-09-24T00:02:43.6386939+00:00" testType="13cdc9d9-ddb5-4fa4-a97d-d965ccfc6d4b" outcome="Passed" testListId="8c84fa94-04c1-424b-9868-57a2d4851a1d" relativeResultsDirectory="5f234bb4-72ee-4449-9266-02975f537229" />
    <UnitTestResult executionId="e3924431-afc8-4c21-a5bb-a5fd69184670" testId="cacd4947-eb57-d792-40f9-56bc27df0eed" testName="Save_failure_reports_error_and_does_not_navigate" computerName="runnervmlun5p" duration="00:00:00.4029720" startTime="2026-09-24T00:02:56.4251762+00:00" endTime="2026-09-24T00:02:56.8281475+00:00" testType="13cdc9d9-ddb5-4fa4-a97d-d965ccfc6d4b" outcome="Passed" testListId="8c84fa94-04c1-424b-9868-57a2d4851a1d" relativeResultsDirectory="e3924431-afc8-4c21-a5bb-a5fd69184670" />
  </Results>
  <TestDefinitions>
    <UnitTest name="Temperature_range_is_inclusive(&quot;250.1&quot;,False)" storage="/home/runner/work/uno-builds/uno-builds/fieldcheck/app/fieldcheck/fieldcheck.tests/bin/release/net10.0/fieldcheck.tests.dll" id="e24b2363-895f-ba8e-ce32-4ea0aeb39b2c">
      <Execution id="4ad58d18-fc10-47cd-8aba-492081a7475d" />
      <TestMethod codeBase="/home/runner/work/Uno-Builds/Uno-Builds/FieldCheck/app/FieldCheck/FieldCheck.Tests/bin/Release/net10.0/FieldCheck.Tests.dll" adapterTypeName="executor://nunit3testexecutor/" className="FieldCheck.Tests.ViewModelTests" name="Temperature_range_is_inclusive(&quot;250.1&quot;,False)" />
    </UnitTest>
    <UnitTest name="Assets_search_and_filter(&quot;roof&quot;,Critical,[&quot;CT-007&quot;])" storage="/home/runner/work/uno-builds/uno-builds/fieldcheck/app/fieldcheck/fieldcheck.tests/bin/release/net10.0/fieldcheck.tests.dll" id="9837ced1-a01b-79cf-0cb4-d99c593c5b55">
      <Execution id="502533a8-ea96-469d-8171-83e03c3bb0f2" />
      <TestMethod codeBase="/home/runner/work/Uno-Builds/Uno-Builds/FieldCheck/app/FieldCheck/FieldCheck.Tests/bin/Release/net10.0/FieldCheck.Tests.dll" adapterTypeName="executor://nunit3testexecutor/" className="FieldCheck.Tests.ViewModelTests" name="Assets_search_and_filter(&quot;roof&quot;,Critical,[&quot;CT-007&quot;])" />
    </UnitTest>
    <UnitTest name="Data_modes_are_deterministic" storage="/home/runner/work/uno-builds/uno-builds/fieldcheck/app/fieldcheck/fieldcheck.tests/bin/release/net10.0/fieldcheck.tests.dll" id="9b16206d-b7ef-e539-9fee-1d13dacf7fad">
      <Execution id="5f234bb4-72ee-4449-9266-02975f537229" />
      <TestMethod codeBase="/home/runner/work/Uno-Builds/Uno-Builds/FieldCheck/app/FieldCheck/FieldCheck.Tests/bin/Release/net10.0/FieldCheck.Tests.dll" adapterTypeName="executor://nunit3testexecutor/" className="FieldCheck.Tests.RepositoryTests" name="Data_modes_are_deterministic" />
    </UnitTest>
    <UnitTest name="Assets_no_results_is_distinct_from_empty" storage="/home/runner/work/uno-builds/uno-builds/fieldcheck/app/fieldcheck/fieldcheck.tests/bin/release/net10.0/fieldcheck.tests.dll" id="9d70edb6-66e8-6bcb-1445-5902b6da99d5">
      <Execution id="17abdfba-add0-4c93-bb04-e324b5b91282" />
      <TestMethod codeBase="/home/runner/work/Uno-Builds/Uno-Builds/FieldCheck/app/FieldCheck/FieldCheck.Tests/bin/Release/net10.0/FieldCheck.Tests.dll" adapterTypeName="executor://nunit3testexecutor/" className="FieldCheck.Tests.ViewModelTests" name="Assets_no_results_is_distinct_from_empty" />
    </UnitTest>
    <UnitTest name="Timestamp_formatting" storage="/home/runner/work/uno-builds/uno-builds/fieldcheck/app/fieldcheck/fieldcheck.tests/bin/release/net10.0/fieldcheck.tests.dll" id="8ac7050d-d7af-c392-8777-837030536554">
      <Execution id="a1fcff6c-19cd-465b-ad04-9ca02923a569" />
      <TestMethod codeBase="/home/runner/work/Uno-Builds/Uno-Builds/FieldCheck/app/FieldCheck/FieldCheck.Tests/bin/Release/net10.0/FieldCheck.Tests.dll" adapterTypeName="executor://nunit3testexecutor/" className="FieldCheck.Tests.ViewModelTests" name="Timestamp_formatting" />
    </UnitTest>
    <UnitTest name="Assets_search_and_filter(&quot;ROOF&quot;,All,[&quot;AHU-203&quot;, &quot;CT-007&quot;, &quot;FAN-305&quot;])" storage="/home/runner/work/uno-builds/uno-builds/fieldcheck/app/fieldcheck/fieldcheck.tests/bin/release/net10.0/fieldcheck.tests.dll" id="961b7cea-13a0-7a51-8953-1f88fc308135">
      <Execution id="d378641e-8e75-4711-b6bb-674528f1028f" />
      <TestMethod codeBase="/home/runner/work/Uno-Builds/Uno-Builds/FieldCheck/app/FieldCheck/FieldCheck.Tests/bin/Release/net10.0/FieldCheck.Tests.dll" adapterTypeName="executor://nunit3testexecutor/" className="FieldCheck.Tests.ViewModelTests" name="Assets_search_and_filter(&quot;ROOF&quot;,All,[&quot;AHU-203&quot;, &quot;CT-007&quot;, &quot;FAN-305&quot;])" />
    </UnitTest>
    <UnitTest name="Write_failure_throws_and_leaves_state_unchanged" storage="/home/runner/work/uno-builds/uno-builds/fieldcheck/app/fieldcheck/fieldcheck.tests/bin/release/net10.0/fieldcheck.tests.dll" id="b12f152b-4615-4892-351c-6fd64f9014f7">
      <Execution id="90a8237e-c457-4b58-9d5c-1dbc08fa723c" />
      <TestMethod codeBase="/home/runner/work/Uno-Builds/Uno-Builds/FieldCheck/app/FieldCheck/FieldCheck.Tests/bin/Release/net10.0/FieldCheck.Tests.dll" adapterTypeName="executor://nunit3testexecutor/" className="FieldCheck.Tests.RepositoryTests" name="Write_failure_throws_and_leaves_state_unchanged" />
    </UnitTest>
    <UnitTest name="Temperature_range_is_inclusive(&quot;250&quot;,True)" storage="/home/runner/work/uno-builds/uno-builds/fieldcheck/app/fieldcheck/fieldcheck.tests/bin/release/net10.0/fieldcheck.tests.dll" id="9f7301f1-072c-9372-73af-4069fda5dc7e">
      <Execution id="afc9fd32-5e09-4a5c-baaf-86519eec6353" />
      <TestMethod codeBase="/home/runner/work/Uno-Builds/Uno-Builds/FieldCheck/app/FieldCheck/FieldCheck.Tests/bin/Release/net10.0/FieldCheck.Tests.dll" adapterTypeName="executor://nunit3testexecutor/" className="FieldCheck.Tests.ViewModelTests" name="Temperature_range_is_inclusive(&quot;250&quot;,True)" />
    </UnitTest>
    <UnitTest name="Cancel_goes_back_without_saving" storage="/home/runner/work/uno-builds/uno-builds/fieldcheck/app/fieldcheck/fieldcheck.tests/bin/release/net10.0/fieldcheck.tests.dll" id="b9aeeb57-77b5-2794-ec49-6942cf68579c">
      <Execution id="a1db8ac4-f42a-42b4-84dd-de593f423298" />
      <TestMethod codeBase="/home/runner/work/Uno-Builds/Uno-Builds/FieldCheck/app/FieldCheck/FieldCheck.Tests/bin/Release/net10.0/FieldCheck.Tests.dll" adapterTypeName="executor://nunit3testexecutor/" className="FieldCheck.Tests.ViewModelTests" name="Cancel_goes_back_without_saving" />
    </UnitTest>
    <UnitTest name="Data_mode_parsing(&quot;save-error&quot;,SaveError)" storage="/home/runner/work/uno-builds/uno-builds/fieldcheck/app/fieldcheck/fieldcheck.tests/bin/release/net10.0/fieldcheck.tests.dll" id="c66058e0-2a69-7251-d4c8-fc0bd55fbffe">
      <Execution id="8150ddaf-8cb1-474a-9aa3-ff6c152930c9" />
      <TestMethod codeBase="/home/runner/work/Uno-Builds/Uno-Builds/FieldCheck/app/FieldCheck/FieldCheck.Tests/bin/Release/net10.0/FieldCheck.Tests.dll" adapterTypeName="executor://nunit3testexecutor/" className="FieldCheck.Tests.RepositoryTests" name="Data_mode_parsing(&quot;save-error&quot;,SaveError)" />
    </UnitTest>
    <UnitTest name="Success_actions_navigate_to_asset_and_history" storage="/home/runner/work/uno-builds/uno-builds/fieldcheck/app/fieldcheck/fieldcheck.tests/bin/release/net10.0/fieldcheck.tests.dll" id="5967d81f-e741-bb1c-24ba-b9a1ea697b1e">
      <Execution id="a6204b81-86d5-483b-8895-a5c0c9d0b635" />
      <TestMethod codeBase="/home/runner/work/Uno-Builds/Uno-Builds/FieldCheck/app/FieldCheck/FieldCheck.Tests/bin/Release/net10.0/FieldCheck.Tests.dll" adapterTypeName="executor://nunit3testexecutor/" className="FieldCheck.Tests.ViewModelTests" name="Success_actions_navigate_to_asset_and_history" />
    </UnitTest>
    <UnitTest name="Generated_ids_are_unique_and_stable" storage="/home/runner/work/uno-builds/uno-builds/fieldcheck/app/fieldcheck/fieldcheck.tests/bin/release/net10.0/fieldcheck.tests.dll" id="8b89425b-5f3b-20d6-32d8-3ab34297400a">
      <Execution id="e0e14959-516c-4f51-a638-cbaa01e0e223" />
      <TestMethod codeBase="/home/runner/work/Uno-Builds/Uno-Builds/FieldCheck/app/FieldCheck/FieldCheck.Tests/bin/Release/net10.0/FieldCheck.Tests.dll" adapterTypeName="executor://nunit3testexecutor/" className="FieldCheck.Tests.RepositoryTests" name="Generated_ids_are_unique_and_stable" />
    </UnitTest>
    <UnitTest name="History_is_newest_first_and_filters" storage="/home/runner/work/uno-builds/uno-builds/fieldcheck/app/fieldcheck/fieldcheck.tests/bin/release/net10.0/fieldcheck.tests.dll" id="35b62df2-148b-f364-c307-afc590091eb3">
      <Execution id="2be579d8-3a6e-4619-8227-37506108f180" />
      <TestMethod codeBase="/home/runner/work/Uno-Builds/Uno-Builds/FieldCheck/app/FieldCheck/FieldCheck.Tests/bin/Release/net10.0/FieldCheck.Tests.dll" adapterTypeName="executor://nunit3testexecutor/" className="FieldCheck.Tests.ViewModelTests" name="History_is_newest_first_and_filters" />
    </UnitTest>
    <UnitTest name="Assets_search_and_filter(&quot;&quot;,Critical,[&quot;CT-007&quot;, &quot;EF-090&quot;])" storage="/home/runner/work/uno-builds/uno-builds/fieldcheck/app/fieldcheck/fieldcheck.tests/bin/release/net10.0/fieldcheck.tests.dll" id="e4e28ecb-266d-dec7-a85f-76eb8ad262f4">
      <Execution id="a0cf04a7-0ecd-48d4-9560-e1f3f52a47fc" />
      <TestMethod codeBase="/home/runner/work/Uno-Builds/Uno-Builds/FieldCheck/app/FieldCheck/FieldCheck.Tests/bin/Release/net10.0/FieldCheck.Tests.dll" adapterTypeName="executor://nunit3testexecutor/" className="FieldCheck.Tests.ViewModelTests" name="Assets_search_and_filter(&quot;&quot;,Critical,[&quot;CT-007&quot;, &quot;EF-090&quot;])" />
    </UnitTest>
    <UnitTest name="Asset_detail_reflects_newest_inspection_after_save" storage="/home/runner/work/uno-builds/uno-builds/fieldcheck/app/fieldcheck/fieldcheck.tests/bin/release/net10.0/fieldcheck.tests.dll" id="e39bb4d4-c0e8-b6b6-d093-ccc8b2e12736">
      <Execution id="a86e4631-e1ca-4eeb-ae8c-fdda65e9be16" />
      <TestMethod codeBase="/home/runner/work/Uno-Builds/Uno-Builds/FieldCheck/app/FieldCheck/FieldCheck.Tests/bin/Release/net10.0/FieldCheck.Tests.dll" adapterTypeName="executor://nunit3testexecutor/" className="FieldCheck.Tests.ViewModelTests" name="Asset_detail_reflects_newest_inspection_after_save" />
    </UnitTest>
    <UnitTest name="Repeated_activation_while_saving_creates_one_inspection" storage="/home/runner/work/uno-builds/uno-builds/fieldcheck/app/fieldcheck/fieldcheck.tests/bin/release/net10.0/fieldcheck.tests.dll" id="04261274-ab07-3f03-bcf6-21c0fc212f55">
      <Execution id="e1b71c9f-ed20-4d1d-b55c-0add1de25290" />
      <TestMethod codeBase="/home/runner/work/Uno-Builds/Uno-Builds/FieldCheck/app/FieldCheck/FieldCheck.Tests/bin/Release/net10.0/FieldCheck.Tests.dll" adapterTypeName="executor://nunit3testexecutor/" className="FieldCheck.Tests.ViewModelTests" name="Repeated_activation_while_saving_creates_one_inspection" />
    </UnitTest>
    <UnitTest name="Temperature_range_is_inclusive(&quot;-50&quot;,True)" storage="/home/runner/work/uno-builds/uno-builds/fieldcheck/app/fieldcheck/fieldcheck.tests/bin/release/net10.0/fieldcheck.tests.dll" id="1c4eca39-09ca-0b1e-78e2-66b95aa9627a">
      <Execution id="231cf449-73d1-4242-855b-42e29019a71e" />
      <TestMethod codeBase="/home/runner/work/Uno-Builds/Uno-Builds/FieldCheck/app/FieldCheck/FieldCheck.Tests/bin/Release/net10.0/FieldCheck.Tests.dll" adapterTypeName="executor://nunit3testexecutor/" className="FieldCheck.Tests.ViewModelTests" name="Temperature_range_is_inclusive(&quot;-50&quot;,True)" />
    </UnitTest>
    <UnitTest name="Assets_search_and_filter(&quot;PMP&quot;,All,[&quot;PMP-104&quot;, &quot;PMP-220&quot;])" storage="/home/runner/work/uno-builds/uno-builds/fieldcheck/app/fieldcheck/fieldcheck.tests/bin/release/net10.0/fieldcheck.tests.dll" id="31c01c01-f42e-efae-0a10-b13a817adbca">
      <Execution id="e914dc39-e92d-4cc2-82c5-57de295b5012" />
      <TestMethod codeBase="/home/runner/work/Uno-Builds/Uno-Builds/FieldCheck/app/FieldCheck/FieldCheck.Tests/bin/Release/net10.0/FieldCheck.Tests.dll" adapterTypeName="executor://nunit3testexecutor/" className="FieldCheck.Tests.ViewModelTests" name="Assets_search_and_filter(&quot;PMP&quot;,All,[&quot;PMP-104&quot;, &quot;PMP-220&quot;])" />
    </UnitTest>
    <UnitTest name="Dashboard_counts_are_derived_from_data" storage="/home/runner/work/uno-builds/uno-builds/fieldcheck/app/fieldcheck/fieldcheck.tests/bin/release/net10.0/fieldcheck.tests.dll" id="016a5fd2-b9ac-fdf5-0708-d507797d2d74">
      <Execution id="e3bdf9f8-cae4-40de-9eb5-be871002abfb" />
      <TestMethod codeBase="/home/runner/work/Uno-Builds/Uno-Builds/FieldCheck/app/FieldCheck/FieldCheck.Tests/bin/Release/net10.0/FieldCheck.Tests.dll" adapterTypeName="executor://nunit3testexecutor/" className="FieldCheck.Tests.ViewModelTests" name="Dashboard_counts_are_derived_from_data" />
    </UnitTest>
    <UnitTest name="Data_mode_parsing(&quot;bogus&quot;,Normal)" storage="/home/runner/work/uno-builds/uno-builds/fieldcheck/app/fieldcheck/fieldcheck.tests/bin/release/net10.0/fieldcheck.tests.dll" id="931b5757-b39d-2e8b-53fb-992531ccd5e2">
      <Execution id="4f9ae8b2-f97e-482a-a83b-5b06353871c1" />
      <TestMethod codeBase="/home/runner/work/Uno-Builds/Uno-Builds/FieldCheck/app/FieldCheck/FieldCheck.Tests/bin/Release/net10.0/FieldCheck.Tests.dll" adapterTypeName="executor://nunit3testexecutor/" className="FieldCheck.Tests.RepositoryTests" name="Data_mode_parsing(&quot;bogus&quot;,Normal)" />
    </UnitTest>
    <UnitTest name="Successful_submit_creates_exactly_one_inspection_and_navigates" storage="/home/runner/work/uno-builds/uno-builds/fieldcheck/app/fieldcheck/fieldcheck.tests/bin/release/net10.0/fieldcheck.tests.dll" id="2e823845-2063-194a-2d72-9d1e527ae6af">
      <Execution id="ad1245fa-9eb0-4482-8445-924c8c9db49c" />
      <TestMethod codeBase="/home/runner/work/Uno-Builds/Uno-Builds/FieldCheck/app/FieldCheck/FieldCheck.Tests/bin/Release/net10.0/FieldCheck.Tests.dll" adapterTypeName="executor://nunit3testexecutor/" className="FieldCheck.Tests.ViewModelTests" name="Successful_submit_creates_exactly_one_inspection_and_navigates" />
    </UnitTest>
    <UnitTest name="Data_mode_parsing(&quot;error&quot;,Error)" storage="/home/runner/work/uno-builds/uno-builds/fieldcheck/app/fieldcheck/fieldcheck.tests/bin/release/net10.0/fieldcheck.tests.dll" id="1c93215e-4091-8d15-7487-ef577c944bc5">
      <Execution id="bb075624-3bfa-4359-8306-3367551a7072" />
      <TestMethod codeBase="/home/runner/work/Uno-Builds/Uno-Builds/FieldCheck/app/FieldCheck/FieldCheck.Tests/bin/Release/net10.0/FieldCheck.Tests.dll" adapterTypeName="executor://nunit3testexecutor/" className="FieldCheck.Tests.RepositoryTests" name="Data_mode_parsing(&quot;error&quot;,Error)" />
    </UnitTest>
    <UnitTest name="Picker_select_cancel_and_failure_keep_the_form_usable" storage="/home/runner/work/uno-builds/uno-builds/fieldcheck/app/fieldcheck/fieldcheck.tests/bin/release/net10.0/fieldcheck.tests.dll" id="555728f0-6772-ec4b-ac44-67c7553b6f8c">
      <Execution id="532701be-bcd0-4b58-b082-805ea2f2bb0b" />
      <TestMethod codeBase="/home/runner/work/Uno-Builds/Uno-Builds/FieldCheck/app/FieldCheck/FieldCheck.Tests/bin/Release/net10.0/FieldCheck.Tests.dll" adapterTypeName="executor://nunit3testexecutor/" className="FieldCheck.Tests.ViewModelTests" name="Picker_select_cancel_and_failure_keep_the_form_usable" />
    </UnitTest>
    <UnitTest name="Attachment_is_copied_into_app_storage" storage="/home/runner/work/uno-builds/uno-builds/fieldcheck/app/fieldcheck/fieldcheck.tests/bin/release/net10.0/fieldcheck.tests.dll" id="89e8a839-345a-b13c-95b7-2e725c0c6866">
      <Execution id="ee9784e9-021d-40b0-834b-5cf8e4674f90" />
      <TestMethod codeBase="/home/runner/work/Uno-Builds/Uno-Builds/FieldCheck/app/FieldCheck/FieldCheck.Tests/bin/Release/net10.0/FieldCheck.Tests.dll" adapterTypeName="executor://nunit3testexecutor/" className="FieldCheck.Tests.RepositoryTests" name="Attachment_is_copied_into_app_storage" />
    </UnitTest>
    <UnitTest name="Assets_search_and_filter(&quot;cooling&quot;,All,[&quot;CT-007&quot;])" storage="/home/runner/work/uno-builds/uno-builds/fieldcheck/app/fieldcheck/fieldcheck.tests/bin/release/net10.0/fieldcheck.tests.dll" id="e2b9e8db-7c8b-8fba-6d61-582367e06020">
      <Execution id="0e5676d9-bbaf-4635-909e-b408f885960f" />
      <TestMethod codeBase="/home/runner/work/Uno-Builds/Uno-Builds/FieldCheck/app/FieldCheck/FieldCheck.Tests/bin/Release/net10.0/FieldCheck.Tests.dll" adapterTypeName="executor://nunit3testexecutor/" className="FieldCheck.Tests.ViewModelTests" name="Assets_search_and_filter(&quot;cooling&quot;,All,[&quot;CT-007&quot;])" />
    </UnitTest>
    <UnitTest name="Submit_is_disabled_until_required_fields_are_valid" storage="/home/runner/work/uno-builds/uno-builds/fieldcheck/app/fieldcheck/fieldcheck.tests/bin/release/net10.0/fieldcheck.tests.dll" id="73956f71-7c24-853f-ed19-297a1a3c40ed">
      <Execution id="b1307c77-f192-4341-bc38-1a3c52f5f017" />
      <TestMethod codeBase="/home/runner/work/Uno-Builds/Uno-Builds/FieldCheck/app/FieldCheck/FieldCheck.Tests/bin/Release/net10.0/FieldCheck.Tests.dll" adapterTypeName="executor://nunit3testexecutor/" className="FieldCheck.Tests.ViewModelTests" name="Submit_is_disabled_until_required_fields_are_valid" />
    </UnitTest>
    <UnitTest name="Seeds_all_twelve_assets_and_six_inspections" storage="/home/runner/work/uno-builds/uno-builds/fieldcheck/app/fieldcheck/fieldcheck.tests/bin/release/net10.0/fieldcheck.tests.dll" id="4e3ae567-4b75-4d78-2984-aa253720d416">
      <Execution id="7a2beb38-8e3b-4574-a73d-12f54bdd820a" />
      <TestMethod codeBase="/home/runner/work/Uno-Builds/Uno-Builds/FieldCheck/app/FieldCheck/FieldCheck.Tests/bin/Release/net10.0/FieldCheck.Tests.dll" adapterTypeName="executor://nunit3testexecutor/" className="FieldCheck.Tests.RepositoryTests" name="Seeds_all_twelve_assets_and_six_inspections" />
    </UnitTest>
    <UnitTest name="Data_mode_parsing(null,Normal)" storage="/home/runner/work/uno-builds/uno-builds/fieldcheck/app/fieldcheck/fieldcheck.tests/bin/release/net10.0/fieldcheck.tests.dll" id="599e77a4-6fde-de7d-4c87-c34bbd7317fb">
      <Execution id="d1bd921a-52f7-454d-81f8-c09155325589" />
      <TestMethod codeBase="/home/runner/work/Uno-Builds/Uno-Builds/FieldCheck/app/FieldCheck/FieldCheck.Tests/bin/Release/net10.0/FieldCheck.Tests.dll" adapterTypeName="executor://nunit3testexecutor/" className="FieldCheck.Tests.RepositoryTests" name="Data_mode_parsing(null,Normal)" />
    </UnitTest>
    <UnitTest name="Corrupt_local_data_surfaces_a_repository_exception" storage="/home/runner/work/uno-builds/uno-builds/fieldcheck/app/fieldcheck/fieldcheck.tests/bin/release/net10.0/fieldcheck.tests.dll" id="4158b6eb-d22e-c8b9-0f3a-4910a5296057">
      <Execution id="3c97d50c-2a9f-471d-9fc4-fbd302395cec" />
      <TestMethod codeBase="/home/runner/work/Uno-Builds/Uno-Builds/FieldCheck/app/FieldCheck/FieldCheck.Tests/bin/Release/net10.0/FieldCheck.Tests.dll" adapterTypeName="executor://nunit3testexecutor/" className="FieldCheck.Tests.RepositoryTests" name="Corrupt_local_data_surfaces_a_repository_exception" />
    </UnitTest>
    <UnitTest name="Temperature_range_is_inclusive(&quot;-51&quot;,False)" storage="/home/runner/work/uno-builds/uno-builds/fieldcheck/app/fieldcheck/fieldcheck.tests/bin/release/net10.0/fieldcheck.tests.dll" id="b13ebba2-f006-a127-b395-c9631f5e1d4e">
      <Execution id="9f2c4297-5961-4265-a019-b341eec29d12" />
      <TestMethod codeBase="/home/runner/work/Uno-Builds/Uno-Builds/FieldCheck/app/FieldCheck/FieldCheck.Tests/bin/Release/net10.0/FieldCheck.Tests.dll" adapterTypeName="executor://nunit3testexecutor/" className="FieldCheck.Tests.ViewModelTests" name="Temperature_range_is_inclusive(&quot;-51&quot;,False)" />
    </UnitTest>
    <UnitTest name="Temperature_range_is_inclusive(&quot;27.5&quot;,True)" storage="/home/runner/work/uno-builds/uno-builds/fieldcheck/app/fieldcheck/fieldcheck.tests/bin/release/net10.0/fieldcheck.tests.dll" id="874ec84c-b730-4645-f99a-855ac936f00f">
      <Execution id="d0042a93-1161-4aa4-9913-ef319d5fde88" />
      <TestMethod codeBase="/home/runner/work/Uno-Builds/Uno-Builds/FieldCheck/app/FieldCheck/FieldCheck.Tests/bin/Release/net10.0/FieldCheck.Tests.dll" adapterTypeName="executor://nunit3testexecutor/" className="FieldCheck.Tests.ViewModelTests" name="Temperature_range_is_inclusive(&quot;27.5&quot;,True)" />
    </UnitTest>
    <UnitTest name="Temperature_range_is_inclusive(&quot;&quot;,False)" storage="/home/runner/work/uno-builds/uno-builds/fieldcheck/app/fieldcheck/fieldcheck.tests/bin/release/net10.0/fieldcheck.tests.dll" id="c8bbc628-0cdb-88d8-32a5-2b8a89b03ec8">
      <Execution id="16563ee1-a205-4c0e-afa2-9dd7aa958d15" />
      <TestMethod codeBase="/home/runner/work/Uno-Builds/Uno-Builds/FieldCheck/app/FieldCheck/FieldCheck.Tests/bin/Release/net10.0/FieldCheck.Tests.dll" adapterTypeName="executor://nunit3testexecutor/" className="FieldCheck.Tests.ViewModelTests" name="Temperature_range_is_inclusive(&quot;&quot;,False)" />
    </UnitTest>
    <UnitTest name="Added_inspection_is_persisted_and_survives_a_new_repository_instance" storage="/home/runner/work/uno-builds/uno-builds/fieldcheck/app/fieldcheck/fieldcheck.tests/bin/release/net10.0/fieldcheck.tests.dll" id="3fdc559d-49b5-939a-ea88-5f5ccb46e6e5">
      <Execution id="485ffcab-d63b-4396-9d1b-c12aa7def753" />
      <TestMethod codeBase="/home/runner/work/Uno-Builds/Uno-Builds/FieldCheck/app/FieldCheck/FieldCheck.Tests/bin/Release/net10.0/FieldCheck.Tests.dll" adapterTypeName="executor://nunit3testexecutor/" className="FieldCheck.Tests.RepositoryTests" name="Added_inspection_is_persisted_and_survives_a_new_repository_instance" />
    </UnitTest>
    <UnitTest name="Temperature_range_is_inclusive(&quot;abc&quot;,False)" storage="/home/runner/work/uno-builds/uno-builds/fieldcheck/app/fieldcheck/fieldcheck.tests/bin/release/net10.0/fieldcheck.tests.dll" id="d067fb80-e266-1606-9971-a316f13740e1">
      <Execution id="8d04c2fe-1839-435c-b044-9dd48eed1e04" />
      <TestMethod codeBase="/home/runner/work/Uno-Builds/Uno-Builds/FieldCheck/app/FieldCheck/FieldCheck.Tests/bin/Release/net10.0/FieldCheck.Tests.dll" adapterTypeName="executor://nunit3testexecutor/" className="FieldCheck.Tests.ViewModelTests" name="Temperature_range_is_inclusive(&quot;abc&quot;,False)" />
    </UnitTest>
    <UnitTest name="Data_mode_parsing(&quot;ERROR-ONCE&quot;,ErrorOnce)" storage="/home/runner/work/uno-builds/uno-builds/fieldcheck/app/fieldcheck/fieldcheck.tests/bin/release/net10.0/fieldcheck.tests.dll" id="e65441a8-f004-9eb6-6824-96e89d755038">
      <Execution id="f5f4e0b2-54d7-4f2a-b2d2-e0dac77a590b" />
      <TestMethod codeBase="/home/runner/work/Uno-Builds/Uno-Builds/FieldCheck/app/FieldCheck/FieldCheck.Tests/bin/Release/net10.0/FieldCheck.Tests.dll" adapterTypeName="executor://nunit3testexecutor/" className="FieldCheck.Tests.RepositoryTests" name="Data_mode_parsing(&quot;ERROR-ONCE&quot;,ErrorOnce)" />
    </UnitTest>
    <UnitTest name="Issue_description_visibility_and_requirement" storage="/home/runner/work/uno-builds/uno-builds/fieldcheck/app/fieldcheck/fieldcheck.tests/bin/release/net10.0/fieldcheck.tests.dll" id="fa537a50-d997-e2ec-552c-1f5eedfee4dd">
      <Execution id="86783a20-ec67-4833-a87c-da0a8b607cca" />
      <TestMethod codeBase="/home/runner/work/Uno-Builds/Uno-Builds/FieldCheck/app/FieldCheck/FieldCheck.Tests/bin/Release/net10.0/FieldCheck.Tests.dll" adapterTypeName="executor://nunit3testexecutor/" className="FieldCheck.Tests.ViewModelTests" name="Issue_description_visibility_and_requirement" />
    </UnitTest>
    <UnitTest name="Dashboard_reports_empty_and_error_states" storage="/home/runner/work/uno-builds/uno-builds/fieldcheck/app/fieldcheck/fieldcheck.tests/bin/release/net10.0/fieldcheck.tests.dll" id="8152bec8-db64-4696-85a0-5a0c5814a6d5">
      <Execution id="cf8d6b5e-53c6-4e1f-a4d9-18b46ff23ea1" />
      <TestMethod codeBase="/home/runner/work/Uno-Builds/Uno-Builds/FieldCheck/app/FieldCheck/FieldCheck.Tests/bin/Release/net10.0/FieldCheck.Tests.dll" adapterTypeName="executor://nunit3testexecutor/" className="FieldCheck.Tests.ViewModelTests" name="Dashboard_reports_empty_and_error_states" />
    </UnitTest>
    <UnitTest name="Saving_never_modifies_the_benchmark_fixture_files" storage="/home/runner/work/uno-builds/uno-builds/fieldcheck/app/fieldcheck/fieldcheck.tests/bin/release/net10.0/fieldcheck.tests.dll" id="92451776-62ba-795c-7aa9-8864e9936359">
      <Execution id="66051d1d-a2b4-498c-aa59-c0bc31c71f58" />
      <TestMethod codeBase="/home/runner/work/Uno-Builds/Uno-Builds/FieldCheck/app/FieldCheck/FieldCheck.Tests/bin/Release/net10.0/FieldCheck.Tests.dll" adapterTypeName="executor://nunit3testexecutor/" className="FieldCheck.Tests.RepositoryTests" name="Saving_never_modifies_the_benchmark_fixture_files" />
    </UnitTest>
    <UnitTest name="Assets_search_and_filter(&quot;roof&quot;,Operational,[&quot;FAN-305&quot;])" storage="/home/runner/work/uno-builds/uno-builds/fieldcheck/app/fieldcheck/fieldcheck.tests/bin/release/net10.0/fieldcheck.tests.dll" id="3cc2e54f-d3cd-80e0-e892-d7e5c8e8a2a3">
      <Execution id="4f4004c3-3fe9-4736-a4ea-f326a12c4925" />
      <TestMethod codeBase="/home/runner/work/Uno-Builds/Uno-Builds/FieldCheck/app/FieldCheck/FieldCheck.Tests/bin/Release/net10.0/FieldCheck.Tests.dll" adapterTypeName="executor://nunit3testexecutor/" className="FieldCheck.Tests.ViewModelTests" name="Assets_search_and_filter(&quot;roof&quot;,Operational,[&quot;FAN-305&quot;])" />
    </UnitTest>
    <UnitTest name="Assets_open_pushes_detail_when_narrow_and_selects_when_wide" storage="/home/runner/work/uno-builds/uno-builds/fieldcheck/app/fieldcheck/fieldcheck.tests/bin/release/net10.0/fieldcheck.tests.dll" id="a65a202e-4b1a-d7ad-e040-6de035fc4583">
      <Execution id="6767c67b-9353-467a-bedc-10889fdec8f0" />
      <TestMethod codeBase="/home/runner/work/Uno-Builds/Uno-Builds/FieldCheck/app/FieldCheck/FieldCheck.Tests/bin/Release/net10.0/FieldCheck.Tests.dll" adapterTypeName="executor://nunit3testexecutor/" className="FieldCheck.Tests.ViewModelTests" name="Assets_open_pushes_detail_when_narrow_and_selects_when_wide" />
    </UnitTest>
    <UnitTest name="Save_failure_reports_error_and_does_not_navigate" storage="/home/runner/work/uno-builds/uno-builds/fieldcheck/app/fieldcheck/fieldcheck.tests/bin/release/net10.0/fieldcheck.tests.dll" id="cacd4947-eb57-d792-40f9-56bc27df0eed">
      <Execution id="e3924431-afc8-4c21-a5bb-a5fd69184670" />
      <TestMethod codeBase="/home/runner/work/Uno-Builds/Uno-Builds/FieldCheck/app/FieldCheck/FieldCheck.Tests/bin/Release/net10.0/FieldCheck.Tests.dll" adapterTypeName="executor://nunit3testexecutor/" className="FieldCheck.Tests.ViewModelTests" name="Save_failure_reports_error_and_does_not_navigate" />
    </UnitTest>
    <UnitTest name="Data_mode_parsing(&quot;empty&quot;,Empty)" storage="/home/runner/work/uno-builds/uno-builds/fieldcheck/app/fieldcheck/fieldcheck.tests/bin/release/net10.0/fieldcheck.tests.dll" id="ed831b8a-2374-12ff-c33c-c1f44e5a2454">
      <Execution id="288e59eb-4105-4b44-8870-a02fc15c7cdb" />
      <TestMethod codeBase="/home/runner/work/Uno-Builds/Uno-Builds/FieldCheck/app/FieldCheck/FieldCheck.Tests/bin/Release/net10.0/FieldCheck.Tests.dll" adapterTypeName="executor://nunit3testexecutor/" className="FieldCheck.Tests.RepositoryTests" name="Data_mode_parsing(&quot;empty&quot;,Empty)" />
    </UnitTest>
    <UnitTest name="New_inspection_appears_first_in_history_immediately" storage="/home/runner/work/uno-builds/uno-builds/fieldcheck/app/fieldcheck/fieldcheck.tests/bin/release/net10.0/fieldcheck.tests.dll" id="800b53c4-e597-9174-35ab-8247b00e88d4">
      <Execution id="4aacaa5e-7957-419f-860d-cdc2388d3c80" />
      <TestMethod codeBase="/home/runner/work/Uno-Builds/Uno-Builds/FieldCheck/app/FieldCheck/FieldCheck.Tests/bin/Release/net10.0/FieldCheck.Tests.dll" adapterTypeName="executor://nunit3testexecutor/" className="FieldCheck.Tests.ViewModelTests" name="New_inspection_appears_first_in_history_immediately" />
    </UnitTest>
    <UnitTest name="Assets_search_and_filter(&quot;pump&quot;,All,[&quot;PMP-104&quot;, &quot;PMP-220&quot;])" storage="/home/runner/work/uno-builds/uno-builds/fieldcheck/app/fieldcheck/fieldcheck.tests/bin/release/net10.0/fieldcheck.tests.dll" id="e3c603c3-6d56-19dc-a9ff-c272922f4623">
      <Execution id="57f724f8-5369-4d4c-843e-986ace648d7f" />
      <TestMethod codeBase="/home/runner/work/Uno-Builds/Uno-Builds/FieldCheck/app/FieldCheck/FieldCheck.Tests/bin/Release/net10.0/FieldCheck.Tests.dll" adapterTypeName="executor://nunit3testexecutor/" className="FieldCheck.Tests.ViewModelTests" name="Assets_search_and_filter(&quot;pump&quot;,All,[&quot;PMP-104&quot;, &quot;PMP-220&quot;])" />
    </UnitTest>
    <UnitTest name="Next_id_follows_the_highest_existing_number" storage="/home/runner/work/uno-builds/uno-builds/fieldcheck/app/fieldcheck/fieldcheck.tests/bin/release/net10.0/fieldcheck.tests.dll" id="52d680ce-defe-2dc2-e08c-0c44390a187f">
      <Execution id="e4418174-b083-42da-8643-a8e539ca7ad6" />
      <TestMethod codeBase="/home/runner/work/Uno-Builds/Uno-Builds/FieldCheck/app/FieldCheck/FieldCheck.Tests/bin/Release/net10.0/FieldCheck.Tests.dll" adapterTypeName="executor://nunit3testexecutor/" className="FieldCheck.Tests.RepositoryTests" name="Next_id_follows_the_highest_existing_number" />
    </UnitTest>
    <UnitTest name="Data_mode_parsing(&quot;slow&quot;,Slow)" storage="/home/runner/work/uno-builds/uno-builds/fieldcheck/app/fieldcheck/fieldcheck.tests/bin/release/net10.0/fieldcheck.tests.dll" id="044be290-726d-c554-d312-8462128118ae">
      <Execution id="34263e0c-7cdf-4ffd-8da5-83d2855e2a2b" />
      <TestMethod codeBase="/home/runner/work/Uno-Builds/Uno-Builds/FieldCheck/app/FieldCheck/FieldCheck.Tests/bin/Release/net10.0/FieldCheck.Tests.dll" adapterTypeName="executor://nunit3testexecutor/" className="FieldCheck.Tests.RepositoryTests" name="Data_mode_parsing(&quot;slow&quot;,Slow)" />
    </UnitTest>
    <UnitTest name="Assets_search_and_filter(&quot;&quot;,Attention,[&quot;AHU-203&quot;, &quot;CNV-018&quot;, &quot;BLR-002&quot;])" storage="/home/runner/work/uno-builds/uno-builds/fieldcheck/app/fieldcheck/fieldcheck.tests/bin/release/net10.0/fieldcheck.tests.dll" id="6f2aa134-5b06-03bc-c307-d0430840d9c8">
      <Execution id="f92e7c70-4836-429d-a5ff-c84574ab7246" />
      <TestMethod codeBase="/home/runner/work/Uno-Builds/Uno-Builds/FieldCheck/app/FieldCheck/FieldCheck.Tests/bin/Release/net10.0/FieldCheck.Tests.dll" adapterTypeName="executor://nunit3testexecutor/" className="FieldCheck.Tests.ViewModelTests" name="Assets_search_and_filter(&quot;&quot;,Attention,[&quot;AHU-203&quot;, &quot;CNV-018&quot;, &quot;BLR-002&quot;])" />
    </UnitTest>
  </TestDefinitions>
  <TestEntries>
    <TestEntry testId="fa537a50-d997-e2ec-552c-1f5eedfee4dd" executionId="86783a20-ec67-4833-a87c-da0a8b607cca" testListId="8c84fa94-04c1-424b-9868-57a2d4851a1d" />
    <TestEntry testId="599e77a4-6fde-de7d-4c87-c34bbd7317fb" executionId="d1bd921a-52f7-454d-81f8-c09155325589" testListId="8c84fa94-04c1-424b-9868-57a2d4851a1d" />
    <TestEntry testId="52d680ce-defe-2dc2-e08c-0c44390a187f" executionId="e4418174-b083-42da-8643-a8e539ca7ad6" testListId="8c84fa94-04c1-424b-9868-57a2d4851a1d" />
    <TestEntry testId="3cc2e54f-d3cd-80e0-e892-d7e5c8e8a2a3" executionId="4f4004c3-3fe9-4736-a4ea-f326a12c4925" testListId="8c84fa94-04c1-424b-9868-57a2d4851a1d" />
    <TestEntry testId="c8bbc628-0cdb-88d8-32a5-2b8a89b03ec8" executionId="16563ee1-a205-4c0e-afa2-9dd7aa958d15" testListId="8c84fa94-04c1-424b-9868-57a2d4851a1d" />
    <TestEntry testId="e3c603c3-6d56-19dc-a9ff-c272922f4623" executionId="57f724f8-5369-4d4c-843e-986ace648d7f" testListId="8c84fa94-04c1-424b-9868-57a2d4851a1d" />
    <TestEntry testId="4158b6eb-d22e-c8b9-0f3a-4910a5296057" executionId="3c97d50c-2a9f-471d-9fc4-fbd302395cec" testListId="8c84fa94-04c1-424b-9868-57a2d4851a1d" />
    <TestEntry testId="ed831b8a-2374-12ff-c33c-c1f44e5a2454" executionId="288e59eb-4105-4b44-8870-a02fc15c7cdb" testListId="8c84fa94-04c1-424b-9868-57a2d4851a1d" />
    <TestEntry testId="9d70edb6-66e8-6bcb-1445-5902b6da99d5" executionId="17abdfba-add0-4c93-bb04-e324b5b91282" testListId="8c84fa94-04c1-424b-9868-57a2d4851a1d" />
    <TestEntry testId="a65a202e-4b1a-d7ad-e040-6de035fc4583" executionId="6767c67b-9353-467a-bedc-10889fdec8f0" testListId="8c84fa94-04c1-424b-9868-57a2d4851a1d" />
    <TestEntry testId="3fdc559d-49b5-939a-ea88-5f5ccb46e6e5" executionId="485ffcab-d63b-4396-9d1b-c12aa7def753" testListId="8c84fa94-04c1-424b-9868-57a2d4851a1d" />
    <TestEntry testId="1c93215e-4091-8d15-7487-ef577c944bc5" executionId="bb075624-3bfa-4359-8306-3367551a7072" testListId="8c84fa94-04c1-424b-9868-57a2d4851a1d" />
    <TestEntry testId="89e8a839-345a-b13c-95b7-2e725c0c6866" executionId="ee9784e9-021d-40b0-834b-5cf8e4674f90" testListId="8c84fa94-04c1-424b-9868-57a2d4851a1d" />
    <TestEntry testId="4e3ae567-4b75-4d78-2984-aa253720d416" executionId="7a2beb38-8e3b-4574-a73d-12f54bdd820a" testListId="8c84fa94-04c1-424b-9868-57a2d4851a1d" />
    <TestEntry testId="9f7301f1-072c-9372-73af-4069fda5dc7e" executionId="afc9fd32-5e09-4a5c-baaf-86519eec6353" testListId="8c84fa94-04c1-424b-9868-57a2d4851a1d" />
    <TestEntry testId="6f2aa134-5b06-03bc-c307-d0430840d9c8" executionId="f92e7c70-4836-429d-a5ff-c84574ab7246" testListId="8c84fa94-04c1-424b-9868-57a2d4851a1d" />
    <TestEntry testId="b12f152b-4615-4892-351c-6fd64f9014f7" executionId="90a8237e-c457-4b58-9d5c-1dbc08fa723c" testListId="8c84fa94-04c1-424b-9868-57a2d4851a1d" />
    <TestEntry testId="2e823845-2063-194a-2d72-9d1e527ae6af" executionId="ad1245fa-9eb0-4482-8445-924c8c9db49c" testListId="8c84fa94-04c1-424b-9868-57a2d4851a1d" />
    <TestEntry testId="044be290-726d-c554-d312-8462128118ae" executionId="34263e0c-7cdf-4ffd-8da5-83d2855e2a2b" testListId="8c84fa94-04c1-424b-9868-57a2d4851a1d" />
    <TestEntry testId="8ac7050d-d7af-c392-8777-837030536554" executionId="a1fcff6c-19cd-465b-ad04-9ca02923a569" testListId="8c84fa94-04c1-424b-9868-57a2d4851a1d" />
    <TestEntry testId="9837ced1-a01b-79cf-0cb4-d99c593c5b55" executionId="502533a8-ea96-469d-8171-83e03c3bb0f2" testListId="8c84fa94-04c1-424b-9868-57a2d4851a1d" />
    <TestEntry testId="5967d81f-e741-bb1c-24ba-b9a1ea697b1e" executionId="a6204b81-86d5-483b-8895-a5c0c9d0b635" testListId="8c84fa94-04c1-424b-9868-57a2d4851a1d" />
    <TestEntry testId="961b7cea-13a0-7a51-8953-1f88fc308135" executionId="d378641e-8e75-4711-b6bb-674528f1028f" testListId="8c84fa94-04c1-424b-9868-57a2d4851a1d" />
    <TestEntry testId="1c4eca39-09ca-0b1e-78e2-66b95aa9627a" executionId="231cf449-73d1-4242-855b-42e29019a71e" testListId="8c84fa94-04c1-424b-9868-57a2d4851a1d" />
    <TestEntry testId="92451776-62ba-795c-7aa9-8864e9936359" executionId="66051d1d-a2b4-498c-aa59-c0bc31c71f58" testListId="8c84fa94-04c1-424b-9868-57a2d4851a1d" />
    <TestEntry testId="e4e28ecb-266d-dec7-a85f-76eb8ad262f4" executionId="a0cf04a7-0ecd-48d4-9560-e1f3f52a47fc" testListId="8c84fa94-04c1-424b-9868-57a2d4851a1d" />
    <TestEntry testId="e65441a8-f004-9eb6-6824-96e89d755038" executionId="f5f4e0b2-54d7-4f2a-b2d2-e0dac77a590b" testListId="8c84fa94-04c1-424b-9868-57a2d4851a1d" />
    <TestEntry testId="c66058e0-2a69-7251-d4c8-fc0bd55fbffe" executionId="8150ddaf-8cb1-474a-9aa3-ff6c152930c9" testListId="8c84fa94-04c1-424b-9868-57a2d4851a1d" />
    <TestEntry testId="04261274-ab07-3f03-bcf6-21c0fc212f55" executionId="e1b71c9f-ed20-4d1d-b55c-0add1de25290" testListId="8c84fa94-04c1-424b-9868-57a2d4851a1d" />
    <TestEntry testId="e24b2363-895f-ba8e-ce32-4ea0aeb39b2c" executionId="4ad58d18-fc10-47cd-8aba-492081a7475d" testListId="8c84fa94-04c1-424b-9868-57a2d4851a1d" />
    <TestEntry testId="8b89425b-5f3b-20d6-32d8-3ab34297400a" executionId="e0e14959-516c-4f51-a638-cbaa01e0e223" testListId="8c84fa94-04c1-424b-9868-57a2d4851a1d" />
    <TestEntry testId="e39bb4d4-c0e8-b6b6-d093-ccc8b2e12736" executionId="a86e4631-e1ca-4eeb-ae8c-fdda65e9be16" testListId="8c84fa94-04c1-424b-9868-57a2d4851a1d" />
    <TestEntry testId="d067fb80-e266-1606-9971-a316f13740e1" executionId="8d04c2fe-1839-435c-b044-9dd48eed1e04" testListId="8c84fa94-04c1-424b-9868-57a2d4851a1d" />
    <TestEntry testId="931b5757-b39d-2e8b-53fb-992531ccd5e2" executionId="4f9ae8b2-f97e-482a-a83b-5b06353871c1" testListId="8c84fa94-04c1-424b-9868-57a2d4851a1d" />
    <TestEntry testId="73956f71-7c24-853f-ed19-297a1a3c40ed" executionId="b1307c77-f192-4341-bc38-1a3c52f5f017" testListId="8c84fa94-04c1-424b-9868-57a2d4851a1d" />
    <TestEntry testId="b13ebba2-f006-a127-b395-c9631f5e1d4e" executionId="9f2c4297-5961-4265-a019-b341eec29d12" testListId="8c84fa94-04c1-424b-9868-57a2d4851a1d" />
    <TestEntry testId="874ec84c-b730-4645-f99a-855ac936f00f" executionId="d0042a93-1161-4aa4-9913-ef319d5fde88" testListId="8c84fa94-04c1-424b-9868-57a2d4851a1d" />
    <TestEntry testId="016a5fd2-b9ac-fdf5-0708-d507797d2d74" executionId="e3bdf9f8-cae4-40de-9eb5-be871002abfb" testListId="8c84fa94-04c1-424b-9868-57a2d4851a1d" />
    <TestEntry testId="b9aeeb57-77b5-2794-ec49-6942cf68579c" executionId="a1db8ac4-f42a-42b4-84dd-de593f423298" testListId="8c84fa94-04c1-424b-9868-57a2d4851a1d" />
    <TestEntry testId="e2b9e8db-7c8b-8fba-6d61-582367e06020" executionId="0e5676d9-bbaf-4635-909e-b408f885960f" testListId="8c84fa94-04c1-424b-9868-57a2d4851a1d" />
    <TestEntry testId="800b53c4-e597-9174-35ab-8247b00e88d4" executionId="4aacaa5e-7957-419f-860d-cdc2388d3c80" testListId="8c84fa94-04c1-424b-9868-57a2d4851a1d" />
    <TestEntry testId="31c01c01-f42e-efae-0a10-b13a817adbca" executionId="e914dc39-e92d-4cc2-82c5-57de295b5012" testListId="8c84fa94-04c1-424b-9868-57a2d4851a1d" />
    <TestEntry testId="35b62df2-148b-f364-c307-afc590091eb3" executionId="2be579d8-3a6e-4619-8227-37506108f180" testListId="8c84fa94-04c1-424b-9868-57a2d4851a1d" />
    <TestEntry testId="8152bec8-db64-4696-85a0-5a0c5814a6d5" executionId="cf8d6b5e-53c6-4e1f-a4d9-18b46ff23ea1" testListId="8c84fa94-04c1-424b-9868-57a2d4851a1d" />
    <TestEntry testId="555728f0-6772-ec4b-ac44-67c7553b6f8c" executionId="532701be-bcd0-4b58-b082-805ea2f2bb0b" testListId="8c84fa94-04c1-424b-9868-57a2d4851a1d" />
    <TestEntry testId="9b16206d-b7ef-e539-9fee-1d13dacf7fad" executionId="5f234bb4-72ee-4449-9266-02975f537229" testListId="8c84fa94-04c1-424b-9868-57a2d4851a1d" />
    <TestEntry testId="cacd4947-eb57-d792-40f9-56bc27df0eed" executionId="e3924431-afc8-4c21-a5bb-a5fd69184670" testListId="8c84fa94-04c1-424b-9868-57a2d4851a1d" />
  </TestEntries>
  <TestLists>
    <TestList name="Results Not in a List" id="8c84fa94-04c1-424b-9868-57a2d4851a1d" />
    <TestList name="All Loaded Results" id="19431567-8539-422a-85d7-44ee4e166bda" />
  </TestLists>
  <ResultSummary outcome="Completed">
    <Counters total="47" executed="47" passed="47" failed="0" error="0" timeout="0" aborted="0" inconclusive="0" passedButRunAborted="0" notRunnable="0" notExecuted="0" disconnected="0" warning="0" completed="0" inProgress="0" pending="0" />
    <Output>
      <StdOut>NUnit Adapter 5.2.0.0: Test execution started
Running all tests in /home/runner/work/Uno-Builds/Uno-Builds/FieldCheck/app/FieldCheck/FieldCheck.Tests/bin/Release/net10.0/FieldCheck.Tests.dll
   NUnit3TestExecutor discovered 47 of 47 NUnit test cases using Current Discovery mode, Non-Explicit run
NUnit Adapter 5.2.0.0: Test execution complete
</StdOut>
    </Output>
  </ResultSummary>
</TestRun>