<?xml version="1.0" encoding="utf-8"?>
<TestRun id="bb3cbf52-dcf8-4b3c-be23-dc326b558836" name="@runnervmtr4k5 2026-09-23 21:31:00" xmlns="http://microsoft.com/schemas/VisualStudio/TeamTest/2010">
  <Times creation="2026-09-23T21:31:00.7667912+00:00" queuing="2026-09-23T21:31:00.7667914+00:00" start="2026-09-23T21:30:59.7739366+00:00" finish="2026-09-23T21:31:11.5943514+00:00" />
  <TestSettings name="default" id="100b2923-e776-44e9-8a0b-1546adae89ec">
    <Deployment runDeploymentRoot="_runnervmtr4k5_2026-09-23_21_31_00" />
  </TestSettings>
  <Results>
    <UnitTestResult executionId="6125fc76-9630-4dfa-b872-995899d42811" testId="b13ebba2-f006-a127-b395-c9631f5e1d4e" testName="Temperature_range_is_inclusive(&quot;-51&quot;,False)" computerName="runnervmtr4k5" duration="00:00:00.0007080" startTime="2026-09-23T21:31:11.5286847+00:00" endTime="2026-09-23T21:31:11.5293930+00:00" testType="13cdc9d9-ddb5-4fa4-a97d-d965ccfc6d4b" outcome="Passed" testListId="8c84fa94-04c1-424b-9868-57a2d4851a1d" relativeResultsDirectory="6125fc76-9630-4dfa-b872-995899d42811" />
    <UnitTestResult executionId="65553445-fe34-490f-a30c-636cfca74247" testId="89e8a839-345a-b13c-95b7-2e725c0c6866" testName="Attachment_is_copied_into_app_storage" computerName="runnervmtr4k5" duration="00:00:00.0217260" startTime="2026-09-23T21:31:00.6787337+00:00" endTime="2026-09-23T21:31:00.7004589+00:00" testType="13cdc9d9-ddb5-4fa4-a97d-d965ccfc6d4b" outcome="Passed" testListId="8c84fa94-04c1-424b-9868-57a2d4851a1d" relativeResultsDirectory="65553445-fe34-490f-a30c-636cfca74247" />
    <UnitTestResult executionId="71477df9-51ec-4395-879c-ce7f55241636" testId="9b16206d-b7ef-e539-9fee-1d13dacf7fad" testName="Data_modes_are_deterministic" computerName="runnervmtr4k5" duration="00:00:01.6244930" startTime="2026-09-23T21:31:00.7162138+00:00" endTime="2026-09-23T21:31:02.3407058+00:00" testType="13cdc9d9-ddb5-4fa4-a97d-d965ccfc6d4b" outcome="Passed" testListId="8c84fa94-04c1-424b-9868-57a2d4851a1d" relativeResultsDirectory="71477df9-51ec-4395-879c-ce7f55241636" />
    <UnitTestResult executionId="ff3cbc4e-9ad0-4074-8823-7a6b67ed67c1" testId="fa537a50-d997-e2ec-552c-1f5eedfee4dd" testName="Issue_description_visibility_and_requirement" computerName="runnervmtr4k5" duration="00:00:00.0032480" startTime="2026-09-23T21:31:03.0405601+00:00" endTime="2026-09-23T21:31:03.0438081+00:00" testType="13cdc9d9-ddb5-4fa4-a97d-d965ccfc6d4b" outcome="Passed" testListId="8c84fa94-04c1-424b-9868-57a2d4851a1d" relativeResultsDirectory="ff3cbc4e-9ad0-4074-8823-7a6b67ed67c1" />
    <UnitTestResult executionId="28343ddf-566e-4407-bb62-42f6b7b2608c" testId="874ec84c-b730-4645-f99a-855ac936f00f" testName="Temperature_range_is_inclusive(&quot;27.5&quot;,True)" computerName="runnervmtr4k5" duration="00:00:00.0006500" startTime="2026-09-23T21:31:11.5280107+00:00" endTime="2026-09-23T21:31:11.5286609+00:00" testType="13cdc9d9-ddb5-4fa4-a97d-d965ccfc6d4b" outcome="Passed" testListId="8c84fa94-04c1-424b-9868-57a2d4851a1d" relativeResultsDirectory="28343ddf-566e-4407-bb62-42f6b7b2608c" />
    <UnitTestResult executionId="ddfc6592-fc1a-49db-8485-79a54c50173d" testId="9d70edb6-66e8-6bcb-1445-5902b6da99d5" testName="Assets_no_results_is_distinct_from_empty" computerName="runnervmtr4k5" duration="00:00:00.0081949" startTime="2026-09-23T21:31:02.3772759+00:00" endTime="2026-09-23T21:31:02.3854703+00:00" testType="13cdc9d9-ddb5-4fa4-a97d-d965ccfc6d4b" outcome="Passed" testListId="8c84fa94-04c1-424b-9868-57a2d4851a1d" relativeResultsDirectory="ddfc6592-fc1a-49db-8485-79a54c50173d" />
    <UnitTestResult executionId="aa4e7118-06f2-481f-8e9b-432441d2610f" testId="3fdc559d-49b5-939a-ea88-5f5ccb46e6e5" testName="Added_inspection_is_persisted_and_survives_a_new_repository_instance" computerName="runnervmtr4k5" duration="00:00:00.1003780" startTime="2026-09-23T21:31:00.5766007+00:00" endTime="2026-09-23T21:31:00.6769156+00:00" testType="13cdc9d9-ddb5-4fa4-a97d-d965ccfc6d4b" outcome="Passed" testListId="8c84fa94-04c1-424b-9868-57a2d4851a1d" relativeResultsDirectory="aa4e7118-06f2-481f-8e9b-432441d2610f" />
    <UnitTestResult executionId="7b30a93c-fff4-4d83-8ea1-20ab605b48d5" testId="8b89425b-5f3b-20d6-32d8-3ab34297400a" testName="Generated_ids_are_unique_and_stable" computerName="runnervmtr4k5" duration="00:00:00.0070970" startTime="2026-09-23T21:31:02.3407700+00:00" endTime="2026-09-23T21:31:02.3478667+00:00" testType="13cdc9d9-ddb5-4fa4-a97d-d965ccfc6d4b" outcome="Passed" testListId="8c84fa94-04c1-424b-9868-57a2d4851a1d" relativeResultsDirectory="7b30a93c-fff4-4d83-8ea1-20ab605b48d5" />
    <UnitTestResult executionId="688f9481-9240-4d72-b1dc-3311f5f29b87" testId="e3c603c3-6d56-19dc-a9ff-c272922f4623" testName="Assets_search_and_filter(&quot;pump&quot;,All,[&quot;PMP-104&quot;, &quot;PMP-220&quot;])" computerName="runnervmtr4k5" duration="00:00:00.0008630" startTime="2026-09-23T21:31:02.3988211+00:00" endTime="2026-09-23T21:31:02.3996836+00:00" testType="13cdc9d9-ddb5-4fa4-a97d-d965ccfc6d4b" outcome="Passed" testListId="8c84fa94-04c1-424b-9868-57a2d4851a1d" relativeResultsDirectory="688f9481-9240-4d72-b1dc-3311f5f29b87" />
    <UnitTestResult executionId="bf802b96-87a9-4369-86b2-3817636ac43f" testId="c66058e0-2a69-7251-d4c8-fc0bd55fbffe" testName="Data_mode_parsing(&quot;save-error&quot;,SaveError)" computerName="runnervmtr4k5" duration="00:00:00.0000240" startTime="2026-09-23T21:31:00.7141704+00:00" endTime="2026-09-23T21:31:00.7141943+00:00" testType="13cdc9d9-ddb5-4fa4-a97d-d965ccfc6d4b" outcome="Passed" testListId="8c84fa94-04c1-424b-9868-57a2d4851a1d" relativeResultsDirectory="bf802b96-87a9-4369-86b2-3817636ac43f" />
    <UnitTestResult executionId="c560b6fb-0b59-48ab-a69e-969cbb111986" testId="b12f152b-4615-4892-351c-6fd64f9014f7" testName="Write_failure_throws_and_leaves_state_unchanged" computerName="runnervmtr4k5" duration="00:00:00.0033780" startTime="2026-09-23T21:31:02.3577819+00:00" endTime="2026-09-23T21:31:02.3611600+00:00" testType="13cdc9d9-ddb5-4fa4-a97d-d965ccfc6d4b" outcome="Passed" testListId="8c84fa94-04c1-424b-9868-57a2d4851a1d" relativeResultsDirectory="c560b6fb-0b59-48ab-a69e-969cbb111986" />
    <UnitTestResult executionId="aa70c2f4-5235-47a3-ba4b-f9a3490d3fe6" testId="a65a202e-4b1a-d7ad-e040-6de035fc4583" testName="Assets_open_pushes_detail_when_narrow_and_selects_when_wide" computerName="runnervmtr4k5" duration="00:00:00.0083340" startTime="2026-09-23T21:31:02.3855188+00:00" endTime="2026-09-23T21:31:02.3938523+00:00" testType="13cdc9d9-ddb5-4fa4-a97d-d965ccfc6d4b" outcome="Passed" testListId="8c84fa94-04c1-424b-9868-57a2d4851a1d" relativeResultsDirectory="aa70c2f4-5235-47a3-ba4b-f9a3490d3fe6" />
    <UnitTestResult executionId="78e32299-db2c-4831-85b5-7aa9b5201bf0" testId="931b5757-b39d-2e8b-53fb-992531ccd5e2" testName="Data_mode_parsing(&quot;bogus&quot;,Normal)" computerName="runnervmtr4k5" duration="00:00:00.0000060" startTime="2026-09-23T21:31:00.7142144+00:00" endTime="2026-09-23T21:31:00.7142206+00:00" testType="13cdc9d9-ddb5-4fa4-a97d-d965ccfc6d4b" outcome="Passed" testListId="8c84fa94-04c1-424b-9868-57a2d4851a1d" relativeResultsDirectory="78e32299-db2c-4831-85b5-7aa9b5201bf0" />
    <UnitTestResult executionId="c4fbae3b-39a2-4b09-9d8b-4b314c697d1b" testId="e65441a8-f004-9eb6-6824-96e89d755038" testName="Data_mode_parsing(&quot;ERROR-ONCE&quot;,ErrorOnce)" computerName="runnervmtr4k5" duration="00:00:00.0002820" startTime="2026-09-23T21:31:00.7138366+00:00" endTime="2026-09-23T21:31:00.7141188+00:00" testType="13cdc9d9-ddb5-4fa4-a97d-d965ccfc6d4b" outcome="Passed" testListId="8c84fa94-04c1-424b-9868-57a2d4851a1d" relativeResultsDirectory="c4fbae3b-39a2-4b09-9d8b-4b314c697d1b" />
    <UnitTestResult executionId="886561b4-4b7a-4e39-a4f1-03d91eb5bc34" testId="35b62df2-148b-f364-c307-afc590091eb3" testName="History_is_newest_first_and_filters" computerName="runnervmtr4k5" duration="00:00:00.0073910" startTime="2026-09-23T21:31:03.0331192+00:00" endTime="2026-09-23T21:31:03.0405106+00:00" testType="13cdc9d9-ddb5-4fa4-a97d-d965ccfc6d4b" outcome="Passed" testListId="8c84fa94-04c1-424b-9868-57a2d4851a1d" relativeResultsDirectory="886561b4-4b7a-4e39-a4f1-03d91eb5bc34" />
    <UnitTestResult executionId="71b9b6d9-fb52-4e25-ba96-1a1282bf42b2" testId="016a5fd2-b9ac-fdf5-0708-d507797d2d74" testName="Dashboard_counts_are_derived_from_data" computerName="runnervmtr4k5" duration="00:00:00.0117230" startTime="2026-09-23T21:31:02.4155725+00:00" endTime="2026-09-23T21:31:02.4272945+00:00" testType="13cdc9d9-ddb5-4fa4-a97d-d965ccfc6d4b" outcome="Passed" testListId="8c84fa94-04c1-424b-9868-57a2d4851a1d" relativeResultsDirectory="71b9b6d9-fb52-4e25-ba96-1a1282bf42b2" />
    <UnitTestResult executionId="6dbc1149-b8de-45a1-951d-c60c017e8455" testId="6f2aa134-5b06-03bc-c307-d0430840d9c8" testName="Assets_search_and_filter(&quot;&quot;,Attention,[&quot;AHU-203&quot;, &quot;CNV-018&quot;, &quot;BLR-002&quot;])" computerName="runnervmtr4k5" duration="00:00:00.0008120" startTime="2026-09-23T21:31:02.4014352+00:00" endTime="2026-09-23T21:31:02.4022471+00:00" testType="13cdc9d9-ddb5-4fa4-a97d-d965ccfc6d4b" outcome="Passed" testListId="8c84fa94-04c1-424b-9868-57a2d4851a1d" relativeResultsDirectory="6dbc1149-b8de-45a1-951d-c60c017e8455" />
    <UnitTestResult executionId="c44c67dc-3568-4014-8f85-7650d24cb827" testId="d067fb80-e266-1606-9971-a316f13740e1" testName="Temperature_range_is_inclusive(&quot;abc&quot;,False)" computerName="runnervmtr4k5" duration="00:00:00.0007020" startTime="2026-09-23T21:31:11.5301203+00:00" endTime="2026-09-23T21:31:11.5308222+00:00" testType="13cdc9d9-ddb5-4fa4-a97d-d965ccfc6d4b" outcome="Passed" testListId="8c84fa94-04c1-424b-9868-57a2d4851a1d" relativeResultsDirectory="c44c67dc-3568-4014-8f85-7650d24cb827" />
    <UnitTestResult executionId="d8cb38b9-d406-49db-bc30-7b36310e23f1" testId="c8bbc628-0cdb-88d8-32a5-2b8a89b03ec8" testName="Temperature_range_is_inclusive(&quot;&quot;,False)" computerName="runnervmtr4k5" duration="00:00:00.0006600" startTime="2026-09-23T21:31:11.5308376+00:00" endTime="2026-09-23T21:31:11.5314978+00:00" testType="13cdc9d9-ddb5-4fa4-a97d-d965ccfc6d4b" outcome="Passed" testListId="8c84fa94-04c1-424b-9868-57a2d4851a1d" relativeResultsDirectory="d8cb38b9-d406-49db-bc30-7b36310e23f1" />
    <UnitTestResult executionId="bfe5dc23-a664-4e94-885d-1b3366bac125" testId="e39bb4d4-c0e8-b6b6-d093-ccc8b2e12736" testName="Asset_detail_reflects_newest_inspection_after_save" computerName="runnervmtr4k5" duration="00:00:00.0145150" startTime="2026-09-23T21:31:02.3627111+00:00" endTime="2026-09-23T21:31:02.3772257+00:00" testType="13cdc9d9-ddb5-4fa4-a97d-d965ccfc6d4b" outcome="Passed" testListId="8c84fa94-04c1-424b-9868-57a2d4851a1d" relativeResultsDirectory="bfe5dc23-a664-4e94-885d-1b3366bac125" />
    <UnitTestResult executionId="5fcc088e-f43c-418a-a5d3-179131d2fae6" testId="4158b6eb-d22e-c8b9-0f3a-4910a5296057" testName="Corrupt_local_data_surfaces_a_repository_exception" computerName="runnervmtr4k5" duration="00:00:00.0123440" startTime="2026-09-23T21:31:00.7005103+00:00" endTime="2026-09-23T21:31:00.7128540+00:00" testType="13cdc9d9-ddb5-4fa4-a97d-d965ccfc6d4b" outcome="Passed" testListId="8c84fa94-04c1-424b-9868-57a2d4851a1d" relativeResultsDirectory="5fcc088e-f43c-418a-a5d3-179131d2fae6" />
    <UnitTestResult executionId="68ba9bb0-1864-4c7d-b762-2896d4ae1fd9" testId="8ac7050d-d7af-c392-8777-837030536554" testName="Timestamp_formatting" computerName="runnervmtr4k5" duration="00:00:00.0005370" startTime="2026-09-23T21:31:11.5315413+00:00" endTime="2026-09-23T21:31:11.5320780+00:00" testType="13cdc9d9-ddb5-4fa4-a97d-d965ccfc6d4b" outcome="Passed" testListId="8c84fa94-04c1-424b-9868-57a2d4851a1d" relativeResultsDirectory="68ba9bb0-1864-4c7d-b762-2896d4ae1fd9" />
    <UnitTestResult executionId="9cfa21c5-9391-4999-878b-fed326701a5a" testId="5967d81f-e741-bb1c-24ba-b9a1ea697b1e" testName="Success_actions_navigate_to_asset_and_history" computerName="runnervmtr4k5" duration="00:00:00.0045030" startTime="2026-09-23T21:31:11.5167893+00:00" endTime="2026-09-23T21:31:11.5212913+00:00" testType="13cdc9d9-ddb5-4fa4-a97d-d965ccfc6d4b" outcome="Passed" testListId="8c84fa94-04c1-424b-9868-57a2d4851a1d" relativeResultsDirectory="9cfa21c5-9391-4999-878b-fed326701a5a" />
    <UnitTestResult executionId="3e5f71e1-600a-4136-88bc-8b9a2ad92fe0" testId="ed831b8a-2374-12ff-c33c-c1f44e5a2454" testName="Data_mode_parsing(&quot;empty&quot;,Empty)" computerName="runnervmtr4k5" duration="00:00:00.0000140" startTime="2026-09-23T21:31:00.7141351+00:00" endTime="2026-09-23T21:31:00.7141493+00:00" testType="13cdc9d9-ddb5-4fa4-a97d-d965ccfc6d4b" outcome="Passed" testListId="8c84fa94-04c1-424b-9868-57a2d4851a1d" relativeResultsDirectory="3e5f71e1-600a-4136-88bc-8b9a2ad92fe0" />
    <UnitTestResult executionId="a50e6f8c-8a23-4b96-9c89-1157539663ff" testId="52d680ce-defe-2dc2-e08c-0c44390a187f" testName="Next_id_follows_the_highest_existing_number" computerName="runnervmtr4k5" duration="00:00:00.0017940" startTime="2026-09-23T21:31:02.3479140+00:00" endTime="2026-09-23T21:31:02.3497083+00:00" testType="13cdc9d9-ddb5-4fa4-a97d-d965ccfc6d4b" outcome="Passed" testListId="8c84fa94-04c1-424b-9868-57a2d4851a1d" relativeResultsDirectory="a50e6f8c-8a23-4b96-9c89-1157539663ff" />
    <UnitTestResult executionId="f83b54ba-e75e-4609-9a46-d3485877ef87" testId="044be290-726d-c554-d312-8462128118ae" testName="Data_mode_parsing(&quot;slow&quot;,Slow)" computerName="runnervmtr4k5" duration="00:00:00.0000060" startTime="2026-09-23T21:31:00.7141576+00:00" endTime="2026-09-23T21:31:00.7141639+00:00" testType="13cdc9d9-ddb5-4fa4-a97d-d965ccfc6d4b" outcome="Passed" testListId="8c84fa94-04c1-424b-9868-57a2d4851a1d" relativeResultsDirectory="f83b54ba-e75e-4609-9a46-d3485877ef87" />
    <UnitTestResult executionId="6761ae00-a10b-4ec0-a9bc-7655282df319" testId="e24b2363-895f-ba8e-ce32-4ea0aeb39b2c" testName="Temperature_range_is_inclusive(&quot;250.1&quot;,False)" computerName="runnervmtr4k5" duration="00:00:00.0006420" startTime="2026-09-23T21:31:11.5294381+00:00" endTime="2026-09-23T21:31:11.5300797+00:00" testType="13cdc9d9-ddb5-4fa4-a97d-d965ccfc6d4b" outcome="Passed" testListId="8c84fa94-04c1-424b-9868-57a2d4851a1d" relativeResultsDirectory="6761ae00-a10b-4ec0-a9bc-7655282df319" />
    <UnitTestResult executionId="e532d735-df35-45b0-861d-247e8360edcb" testId="2e823845-2063-194a-2d72-9d1e527ae6af" testName="Successful_submit_creates_exactly_one_inspection_and_navigates" computerName="runnervmtr4k5" duration="00:00:00.0034950" startTime="2026-09-23T21:31:11.5213359+00:00" endTime="2026-09-23T21:31:11.5248312+00:00" testType="13cdc9d9-ddb5-4fa4-a97d-d965ccfc6d4b" outcome="Passed" testListId="8c84fa94-04c1-424b-9868-57a2d4851a1d" relativeResultsDirectory="e532d735-df35-45b0-861d-247e8360edcb" />
    <UnitTestResult executionId="fda26009-e764-405c-9977-06ebb93855b5" testId="e2b9e8db-7c8b-8fba-6d61-582367e06020" testName="Assets_search_and_filter(&quot;cooling&quot;,All,[&quot;CT-007&quot;])" computerName="runnervmtr4k5" duration="00:00:00.0030060" startTime="2026-09-23T21:31:02.3939500+00:00" endTime="2026-09-23T21:31:02.3969556+00:00" testType="13cdc9d9-ddb5-4fa4-a97d-d965ccfc6d4b" outcome="Passed" testListId="8c84fa94-04c1-424b-9868-57a2d4851a1d" relativeResultsDirectory="fda26009-e764-405c-9977-06ebb93855b5" />
    <UnitTestResult executionId="6dd06ee1-12ad-4707-82e6-0b93c6abdc6d" testId="599e77a4-6fde-de7d-4c87-c34bbd7317fb" testName="Data_mode_parsing(null,Normal)" computerName="runnervmtr4k5" duration="00:00:00.0000060" startTime="2026-09-23T21:31:00.7142021+00:00" endTime="2026-09-23T21:31:00.7142078+00:00" testType="13cdc9d9-ddb5-4fa4-a97d-d965ccfc6d4b" outcome="Passed" testListId="8c84fa94-04c1-424b-9868-57a2d4851a1d" relativeResultsDirectory="6dd06ee1-12ad-4707-82e6-0b93c6abdc6d" />
    <UnitTestResult executionId="0c7696d7-ca74-448e-8b8d-31260c3c2b5f" testId="3cc2e54f-d3cd-80e0-e892-d7e5c8e8a2a3" testName="Assets_search_and_filter(&quot;roof&quot;,Operational,[&quot;FAN-305&quot;])" computerName="runnervmtr4k5" duration="00:00:00.0009490" startTime="2026-09-23T21:31:02.4031809+00:00" endTime="2026-09-23T21:31:02.4041293+00:00" testType="13cdc9d9-ddb5-4fa4-a97d-d965ccfc6d4b" outcome="Passed" testListId="8c84fa94-04c1-424b-9868-57a2d4851a1d" relativeResultsDirectory="0c7696d7-ca74-448e-8b8d-31260c3c2b5f" />
    <UnitTestResult executionId="f78e6170-adeb-4a6d-adf6-a8412c98ea9f" testId="92451776-62ba-795c-7aa9-8864e9936359" testName="Saving_never_modifies_the_benchmark_fixture_files" computerName="runnervmtr4k5" duration="00:00:00.0047880" startTime="2026-09-23T21:31:02.3497488+00:00" endTime="2026-09-23T21:31:02.3545365+00:00" testType="13cdc9d9-ddb5-4fa4-a97d-d965ccfc6d4b" outcome="Passed" testListId="8c84fa94-04c1-424b-9868-57a2d4851a1d" relativeResultsDirectory="f78e6170-adeb-4a6d-adf6-a8412c98ea9f" />
    <UnitTestResult executionId="01b24e6d-5513-4c55-9a80-f7b7dfa92638" testId="1c4eca39-09ca-0b1e-78e2-66b95aa9627a" testName="Temperature_range_is_inclusive(&quot;-50&quot;,True)" computerName="runnervmtr4k5" duration="00:00:00.0020390" startTime="2026-09-23T21:31:11.5249340+00:00" endTime="2026-09-23T21:31:11.5269732+00:00" testType="13cdc9d9-ddb5-4fa4-a97d-d965ccfc6d4b" outcome="Passed" testListId="8c84fa94-04c1-424b-9868-57a2d4851a1d" relativeResultsDirectory="01b24e6d-5513-4c55-9a80-f7b7dfa92638" />
    <UnitTestResult executionId="a4b76f2e-9563-49f4-a1ae-d804b9a17cc3" testId="800b53c4-e597-9174-35ab-8247b00e88d4" testName="New_inspection_appears_first_in_history_immediately" computerName="runnervmtr4k5" duration="00:00:00.0534110" startTime="2026-09-23T21:31:03.0438447+00:00" endTime="2026-09-23T21:31:03.0972551+00:00" testType="13cdc9d9-ddb5-4fa4-a97d-d965ccfc6d4b" outcome="Passed" testListId="8c84fa94-04c1-424b-9868-57a2d4851a1d" relativeResultsDirectory="a4b76f2e-9563-49f4-a1ae-d804b9a17cc3" />
    <UnitTestResult executionId="27f771ed-eab6-4f2e-8393-0a9c57e40aa9" testId="73956f71-7c24-853f-ed19-297a1a3c40ed" testName="Submit_is_disabled_until_required_fields_are_valid" computerName="runnervmtr4k5" duration="00:00:00.0027960" startTime="2026-09-23T21:31:11.5139569+00:00" endTime="2026-09-23T21:31:11.5167534+00:00" testType="13cdc9d9-ddb5-4fa4-a97d-d965ccfc6d4b" outcome="Passed" testListId="8c84fa94-04c1-424b-9868-57a2d4851a1d" relativeResultsDirectory="27f771ed-eab6-4f2e-8393-0a9c57e40aa9" />
    <UnitTestResult executionId="a2ba5515-5e69-40db-aca3-85fbf4164402" testId="4e3ae567-4b75-4d78-2984-aa253720d416" testName="Seeds_all_twelve_assets_and_six_inspections" computerName="runnervmtr4k5" duration="00:00:00.0031600" startTime="2026-09-23T21:31:02.3545722+00:00" endTime="2026-09-23T21:31:02.3577321+00:00" testType="13cdc9d9-ddb5-4fa4-a97d-d965ccfc6d4b" outcome="Passed" testListId="8c84fa94-04c1-424b-9868-57a2d4851a1d" relativeResultsDirectory="a2ba5515-5e69-40db-aca3-85fbf4164402" />
    <UnitTestResult executionId="3a119fec-dc67-4091-9ef9-402e08f469f5" testId="961b7cea-13a0-7a51-8953-1f88fc308135" testName="Assets_search_and_filter(&quot;ROOF&quot;,All,[&quot;AHU-203&quot;, &quot;CT-007&quot;, &quot;FAN-305&quot;])" computerName="runnervmtr4k5" duration="00:00:00.0007910" startTime="2026-09-23T21:31:02.3997147+00:00" endTime="2026-09-23T21:31:02.4005056+00:00" testType="13cdc9d9-ddb5-4fa4-a97d-d965ccfc6d4b" outcome="Passed" testListId="8c84fa94-04c1-424b-9868-57a2d4851a1d" relativeResultsDirectory="3a119fec-dc67-4091-9ef9-402e08f469f5" />
    <UnitTestResult executionId="c8af2deb-d34b-40aa-9fe9-74fbe9d27e97" testId="cacd4947-eb57-d792-40f9-56bc27df0eed" testName="Save_failure_reports_error_and_does_not_navigate" computerName="runnervmtr4k5" duration="00:00:00.4029550" startTime="2026-09-23T21:31:11.1109378+00:00" endTime="2026-09-23T21:31:11.5138928+00:00" testType="13cdc9d9-ddb5-4fa4-a97d-d965ccfc6d4b" outcome="Passed" testListId="8c84fa94-04c1-424b-9868-57a2d4851a1d" relativeResultsDirectory="c8af2deb-d34b-40aa-9fe9-74fbe9d27e97" />
    <UnitTestResult executionId="44d4ce23-3b6e-4944-9c5a-5eb9c97df651" testId="04261274-ab07-3f03-bcf6-21c0fc212f55" testName="Repeated_activation_while_saving_creates_one_inspection" computerName="runnervmtr4k5" duration="00:00:08.0046769" startTime="2026-09-23T21:31:03.1061968+00:00" endTime="2026-09-23T21:31:11.1108729+00:00" testType="13cdc9d9-ddb5-4fa4-a97d-d965ccfc6d4b" outcome="Passed" testListId="8c84fa94-04c1-424b-9868-57a2d4851a1d" relativeResultsDirectory="44d4ce23-3b6e-4944-9c5a-5eb9c97df651" />
    <UnitTestResult executionId="d9e5109e-06e0-4b01-a624-d60279281fd2" testId="e4e28ecb-266d-dec7-a85f-76eb8ad262f4" testName="Assets_search_and_filter(&quot;&quot;,Critical,[&quot;CT-007&quot;, &quot;EF-090&quot;])" computerName="runnervmtr4k5" duration="00:00:00.0008630" startTime="2026-09-23T21:31:02.4005409+00:00" endTime="2026-09-23T21:31:02.4014035+00:00" testType="13cdc9d9-ddb5-4fa4-a97d-d965ccfc6d4b" outcome="Passed" testListId="8c84fa94-04c1-424b-9868-57a2d4851a1d" relativeResultsDirectory="d9e5109e-06e0-4b01-a624-d60279281fd2" />
    <UnitTestResult executionId="388226e0-0fb6-4280-85b7-3bf92f17123f" testId="9837ced1-a01b-79cf-0cb4-d99c593c5b55" testName="Assets_search_and_filter(&quot;roof&quot;,Critical,[&quot;CT-007&quot;])" computerName="runnervmtr4k5" duration="00:00:00.0008670" startTime="2026-09-23T21:31:02.4022829+00:00" endTime="2026-09-23T21:31:02.4031493+00:00" testType="13cdc9d9-ddb5-4fa4-a97d-d965ccfc6d4b" outcome="Passed" testListId="8c84fa94-04c1-424b-9868-57a2d4851a1d" relativeResultsDirectory="388226e0-0fb6-4280-85b7-3bf92f17123f" />
    <UnitTestResult executionId="52a892ad-2f3d-4203-91aa-e37c1cf0fdf7" testId="8152bec8-db64-4696-85a0-5a0c5814a6d5" testName="Dashboard_reports_empty_and_error_states" computerName="runnervmtr4k5" duration="00:00:00.6057060" startTime="2026-09-23T21:31:02.4273475+00:00" endTime="2026-09-23T21:31:03.0330530+00:00" testType="13cdc9d9-ddb5-4fa4-a97d-d965ccfc6d4b" outcome="Passed" testListId="8c84fa94-04c1-424b-9868-57a2d4851a1d" relativeResultsDirectory="52a892ad-2f3d-4203-91aa-e37c1cf0fdf7" />
    <UnitTestResult executionId="04a4d2c6-49e5-4aab-b5a3-47ff02257a30" testId="555728f0-6772-ec4b-ac44-67c7553b6f8c" testName="Picker_select_cancel_and_failure_keep_the_form_usable" computerName="runnervmtr4k5" duration="00:00:00.0088360" startTime="2026-09-23T21:31:03.0973128+00:00" endTime="2026-09-23T21:31:03.1061491+00:00" testType="13cdc9d9-ddb5-4fa4-a97d-d965ccfc6d4b" outcome="Passed" testListId="8c84fa94-04c1-424b-9868-57a2d4851a1d" relativeResultsDirectory="04a4d2c6-49e5-4aab-b5a3-47ff02257a30" />
    <UnitTestResult executionId="baa95ae5-2080-4f56-b818-e0cbe3774410" testId="b9aeeb57-77b5-2794-ec49-6942cf68579c" testName="Cancel_goes_back_without_saving" computerName="runnervmtr4k5" duration="00:00:00.0113370" startTime="2026-09-23T21:31:02.4041894+00:00" endTime="2026-09-23T21:31:02.4155259+00:00" testType="13cdc9d9-ddb5-4fa4-a97d-d965ccfc6d4b" outcome="Passed" testListId="8c84fa94-04c1-424b-9868-57a2d4851a1d" relativeResultsDirectory="baa95ae5-2080-4f56-b818-e0cbe3774410" />
    <UnitTestResult executionId="3d15d5b3-1d68-4976-9a72-605c6e42d861" testId="1c93215e-4091-8d15-7487-ef577c944bc5" testName="Data_mode_parsing(&quot;error&quot;,Error)" computerName="runnervmtr4k5" duration="00:00:00.0008720" startTime="2026-09-23T21:31:00.7129297+00:00" endTime="2026-09-23T21:31:00.7138020+00:00" testType="13cdc9d9-ddb5-4fa4-a97d-d965ccfc6d4b" outcome="Passed" testListId="8c84fa94-04c1-424b-9868-57a2d4851a1d" relativeResultsDirectory="3d15d5b3-1d68-4976-9a72-605c6e42d861" />
    <UnitTestResult executionId="112090e6-fddb-4e95-b6e0-c6b58377feb0" testId="31c01c01-f42e-efae-0a10-b13a817adbca" testName="Assets_search_and_filter(&quot;PMP&quot;,All,[&quot;PMP-104&quot;, &quot;PMP-220&quot;])" computerName="runnervmtr4k5" duration="00:00:00.0012840" startTime="2026-09-23T21:31:02.3975079+00:00" endTime="2026-09-23T21:31:02.3987915+00:00" testType="13cdc9d9-ddb5-4fa4-a97d-d965ccfc6d4b" outcome="Passed" testListId="8c84fa94-04c1-424b-9868-57a2d4851a1d" relativeResultsDirectory="112090e6-fddb-4e95-b6e0-c6b58377feb0" />
    <UnitTestResult executionId="025d46d2-eac3-4c73-b134-df5d46d4f6e8" testId="9f7301f1-072c-9372-73af-4069fda5dc7e" testName="Temperature_range_is_inclusive(&quot;250&quot;,True)" computerName="runnervmtr4k5" duration="00:00:00.0009840" startTime="2026-09-23T21:31:11.5269998+00:00" endTime="2026-09-23T21:31:11.5279834+00:00" testType="13cdc9d9-ddb5-4fa4-a97d-d965ccfc6d4b" outcome="Passed" testListId="8c84fa94-04c1-424b-9868-57a2d4851a1d" relativeResultsDirectory="025d46d2-eac3-4c73-b134-df5d46d4f6e8" />
  </Results>
  <TestDefinitions>
    <UnitTest name="Temperature_range_is_inclusive(&quot;250.1&quot;,False)" storage="/home/runner/work/uno-builds/uno-builds/fieldcheck/app/fieldcheck/fieldcheck.tests/bin/release/net10.0/fieldcheck.tests.dll" id="e24b2363-895f-ba8e-ce32-4ea0aeb39b2c">
      <Execution id="6761ae00-a10b-4ec0-a9bc-7655282df319" />
      <TestMethod codeBase="/home/runner/work/Uno-Builds/Uno-Builds/FieldCheck/app/FieldCheck/FieldCheck.Tests/bin/Release/net10.0/FieldCheck.Tests.dll" adapterTypeName="executor://nunit3testexecutor/" className="FieldCheck.Tests.ViewModelTests" name="Temperature_range_is_inclusive(&quot;250.1&quot;,False)" />
    </UnitTest>
    <UnitTest name="Assets_search_and_filter(&quot;roof&quot;,Critical,[&quot;CT-007&quot;])" storage="/home/runner/work/uno-builds/uno-builds/fieldcheck/app/fieldcheck/fieldcheck.tests/bin/release/net10.0/fieldcheck.tests.dll" id="9837ced1-a01b-79cf-0cb4-d99c593c5b55">
      <Execution id="388226e0-0fb6-4280-85b7-3bf92f17123f" />
      <TestMethod codeBase="/home/runner/work/Uno-Builds/Uno-Builds/FieldCheck/app/FieldCheck/FieldCheck.Tests/bin/Release/net10.0/FieldCheck.Tests.dll" adapterTypeName="executor://nunit3testexecutor/" className="FieldCheck.Tests.ViewModelTests" name="Assets_search_and_filter(&quot;roof&quot;,Critical,[&quot;CT-007&quot;])" />
    </UnitTest>
    <UnitTest name="Data_modes_are_deterministic" storage="/home/runner/work/uno-builds/uno-builds/fieldcheck/app/fieldcheck/fieldcheck.tests/bin/release/net10.0/fieldcheck.tests.dll" id="9b16206d-b7ef-e539-9fee-1d13dacf7fad">
      <Execution id="71477df9-51ec-4395-879c-ce7f55241636" />
      <TestMethod codeBase="/home/runner/work/Uno-Builds/Uno-Builds/FieldCheck/app/FieldCheck/FieldCheck.Tests/bin/Release/net10.0/FieldCheck.Tests.dll" adapterTypeName="executor://nunit3testexecutor/" className="FieldCheck.Tests.RepositoryTests" name="Data_modes_are_deterministic" />
    </UnitTest>
    <UnitTest name="Assets_no_results_is_distinct_from_empty" storage="/home/runner/work/uno-builds/uno-builds/fieldcheck/app/fieldcheck/fieldcheck.tests/bin/release/net10.0/fieldcheck.tests.dll" id="9d70edb6-66e8-6bcb-1445-5902b6da99d5">
      <Execution id="ddfc6592-fc1a-49db-8485-79a54c50173d" />
      <TestMethod codeBase="/home/runner/work/Uno-Builds/Uno-Builds/FieldCheck/app/FieldCheck/FieldCheck.Tests/bin/Release/net10.0/FieldCheck.Tests.dll" adapterTypeName="executor://nunit3testexecutor/" className="FieldCheck.Tests.ViewModelTests" name="Assets_no_results_is_distinct_from_empty" />
    </UnitTest>
    <UnitTest name="Timestamp_formatting" storage="/home/runner/work/uno-builds/uno-builds/fieldcheck/app/fieldcheck/fieldcheck.tests/bin/release/net10.0/fieldcheck.tests.dll" id="8ac7050d-d7af-c392-8777-837030536554">
      <Execution id="68ba9bb0-1864-4c7d-b762-2896d4ae1fd9" />
      <TestMethod codeBase="/home/runner/work/Uno-Builds/Uno-Builds/FieldCheck/app/FieldCheck/FieldCheck.Tests/bin/Release/net10.0/FieldCheck.Tests.dll" adapterTypeName="executor://nunit3testexecutor/" className="FieldCheck.Tests.ViewModelTests" name="Timestamp_formatting" />
    </UnitTest>
    <UnitTest name="Assets_search_and_filter(&quot;ROOF&quot;,All,[&quot;AHU-203&quot;, &quot;CT-007&quot;, &quot;FAN-305&quot;])" storage="/home/runner/work/uno-builds/uno-builds/fieldcheck/app/fieldcheck/fieldcheck.tests/bin/release/net10.0/fieldcheck.tests.dll" id="961b7cea-13a0-7a51-8953-1f88fc308135">
      <Execution id="3a119fec-dc67-4091-9ef9-402e08f469f5" />
      <TestMethod codeBase="/home/runner/work/Uno-Builds/Uno-Builds/FieldCheck/app/FieldCheck/FieldCheck.Tests/bin/Release/net10.0/FieldCheck.Tests.dll" adapterTypeName="executor://nunit3testexecutor/" className="FieldCheck.Tests.ViewModelTests" name="Assets_search_and_filter(&quot;ROOF&quot;,All,[&quot;AHU-203&quot;, &quot;CT-007&quot;, &quot;FAN-305&quot;])" />
    </UnitTest>
    <UnitTest name="Write_failure_throws_and_leaves_state_unchanged" storage="/home/runner/work/uno-builds/uno-builds/fieldcheck/app/fieldcheck/fieldcheck.tests/bin/release/net10.0/fieldcheck.tests.dll" id="b12f152b-4615-4892-351c-6fd64f9014f7">
      <Execution id="c560b6fb-0b59-48ab-a69e-969cbb111986" />
      <TestMethod codeBase="/home/runner/work/Uno-Builds/Uno-Builds/FieldCheck/app/FieldCheck/FieldCheck.Tests/bin/Release/net10.0/FieldCheck.Tests.dll" adapterTypeName="executor://nunit3testexecutor/" className="FieldCheck.Tests.RepositoryTests" name="Write_failure_throws_and_leaves_state_unchanged" />
    </UnitTest>
    <UnitTest name="Temperature_range_is_inclusive(&quot;250&quot;,True)" storage="/home/runner/work/uno-builds/uno-builds/fieldcheck/app/fieldcheck/fieldcheck.tests/bin/release/net10.0/fieldcheck.tests.dll" id="9f7301f1-072c-9372-73af-4069fda5dc7e">
      <Execution id="025d46d2-eac3-4c73-b134-df5d46d4f6e8" />
      <TestMethod codeBase="/home/runner/work/Uno-Builds/Uno-Builds/FieldCheck/app/FieldCheck/FieldCheck.Tests/bin/Release/net10.0/FieldCheck.Tests.dll" adapterTypeName="executor://nunit3testexecutor/" className="FieldCheck.Tests.ViewModelTests" name="Temperature_range_is_inclusive(&quot;250&quot;,True)" />
    </UnitTest>
    <UnitTest name="Cancel_goes_back_without_saving" storage="/home/runner/work/uno-builds/uno-builds/fieldcheck/app/fieldcheck/fieldcheck.tests/bin/release/net10.0/fieldcheck.tests.dll" id="b9aeeb57-77b5-2794-ec49-6942cf68579c">
      <Execution id="baa95ae5-2080-4f56-b818-e0cbe3774410" />
      <TestMethod codeBase="/home/runner/work/Uno-Builds/Uno-Builds/FieldCheck/app/FieldCheck/FieldCheck.Tests/bin/Release/net10.0/FieldCheck.Tests.dll" adapterTypeName="executor://nunit3testexecutor/" className="FieldCheck.Tests.ViewModelTests" name="Cancel_goes_back_without_saving" />
    </UnitTest>
    <UnitTest name="Data_mode_parsing(&quot;save-error&quot;,SaveError)" storage="/home/runner/work/uno-builds/uno-builds/fieldcheck/app/fieldcheck/fieldcheck.tests/bin/release/net10.0/fieldcheck.tests.dll" id="c66058e0-2a69-7251-d4c8-fc0bd55fbffe">
      <Execution id="bf802b96-87a9-4369-86b2-3817636ac43f" />
      <TestMethod codeBase="/home/runner/work/Uno-Builds/Uno-Builds/FieldCheck/app/FieldCheck/FieldCheck.Tests/bin/Release/net10.0/FieldCheck.Tests.dll" adapterTypeName="executor://nunit3testexecutor/" className="FieldCheck.Tests.RepositoryTests" name="Data_mode_parsing(&quot;save-error&quot;,SaveError)" />
    </UnitTest>
    <UnitTest name="Success_actions_navigate_to_asset_and_history" storage="/home/runner/work/uno-builds/uno-builds/fieldcheck/app/fieldcheck/fieldcheck.tests/bin/release/net10.0/fieldcheck.tests.dll" id="5967d81f-e741-bb1c-24ba-b9a1ea697b1e">
      <Execution id="9cfa21c5-9391-4999-878b-fed326701a5a" />
      <TestMethod codeBase="/home/runner/work/Uno-Builds/Uno-Builds/FieldCheck/app/FieldCheck/FieldCheck.Tests/bin/Release/net10.0/FieldCheck.Tests.dll" adapterTypeName="executor://nunit3testexecutor/" className="FieldCheck.Tests.ViewModelTests" name="Success_actions_navigate_to_asset_and_history" />
    </UnitTest>
    <UnitTest name="Generated_ids_are_unique_and_stable" storage="/home/runner/work/uno-builds/uno-builds/fieldcheck/app/fieldcheck/fieldcheck.tests/bin/release/net10.0/fieldcheck.tests.dll" id="8b89425b-5f3b-20d6-32d8-3ab34297400a">
      <Execution id="7b30a93c-fff4-4d83-8ea1-20ab605b48d5" />
      <TestMethod codeBase="/home/runner/work/Uno-Builds/Uno-Builds/FieldCheck/app/FieldCheck/FieldCheck.Tests/bin/Release/net10.0/FieldCheck.Tests.dll" adapterTypeName="executor://nunit3testexecutor/" className="FieldCheck.Tests.RepositoryTests" name="Generated_ids_are_unique_and_stable" />
    </UnitTest>
    <UnitTest name="History_is_newest_first_and_filters" storage="/home/runner/work/uno-builds/uno-builds/fieldcheck/app/fieldcheck/fieldcheck.tests/bin/release/net10.0/fieldcheck.tests.dll" id="35b62df2-148b-f364-c307-afc590091eb3">
      <Execution id="886561b4-4b7a-4e39-a4f1-03d91eb5bc34" />
      <TestMethod codeBase="/home/runner/work/Uno-Builds/Uno-Builds/FieldCheck/app/FieldCheck/FieldCheck.Tests/bin/Release/net10.0/FieldCheck.Tests.dll" adapterTypeName="executor://nunit3testexecutor/" className="FieldCheck.Tests.ViewModelTests" name="History_is_newest_first_and_filters" />
    </UnitTest>
    <UnitTest name="Assets_search_and_filter(&quot;&quot;,Critical,[&quot;CT-007&quot;, &quot;EF-090&quot;])" storage="/home/runner/work/uno-builds/uno-builds/fieldcheck/app/fieldcheck/fieldcheck.tests/bin/release/net10.0/fieldcheck.tests.dll" id="e4e28ecb-266d-dec7-a85f-76eb8ad262f4">
      <Execution id="d9e5109e-06e0-4b01-a624-d60279281fd2" />
      <TestMethod codeBase="/home/runner/work/Uno-Builds/Uno-Builds/FieldCheck/app/FieldCheck/FieldCheck.Tests/bin/Release/net10.0/FieldCheck.Tests.dll" adapterTypeName="executor://nunit3testexecutor/" className="FieldCheck.Tests.ViewModelTests" name="Assets_search_and_filter(&quot;&quot;,Critical,[&quot;CT-007&quot;, &quot;EF-090&quot;])" />
    </UnitTest>
    <UnitTest name="Asset_detail_reflects_newest_inspection_after_save" storage="/home/runner/work/uno-builds/uno-builds/fieldcheck/app/fieldcheck/fieldcheck.tests/bin/release/net10.0/fieldcheck.tests.dll" id="e39bb4d4-c0e8-b6b6-d093-ccc8b2e12736">
      <Execution id="bfe5dc23-a664-4e94-885d-1b3366bac125" />
      <TestMethod codeBase="/home/runner/work/Uno-Builds/Uno-Builds/FieldCheck/app/FieldCheck/FieldCheck.Tests/bin/Release/net10.0/FieldCheck.Tests.dll" adapterTypeName="executor://nunit3testexecutor/" className="FieldCheck.Tests.ViewModelTests" name="Asset_detail_reflects_newest_inspection_after_save" />
    </UnitTest>
    <UnitTest name="Repeated_activation_while_saving_creates_one_inspection" storage="/home/runner/work/uno-builds/uno-builds/fieldcheck/app/fieldcheck/fieldcheck.tests/bin/release/net10.0/fieldcheck.tests.dll" id="04261274-ab07-3f03-bcf6-21c0fc212f55">
      <Execution id="44d4ce23-3b6e-4944-9c5a-5eb9c97df651" />
      <TestMethod codeBase="/home/runner/work/Uno-Builds/Uno-Builds/FieldCheck/app/FieldCheck/FieldCheck.Tests/bin/Release/net10.0/FieldCheck.Tests.dll" adapterTypeName="executor://nunit3testexecutor/" className="FieldCheck.Tests.ViewModelTests" name="Repeated_activation_while_saving_creates_one_inspection" />
    </UnitTest>
    <UnitTest name="Temperature_range_is_inclusive(&quot;-50&quot;,True)" storage="/home/runner/work/uno-builds/uno-builds/fieldcheck/app/fieldcheck/fieldcheck.tests/bin/release/net10.0/fieldcheck.tests.dll" id="1c4eca39-09ca-0b1e-78e2-66b95aa9627a">
      <Execution id="01b24e6d-5513-4c55-9a80-f7b7dfa92638" />
      <TestMethod codeBase="/home/runner/work/Uno-Builds/Uno-Builds/FieldCheck/app/FieldCheck/FieldCheck.Tests/bin/Release/net10.0/FieldCheck.Tests.dll" adapterTypeName="executor://nunit3testexecutor/" className="FieldCheck.Tests.ViewModelTests" name="Temperature_range_is_inclusive(&quot;-50&quot;,True)" />
    </UnitTest>
    <UnitTest name="Assets_search_and_filter(&quot;PMP&quot;,All,[&quot;PMP-104&quot;, &quot;PMP-220&quot;])" storage="/home/runner/work/uno-builds/uno-builds/fieldcheck/app/fieldcheck/fieldcheck.tests/bin/release/net10.0/fieldcheck.tests.dll" id="31c01c01-f42e-efae-0a10-b13a817adbca">
      <Execution id="112090e6-fddb-4e95-b6e0-c6b58377feb0" />
      <TestMethod codeBase="/home/runner/work/Uno-Builds/Uno-Builds/FieldCheck/app/FieldCheck/FieldCheck.Tests/bin/Release/net10.0/FieldCheck.Tests.dll" adapterTypeName="executor://nunit3testexecutor/" className="FieldCheck.Tests.ViewModelTests" name="Assets_search_and_filter(&quot;PMP&quot;,All,[&quot;PMP-104&quot;, &quot;PMP-220&quot;])" />
    </UnitTest>
    <UnitTest name="Dashboard_counts_are_derived_from_data" storage="/home/runner/work/uno-builds/uno-builds/fieldcheck/app/fieldcheck/fieldcheck.tests/bin/release/net10.0/fieldcheck.tests.dll" id="016a5fd2-b9ac-fdf5-0708-d507797d2d74">
      <Execution id="71b9b6d9-fb52-4e25-ba96-1a1282bf42b2" />
      <TestMethod codeBase="/home/runner/work/Uno-Builds/Uno-Builds/FieldCheck/app/FieldCheck/FieldCheck.Tests/bin/Release/net10.0/FieldCheck.Tests.dll" adapterTypeName="executor://nunit3testexecutor/" className="FieldCheck.Tests.ViewModelTests" name="Dashboard_counts_are_derived_from_data" />
    </UnitTest>
    <UnitTest name="Data_mode_parsing(&quot;bogus&quot;,Normal)" storage="/home/runner/work/uno-builds/uno-builds/fieldcheck/app/fieldcheck/fieldcheck.tests/bin/release/net10.0/fieldcheck.tests.dll" id="931b5757-b39d-2e8b-53fb-992531ccd5e2">
      <Execution id="78e32299-db2c-4831-85b5-7aa9b5201bf0" />
      <TestMethod codeBase="/home/runner/work/Uno-Builds/Uno-Builds/FieldCheck/app/FieldCheck/FieldCheck.Tests/bin/Release/net10.0/FieldCheck.Tests.dll" adapterTypeName="executor://nunit3testexecutor/" className="FieldCheck.Tests.RepositoryTests" name="Data_mode_parsing(&quot;bogus&quot;,Normal)" />
    </UnitTest>
    <UnitTest name="Successful_submit_creates_exactly_one_inspection_and_navigates" storage="/home/runner/work/uno-builds/uno-builds/fieldcheck/app/fieldcheck/fieldcheck.tests/bin/release/net10.0/fieldcheck.tests.dll" id="2e823845-2063-194a-2d72-9d1e527ae6af">
      <Execution id="e532d735-df35-45b0-861d-247e8360edcb" />
      <TestMethod codeBase="/home/runner/work/Uno-Builds/Uno-Builds/FieldCheck/app/FieldCheck/FieldCheck.Tests/bin/Release/net10.0/FieldCheck.Tests.dll" adapterTypeName="executor://nunit3testexecutor/" className="FieldCheck.Tests.ViewModelTests" name="Successful_submit_creates_exactly_one_inspection_and_navigates" />
    </UnitTest>
    <UnitTest name="Data_mode_parsing(&quot;error&quot;,Error)" storage="/home/runner/work/uno-builds/uno-builds/fieldcheck/app/fieldcheck/fieldcheck.tests/bin/release/net10.0/fieldcheck.tests.dll" id="1c93215e-4091-8d15-7487-ef577c944bc5">
      <Execution id="3d15d5b3-1d68-4976-9a72-605c6e42d861" />
      <TestMethod codeBase="/home/runner/work/Uno-Builds/Uno-Builds/FieldCheck/app/FieldCheck/FieldCheck.Tests/bin/Release/net10.0/FieldCheck.Tests.dll" adapterTypeName="executor://nunit3testexecutor/" className="FieldCheck.Tests.RepositoryTests" name="Data_mode_parsing(&quot;error&quot;,Error)" />
    </UnitTest>
    <UnitTest name="Picker_select_cancel_and_failure_keep_the_form_usable" storage="/home/runner/work/uno-builds/uno-builds/fieldcheck/app/fieldcheck/fieldcheck.tests/bin/release/net10.0/fieldcheck.tests.dll" id="555728f0-6772-ec4b-ac44-67c7553b6f8c">
      <Execution id="04a4d2c6-49e5-4aab-b5a3-47ff02257a30" />
      <TestMethod codeBase="/home/runner/work/Uno-Builds/Uno-Builds/FieldCheck/app/FieldCheck/FieldCheck.Tests/bin/Release/net10.0/FieldCheck.Tests.dll" adapterTypeName="executor://nunit3testexecutor/" className="FieldCheck.Tests.ViewModelTests" name="Picker_select_cancel_and_failure_keep_the_form_usable" />
    </UnitTest>
    <UnitTest name="Attachment_is_copied_into_app_storage" storage="/home/runner/work/uno-builds/uno-builds/fieldcheck/app/fieldcheck/fieldcheck.tests/bin/release/net10.0/fieldcheck.tests.dll" id="89e8a839-345a-b13c-95b7-2e725c0c6866">
      <Execution id="65553445-fe34-490f-a30c-636cfca74247" />
      <TestMethod codeBase="/home/runner/work/Uno-Builds/Uno-Builds/FieldCheck/app/FieldCheck/FieldCheck.Tests/bin/Release/net10.0/FieldCheck.Tests.dll" adapterTypeName="executor://nunit3testexecutor/" className="FieldCheck.Tests.RepositoryTests" name="Attachment_is_copied_into_app_storage" />
    </UnitTest>
    <UnitTest name="Assets_search_and_filter(&quot;cooling&quot;,All,[&quot;CT-007&quot;])" storage="/home/runner/work/uno-builds/uno-builds/fieldcheck/app/fieldcheck/fieldcheck.tests/bin/release/net10.0/fieldcheck.tests.dll" id="e2b9e8db-7c8b-8fba-6d61-582367e06020">
      <Execution id="fda26009-e764-405c-9977-06ebb93855b5" />
      <TestMethod codeBase="/home/runner/work/Uno-Builds/Uno-Builds/FieldCheck/app/FieldCheck/FieldCheck.Tests/bin/Release/net10.0/FieldCheck.Tests.dll" adapterTypeName="executor://nunit3testexecutor/" className="FieldCheck.Tests.ViewModelTests" name="Assets_search_and_filter(&quot;cooling&quot;,All,[&quot;CT-007&quot;])" />
    </UnitTest>
    <UnitTest name="Submit_is_disabled_until_required_fields_are_valid" storage="/home/runner/work/uno-builds/uno-builds/fieldcheck/app/fieldcheck/fieldcheck.tests/bin/release/net10.0/fieldcheck.tests.dll" id="73956f71-7c24-853f-ed19-297a1a3c40ed">
      <Execution id="27f771ed-eab6-4f2e-8393-0a9c57e40aa9" />
      <TestMethod codeBase="/home/runner/work/Uno-Builds/Uno-Builds/FieldCheck/app/FieldCheck/FieldCheck.Tests/bin/Release/net10.0/FieldCheck.Tests.dll" adapterTypeName="executor://nunit3testexecutor/" className="FieldCheck.Tests.ViewModelTests" name="Submit_is_disabled_until_required_fields_are_valid" />
    </UnitTest>
    <UnitTest name="Seeds_all_twelve_assets_and_six_inspections" storage="/home/runner/work/uno-builds/uno-builds/fieldcheck/app/fieldcheck/fieldcheck.tests/bin/release/net10.0/fieldcheck.tests.dll" id="4e3ae567-4b75-4d78-2984-aa253720d416">
      <Execution id="a2ba5515-5e69-40db-aca3-85fbf4164402" />
      <TestMethod codeBase="/home/runner/work/Uno-Builds/Uno-Builds/FieldCheck/app/FieldCheck/FieldCheck.Tests/bin/Release/net10.0/FieldCheck.Tests.dll" adapterTypeName="executor://nunit3testexecutor/" className="FieldCheck.Tests.RepositoryTests" name="Seeds_all_twelve_assets_and_six_inspections" />
    </UnitTest>
    <UnitTest name="Data_mode_parsing(null,Normal)" storage="/home/runner/work/uno-builds/uno-builds/fieldcheck/app/fieldcheck/fieldcheck.tests/bin/release/net10.0/fieldcheck.tests.dll" id="599e77a4-6fde-de7d-4c87-c34bbd7317fb">
      <Execution id="6dd06ee1-12ad-4707-82e6-0b93c6abdc6d" />
      <TestMethod codeBase="/home/runner/work/Uno-Builds/Uno-Builds/FieldCheck/app/FieldCheck/FieldCheck.Tests/bin/Release/net10.0/FieldCheck.Tests.dll" adapterTypeName="executor://nunit3testexecutor/" className="FieldCheck.Tests.RepositoryTests" name="Data_mode_parsing(null,Normal)" />
    </UnitTest>
    <UnitTest name="Corrupt_local_data_surfaces_a_repository_exception" storage="/home/runner/work/uno-builds/uno-builds/fieldcheck/app/fieldcheck/fieldcheck.tests/bin/release/net10.0/fieldcheck.tests.dll" id="4158b6eb-d22e-c8b9-0f3a-4910a5296057">
      <Execution id="5fcc088e-f43c-418a-a5d3-179131d2fae6" />
      <TestMethod codeBase="/home/runner/work/Uno-Builds/Uno-Builds/FieldCheck/app/FieldCheck/FieldCheck.Tests/bin/Release/net10.0/FieldCheck.Tests.dll" adapterTypeName="executor://nunit3testexecutor/" className="FieldCheck.Tests.RepositoryTests" name="Corrupt_local_data_surfaces_a_repository_exception" />
    </UnitTest>
    <UnitTest name="Temperature_range_is_inclusive(&quot;-51&quot;,False)" storage="/home/runner/work/uno-builds/uno-builds/fieldcheck/app/fieldcheck/fieldcheck.tests/bin/release/net10.0/fieldcheck.tests.dll" id="b13ebba2-f006-a127-b395-c9631f5e1d4e">
      <Execution id="6125fc76-9630-4dfa-b872-995899d42811" />
      <TestMethod codeBase="/home/runner/work/Uno-Builds/Uno-Builds/FieldCheck/app/FieldCheck/FieldCheck.Tests/bin/Release/net10.0/FieldCheck.Tests.dll" adapterTypeName="executor://nunit3testexecutor/" className="FieldCheck.Tests.ViewModelTests" name="Temperature_range_is_inclusive(&quot;-51&quot;,False)" />
    </UnitTest>
    <UnitTest name="Temperature_range_is_inclusive(&quot;27.5&quot;,True)" storage="/home/runner/work/uno-builds/uno-builds/fieldcheck/app/fieldcheck/fieldcheck.tests/bin/release/net10.0/fieldcheck.tests.dll" id="874ec84c-b730-4645-f99a-855ac936f00f">
      <Execution id="28343ddf-566e-4407-bb62-42f6b7b2608c" />
      <TestMethod codeBase="/home/runner/work/Uno-Builds/Uno-Builds/FieldCheck/app/FieldCheck/FieldCheck.Tests/bin/Release/net10.0/FieldCheck.Tests.dll" adapterTypeName="executor://nunit3testexecutor/" className="FieldCheck.Tests.ViewModelTests" name="Temperature_range_is_inclusive(&quot;27.5&quot;,True)" />
    </UnitTest>
    <UnitTest name="Temperature_range_is_inclusive(&quot;&quot;,False)" storage="/home/runner/work/uno-builds/uno-builds/fieldcheck/app/fieldcheck/fieldcheck.tests/bin/release/net10.0/fieldcheck.tests.dll" id="c8bbc628-0cdb-88d8-32a5-2b8a89b03ec8">
      <Execution id="d8cb38b9-d406-49db-bc30-7b36310e23f1" />
      <TestMethod codeBase="/home/runner/work/Uno-Builds/Uno-Builds/FieldCheck/app/FieldCheck/FieldCheck.Tests/bin/Release/net10.0/FieldCheck.Tests.dll" adapterTypeName="executor://nunit3testexecutor/" className="FieldCheck.Tests.ViewModelTests" name="Temperature_range_is_inclusive(&quot;&quot;,False)" />
    </UnitTest>
    <UnitTest name="Added_inspection_is_persisted_and_survives_a_new_repository_instance" storage="/home/runner/work/uno-builds/uno-builds/fieldcheck/app/fieldcheck/fieldcheck.tests/bin/release/net10.0/fieldcheck.tests.dll" id="3fdc559d-49b5-939a-ea88-5f5ccb46e6e5">
      <Execution id="aa4e7118-06f2-481f-8e9b-432441d2610f" />
      <TestMethod codeBase="/home/runner/work/Uno-Builds/Uno-Builds/FieldCheck/app/FieldCheck/FieldCheck.Tests/bin/Release/net10.0/FieldCheck.Tests.dll" adapterTypeName="executor://nunit3testexecutor/" className="FieldCheck.Tests.RepositoryTests" name="Added_inspection_is_persisted_and_survives_a_new_repository_instance" />
    </UnitTest>
    <UnitTest name="Temperature_range_is_inclusive(&quot;abc&quot;,False)" storage="/home/runner/work/uno-builds/uno-builds/fieldcheck/app/fieldcheck/fieldcheck.tests/bin/release/net10.0/fieldcheck.tests.dll" id="d067fb80-e266-1606-9971-a316f13740e1">
      <Execution id="c44c67dc-3568-4014-8f85-7650d24cb827" />
      <TestMethod codeBase="/home/runner/work/Uno-Builds/Uno-Builds/FieldCheck/app/FieldCheck/FieldCheck.Tests/bin/Release/net10.0/FieldCheck.Tests.dll" adapterTypeName="executor://nunit3testexecutor/" className="FieldCheck.Tests.ViewModelTests" name="Temperature_range_is_inclusive(&quot;abc&quot;,False)" />
    </UnitTest>
    <UnitTest name="Data_mode_parsing(&quot;ERROR-ONCE&quot;,ErrorOnce)" storage="/home/runner/work/uno-builds/uno-builds/fieldcheck/app/fieldcheck/fieldcheck.tests/bin/release/net10.0/fieldcheck.tests.dll" id="e65441a8-f004-9eb6-6824-96e89d755038">
      <Execution id="c4fbae3b-39a2-4b09-9d8b-4b314c697d1b" />
      <TestMethod codeBase="/home/runner/work/Uno-Builds/Uno-Builds/FieldCheck/app/FieldCheck/FieldCheck.Tests/bin/Release/net10.0/FieldCheck.Tests.dll" adapterTypeName="executor://nunit3testexecutor/" className="FieldCheck.Tests.RepositoryTests" name="Data_mode_parsing(&quot;ERROR-ONCE&quot;,ErrorOnce)" />
    </UnitTest>
    <UnitTest name="Issue_description_visibility_and_requirement" storage="/home/runner/work/uno-builds/uno-builds/fieldcheck/app/fieldcheck/fieldcheck.tests/bin/release/net10.0/fieldcheck.tests.dll" id="fa537a50-d997-e2ec-552c-1f5eedfee4dd">
      <Execution id="ff3cbc4e-9ad0-4074-8823-7a6b67ed67c1" />
      <TestMethod codeBase="/home/runner/work/Uno-Builds/Uno-Builds/FieldCheck/app/FieldCheck/FieldCheck.Tests/bin/Release/net10.0/FieldCheck.Tests.dll" adapterTypeName="executor://nunit3testexecutor/" className="FieldCheck.Tests.ViewModelTests" name="Issue_description_visibility_and_requirement" />
    </UnitTest>
    <UnitTest name="Dashboard_reports_empty_and_error_states" storage="/home/runner/work/uno-builds/uno-builds/fieldcheck/app/fieldcheck/fieldcheck.tests/bin/release/net10.0/fieldcheck.tests.dll" id="8152bec8-db64-4696-85a0-5a0c5814a6d5">
      <Execution id="52a892ad-2f3d-4203-91aa-e37c1cf0fdf7" />
      <TestMethod codeBase="/home/runner/work/Uno-Builds/Uno-Builds/FieldCheck/app/FieldCheck/FieldCheck.Tests/bin/Release/net10.0/FieldCheck.Tests.dll" adapterTypeName="executor://nunit3testexecutor/" className="FieldCheck.Tests.ViewModelTests" name="Dashboard_reports_empty_and_error_states" />
    </UnitTest>
    <UnitTest name="Saving_never_modifies_the_benchmark_fixture_files" storage="/home/runner/work/uno-builds/uno-builds/fieldcheck/app/fieldcheck/fieldcheck.tests/bin/release/net10.0/fieldcheck.tests.dll" id="92451776-62ba-795c-7aa9-8864e9936359">
      <Execution id="f78e6170-adeb-4a6d-adf6-a8412c98ea9f" />
      <TestMethod codeBase="/home/runner/work/Uno-Builds/Uno-Builds/FieldCheck/app/FieldCheck/FieldCheck.Tests/bin/Release/net10.0/FieldCheck.Tests.dll" adapterTypeName="executor://nunit3testexecutor/" className="FieldCheck.Tests.RepositoryTests" name="Saving_never_modifies_the_benchmark_fixture_files" />
    </UnitTest>
    <UnitTest name="Assets_search_and_filter(&quot;roof&quot;,Operational,[&quot;FAN-305&quot;])" storage="/home/runner/work/uno-builds/uno-builds/fieldcheck/app/fieldcheck/fieldcheck.tests/bin/release/net10.0/fieldcheck.tests.dll" id="3cc2e54f-d3cd-80e0-e892-d7e5c8e8a2a3">
      <Execution id="0c7696d7-ca74-448e-8b8d-31260c3c2b5f" />
      <TestMethod codeBase="/home/runner/work/Uno-Builds/Uno-Builds/FieldCheck/app/FieldCheck/FieldCheck.Tests/bin/Release/net10.0/FieldCheck.Tests.dll" adapterTypeName="executor://nunit3testexecutor/" className="FieldCheck.Tests.ViewModelTests" name="Assets_search_and_filter(&quot;roof&quot;,Operational,[&quot;FAN-305&quot;])" />
    </UnitTest>
    <UnitTest name="Assets_open_pushes_detail_when_narrow_and_selects_when_wide" storage="/home/runner/work/uno-builds/uno-builds/fieldcheck/app/fieldcheck/fieldcheck.tests/bin/release/net10.0/fieldcheck.tests.dll" id="a65a202e-4b1a-d7ad-e040-6de035fc4583">
      <Execution id="aa70c2f4-5235-47a3-ba4b-f9a3490d3fe6" />
      <TestMethod codeBase="/home/runner/work/Uno-Builds/Uno-Builds/FieldCheck/app/FieldCheck/FieldCheck.Tests/bin/Release/net10.0/FieldCheck.Tests.dll" adapterTypeName="executor://nunit3testexecutor/" className="FieldCheck.Tests.ViewModelTests" name="Assets_open_pushes_detail_when_narrow_and_selects_when_wide" />
    </UnitTest>
    <UnitTest name="Save_failure_reports_error_and_does_not_navigate" storage="/home/runner/work/uno-builds/uno-builds/fieldcheck/app/fieldcheck/fieldcheck.tests/bin/release/net10.0/fieldcheck.tests.dll" id="cacd4947-eb57-d792-40f9-56bc27df0eed">
      <Execution id="c8af2deb-d34b-40aa-9fe9-74fbe9d27e97" />
      <TestMethod codeBase="/home/runner/work/Uno-Builds/Uno-Builds/FieldCheck/app/FieldCheck/FieldCheck.Tests/bin/Release/net10.0/FieldCheck.Tests.dll" adapterTypeName="executor://nunit3testexecutor/" className="FieldCheck.Tests.ViewModelTests" name="Save_failure_reports_error_and_does_not_navigate" />
    </UnitTest>
    <UnitTest name="Data_mode_parsing(&quot;empty&quot;,Empty)" storage="/home/runner/work/uno-builds/uno-builds/fieldcheck/app/fieldcheck/fieldcheck.tests/bin/release/net10.0/fieldcheck.tests.dll" id="ed831b8a-2374-12ff-c33c-c1f44e5a2454">
      <Execution id="3e5f71e1-600a-4136-88bc-8b9a2ad92fe0" />
      <TestMethod codeBase="/home/runner/work/Uno-Builds/Uno-Builds/FieldCheck/app/FieldCheck/FieldCheck.Tests/bin/Release/net10.0/FieldCheck.Tests.dll" adapterTypeName="executor://nunit3testexecutor/" className="FieldCheck.Tests.RepositoryTests" name="Data_mode_parsing(&quot;empty&quot;,Empty)" />
    </UnitTest>
    <UnitTest name="New_inspection_appears_first_in_history_immediately" storage="/home/runner/work/uno-builds/uno-builds/fieldcheck/app/fieldcheck/fieldcheck.tests/bin/release/net10.0/fieldcheck.tests.dll" id="800b53c4-e597-9174-35ab-8247b00e88d4">
      <Execution id="a4b76f2e-9563-49f4-a1ae-d804b9a17cc3" />
      <TestMethod codeBase="/home/runner/work/Uno-Builds/Uno-Builds/FieldCheck/app/FieldCheck/FieldCheck.Tests/bin/Release/net10.0/FieldCheck.Tests.dll" adapterTypeName="executor://nunit3testexecutor/" className="FieldCheck.Tests.ViewModelTests" name="New_inspection_appears_first_in_history_immediately" />
    </UnitTest>
    <UnitTest name="Assets_search_and_filter(&quot;pump&quot;,All,[&quot;PMP-104&quot;, &quot;PMP-220&quot;])" storage="/home/runner/work/uno-builds/uno-builds/fieldcheck/app/fieldcheck/fieldcheck.tests/bin/release/net10.0/fieldcheck.tests.dll" id="e3c603c3-6d56-19dc-a9ff-c272922f4623">
      <Execution id="688f9481-9240-4d72-b1dc-3311f5f29b87" />
      <TestMethod codeBase="/home/runner/work/Uno-Builds/Uno-Builds/FieldCheck/app/FieldCheck/FieldCheck.Tests/bin/Release/net10.0/FieldCheck.Tests.dll" adapterTypeName="executor://nunit3testexecutor/" className="FieldCheck.Tests.ViewModelTests" name="Assets_search_and_filter(&quot;pump&quot;,All,[&quot;PMP-104&quot;, &quot;PMP-220&quot;])" />
    </UnitTest>
    <UnitTest name="Next_id_follows_the_highest_existing_number" storage="/home/runner/work/uno-builds/uno-builds/fieldcheck/app/fieldcheck/fieldcheck.tests/bin/release/net10.0/fieldcheck.tests.dll" id="52d680ce-defe-2dc2-e08c-0c44390a187f">
      <Execution id="a50e6f8c-8a23-4b96-9c89-1157539663ff" />
      <TestMethod codeBase="/home/runner/work/Uno-Builds/Uno-Builds/FieldCheck/app/FieldCheck/FieldCheck.Tests/bin/Release/net10.0/FieldCheck.Tests.dll" adapterTypeName="executor://nunit3testexecutor/" className="FieldCheck.Tests.RepositoryTests" name="Next_id_follows_the_highest_existing_number" />
    </UnitTest>
    <UnitTest name="Data_mode_parsing(&quot;slow&quot;,Slow)" storage="/home/runner/work/uno-builds/uno-builds/fieldcheck/app/fieldcheck/fieldcheck.tests/bin/release/net10.0/fieldcheck.tests.dll" id="044be290-726d-c554-d312-8462128118ae">
      <Execution id="f83b54ba-e75e-4609-9a46-d3485877ef87" />
      <TestMethod codeBase="/home/runner/work/Uno-Builds/Uno-Builds/FieldCheck/app/FieldCheck/FieldCheck.Tests/bin/Release/net10.0/FieldCheck.Tests.dll" adapterTypeName="executor://nunit3testexecutor/" className="FieldCheck.Tests.RepositoryTests" name="Data_mode_parsing(&quot;slow&quot;,Slow)" />
    </UnitTest>
    <UnitTest name="Assets_search_and_filter(&quot;&quot;,Attention,[&quot;AHU-203&quot;, &quot;CNV-018&quot;, &quot;BLR-002&quot;])" storage="/home/runner/work/uno-builds/uno-builds/fieldcheck/app/fieldcheck/fieldcheck.tests/bin/release/net10.0/fieldcheck.tests.dll" id="6f2aa134-5b06-03bc-c307-d0430840d9c8">
      <Execution id="6dbc1149-b8de-45a1-951d-c60c017e8455" />
      <TestMethod codeBase="/home/runner/work/Uno-Builds/Uno-Builds/FieldCheck/app/FieldCheck/FieldCheck.Tests/bin/Release/net10.0/FieldCheck.Tests.dll" adapterTypeName="executor://nunit3testexecutor/" className="FieldCheck.Tests.ViewModelTests" name="Assets_search_and_filter(&quot;&quot;,Attention,[&quot;AHU-203&quot;, &quot;CNV-018&quot;, &quot;BLR-002&quot;])" />
    </UnitTest>
  </TestDefinitions>
  <TestEntries>
    <TestEntry testId="b13ebba2-f006-a127-b395-c9631f5e1d4e" executionId="6125fc76-9630-4dfa-b872-995899d42811" testListId="8c84fa94-04c1-424b-9868-57a2d4851a1d" />
    <TestEntry testId="89e8a839-345a-b13c-95b7-2e725c0c6866" executionId="65553445-fe34-490f-a30c-636cfca74247" testListId="8c84fa94-04c1-424b-9868-57a2d4851a1d" />
    <TestEntry testId="9b16206d-b7ef-e539-9fee-1d13dacf7fad" executionId="71477df9-51ec-4395-879c-ce7f55241636" testListId="8c84fa94-04c1-424b-9868-57a2d4851a1d" />
    <TestEntry testId="fa537a50-d997-e2ec-552c-1f5eedfee4dd" executionId="ff3cbc4e-9ad0-4074-8823-7a6b67ed67c1" testListId="8c84fa94-04c1-424b-9868-57a2d4851a1d" />
    <TestEntry testId="874ec84c-b730-4645-f99a-855ac936f00f" executionId="28343ddf-566e-4407-bb62-42f6b7b2608c" testListId="8c84fa94-04c1-424b-9868-57a2d4851a1d" />
    <TestEntry testId="9d70edb6-66e8-6bcb-1445-5902b6da99d5" executionId="ddfc6592-fc1a-49db-8485-79a54c50173d" testListId="8c84fa94-04c1-424b-9868-57a2d4851a1d" />
    <TestEntry testId="3fdc559d-49b5-939a-ea88-5f5ccb46e6e5" executionId="aa4e7118-06f2-481f-8e9b-432441d2610f" testListId="8c84fa94-04c1-424b-9868-57a2d4851a1d" />
    <TestEntry testId="8b89425b-5f3b-20d6-32d8-3ab34297400a" executionId="7b30a93c-fff4-4d83-8ea1-20ab605b48d5" testListId="8c84fa94-04c1-424b-9868-57a2d4851a1d" />
    <TestEntry testId="e3c603c3-6d56-19dc-a9ff-c272922f4623" executionId="688f9481-9240-4d72-b1dc-3311f5f29b87" testListId="8c84fa94-04c1-424b-9868-57a2d4851a1d" />
    <TestEntry testId="c66058e0-2a69-7251-d4c8-fc0bd55fbffe" executionId="bf802b96-87a9-4369-86b2-3817636ac43f" testListId="8c84fa94-04c1-424b-9868-57a2d4851a1d" />
    <TestEntry testId="b12f152b-4615-4892-351c-6fd64f9014f7" executionId="c560b6fb-0b59-48ab-a69e-969cbb111986" testListId="8c84fa94-04c1-424b-9868-57a2d4851a1d" />
    <TestEntry testId="a65a202e-4b1a-d7ad-e040-6de035fc4583" executionId="aa70c2f4-5235-47a3-ba4b-f9a3490d3fe6" testListId="8c84fa94-04c1-424b-9868-57a2d4851a1d" />
    <TestEntry testId="931b5757-b39d-2e8b-53fb-992531ccd5e2" executionId="78e32299-db2c-4831-85b5-7aa9b5201bf0" testListId="8c84fa94-04c1-424b-9868-57a2d4851a1d" />
    <TestEntry testId="e65441a8-f004-9eb6-6824-96e89d755038" executionId="c4fbae3b-39a2-4b09-9d8b-4b314c697d1b" testListId="8c84fa94-04c1-424b-9868-57a2d4851a1d" />
    <TestEntry testId="35b62df2-148b-f364-c307-afc590091eb3" executionId="886561b4-4b7a-4e39-a4f1-03d91eb5bc34" testListId="8c84fa94-04c1-424b-9868-57a2d4851a1d" />
    <TestEntry testId="016a5fd2-b9ac-fdf5-0708-d507797d2d74" executionId="71b9b6d9-fb52-4e25-ba96-1a1282bf42b2" testListId="8c84fa94-04c1-424b-9868-57a2d4851a1d" />
    <TestEntry testId="6f2aa134-5b06-03bc-c307-d0430840d9c8" executionId="6dbc1149-b8de-45a1-951d-c60c017e8455" testListId="8c84fa94-04c1-424b-9868-57a2d4851a1d" />
    <TestEntry testId="d067fb80-e266-1606-9971-a316f13740e1" executionId="c44c67dc-3568-4014-8f85-7650d24cb827" testListId="8c84fa94-04c1-424b-9868-57a2d4851a1d" />
    <TestEntry testId="c8bbc628-0cdb-88d8-32a5-2b8a89b03ec8" executionId="d8cb38b9-d406-49db-bc30-7b36310e23f1" testListId="8c84fa94-04c1-424b-9868-57a2d4851a1d" />
    <TestEntry testId="e39bb4d4-c0e8-b6b6-d093-ccc8b2e12736" executionId="bfe5dc23-a664-4e94-885d-1b3366bac125" testListId="8c84fa94-04c1-424b-9868-57a2d4851a1d" />
    <TestEntry testId="4158b6eb-d22e-c8b9-0f3a-4910a5296057" executionId="5fcc088e-f43c-418a-a5d3-179131d2fae6" testListId="8c84fa94-04c1-424b-9868-57a2d4851a1d" />
    <TestEntry testId="8ac7050d-d7af-c392-8777-837030536554" executionId="68ba9bb0-1864-4c7d-b762-2896d4ae1fd9" testListId="8c84fa94-04c1-424b-9868-57a2d4851a1d" />
    <TestEntry testId="5967d81f-e741-bb1c-24ba-b9a1ea697b1e" executionId="9cfa21c5-9391-4999-878b-fed326701a5a" testListId="8c84fa94-04c1-424b-9868-57a2d4851a1d" />
    <TestEntry testId="ed831b8a-2374-12ff-c33c-c1f44e5a2454" executionId="3e5f71e1-600a-4136-88bc-8b9a2ad92fe0" testListId="8c84fa94-04c1-424b-9868-57a2d4851a1d" />
    <TestEntry testId="52d680ce-defe-2dc2-e08c-0c44390a187f" executionId="a50e6f8c-8a23-4b96-9c89-1157539663ff" testListId="8c84fa94-04c1-424b-9868-57a2d4851a1d" />
    <TestEntry testId="044be290-726d-c554-d312-8462128118ae" executionId="f83b54ba-e75e-4609-9a46-d3485877ef87" testListId="8c84fa94-04c1-424b-9868-57a2d4851a1d" />
    <TestEntry testId="e24b2363-895f-ba8e-ce32-4ea0aeb39b2c" executionId="6761ae00-a10b-4ec0-a9bc-7655282df319" testListId="8c84fa94-04c1-424b-9868-57a2d4851a1d" />
    <TestEntry testId="2e823845-2063-194a-2d72-9d1e527ae6af" executionId="e532d735-df35-45b0-861d-247e8360edcb" testListId="8c84fa94-04c1-424b-9868-57a2d4851a1d" />
    <TestEntry testId="e2b9e8db-7c8b-8fba-6d61-582367e06020" executionId="fda26009-e764-405c-9977-06ebb93855b5" testListId="8c84fa94-04c1-424b-9868-57a2d4851a1d" />
    <TestEntry testId="599e77a4-6fde-de7d-4c87-c34bbd7317fb" executionId="6dd06ee1-12ad-4707-82e6-0b93c6abdc6d" testListId="8c84fa94-04c1-424b-9868-57a2d4851a1d" />
    <TestEntry testId="3cc2e54f-d3cd-80e0-e892-d7e5c8e8a2a3" executionId="0c7696d7-ca74-448e-8b8d-31260c3c2b5f" testListId="8c84fa94-04c1-424b-9868-57a2d4851a1d" />
    <TestEntry testId="92451776-62ba-795c-7aa9-8864e9936359" executionId="f78e6170-adeb-4a6d-adf6-a8412c98ea9f" testListId="8c84fa94-04c1-424b-9868-57a2d4851a1d" />
    <TestEntry testId="1c4eca39-09ca-0b1e-78e2-66b95aa9627a" executionId="01b24e6d-5513-4c55-9a80-f7b7dfa92638" testListId="8c84fa94-04c1-424b-9868-57a2d4851a1d" />
    <TestEntry testId="800b53c4-e597-9174-35ab-8247b00e88d4" executionId="a4b76f2e-9563-49f4-a1ae-d804b9a17cc3" testListId="8c84fa94-04c1-424b-9868-57a2d4851a1d" />
    <TestEntry testId="73956f71-7c24-853f-ed19-297a1a3c40ed" executionId="27f771ed-eab6-4f2e-8393-0a9c57e40aa9" testListId="8c84fa94-04c1-424b-9868-57a2d4851a1d" />
    <TestEntry testId="4e3ae567-4b75-4d78-2984-aa253720d416" executionId="a2ba5515-5e69-40db-aca3-85fbf4164402" testListId="8c84fa94-04c1-424b-9868-57a2d4851a1d" />
    <TestEntry testId="961b7cea-13a0-7a51-8953-1f88fc308135" executionId="3a119fec-dc67-4091-9ef9-402e08f469f5" testListId="8c84fa94-04c1-424b-9868-57a2d4851a1d" />
    <TestEntry testId="cacd4947-eb57-d792-40f9-56bc27df0eed" executionId="c8af2deb-d34b-40aa-9fe9-74fbe9d27e97" testListId="8c84fa94-04c1-424b-9868-57a2d4851a1d" />
    <TestEntry testId="04261274-ab07-3f03-bcf6-21c0fc212f55" executionId="44d4ce23-3b6e-4944-9c5a-5eb9c97df651" testListId="8c84fa94-04c1-424b-9868-57a2d4851a1d" />
    <TestEntry testId="e4e28ecb-266d-dec7-a85f-76eb8ad262f4" executionId="d9e5109e-06e0-4b01-a624-d60279281fd2" testListId="8c84fa94-04c1-424b-9868-57a2d4851a1d" />
    <TestEntry testId="9837ced1-a01b-79cf-0cb4-d99c593c5b55" executionId="388226e0-0fb6-4280-85b7-3bf92f17123f" testListId="8c84fa94-04c1-424b-9868-57a2d4851a1d" />
    <TestEntry testId="8152bec8-db64-4696-85a0-5a0c5814a6d5" executionId="52a892ad-2f3d-4203-91aa-e37c1cf0fdf7" testListId="8c84fa94-04c1-424b-9868-57a2d4851a1d" />
    <TestEntry testId="555728f0-6772-ec4b-ac44-67c7553b6f8c" executionId="04a4d2c6-49e5-4aab-b5a3-47ff02257a30" testListId="8c84fa94-04c1-424b-9868-57a2d4851a1d" />
    <TestEntry testId="b9aeeb57-77b5-2794-ec49-6942cf68579c" executionId="baa95ae5-2080-4f56-b818-e0cbe3774410" testListId="8c84fa94-04c1-424b-9868-57a2d4851a1d" />
    <TestEntry testId="1c93215e-4091-8d15-7487-ef577c944bc5" executionId="3d15d5b3-1d68-4976-9a72-605c6e42d861" testListId="8c84fa94-04c1-424b-9868-57a2d4851a1d" />
    <TestEntry testId="31c01c01-f42e-efae-0a10-b13a817adbca" executionId="112090e6-fddb-4e95-b6e0-c6b58377feb0" testListId="8c84fa94-04c1-424b-9868-57a2d4851a1d" />
    <TestEntry testId="9f7301f1-072c-9372-73af-4069fda5dc7e" executionId="025d46d2-eac3-4c73-b134-df5d46d4f6e8" testListId="8c84fa94-04c1-424b-9868-57a2d4851a1d" />
  </TestEntries>
  <TestLists>
    <TestList name="Results Not in a List" id="8c84fa94-04c1-424b-9868-57a2d4851a1d" />
    <TestList name="All Loaded Results" id="19431567-8539-422a-85d7-44ee4e166bda" />
  </TestLists>
  <ResultSummary outcome="Completed">
    <Counters total="47" executed="47" passed="47" failed="0" error="0" timeout="0" aborted="0" inconclusive="0" passedButRunAborted="0" notRunnable="0" notExecuted="0" disconnected="0" warning="0" completed="0" inProgress="0" pending="0" />
    <Output>
      <StdOut>NUnit Adapter 5.2.0.0: Test execution started
Running all tests in /home/runner/work/Uno-Builds/Uno-Builds/FieldCheck/app/FieldCheck/FieldCheck.Tests/bin/Release/net10.0/FieldCheck.Tests.dll
   NUnit3TestExecutor discovered 47 of 47 NUnit test cases using Current Discovery mode, Non-Explicit run
NUnit Adapter 5.2.0.0: Test execution complete
</StdOut>
    </Output>
  </ResultSummary>
</TestRun>