<?xml version="1.0" encoding="utf-8"?>
<TestRun id="66b76bd2-fb29-437f-892b-7158fe2ebcb8" name="@runnervmlun5p 2026-09-23 23:46:34" xmlns="http://microsoft.com/schemas/VisualStudio/TeamTest/2010">
  <Times creation="2026-09-23T23:46:34.7213216+00:00" queuing="2026-09-23T23:46:34.7213217+00:00" start="2026-09-23T23:46:33.7576844+00:00" finish="2026-09-23T23:46:49.5126498+00:00" />
  <TestSettings name="default" id="d947c4e6-f68b-41fd-95c6-3112ccc50a7a">
    <Deployment runDeploymentRoot="_runnervmlun5p_2026-09-23_23_46_34" />
  </TestSettings>
  <Results>
    <UnitTestResult executionId="d954cc33-7238-44c0-aa34-e7f98b45064a" testId="9f7301f1-072c-9372-73af-4069fda5dc7e" testName="Temperature_range_is_inclusive(&quot;250&quot;,True)" computerName="runnervmlun5p" duration="00:00:00.0008360" startTime="2026-09-23T23:46:49.4494070+00:00" endTime="2026-09-23T23:46:49.4502428+00:00" testType="13cdc9d9-ddb5-4fa4-a97d-d965ccfc6d4b" outcome="Passed" testListId="8c84fa94-04c1-424b-9868-57a2d4851a1d" relativeResultsDirectory="d954cc33-7238-44c0-aa34-e7f98b45064a" />
    <UnitTestResult executionId="98e0afc2-ee9d-4bfb-82bf-2ea879e2dcff" testId="2e823845-2063-194a-2d72-9d1e527ae6af" testName="Successful_submit_creates_exactly_one_inspection_and_navigates" computerName="runnervmlun5p" duration="00:00:00.0030530" startTime="2026-09-23T23:46:49.4444067+00:00" endTime="2026-09-23T23:46:49.4474597+00:00" testType="13cdc9d9-ddb5-4fa4-a97d-d965ccfc6d4b" outcome="Passed" testListId="8c84fa94-04c1-424b-9868-57a2d4851a1d" relativeResultsDirectory="98e0afc2-ee9d-4bfb-82bf-2ea879e2dcff" />
    <UnitTestResult executionId="0b44e218-e256-4c9a-9283-9f95830a1be8" testId="961b7cea-13a0-7a51-8953-1f88fc308135" testName="Assets_search_and_filter(&quot;ROOF&quot;,All,[&quot;AHU-203&quot;, &quot;CT-007&quot;, &quot;FAN-305&quot;])" computerName="runnervmlun5p" duration="00:00:00.0008050" startTime="2026-09-23T23:46:36.3279294+00:00" endTime="2026-09-23T23:46:36.3287342+00:00" testType="13cdc9d9-ddb5-4fa4-a97d-d965ccfc6d4b" outcome="Passed" testListId="8c84fa94-04c1-424b-9868-57a2d4851a1d" relativeResultsDirectory="0b44e218-e256-4c9a-9283-9f95830a1be8" />
    <UnitTestResult executionId="3a31f454-926b-4910-90f1-6a0e67f01a5c" testId="8b89425b-5f3b-20d6-32d8-3ab34297400a" testName="Generated_ids_are_unique_and_stable" computerName="runnervmlun5p" duration="00:00:00.0064440" startTime="2026-09-23T23:46:36.2723375+00:00" endTime="2026-09-23T23:46:36.2787815+00:00" testType="13cdc9d9-ddb5-4fa4-a97d-d965ccfc6d4b" outcome="Passed" testListId="8c84fa94-04c1-424b-9868-57a2d4851a1d" relativeResultsDirectory="3a31f454-926b-4910-90f1-6a0e67f01a5c" />
    <UnitTestResult executionId="971ca176-6aeb-4b74-a4e0-8a2726d5c762" testId="73956f71-7c24-853f-ed19-297a1a3c40ed" testName="Submit_is_disabled_until_required_fields_are_valid" computerName="runnervmlun5p" duration="00:00:00.0026990" startTime="2026-09-23T23:46:49.4374686+00:00" endTime="2026-09-23T23:46:49.4401679+00:00" testType="13cdc9d9-ddb5-4fa4-a97d-d965ccfc6d4b" outcome="Passed" testListId="8c84fa94-04c1-424b-9868-57a2d4851a1d" relativeResultsDirectory="971ca176-6aeb-4b74-a4e0-8a2726d5c762" />
    <UnitTestResult executionId="7fc43998-1910-4bec-8cc0-decb96af13a7" testId="6f2aa134-5b06-03bc-c307-d0430840d9c8" testName="Assets_search_and_filter(&quot;&quot;,Attention,[&quot;AHU-203&quot;, &quot;CNV-018&quot;, &quot;BLR-002&quot;])" computerName="runnervmlun5p" duration="00:00:00.0007670" startTime="2026-09-23T23:46:36.3296089+00:00" endTime="2026-09-23T23:46:36.3303758+00:00" testType="13cdc9d9-ddb5-4fa4-a97d-d965ccfc6d4b" outcome="Passed" testListId="8c84fa94-04c1-424b-9868-57a2d4851a1d" relativeResultsDirectory="7fc43998-1910-4bec-8cc0-decb96af13a7" />
    <UnitTestResult executionId="ba3637a8-d0b5-4ef0-ad49-365c2f822d0c" testId="52d680ce-defe-2dc2-e08c-0c44390a187f" testName="Next_id_follows_the_highest_existing_number" computerName="runnervmlun5p" duration="00:00:00.0016600" startTime="2026-09-23T23:46:36.2788411+00:00" endTime="2026-09-23T23:46:36.2805009+00:00" testType="13cdc9d9-ddb5-4fa4-a97d-d965ccfc6d4b" outcome="Passed" testListId="8c84fa94-04c1-424b-9868-57a2d4851a1d" relativeResultsDirectory="ba3637a8-d0b5-4ef0-ad49-365c2f822d0c" />
    <UnitTestResult executionId="36743252-a97e-47a0-bfd8-e8545ff7b6f1" testId="1c93215e-4091-8d15-7487-ef577c944bc5" testName="Data_mode_parsing(&quot;error&quot;,Error)" computerName="runnervmlun5p" duration="00:00:00.0010050" startTime="2026-09-23T23:46:34.6560286+00:00" endTime="2026-09-23T23:46:34.6570335+00:00" testType="13cdc9d9-ddb5-4fa4-a97d-d965ccfc6d4b" outcome="Passed" testListId="8c84fa94-04c1-424b-9868-57a2d4851a1d" relativeResultsDirectory="36743252-a97e-47a0-bfd8-e8545ff7b6f1" />
    <UnitTestResult executionId="0b32196e-4f1f-419d-b17b-1d0d54005c7e" testId="874ec84c-b730-4645-f99a-855ac936f00f" testName="Temperature_range_is_inclusive(&quot;27.5&quot;,True)" computerName="runnervmlun5p" duration="00:00:00.0006280" startTime="2026-09-23T23:46:49.4502665+00:00" endTime="2026-09-23T23:46:49.4508940+00:00" testType="13cdc9d9-ddb5-4fa4-a97d-d965ccfc6d4b" outcome="Passed" testListId="8c84fa94-04c1-424b-9868-57a2d4851a1d" relativeResultsDirectory="0b32196e-4f1f-419d-b17b-1d0d54005c7e" />
    <UnitTestResult executionId="1c3d92ca-9863-49c7-b3ff-d396c2bf77f2" testId="4e3ae567-4b75-4d78-2984-aa253720d416" testName="Seeds_all_twelve_assets_and_six_inspections" computerName="runnervmlun5p" duration="00:00:00.0028140" startTime="2026-09-23T23:46:36.2854531+00:00" endTime="2026-09-23T23:46:36.2882667+00:00" testType="13cdc9d9-ddb5-4fa4-a97d-d965ccfc6d4b" outcome="Passed" testListId="8c84fa94-04c1-424b-9868-57a2d4851a1d" relativeResultsDirectory="1c3d92ca-9863-49c7-b3ff-d396c2bf77f2" />
    <UnitTestResult executionId="f284b725-bb66-4463-b376-81df638cd5c2" testId="31c01c01-f42e-efae-0a10-b13a817adbca" testName="Assets_search_and_filter(&quot;PMP&quot;,All,[&quot;PMP-104&quot;, &quot;PMP-220&quot;])" computerName="runnervmlun5p" duration="00:00:00.0016140" startTime="2026-09-23T23:46:36.3253573+00:00" endTime="2026-09-23T23:46:36.3269716+00:00" testType="13cdc9d9-ddb5-4fa4-a97d-d965ccfc6d4b" outcome="Passed" testListId="8c84fa94-04c1-424b-9868-57a2d4851a1d" relativeResultsDirectory="f284b725-bb66-4463-b376-81df638cd5c2" />
    <UnitTestResult executionId="e600a67e-d193-4dd8-8c98-15e1c20126ad" testId="e4e28ecb-266d-dec7-a85f-76eb8ad262f4" testName="Assets_search_and_filter(&quot;&quot;,Critical,[&quot;CT-007&quot;, &quot;EF-090&quot;])" computerName="runnervmlun5p" duration="00:00:00.0008070" startTime="2026-09-23T23:46:36.3287696+00:00" endTime="2026-09-23T23:46:36.3295762+00:00" testType="13cdc9d9-ddb5-4fa4-a97d-d965ccfc6d4b" outcome="Passed" testListId="8c84fa94-04c1-424b-9868-57a2d4851a1d" relativeResultsDirectory="e600a67e-d193-4dd8-8c98-15e1c20126ad" />
    <UnitTestResult executionId="e8af7e1c-7aa9-4798-8622-82d00af77923" testId="9837ced1-a01b-79cf-0cb4-d99c593c5b55" testName="Assets_search_and_filter(&quot;roof&quot;,Critical,[&quot;CT-007&quot;])" computerName="runnervmlun5p" duration="00:00:00.0008540" startTime="2026-09-23T23:46:36.3304099+00:00" endTime="2026-09-23T23:46:36.3312636+00:00" testType="13cdc9d9-ddb5-4fa4-a97d-d965ccfc6d4b" outcome="Passed" testListId="8c84fa94-04c1-424b-9868-57a2d4851a1d" relativeResultsDirectory="e8af7e1c-7aa9-4798-8622-82d00af77923" />
    <UnitTestResult executionId="ec3945c1-9f57-4bc7-b830-de8885238bec" testId="e3c603c3-6d56-19dc-a9ff-c272922f4623" testName="Assets_search_and_filter(&quot;pump&quot;,All,[&quot;PMP-104&quot;, &quot;PMP-220&quot;])" computerName="runnervmlun5p" duration="00:00:00.0009080" startTime="2026-09-23T23:46:36.3269948+00:00" endTime="2026-09-23T23:46:36.3279023+00:00" testType="13cdc9d9-ddb5-4fa4-a97d-d965ccfc6d4b" outcome="Passed" testListId="8c84fa94-04c1-424b-9868-57a2d4851a1d" relativeResultsDirectory="ec3945c1-9f57-4bc7-b830-de8885238bec" />
    <UnitTestResult executionId="45e4f952-6f7d-4917-8459-421c9a9b1c8b" testId="8152bec8-db64-4696-85a0-5a0c5814a6d5" testName="Dashboard_reports_empty_and_error_states" computerName="runnervmlun5p" duration="00:00:00.6036330" startTime="2026-09-23T23:46:36.3539803+00:00" endTime="2026-09-23T23:46:36.9576131+00:00" testType="13cdc9d9-ddb5-4fa4-a97d-d965ccfc6d4b" outcome="Passed" testListId="8c84fa94-04c1-424b-9868-57a2d4851a1d" relativeResultsDirectory="45e4f952-6f7d-4917-8459-421c9a9b1c8b" />
    <UnitTestResult executionId="afb3a5f0-1d34-4069-80a5-8a54733d2f64" testId="b13ebba2-f006-a127-b395-c9631f5e1d4e" testName="Temperature_range_is_inclusive(&quot;-51&quot;,False)" computerName="runnervmlun5p" duration="00:00:00.0006770" startTime="2026-09-23T23:46:49.4509147+00:00" endTime="2026-09-23T23:46:49.4515916+00:00" testType="13cdc9d9-ddb5-4fa4-a97d-d965ccfc6d4b" outcome="Passed" testListId="8c84fa94-04c1-424b-9868-57a2d4851a1d" relativeResultsDirectory="afb3a5f0-1d34-4069-80a5-8a54733d2f64" />
    <UnitTestResult executionId="4264e3c9-c63a-4ddc-ab4a-80c294149f6c" testId="b12f152b-4615-4892-351c-6fd64f9014f7" testName="Write_failure_throws_and_leaves_state_unchanged" computerName="runnervmlun5p" duration="00:00:00.0030270" startTime="2026-09-23T23:46:36.2883003+00:00" endTime="2026-09-23T23:46:36.2913270+00:00" testType="13cdc9d9-ddb5-4fa4-a97d-d965ccfc6d4b" outcome="Passed" testListId="8c84fa94-04c1-424b-9868-57a2d4851a1d" relativeResultsDirectory="4264e3c9-c63a-4ddc-ab4a-80c294149f6c" />
    <UnitTestResult executionId="b54b6ae2-36f5-437c-adc8-4315906ba965" testId="931b5757-b39d-2e8b-53fb-992531ccd5e2" testName="Data_mode_parsing(&quot;bogus&quot;,Normal)" computerName="runnervmlun5p" duration="00:00:00.0000060" startTime="2026-09-23T23:46:34.6574293+00:00" endTime="2026-09-23T23:46:34.6574349+00:00" testType="13cdc9d9-ddb5-4fa4-a97d-d965ccfc6d4b" outcome="Passed" testListId="8c84fa94-04c1-424b-9868-57a2d4851a1d" relativeResultsDirectory="b54b6ae2-36f5-437c-adc8-4315906ba965" />
    <UnitTestResult executionId="fa492903-b706-405c-8091-fd60ffeb10d8" testId="9d70edb6-66e8-6bcb-1445-5902b6da99d5" testName="Assets_no_results_is_distinct_from_empty" computerName="runnervmlun5p" duration="00:00:00.0076350" startTime="2026-09-23T23:46:36.3070163+00:00" endTime="2026-09-23T23:46:36.3146512+00:00" testType="13cdc9d9-ddb5-4fa4-a97d-d965ccfc6d4b" outcome="Passed" testListId="8c84fa94-04c1-424b-9868-57a2d4851a1d" relativeResultsDirectory="fa492903-b706-405c-8091-fd60ffeb10d8" />
    <UnitTestResult executionId="e7e14558-f55c-4ef8-abb7-207a91059aab" testId="9b16206d-b7ef-e539-9fee-1d13dacf7fad" testName="Data_modes_are_deterministic" computerName="runnervmlun5p" duration="00:00:01.6128540" startTime="2026-09-23T23:46:34.6594290+00:00" endTime="2026-09-23T23:46:36.2722828+00:00" testType="13cdc9d9-ddb5-4fa4-a97d-d965ccfc6d4b" outcome="Passed" testListId="8c84fa94-04c1-424b-9868-57a2d4851a1d" relativeResultsDirectory="e7e14558-f55c-4ef8-abb7-207a91059aab" />
    <UnitTestResult executionId="e43959d1-a39c-4cfd-9d13-53901284359f" testId="c66058e0-2a69-7251-d4c8-fc0bd55fbffe" testName="Data_mode_parsing(&quot;save-error&quot;,SaveError)" computerName="runnervmlun5p" duration="00:00:00.0000140" startTime="2026-09-23T23:46:34.6573967+00:00" endTime="2026-09-23T23:46:34.6574108+00:00" testType="13cdc9d9-ddb5-4fa4-a97d-d965ccfc6d4b" outcome="Passed" testListId="8c84fa94-04c1-424b-9868-57a2d4851a1d" relativeResultsDirectory="e43959d1-a39c-4cfd-9d13-53901284359f" />
    <UnitTestResult executionId="b4e0ab39-59ac-4546-8bda-0db68a696d62" testId="d067fb80-e266-1606-9971-a316f13740e1" testName="Temperature_range_is_inclusive(&quot;abc&quot;,False)" computerName="runnervmlun5p" duration="00:00:00.0006489" startTime="2026-09-23T23:46:49.4522618+00:00" endTime="2026-09-23T23:46:49.4529108+00:00" testType="13cdc9d9-ddb5-4fa4-a97d-d965ccfc6d4b" outcome="Passed" testListId="8c84fa94-04c1-424b-9868-57a2d4851a1d" relativeResultsDirectory="b4e0ab39-59ac-4546-8bda-0db68a696d62" />
    <UnitTestResult executionId="f16f696f-f5e6-4ca7-aaf7-7bc9b6e091b7" testId="92451776-62ba-795c-7aa9-8864e9936359" testName="Saving_never_modifies_the_benchmark_fixture_files" computerName="runnervmlun5p" duration="00:00:00.0048900" startTime="2026-09-23T23:46:36.2805317+00:00" endTime="2026-09-23T23:46:36.2854211+00:00" testType="13cdc9d9-ddb5-4fa4-a97d-d965ccfc6d4b" outcome="Passed" testListId="8c84fa94-04c1-424b-9868-57a2d4851a1d" relativeResultsDirectory="f16f696f-f5e6-4ca7-aaf7-7bc9b6e091b7" />
    <UnitTestResult executionId="109d7513-258a-47e0-bda1-273dac768de4" testId="e39bb4d4-c0e8-b6b6-d093-ccc8b2e12736" testName="Asset_detail_reflects_newest_inspection_after_save" computerName="runnervmlun5p" duration="00:00:00.0140900" startTime="2026-09-23T23:46:36.2928922+00:00" endTime="2026-09-23T23:46:36.3069824+00:00" testType="13cdc9d9-ddb5-4fa4-a97d-d965ccfc6d4b" outcome="Passed" testListId="8c84fa94-04c1-424b-9868-57a2d4851a1d" relativeResultsDirectory="109d7513-258a-47e0-bda1-273dac768de4" />
    <UnitTestResult executionId="6ade002c-737a-4adc-9d45-733a3829c2e1" testId="3cc2e54f-d3cd-80e0-e892-d7e5c8e8a2a3" testName="Assets_search_and_filter(&quot;roof&quot;,Operational,[&quot;FAN-305&quot;])" computerName="runnervmlun5p" duration="00:00:00.0009550" startTime="2026-09-23T23:46:36.3312930+00:00" endTime="2026-09-23T23:46:36.3322477+00:00" testType="13cdc9d9-ddb5-4fa4-a97d-d965ccfc6d4b" outcome="Passed" testListId="8c84fa94-04c1-424b-9868-57a2d4851a1d" relativeResultsDirectory="6ade002c-737a-4adc-9d45-733a3829c2e1" />
    <UnitTestResult executionId="14112fcf-61ec-46b9-bde9-09baa2fdf8e8" testId="4158b6eb-d22e-c8b9-0f3a-4910a5296057" testName="Corrupt_local_data_surfaces_a_repository_exception" computerName="runnervmlun5p" duration="00:00:00.0138430" startTime="2026-09-23T23:46:34.6421223+00:00" endTime="2026-09-23T23:46:34.6559653+00:00" testType="13cdc9d9-ddb5-4fa4-a97d-d965ccfc6d4b" outcome="Passed" testListId="8c84fa94-04c1-424b-9868-57a2d4851a1d" relativeResultsDirectory="14112fcf-61ec-46b9-bde9-09baa2fdf8e8" />
    <UnitTestResult executionId="d944c3d3-c3eb-4b1e-a874-c595a2ecd0f9" testId="cacd4947-eb57-d792-40f9-56bc27df0eed" testName="Save_failure_reports_error_and_does_not_navigate" computerName="runnervmlun5p" duration="00:00:00.4031210" startTime="2026-09-23T23:46:49.0342891+00:00" endTime="2026-09-23T23:46:49.4374101+00:00" testType="13cdc9d9-ddb5-4fa4-a97d-d965ccfc6d4b" outcome="Passed" testListId="8c84fa94-04c1-424b-9868-57a2d4851a1d" relativeResultsDirectory="d944c3d3-c3eb-4b1e-a874-c595a2ecd0f9" />
    <UnitTestResult executionId="7591c08c-a781-468b-840a-5561e2926a2f" testId="1c4eca39-09ca-0b1e-78e2-66b95aa9627a" testName="Temperature_range_is_inclusive(&quot;-50&quot;,True)" computerName="runnervmlun5p" duration="00:00:00.0018410" startTime="2026-09-23T23:46:49.4475456+00:00" endTime="2026-09-23T23:46:49.4493870+00:00" testType="13cdc9d9-ddb5-4fa4-a97d-d965ccfc6d4b" outcome="Passed" testListId="8c84fa94-04c1-424b-9868-57a2d4851a1d" relativeResultsDirectory="7591c08c-a781-468b-840a-5561e2926a2f" />
    <UnitTestResult executionId="16515a94-5f1c-4d9b-9a0c-22dfaa27bc5b" testId="555728f0-6772-ec4b-ac44-67c7553b6f8c" testName="Picker_select_cancel_and_failure_keep_the_form_usable" computerName="runnervmlun5p" duration="00:00:00.0080649" startTime="2026-09-23T23:46:37.0216168+00:00" endTime="2026-09-23T23:46:37.0296818+00:00" testType="13cdc9d9-ddb5-4fa4-a97d-d965ccfc6d4b" outcome="Passed" testListId="8c84fa94-04c1-424b-9868-57a2d4851a1d" relativeResultsDirectory="16515a94-5f1c-4d9b-9a0c-22dfaa27bc5b" />
    <UnitTestResult executionId="026ed8f1-710f-4cd2-9f26-1068bad24d8b" testId="e24b2363-895f-ba8e-ce32-4ea0aeb39b2c" testName="Temperature_range_is_inclusive(&quot;250.1&quot;,False)" computerName="runnervmlun5p" duration="00:00:00.0006280" startTime="2026-09-23T23:46:49.4516125+00:00" endTime="2026-09-23T23:46:49.4522406+00:00" testType="13cdc9d9-ddb5-4fa4-a97d-d965ccfc6d4b" outcome="Passed" testListId="8c84fa94-04c1-424b-9868-57a2d4851a1d" relativeResultsDirectory="026ed8f1-710f-4cd2-9f26-1068bad24d8b" />
    <UnitTestResult executionId="8eefc31c-5c63-4dd2-aa3e-d39d16654dc0" testId="ed831b8a-2374-12ff-c33c-c1f44e5a2454" testName="Data_mode_parsing(&quot;empty&quot;,Empty)" computerName="runnervmlun5p" duration="00:00:00.0000140" startTime="2026-09-23T23:46:34.6573624+00:00" endTime="2026-09-23T23:46:34.6573759+00:00" testType="13cdc9d9-ddb5-4fa4-a97d-d965ccfc6d4b" outcome="Passed" testListId="8c84fa94-04c1-424b-9868-57a2d4851a1d" relativeResultsDirectory="8eefc31c-5c63-4dd2-aa3e-d39d16654dc0" />
    <UnitTestResult executionId="e4559426-ef81-4d33-a033-ee825c1eaa6f" testId="599e77a4-6fde-de7d-4c87-c34bbd7317fb" testName="Data_mode_parsing(null,Normal)" computerName="runnervmlun5p" duration="00:00:00.0000050" startTime="2026-09-23T23:46:34.6574179+00:00" endTime="2026-09-23T23:46:34.6574230+00:00" testType="13cdc9d9-ddb5-4fa4-a97d-d965ccfc6d4b" outcome="Passed" testListId="8c84fa94-04c1-424b-9868-57a2d4851a1d" relativeResultsDirectory="e4559426-ef81-4d33-a033-ee825c1eaa6f" />
    <UnitTestResult executionId="fde599c8-a18d-4abc-9aef-e8b35dfb9c08" testId="800b53c4-e597-9174-35ab-8247b00e88d4" testName="New_inspection_appears_first_in_history_immediately" computerName="runnervmlun5p" duration="00:00:00.0533130" startTime="2026-09-23T23:46:36.9682638+00:00" endTime="2026-09-23T23:46:37.0215765+00:00" testType="13cdc9d9-ddb5-4fa4-a97d-d965ccfc6d4b" outcome="Passed" testListId="8c84fa94-04c1-424b-9868-57a2d4851a1d" relativeResultsDirectory="fde599c8-a18d-4abc-9aef-e8b35dfb9c08" />
    <UnitTestResult executionId="26b22c6b-1979-4907-b2b4-3fce07e43e76" testId="8ac7050d-d7af-c392-8777-837030536554" testName="Timestamp_formatting" computerName="runnervmlun5p" duration="00:00:00.0005689" startTime="2026-09-23T23:46:49.4535789+00:00" endTime="2026-09-23T23:46:49.4541481+00:00" testType="13cdc9d9-ddb5-4fa4-a97d-d965ccfc6d4b" outcome="Passed" testListId="8c84fa94-04c1-424b-9868-57a2d4851a1d" relativeResultsDirectory="26b22c6b-1979-4907-b2b4-3fce07e43e76" />
    <UnitTestResult executionId="db55f23f-cf8f-4db7-9eed-04f188c7c5d1" testId="04261274-ab07-3f03-bcf6-21c0fc212f55" testName="Repeated_activation_while_saving_creates_one_inspection" computerName="runnervmlun5p" duration="00:00:12.0045080" startTime="2026-09-23T23:46:37.0297153+00:00" endTime="2026-09-23T23:46:49.0342226+00:00" testType="13cdc9d9-ddb5-4fa4-a97d-d965ccfc6d4b" outcome="Passed" testListId="8c84fa94-04c1-424b-9868-57a2d4851a1d" relativeResultsDirectory="db55f23f-cf8f-4db7-9eed-04f188c7c5d1" />
    <UnitTestResult executionId="20b0128d-9a79-46fd-912a-357284daa8db" testId="e2b9e8db-7c8b-8fba-6d61-582367e06020" testName="Assets_search_and_filter(&quot;cooling&quot;,All,[&quot;CT-007&quot;])" computerName="runnervmlun5p" duration="00:00:00.0027730" startTime="2026-09-23T23:46:36.3225649+00:00" endTime="2026-09-23T23:46:36.3253379+00:00" testType="13cdc9d9-ddb5-4fa4-a97d-d965ccfc6d4b" outcome="Passed" testListId="8c84fa94-04c1-424b-9868-57a2d4851a1d" relativeResultsDirectory="20b0128d-9a79-46fd-912a-357284daa8db" />
    <UnitTestResult executionId="f97c6321-5906-4ad5-a6b5-be12acc25e33" testId="89e8a839-345a-b13c-95b7-2e725c0c6866" testName="Attachment_is_copied_into_app_storage" computerName="runnervmlun5p" duration="00:00:00.0228090" startTime="2026-09-23T23:46:34.6183343+00:00" endTime="2026-09-23T23:46:34.6411433+00:00" testType="13cdc9d9-ddb5-4fa4-a97d-d965ccfc6d4b" outcome="Passed" testListId="8c84fa94-04c1-424b-9868-57a2d4851a1d" relativeResultsDirectory="f97c6321-5906-4ad5-a6b5-be12acc25e33" />
    <UnitTestResult executionId="d4011b89-5169-429a-8a3c-384cfcf579f1" testId="b9aeeb57-77b5-2794-ec49-6942cf68579c" testName="Cancel_goes_back_without_saving" computerName="runnervmlun5p" duration="00:00:00.0111220" startTime="2026-09-23T23:46:36.3323032+00:00" endTime="2026-09-23T23:46:36.3434250+00:00" testType="13cdc9d9-ddb5-4fa4-a97d-d965ccfc6d4b" outcome="Passed" testListId="8c84fa94-04c1-424b-9868-57a2d4851a1d" relativeResultsDirectory="d4011b89-5169-429a-8a3c-384cfcf579f1" />
    <UnitTestResult executionId="3e2078bc-88cb-4c4d-ae2d-82f219f9ecf0" testId="3fdc559d-49b5-939a-ea88-5f5ccb46e6e5" testName="Added_inspection_is_persisted_and_survives_a_new_repository_instance" computerName="runnervmlun5p" duration="00:00:00.1217410" startTime="2026-09-23T23:46:34.4901991+00:00" endTime="2026-09-23T23:46:34.6118322+00:00" testType="13cdc9d9-ddb5-4fa4-a97d-d965ccfc6d4b" outcome="Passed" testListId="8c84fa94-04c1-424b-9868-57a2d4851a1d" relativeResultsDirectory="3e2078bc-88cb-4c4d-ae2d-82f219f9ecf0" />
    <UnitTestResult executionId="edc169a3-e0c7-4d55-a915-b26dba50ee3d" testId="016a5fd2-b9ac-fdf5-0708-d507797d2d74" testName="Dashboard_counts_are_derived_from_data" computerName="runnervmlun5p" duration="00:00:00.0104840" startTime="2026-09-23T23:46:36.3434665+00:00" endTime="2026-09-23T23:46:36.3539502+00:00" testType="13cdc9d9-ddb5-4fa4-a97d-d965ccfc6d4b" outcome="Passed" testListId="8c84fa94-04c1-424b-9868-57a2d4851a1d" relativeResultsDirectory="edc169a3-e0c7-4d55-a915-b26dba50ee3d" />
    <UnitTestResult executionId="56721514-7dad-4892-9953-f41cda371d04" testId="a65a202e-4b1a-d7ad-e040-6de035fc4583" testName="Assets_open_pushes_detail_when_narrow_and_selects_when_wide" computerName="runnervmlun5p" duration="00:00:00.0078140" startTime="2026-09-23T23:46:36.3146867+00:00" endTime="2026-09-23T23:46:36.3225004+00:00" testType="13cdc9d9-ddb5-4fa4-a97d-d965ccfc6d4b" outcome="Passed" testListId="8c84fa94-04c1-424b-9868-57a2d4851a1d" relativeResultsDirectory="56721514-7dad-4892-9953-f41cda371d04" />
    <UnitTestResult executionId="18f572a1-6b04-4d5d-a8fc-f114e5fda096" testId="e65441a8-f004-9eb6-6824-96e89d755038" testName="Data_mode_parsing(&quot;ERROR-ONCE&quot;,ErrorOnce)" computerName="runnervmlun5p" duration="00:00:00.0002720" startTime="2026-09-23T23:46:34.6570747+00:00" endTime="2026-09-23T23:46:34.6573462+00:00" testType="13cdc9d9-ddb5-4fa4-a97d-d965ccfc6d4b" outcome="Passed" testListId="8c84fa94-04c1-424b-9868-57a2d4851a1d" relativeResultsDirectory="18f572a1-6b04-4d5d-a8fc-f114e5fda096" />
    <UnitTestResult executionId="0a07109a-57fb-4877-a020-53fe80208117" testId="35b62df2-148b-f364-c307-afc590091eb3" testName="History_is_newest_first_and_filters" computerName="runnervmlun5p" duration="00:00:00.0075940" startTime="2026-09-23T23:46:36.9576729+00:00" endTime="2026-09-23T23:46:36.9652670+00:00" testType="13cdc9d9-ddb5-4fa4-a97d-d965ccfc6d4b" outcome="Passed" testListId="8c84fa94-04c1-424b-9868-57a2d4851a1d" relativeResultsDirectory="0a07109a-57fb-4877-a020-53fe80208117" />
    <UnitTestResult executionId="bd9e2543-4321-4262-bdcb-e4e9e506ce75" testId="5967d81f-e741-bb1c-24ba-b9a1ea697b1e" testName="Success_actions_navigate_to_asset_and_history" computerName="runnervmlun5p" duration="00:00:00.0041599" startTime="2026-09-23T23:46:49.4402002+00:00" endTime="2026-09-23T23:46:49.4443594+00:00" testType="13cdc9d9-ddb5-4fa4-a97d-d965ccfc6d4b" outcome="Passed" testListId="8c84fa94-04c1-424b-9868-57a2d4851a1d" relativeResultsDirectory="bd9e2543-4321-4262-bdcb-e4e9e506ce75" />
    <UnitTestResult executionId="e9002b6c-271b-4505-b912-a82f3a28a12b" testId="c8bbc628-0cdb-88d8-32a5-2b8a89b03ec8" testName="Temperature_range_is_inclusive(&quot;&quot;,False)" computerName="runnervmlun5p" duration="00:00:00.0006140" startTime="2026-09-23T23:46:49.4529252+00:00" endTime="2026-09-23T23:46:49.4535393+00:00" testType="13cdc9d9-ddb5-4fa4-a97d-d965ccfc6d4b" outcome="Passed" testListId="8c84fa94-04c1-424b-9868-57a2d4851a1d" relativeResultsDirectory="e9002b6c-271b-4505-b912-a82f3a28a12b" />
    <UnitTestResult executionId="75821aa3-d0de-4c7a-a67f-a715d1b44f6b" testId="044be290-726d-c554-d312-8462128118ae" testName="Data_mode_parsing(&quot;slow&quot;,Slow)" computerName="runnervmlun5p" duration="00:00:00.0000060" startTime="2026-09-23T23:46:34.6573839+00:00" endTime="2026-09-23T23:46:34.6573897+00:00" testType="13cdc9d9-ddb5-4fa4-a97d-d965ccfc6d4b" outcome="Passed" testListId="8c84fa94-04c1-424b-9868-57a2d4851a1d" relativeResultsDirectory="75821aa3-d0de-4c7a-a67f-a715d1b44f6b" />
    <UnitTestResult executionId="a3940f6d-213c-4b28-8a81-b97676c55cd8" testId="fa537a50-d997-e2ec-552c-1f5eedfee4dd" testName="Issue_description_visibility_and_requirement" computerName="runnervmlun5p" duration="00:00:00.0029310" startTime="2026-09-23T23:46:36.9653051+00:00" endTime="2026-09-23T23:46:36.9682357+00:00" testType="13cdc9d9-ddb5-4fa4-a97d-d965ccfc6d4b" outcome="Passed" testListId="8c84fa94-04c1-424b-9868-57a2d4851a1d" relativeResultsDirectory="a3940f6d-213c-4b28-8a81-b97676c55cd8" />
  </Results>
  <TestDefinitions>
    <UnitTest name="Temperature_range_is_inclusive(&quot;250.1&quot;,False)" storage="/home/runner/work/uno-builds/uno-builds/fieldcheck/app/fieldcheck/fieldcheck.tests/bin/release/net10.0/fieldcheck.tests.dll" id="e24b2363-895f-ba8e-ce32-4ea0aeb39b2c">
      <Execution id="026ed8f1-710f-4cd2-9f26-1068bad24d8b" />
      <TestMethod codeBase="/home/runner/work/Uno-Builds/Uno-Builds/FieldCheck/app/FieldCheck/FieldCheck.Tests/bin/Release/net10.0/FieldCheck.Tests.dll" adapterTypeName="executor://nunit3testexecutor/" className="FieldCheck.Tests.ViewModelTests" name="Temperature_range_is_inclusive(&quot;250.1&quot;,False)" />
    </UnitTest>
    <UnitTest name="Assets_search_and_filter(&quot;roof&quot;,Critical,[&quot;CT-007&quot;])" storage="/home/runner/work/uno-builds/uno-builds/fieldcheck/app/fieldcheck/fieldcheck.tests/bin/release/net10.0/fieldcheck.tests.dll" id="9837ced1-a01b-79cf-0cb4-d99c593c5b55">
      <Execution id="e8af7e1c-7aa9-4798-8622-82d00af77923" />
      <TestMethod codeBase="/home/runner/work/Uno-Builds/Uno-Builds/FieldCheck/app/FieldCheck/FieldCheck.Tests/bin/Release/net10.0/FieldCheck.Tests.dll" adapterTypeName="executor://nunit3testexecutor/" className="FieldCheck.Tests.ViewModelTests" name="Assets_search_and_filter(&quot;roof&quot;,Critical,[&quot;CT-007&quot;])" />
    </UnitTest>
    <UnitTest name="Data_modes_are_deterministic" storage="/home/runner/work/uno-builds/uno-builds/fieldcheck/app/fieldcheck/fieldcheck.tests/bin/release/net10.0/fieldcheck.tests.dll" id="9b16206d-b7ef-e539-9fee-1d13dacf7fad">
      <Execution id="e7e14558-f55c-4ef8-abb7-207a91059aab" />
      <TestMethod codeBase="/home/runner/work/Uno-Builds/Uno-Builds/FieldCheck/app/FieldCheck/FieldCheck.Tests/bin/Release/net10.0/FieldCheck.Tests.dll" adapterTypeName="executor://nunit3testexecutor/" className="FieldCheck.Tests.RepositoryTests" name="Data_modes_are_deterministic" />
    </UnitTest>
    <UnitTest name="Assets_no_results_is_distinct_from_empty" storage="/home/runner/work/uno-builds/uno-builds/fieldcheck/app/fieldcheck/fieldcheck.tests/bin/release/net10.0/fieldcheck.tests.dll" id="9d70edb6-66e8-6bcb-1445-5902b6da99d5">
      <Execution id="fa492903-b706-405c-8091-fd60ffeb10d8" />
      <TestMethod codeBase="/home/runner/work/Uno-Builds/Uno-Builds/FieldCheck/app/FieldCheck/FieldCheck.Tests/bin/Release/net10.0/FieldCheck.Tests.dll" adapterTypeName="executor://nunit3testexecutor/" className="FieldCheck.Tests.ViewModelTests" name="Assets_no_results_is_distinct_from_empty" />
    </UnitTest>
    <UnitTest name="Timestamp_formatting" storage="/home/runner/work/uno-builds/uno-builds/fieldcheck/app/fieldcheck/fieldcheck.tests/bin/release/net10.0/fieldcheck.tests.dll" id="8ac7050d-d7af-c392-8777-837030536554">
      <Execution id="26b22c6b-1979-4907-b2b4-3fce07e43e76" />
      <TestMethod codeBase="/home/runner/work/Uno-Builds/Uno-Builds/FieldCheck/app/FieldCheck/FieldCheck.Tests/bin/Release/net10.0/FieldCheck.Tests.dll" adapterTypeName="executor://nunit3testexecutor/" className="FieldCheck.Tests.ViewModelTests" name="Timestamp_formatting" />
    </UnitTest>
    <UnitTest name="Assets_search_and_filter(&quot;ROOF&quot;,All,[&quot;AHU-203&quot;, &quot;CT-007&quot;, &quot;FAN-305&quot;])" storage="/home/runner/work/uno-builds/uno-builds/fieldcheck/app/fieldcheck/fieldcheck.tests/bin/release/net10.0/fieldcheck.tests.dll" id="961b7cea-13a0-7a51-8953-1f88fc308135">
      <Execution id="0b44e218-e256-4c9a-9283-9f95830a1be8" />
      <TestMethod codeBase="/home/runner/work/Uno-Builds/Uno-Builds/FieldCheck/app/FieldCheck/FieldCheck.Tests/bin/Release/net10.0/FieldCheck.Tests.dll" adapterTypeName="executor://nunit3testexecutor/" className="FieldCheck.Tests.ViewModelTests" name="Assets_search_and_filter(&quot;ROOF&quot;,All,[&quot;AHU-203&quot;, &quot;CT-007&quot;, &quot;FAN-305&quot;])" />
    </UnitTest>
    <UnitTest name="Write_failure_throws_and_leaves_state_unchanged" storage="/home/runner/work/uno-builds/uno-builds/fieldcheck/app/fieldcheck/fieldcheck.tests/bin/release/net10.0/fieldcheck.tests.dll" id="b12f152b-4615-4892-351c-6fd64f9014f7">
      <Execution id="4264e3c9-c63a-4ddc-ab4a-80c294149f6c" />
      <TestMethod codeBase="/home/runner/work/Uno-Builds/Uno-Builds/FieldCheck/app/FieldCheck/FieldCheck.Tests/bin/Release/net10.0/FieldCheck.Tests.dll" adapterTypeName="executor://nunit3testexecutor/" className="FieldCheck.Tests.RepositoryTests" name="Write_failure_throws_and_leaves_state_unchanged" />
    </UnitTest>
    <UnitTest name="Temperature_range_is_inclusive(&quot;250&quot;,True)" storage="/home/runner/work/uno-builds/uno-builds/fieldcheck/app/fieldcheck/fieldcheck.tests/bin/release/net10.0/fieldcheck.tests.dll" id="9f7301f1-072c-9372-73af-4069fda5dc7e">
      <Execution id="d954cc33-7238-44c0-aa34-e7f98b45064a" />
      <TestMethod codeBase="/home/runner/work/Uno-Builds/Uno-Builds/FieldCheck/app/FieldCheck/FieldCheck.Tests/bin/Release/net10.0/FieldCheck.Tests.dll" adapterTypeName="executor://nunit3testexecutor/" className="FieldCheck.Tests.ViewModelTests" name="Temperature_range_is_inclusive(&quot;250&quot;,True)" />
    </UnitTest>
    <UnitTest name="Cancel_goes_back_without_saving" storage="/home/runner/work/uno-builds/uno-builds/fieldcheck/app/fieldcheck/fieldcheck.tests/bin/release/net10.0/fieldcheck.tests.dll" id="b9aeeb57-77b5-2794-ec49-6942cf68579c">
      <Execution id="d4011b89-5169-429a-8a3c-384cfcf579f1" />
      <TestMethod codeBase="/home/runner/work/Uno-Builds/Uno-Builds/FieldCheck/app/FieldCheck/FieldCheck.Tests/bin/Release/net10.0/FieldCheck.Tests.dll" adapterTypeName="executor://nunit3testexecutor/" className="FieldCheck.Tests.ViewModelTests" name="Cancel_goes_back_without_saving" />
    </UnitTest>
    <UnitTest name="Data_mode_parsing(&quot;save-error&quot;,SaveError)" storage="/home/runner/work/uno-builds/uno-builds/fieldcheck/app/fieldcheck/fieldcheck.tests/bin/release/net10.0/fieldcheck.tests.dll" id="c66058e0-2a69-7251-d4c8-fc0bd55fbffe">
      <Execution id="e43959d1-a39c-4cfd-9d13-53901284359f" />
      <TestMethod codeBase="/home/runner/work/Uno-Builds/Uno-Builds/FieldCheck/app/FieldCheck/FieldCheck.Tests/bin/Release/net10.0/FieldCheck.Tests.dll" adapterTypeName="executor://nunit3testexecutor/" className="FieldCheck.Tests.RepositoryTests" name="Data_mode_parsing(&quot;save-error&quot;,SaveError)" />
    </UnitTest>
    <UnitTest name="Success_actions_navigate_to_asset_and_history" storage="/home/runner/work/uno-builds/uno-builds/fieldcheck/app/fieldcheck/fieldcheck.tests/bin/release/net10.0/fieldcheck.tests.dll" id="5967d81f-e741-bb1c-24ba-b9a1ea697b1e">
      <Execution id="bd9e2543-4321-4262-bdcb-e4e9e506ce75" />
      <TestMethod codeBase="/home/runner/work/Uno-Builds/Uno-Builds/FieldCheck/app/FieldCheck/FieldCheck.Tests/bin/Release/net10.0/FieldCheck.Tests.dll" adapterTypeName="executor://nunit3testexecutor/" className="FieldCheck.Tests.ViewModelTests" name="Success_actions_navigate_to_asset_and_history" />
    </UnitTest>
    <UnitTest name="Generated_ids_are_unique_and_stable" storage="/home/runner/work/uno-builds/uno-builds/fieldcheck/app/fieldcheck/fieldcheck.tests/bin/release/net10.0/fieldcheck.tests.dll" id="8b89425b-5f3b-20d6-32d8-3ab34297400a">
      <Execution id="3a31f454-926b-4910-90f1-6a0e67f01a5c" />
      <TestMethod codeBase="/home/runner/work/Uno-Builds/Uno-Builds/FieldCheck/app/FieldCheck/FieldCheck.Tests/bin/Release/net10.0/FieldCheck.Tests.dll" adapterTypeName="executor://nunit3testexecutor/" className="FieldCheck.Tests.RepositoryTests" name="Generated_ids_are_unique_and_stable" />
    </UnitTest>
    <UnitTest name="History_is_newest_first_and_filters" storage="/home/runner/work/uno-builds/uno-builds/fieldcheck/app/fieldcheck/fieldcheck.tests/bin/release/net10.0/fieldcheck.tests.dll" id="35b62df2-148b-f364-c307-afc590091eb3">
      <Execution id="0a07109a-57fb-4877-a020-53fe80208117" />
      <TestMethod codeBase="/home/runner/work/Uno-Builds/Uno-Builds/FieldCheck/app/FieldCheck/FieldCheck.Tests/bin/Release/net10.0/FieldCheck.Tests.dll" adapterTypeName="executor://nunit3testexecutor/" className="FieldCheck.Tests.ViewModelTests" name="History_is_newest_first_and_filters" />
    </UnitTest>
    <UnitTest name="Assets_search_and_filter(&quot;&quot;,Critical,[&quot;CT-007&quot;, &quot;EF-090&quot;])" storage="/home/runner/work/uno-builds/uno-builds/fieldcheck/app/fieldcheck/fieldcheck.tests/bin/release/net10.0/fieldcheck.tests.dll" id="e4e28ecb-266d-dec7-a85f-76eb8ad262f4">
      <Execution id="e600a67e-d193-4dd8-8c98-15e1c20126ad" />
      <TestMethod codeBase="/home/runner/work/Uno-Builds/Uno-Builds/FieldCheck/app/FieldCheck/FieldCheck.Tests/bin/Release/net10.0/FieldCheck.Tests.dll" adapterTypeName="executor://nunit3testexecutor/" className="FieldCheck.Tests.ViewModelTests" name="Assets_search_and_filter(&quot;&quot;,Critical,[&quot;CT-007&quot;, &quot;EF-090&quot;])" />
    </UnitTest>
    <UnitTest name="Asset_detail_reflects_newest_inspection_after_save" storage="/home/runner/work/uno-builds/uno-builds/fieldcheck/app/fieldcheck/fieldcheck.tests/bin/release/net10.0/fieldcheck.tests.dll" id="e39bb4d4-c0e8-b6b6-d093-ccc8b2e12736">
      <Execution id="109d7513-258a-47e0-bda1-273dac768de4" />
      <TestMethod codeBase="/home/runner/work/Uno-Builds/Uno-Builds/FieldCheck/app/FieldCheck/FieldCheck.Tests/bin/Release/net10.0/FieldCheck.Tests.dll" adapterTypeName="executor://nunit3testexecutor/" className="FieldCheck.Tests.ViewModelTests" name="Asset_detail_reflects_newest_inspection_after_save" />
    </UnitTest>
    <UnitTest name="Repeated_activation_while_saving_creates_one_inspection" storage="/home/runner/work/uno-builds/uno-builds/fieldcheck/app/fieldcheck/fieldcheck.tests/bin/release/net10.0/fieldcheck.tests.dll" id="04261274-ab07-3f03-bcf6-21c0fc212f55">
      <Execution id="db55f23f-cf8f-4db7-9eed-04f188c7c5d1" />
      <TestMethod codeBase="/home/runner/work/Uno-Builds/Uno-Builds/FieldCheck/app/FieldCheck/FieldCheck.Tests/bin/Release/net10.0/FieldCheck.Tests.dll" adapterTypeName="executor://nunit3testexecutor/" className="FieldCheck.Tests.ViewModelTests" name="Repeated_activation_while_saving_creates_one_inspection" />
    </UnitTest>
    <UnitTest name="Temperature_range_is_inclusive(&quot;-50&quot;,True)" storage="/home/runner/work/uno-builds/uno-builds/fieldcheck/app/fieldcheck/fieldcheck.tests/bin/release/net10.0/fieldcheck.tests.dll" id="1c4eca39-09ca-0b1e-78e2-66b95aa9627a">
      <Execution id="7591c08c-a781-468b-840a-5561e2926a2f" />
      <TestMethod codeBase="/home/runner/work/Uno-Builds/Uno-Builds/FieldCheck/app/FieldCheck/FieldCheck.Tests/bin/Release/net10.0/FieldCheck.Tests.dll" adapterTypeName="executor://nunit3testexecutor/" className="FieldCheck.Tests.ViewModelTests" name="Temperature_range_is_inclusive(&quot;-50&quot;,True)" />
    </UnitTest>
    <UnitTest name="Assets_search_and_filter(&quot;PMP&quot;,All,[&quot;PMP-104&quot;, &quot;PMP-220&quot;])" storage="/home/runner/work/uno-builds/uno-builds/fieldcheck/app/fieldcheck/fieldcheck.tests/bin/release/net10.0/fieldcheck.tests.dll" id="31c01c01-f42e-efae-0a10-b13a817adbca">
      <Execution id="f284b725-bb66-4463-b376-81df638cd5c2" />
      <TestMethod codeBase="/home/runner/work/Uno-Builds/Uno-Builds/FieldCheck/app/FieldCheck/FieldCheck.Tests/bin/Release/net10.0/FieldCheck.Tests.dll" adapterTypeName="executor://nunit3testexecutor/" className="FieldCheck.Tests.ViewModelTests" name="Assets_search_and_filter(&quot;PMP&quot;,All,[&quot;PMP-104&quot;, &quot;PMP-220&quot;])" />
    </UnitTest>
    <UnitTest name="Dashboard_counts_are_derived_from_data" storage="/home/runner/work/uno-builds/uno-builds/fieldcheck/app/fieldcheck/fieldcheck.tests/bin/release/net10.0/fieldcheck.tests.dll" id="016a5fd2-b9ac-fdf5-0708-d507797d2d74">
      <Execution id="edc169a3-e0c7-4d55-a915-b26dba50ee3d" />
      <TestMethod codeBase="/home/runner/work/Uno-Builds/Uno-Builds/FieldCheck/app/FieldCheck/FieldCheck.Tests/bin/Release/net10.0/FieldCheck.Tests.dll" adapterTypeName="executor://nunit3testexecutor/" className="FieldCheck.Tests.ViewModelTests" name="Dashboard_counts_are_derived_from_data" />
    </UnitTest>
    <UnitTest name="Data_mode_parsing(&quot;bogus&quot;,Normal)" storage="/home/runner/work/uno-builds/uno-builds/fieldcheck/app/fieldcheck/fieldcheck.tests/bin/release/net10.0/fieldcheck.tests.dll" id="931b5757-b39d-2e8b-53fb-992531ccd5e2">
      <Execution id="b54b6ae2-36f5-437c-adc8-4315906ba965" />
      <TestMethod codeBase="/home/runner/work/Uno-Builds/Uno-Builds/FieldCheck/app/FieldCheck/FieldCheck.Tests/bin/Release/net10.0/FieldCheck.Tests.dll" adapterTypeName="executor://nunit3testexecutor/" className="FieldCheck.Tests.RepositoryTests" name="Data_mode_parsing(&quot;bogus&quot;,Normal)" />
    </UnitTest>
    <UnitTest name="Successful_submit_creates_exactly_one_inspection_and_navigates" storage="/home/runner/work/uno-builds/uno-builds/fieldcheck/app/fieldcheck/fieldcheck.tests/bin/release/net10.0/fieldcheck.tests.dll" id="2e823845-2063-194a-2d72-9d1e527ae6af">
      <Execution id="98e0afc2-ee9d-4bfb-82bf-2ea879e2dcff" />
      <TestMethod codeBase="/home/runner/work/Uno-Builds/Uno-Builds/FieldCheck/app/FieldCheck/FieldCheck.Tests/bin/Release/net10.0/FieldCheck.Tests.dll" adapterTypeName="executor://nunit3testexecutor/" className="FieldCheck.Tests.ViewModelTests" name="Successful_submit_creates_exactly_one_inspection_and_navigates" />
    </UnitTest>
    <UnitTest name="Data_mode_parsing(&quot;error&quot;,Error)" storage="/home/runner/work/uno-builds/uno-builds/fieldcheck/app/fieldcheck/fieldcheck.tests/bin/release/net10.0/fieldcheck.tests.dll" id="1c93215e-4091-8d15-7487-ef577c944bc5">
      <Execution id="36743252-a97e-47a0-bfd8-e8545ff7b6f1" />
      <TestMethod codeBase="/home/runner/work/Uno-Builds/Uno-Builds/FieldCheck/app/FieldCheck/FieldCheck.Tests/bin/Release/net10.0/FieldCheck.Tests.dll" adapterTypeName="executor://nunit3testexecutor/" className="FieldCheck.Tests.RepositoryTests" name="Data_mode_parsing(&quot;error&quot;,Error)" />
    </UnitTest>
    <UnitTest name="Picker_select_cancel_and_failure_keep_the_form_usable" storage="/home/runner/work/uno-builds/uno-builds/fieldcheck/app/fieldcheck/fieldcheck.tests/bin/release/net10.0/fieldcheck.tests.dll" id="555728f0-6772-ec4b-ac44-67c7553b6f8c">
      <Execution id="16515a94-5f1c-4d9b-9a0c-22dfaa27bc5b" />
      <TestMethod codeBase="/home/runner/work/Uno-Builds/Uno-Builds/FieldCheck/app/FieldCheck/FieldCheck.Tests/bin/Release/net10.0/FieldCheck.Tests.dll" adapterTypeName="executor://nunit3testexecutor/" className="FieldCheck.Tests.ViewModelTests" name="Picker_select_cancel_and_failure_keep_the_form_usable" />
    </UnitTest>
    <UnitTest name="Attachment_is_copied_into_app_storage" storage="/home/runner/work/uno-builds/uno-builds/fieldcheck/app/fieldcheck/fieldcheck.tests/bin/release/net10.0/fieldcheck.tests.dll" id="89e8a839-345a-b13c-95b7-2e725c0c6866">
      <Execution id="f97c6321-5906-4ad5-a6b5-be12acc25e33" />
      <TestMethod codeBase="/home/runner/work/Uno-Builds/Uno-Builds/FieldCheck/app/FieldCheck/FieldCheck.Tests/bin/Release/net10.0/FieldCheck.Tests.dll" adapterTypeName="executor://nunit3testexecutor/" className="FieldCheck.Tests.RepositoryTests" name="Attachment_is_copied_into_app_storage" />
    </UnitTest>
    <UnitTest name="Assets_search_and_filter(&quot;cooling&quot;,All,[&quot;CT-007&quot;])" storage="/home/runner/work/uno-builds/uno-builds/fieldcheck/app/fieldcheck/fieldcheck.tests/bin/release/net10.0/fieldcheck.tests.dll" id="e2b9e8db-7c8b-8fba-6d61-582367e06020">
      <Execution id="20b0128d-9a79-46fd-912a-357284daa8db" />
      <TestMethod codeBase="/home/runner/work/Uno-Builds/Uno-Builds/FieldCheck/app/FieldCheck/FieldCheck.Tests/bin/Release/net10.0/FieldCheck.Tests.dll" adapterTypeName="executor://nunit3testexecutor/" className="FieldCheck.Tests.ViewModelTests" name="Assets_search_and_filter(&quot;cooling&quot;,All,[&quot;CT-007&quot;])" />
    </UnitTest>
    <UnitTest name="Submit_is_disabled_until_required_fields_are_valid" storage="/home/runner/work/uno-builds/uno-builds/fieldcheck/app/fieldcheck/fieldcheck.tests/bin/release/net10.0/fieldcheck.tests.dll" id="73956f71-7c24-853f-ed19-297a1a3c40ed">
      <Execution id="971ca176-6aeb-4b74-a4e0-8a2726d5c762" />
      <TestMethod codeBase="/home/runner/work/Uno-Builds/Uno-Builds/FieldCheck/app/FieldCheck/FieldCheck.Tests/bin/Release/net10.0/FieldCheck.Tests.dll" adapterTypeName="executor://nunit3testexecutor/" className="FieldCheck.Tests.ViewModelTests" name="Submit_is_disabled_until_required_fields_are_valid" />
    </UnitTest>
    <UnitTest name="Seeds_all_twelve_assets_and_six_inspections" storage="/home/runner/work/uno-builds/uno-builds/fieldcheck/app/fieldcheck/fieldcheck.tests/bin/release/net10.0/fieldcheck.tests.dll" id="4e3ae567-4b75-4d78-2984-aa253720d416">
      <Execution id="1c3d92ca-9863-49c7-b3ff-d396c2bf77f2" />
      <TestMethod codeBase="/home/runner/work/Uno-Builds/Uno-Builds/FieldCheck/app/FieldCheck/FieldCheck.Tests/bin/Release/net10.0/FieldCheck.Tests.dll" adapterTypeName="executor://nunit3testexecutor/" className="FieldCheck.Tests.RepositoryTests" name="Seeds_all_twelve_assets_and_six_inspections" />
    </UnitTest>
    <UnitTest name="Data_mode_parsing(null,Normal)" storage="/home/runner/work/uno-builds/uno-builds/fieldcheck/app/fieldcheck/fieldcheck.tests/bin/release/net10.0/fieldcheck.tests.dll" id="599e77a4-6fde-de7d-4c87-c34bbd7317fb">
      <Execution id="e4559426-ef81-4d33-a033-ee825c1eaa6f" />
      <TestMethod codeBase="/home/runner/work/Uno-Builds/Uno-Builds/FieldCheck/app/FieldCheck/FieldCheck.Tests/bin/Release/net10.0/FieldCheck.Tests.dll" adapterTypeName="executor://nunit3testexecutor/" className="FieldCheck.Tests.RepositoryTests" name="Data_mode_parsing(null,Normal)" />
    </UnitTest>
    <UnitTest name="Corrupt_local_data_surfaces_a_repository_exception" storage="/home/runner/work/uno-builds/uno-builds/fieldcheck/app/fieldcheck/fieldcheck.tests/bin/release/net10.0/fieldcheck.tests.dll" id="4158b6eb-d22e-c8b9-0f3a-4910a5296057">
      <Execution id="14112fcf-61ec-46b9-bde9-09baa2fdf8e8" />
      <TestMethod codeBase="/home/runner/work/Uno-Builds/Uno-Builds/FieldCheck/app/FieldCheck/FieldCheck.Tests/bin/Release/net10.0/FieldCheck.Tests.dll" adapterTypeName="executor://nunit3testexecutor/" className="FieldCheck.Tests.RepositoryTests" name="Corrupt_local_data_surfaces_a_repository_exception" />
    </UnitTest>
    <UnitTest name="Temperature_range_is_inclusive(&quot;-51&quot;,False)" storage="/home/runner/work/uno-builds/uno-builds/fieldcheck/app/fieldcheck/fieldcheck.tests/bin/release/net10.0/fieldcheck.tests.dll" id="b13ebba2-f006-a127-b395-c9631f5e1d4e">
      <Execution id="afb3a5f0-1d34-4069-80a5-8a54733d2f64" />
      <TestMethod codeBase="/home/runner/work/Uno-Builds/Uno-Builds/FieldCheck/app/FieldCheck/FieldCheck.Tests/bin/Release/net10.0/FieldCheck.Tests.dll" adapterTypeName="executor://nunit3testexecutor/" className="FieldCheck.Tests.ViewModelTests" name="Temperature_range_is_inclusive(&quot;-51&quot;,False)" />
    </UnitTest>
    <UnitTest name="Temperature_range_is_inclusive(&quot;27.5&quot;,True)" storage="/home/runner/work/uno-builds/uno-builds/fieldcheck/app/fieldcheck/fieldcheck.tests/bin/release/net10.0/fieldcheck.tests.dll" id="874ec84c-b730-4645-f99a-855ac936f00f">
      <Execution id="0b32196e-4f1f-419d-b17b-1d0d54005c7e" />
      <TestMethod codeBase="/home/runner/work/Uno-Builds/Uno-Builds/FieldCheck/app/FieldCheck/FieldCheck.Tests/bin/Release/net10.0/FieldCheck.Tests.dll" adapterTypeName="executor://nunit3testexecutor/" className="FieldCheck.Tests.ViewModelTests" name="Temperature_range_is_inclusive(&quot;27.5&quot;,True)" />
    </UnitTest>
    <UnitTest name="Temperature_range_is_inclusive(&quot;&quot;,False)" storage="/home/runner/work/uno-builds/uno-builds/fieldcheck/app/fieldcheck/fieldcheck.tests/bin/release/net10.0/fieldcheck.tests.dll" id="c8bbc628-0cdb-88d8-32a5-2b8a89b03ec8">
      <Execution id="e9002b6c-271b-4505-b912-a82f3a28a12b" />
      <TestMethod codeBase="/home/runner/work/Uno-Builds/Uno-Builds/FieldCheck/app/FieldCheck/FieldCheck.Tests/bin/Release/net10.0/FieldCheck.Tests.dll" adapterTypeName="executor://nunit3testexecutor/" className="FieldCheck.Tests.ViewModelTests" name="Temperature_range_is_inclusive(&quot;&quot;,False)" />
    </UnitTest>
    <UnitTest name="Added_inspection_is_persisted_and_survives_a_new_repository_instance" storage="/home/runner/work/uno-builds/uno-builds/fieldcheck/app/fieldcheck/fieldcheck.tests/bin/release/net10.0/fieldcheck.tests.dll" id="3fdc559d-49b5-939a-ea88-5f5ccb46e6e5">
      <Execution id="3e2078bc-88cb-4c4d-ae2d-82f219f9ecf0" />
      <TestMethod codeBase="/home/runner/work/Uno-Builds/Uno-Builds/FieldCheck/app/FieldCheck/FieldCheck.Tests/bin/Release/net10.0/FieldCheck.Tests.dll" adapterTypeName="executor://nunit3testexecutor/" className="FieldCheck.Tests.RepositoryTests" name="Added_inspection_is_persisted_and_survives_a_new_repository_instance" />
    </UnitTest>
    <UnitTest name="Temperature_range_is_inclusive(&quot;abc&quot;,False)" storage="/home/runner/work/uno-builds/uno-builds/fieldcheck/app/fieldcheck/fieldcheck.tests/bin/release/net10.0/fieldcheck.tests.dll" id="d067fb80-e266-1606-9971-a316f13740e1">
      <Execution id="b4e0ab39-59ac-4546-8bda-0db68a696d62" />
      <TestMethod codeBase="/home/runner/work/Uno-Builds/Uno-Builds/FieldCheck/app/FieldCheck/FieldCheck.Tests/bin/Release/net10.0/FieldCheck.Tests.dll" adapterTypeName="executor://nunit3testexecutor/" className="FieldCheck.Tests.ViewModelTests" name="Temperature_range_is_inclusive(&quot;abc&quot;,False)" />
    </UnitTest>
    <UnitTest name="Data_mode_parsing(&quot;ERROR-ONCE&quot;,ErrorOnce)" storage="/home/runner/work/uno-builds/uno-builds/fieldcheck/app/fieldcheck/fieldcheck.tests/bin/release/net10.0/fieldcheck.tests.dll" id="e65441a8-f004-9eb6-6824-96e89d755038">
      <Execution id="18f572a1-6b04-4d5d-a8fc-f114e5fda096" />
      <TestMethod codeBase="/home/runner/work/Uno-Builds/Uno-Builds/FieldCheck/app/FieldCheck/FieldCheck.Tests/bin/Release/net10.0/FieldCheck.Tests.dll" adapterTypeName="executor://nunit3testexecutor/" className="FieldCheck.Tests.RepositoryTests" name="Data_mode_parsing(&quot;ERROR-ONCE&quot;,ErrorOnce)" />
    </UnitTest>
    <UnitTest name="Issue_description_visibility_and_requirement" storage="/home/runner/work/uno-builds/uno-builds/fieldcheck/app/fieldcheck/fieldcheck.tests/bin/release/net10.0/fieldcheck.tests.dll" id="fa537a50-d997-e2ec-552c-1f5eedfee4dd">
      <Execution id="a3940f6d-213c-4b28-8a81-b97676c55cd8" />
      <TestMethod codeBase="/home/runner/work/Uno-Builds/Uno-Builds/FieldCheck/app/FieldCheck/FieldCheck.Tests/bin/Release/net10.0/FieldCheck.Tests.dll" adapterTypeName="executor://nunit3testexecutor/" className="FieldCheck.Tests.ViewModelTests" name="Issue_description_visibility_and_requirement" />
    </UnitTest>
    <UnitTest name="Dashboard_reports_empty_and_error_states" storage="/home/runner/work/uno-builds/uno-builds/fieldcheck/app/fieldcheck/fieldcheck.tests/bin/release/net10.0/fieldcheck.tests.dll" id="8152bec8-db64-4696-85a0-5a0c5814a6d5">
      <Execution id="45e4f952-6f7d-4917-8459-421c9a9b1c8b" />
      <TestMethod codeBase="/home/runner/work/Uno-Builds/Uno-Builds/FieldCheck/app/FieldCheck/FieldCheck.Tests/bin/Release/net10.0/FieldCheck.Tests.dll" adapterTypeName="executor://nunit3testexecutor/" className="FieldCheck.Tests.ViewModelTests" name="Dashboard_reports_empty_and_error_states" />
    </UnitTest>
    <UnitTest name="Saving_never_modifies_the_benchmark_fixture_files" storage="/home/runner/work/uno-builds/uno-builds/fieldcheck/app/fieldcheck/fieldcheck.tests/bin/release/net10.0/fieldcheck.tests.dll" id="92451776-62ba-795c-7aa9-8864e9936359">
      <Execution id="f16f696f-f5e6-4ca7-aaf7-7bc9b6e091b7" />
      <TestMethod codeBase="/home/runner/work/Uno-Builds/Uno-Builds/FieldCheck/app/FieldCheck/FieldCheck.Tests/bin/Release/net10.0/FieldCheck.Tests.dll" adapterTypeName="executor://nunit3testexecutor/" className="FieldCheck.Tests.RepositoryTests" name="Saving_never_modifies_the_benchmark_fixture_files" />
    </UnitTest>
    <UnitTest name="Assets_search_and_filter(&quot;roof&quot;,Operational,[&quot;FAN-305&quot;])" storage="/home/runner/work/uno-builds/uno-builds/fieldcheck/app/fieldcheck/fieldcheck.tests/bin/release/net10.0/fieldcheck.tests.dll" id="3cc2e54f-d3cd-80e0-e892-d7e5c8e8a2a3">
      <Execution id="6ade002c-737a-4adc-9d45-733a3829c2e1" />
      <TestMethod codeBase="/home/runner/work/Uno-Builds/Uno-Builds/FieldCheck/app/FieldCheck/FieldCheck.Tests/bin/Release/net10.0/FieldCheck.Tests.dll" adapterTypeName="executor://nunit3testexecutor/" className="FieldCheck.Tests.ViewModelTests" name="Assets_search_and_filter(&quot;roof&quot;,Operational,[&quot;FAN-305&quot;])" />
    </UnitTest>
    <UnitTest name="Assets_open_pushes_detail_when_narrow_and_selects_when_wide" storage="/home/runner/work/uno-builds/uno-builds/fieldcheck/app/fieldcheck/fieldcheck.tests/bin/release/net10.0/fieldcheck.tests.dll" id="a65a202e-4b1a-d7ad-e040-6de035fc4583">
      <Execution id="56721514-7dad-4892-9953-f41cda371d04" />
      <TestMethod codeBase="/home/runner/work/Uno-Builds/Uno-Builds/FieldCheck/app/FieldCheck/FieldCheck.Tests/bin/Release/net10.0/FieldCheck.Tests.dll" adapterTypeName="executor://nunit3testexecutor/" className="FieldCheck.Tests.ViewModelTests" name="Assets_open_pushes_detail_when_narrow_and_selects_when_wide" />
    </UnitTest>
    <UnitTest name="Save_failure_reports_error_and_does_not_navigate" storage="/home/runner/work/uno-builds/uno-builds/fieldcheck/app/fieldcheck/fieldcheck.tests/bin/release/net10.0/fieldcheck.tests.dll" id="cacd4947-eb57-d792-40f9-56bc27df0eed">
      <Execution id="d944c3d3-c3eb-4b1e-a874-c595a2ecd0f9" />
      <TestMethod codeBase="/home/runner/work/Uno-Builds/Uno-Builds/FieldCheck/app/FieldCheck/FieldCheck.Tests/bin/Release/net10.0/FieldCheck.Tests.dll" adapterTypeName="executor://nunit3testexecutor/" className="FieldCheck.Tests.ViewModelTests" name="Save_failure_reports_error_and_does_not_navigate" />
    </UnitTest>
    <UnitTest name="Data_mode_parsing(&quot;empty&quot;,Empty)" storage="/home/runner/work/uno-builds/uno-builds/fieldcheck/app/fieldcheck/fieldcheck.tests/bin/release/net10.0/fieldcheck.tests.dll" id="ed831b8a-2374-12ff-c33c-c1f44e5a2454">
      <Execution id="8eefc31c-5c63-4dd2-aa3e-d39d16654dc0" />
      <TestMethod codeBase="/home/runner/work/Uno-Builds/Uno-Builds/FieldCheck/app/FieldCheck/FieldCheck.Tests/bin/Release/net10.0/FieldCheck.Tests.dll" adapterTypeName="executor://nunit3testexecutor/" className="FieldCheck.Tests.RepositoryTests" name="Data_mode_parsing(&quot;empty&quot;,Empty)" />
    </UnitTest>
    <UnitTest name="New_inspection_appears_first_in_history_immediately" storage="/home/runner/work/uno-builds/uno-builds/fieldcheck/app/fieldcheck/fieldcheck.tests/bin/release/net10.0/fieldcheck.tests.dll" id="800b53c4-e597-9174-35ab-8247b00e88d4">
      <Execution id="fde599c8-a18d-4abc-9aef-e8b35dfb9c08" />
      <TestMethod codeBase="/home/runner/work/Uno-Builds/Uno-Builds/FieldCheck/app/FieldCheck/FieldCheck.Tests/bin/Release/net10.0/FieldCheck.Tests.dll" adapterTypeName="executor://nunit3testexecutor/" className="FieldCheck.Tests.ViewModelTests" name="New_inspection_appears_first_in_history_immediately" />
    </UnitTest>
    <UnitTest name="Assets_search_and_filter(&quot;pump&quot;,All,[&quot;PMP-104&quot;, &quot;PMP-220&quot;])" storage="/home/runner/work/uno-builds/uno-builds/fieldcheck/app/fieldcheck/fieldcheck.tests/bin/release/net10.0/fieldcheck.tests.dll" id="e3c603c3-6d56-19dc-a9ff-c272922f4623">
      <Execution id="ec3945c1-9f57-4bc7-b830-de8885238bec" />
      <TestMethod codeBase="/home/runner/work/Uno-Builds/Uno-Builds/FieldCheck/app/FieldCheck/FieldCheck.Tests/bin/Release/net10.0/FieldCheck.Tests.dll" adapterTypeName="executor://nunit3testexecutor/" className="FieldCheck.Tests.ViewModelTests" name="Assets_search_and_filter(&quot;pump&quot;,All,[&quot;PMP-104&quot;, &quot;PMP-220&quot;])" />
    </UnitTest>
    <UnitTest name="Next_id_follows_the_highest_existing_number" storage="/home/runner/work/uno-builds/uno-builds/fieldcheck/app/fieldcheck/fieldcheck.tests/bin/release/net10.0/fieldcheck.tests.dll" id="52d680ce-defe-2dc2-e08c-0c44390a187f">
      <Execution id="ba3637a8-d0b5-4ef0-ad49-365c2f822d0c" />
      <TestMethod codeBase="/home/runner/work/Uno-Builds/Uno-Builds/FieldCheck/app/FieldCheck/FieldCheck.Tests/bin/Release/net10.0/FieldCheck.Tests.dll" adapterTypeName="executor://nunit3testexecutor/" className="FieldCheck.Tests.RepositoryTests" name="Next_id_follows_the_highest_existing_number" />
    </UnitTest>
    <UnitTest name="Data_mode_parsing(&quot;slow&quot;,Slow)" storage="/home/runner/work/uno-builds/uno-builds/fieldcheck/app/fieldcheck/fieldcheck.tests/bin/release/net10.0/fieldcheck.tests.dll" id="044be290-726d-c554-d312-8462128118ae">
      <Execution id="75821aa3-d0de-4c7a-a67f-a715d1b44f6b" />
      <TestMethod codeBase="/home/runner/work/Uno-Builds/Uno-Builds/FieldCheck/app/FieldCheck/FieldCheck.Tests/bin/Release/net10.0/FieldCheck.Tests.dll" adapterTypeName="executor://nunit3testexecutor/" className="FieldCheck.Tests.RepositoryTests" name="Data_mode_parsing(&quot;slow&quot;,Slow)" />
    </UnitTest>
    <UnitTest name="Assets_search_and_filter(&quot;&quot;,Attention,[&quot;AHU-203&quot;, &quot;CNV-018&quot;, &quot;BLR-002&quot;])" storage="/home/runner/work/uno-builds/uno-builds/fieldcheck/app/fieldcheck/fieldcheck.tests/bin/release/net10.0/fieldcheck.tests.dll" id="6f2aa134-5b06-03bc-c307-d0430840d9c8">
      <Execution id="7fc43998-1910-4bec-8cc0-decb96af13a7" />
      <TestMethod codeBase="/home/runner/work/Uno-Builds/Uno-Builds/FieldCheck/app/FieldCheck/FieldCheck.Tests/bin/Release/net10.0/FieldCheck.Tests.dll" adapterTypeName="executor://nunit3testexecutor/" className="FieldCheck.Tests.ViewModelTests" name="Assets_search_and_filter(&quot;&quot;,Attention,[&quot;AHU-203&quot;, &quot;CNV-018&quot;, &quot;BLR-002&quot;])" />
    </UnitTest>
  </TestDefinitions>
  <TestEntries>
    <TestEntry testId="9f7301f1-072c-9372-73af-4069fda5dc7e" executionId="d954cc33-7238-44c0-aa34-e7f98b45064a" testListId="8c84fa94-04c1-424b-9868-57a2d4851a1d" />
    <TestEntry testId="2e823845-2063-194a-2d72-9d1e527ae6af" executionId="98e0afc2-ee9d-4bfb-82bf-2ea879e2dcff" testListId="8c84fa94-04c1-424b-9868-57a2d4851a1d" />
    <TestEntry testId="961b7cea-13a0-7a51-8953-1f88fc308135" executionId="0b44e218-e256-4c9a-9283-9f95830a1be8" testListId="8c84fa94-04c1-424b-9868-57a2d4851a1d" />
    <TestEntry testId="8b89425b-5f3b-20d6-32d8-3ab34297400a" executionId="3a31f454-926b-4910-90f1-6a0e67f01a5c" testListId="8c84fa94-04c1-424b-9868-57a2d4851a1d" />
    <TestEntry testId="73956f71-7c24-853f-ed19-297a1a3c40ed" executionId="971ca176-6aeb-4b74-a4e0-8a2726d5c762" testListId="8c84fa94-04c1-424b-9868-57a2d4851a1d" />
    <TestEntry testId="6f2aa134-5b06-03bc-c307-d0430840d9c8" executionId="7fc43998-1910-4bec-8cc0-decb96af13a7" testListId="8c84fa94-04c1-424b-9868-57a2d4851a1d" />
    <TestEntry testId="52d680ce-defe-2dc2-e08c-0c44390a187f" executionId="ba3637a8-d0b5-4ef0-ad49-365c2f822d0c" testListId="8c84fa94-04c1-424b-9868-57a2d4851a1d" />
    <TestEntry testId="1c93215e-4091-8d15-7487-ef577c944bc5" executionId="36743252-a97e-47a0-bfd8-e8545ff7b6f1" testListId="8c84fa94-04c1-424b-9868-57a2d4851a1d" />
    <TestEntry testId="874ec84c-b730-4645-f99a-855ac936f00f" executionId="0b32196e-4f1f-419d-b17b-1d0d54005c7e" testListId="8c84fa94-04c1-424b-9868-57a2d4851a1d" />
    <TestEntry testId="4e3ae567-4b75-4d78-2984-aa253720d416" executionId="1c3d92ca-9863-49c7-b3ff-d396c2bf77f2" testListId="8c84fa94-04c1-424b-9868-57a2d4851a1d" />
    <TestEntry testId="31c01c01-f42e-efae-0a10-b13a817adbca" executionId="f284b725-bb66-4463-b376-81df638cd5c2" testListId="8c84fa94-04c1-424b-9868-57a2d4851a1d" />
    <TestEntry testId="e4e28ecb-266d-dec7-a85f-76eb8ad262f4" executionId="e600a67e-d193-4dd8-8c98-15e1c20126ad" testListId="8c84fa94-04c1-424b-9868-57a2d4851a1d" />
    <TestEntry testId="9837ced1-a01b-79cf-0cb4-d99c593c5b55" executionId="e8af7e1c-7aa9-4798-8622-82d00af77923" testListId="8c84fa94-04c1-424b-9868-57a2d4851a1d" />
    <TestEntry testId="e3c603c3-6d56-19dc-a9ff-c272922f4623" executionId="ec3945c1-9f57-4bc7-b830-de8885238bec" testListId="8c84fa94-04c1-424b-9868-57a2d4851a1d" />
    <TestEntry testId="8152bec8-db64-4696-85a0-5a0c5814a6d5" executionId="45e4f952-6f7d-4917-8459-421c9a9b1c8b" testListId="8c84fa94-04c1-424b-9868-57a2d4851a1d" />
    <TestEntry testId="b13ebba2-f006-a127-b395-c9631f5e1d4e" executionId="afb3a5f0-1d34-4069-80a5-8a54733d2f64" testListId="8c84fa94-04c1-424b-9868-57a2d4851a1d" />
    <TestEntry testId="b12f152b-4615-4892-351c-6fd64f9014f7" executionId="4264e3c9-c63a-4ddc-ab4a-80c294149f6c" testListId="8c84fa94-04c1-424b-9868-57a2d4851a1d" />
    <TestEntry testId="931b5757-b39d-2e8b-53fb-992531ccd5e2" executionId="b54b6ae2-36f5-437c-adc8-4315906ba965" testListId="8c84fa94-04c1-424b-9868-57a2d4851a1d" />
    <TestEntry testId="9d70edb6-66e8-6bcb-1445-5902b6da99d5" executionId="fa492903-b706-405c-8091-fd60ffeb10d8" testListId="8c84fa94-04c1-424b-9868-57a2d4851a1d" />
    <TestEntry testId="9b16206d-b7ef-e539-9fee-1d13dacf7fad" executionId="e7e14558-f55c-4ef8-abb7-207a91059aab" testListId="8c84fa94-04c1-424b-9868-57a2d4851a1d" />
    <TestEntry testId="c66058e0-2a69-7251-d4c8-fc0bd55fbffe" executionId="e43959d1-a39c-4cfd-9d13-53901284359f" testListId="8c84fa94-04c1-424b-9868-57a2d4851a1d" />
    <TestEntry testId="d067fb80-e266-1606-9971-a316f13740e1" executionId="b4e0ab39-59ac-4546-8bda-0db68a696d62" testListId="8c84fa94-04c1-424b-9868-57a2d4851a1d" />
    <TestEntry testId="92451776-62ba-795c-7aa9-8864e9936359" executionId="f16f696f-f5e6-4ca7-aaf7-7bc9b6e091b7" testListId="8c84fa94-04c1-424b-9868-57a2d4851a1d" />
    <TestEntry testId="e39bb4d4-c0e8-b6b6-d093-ccc8b2e12736" executionId="109d7513-258a-47e0-bda1-273dac768de4" testListId="8c84fa94-04c1-424b-9868-57a2d4851a1d" />
    <TestEntry testId="3cc2e54f-d3cd-80e0-e892-d7e5c8e8a2a3" executionId="6ade002c-737a-4adc-9d45-733a3829c2e1" testListId="8c84fa94-04c1-424b-9868-57a2d4851a1d" />
    <TestEntry testId="4158b6eb-d22e-c8b9-0f3a-4910a5296057" executionId="14112fcf-61ec-46b9-bde9-09baa2fdf8e8" testListId="8c84fa94-04c1-424b-9868-57a2d4851a1d" />
    <TestEntry testId="cacd4947-eb57-d792-40f9-56bc27df0eed" executionId="d944c3d3-c3eb-4b1e-a874-c595a2ecd0f9" testListId="8c84fa94-04c1-424b-9868-57a2d4851a1d" />
    <TestEntry testId="1c4eca39-09ca-0b1e-78e2-66b95aa9627a" executionId="7591c08c-a781-468b-840a-5561e2926a2f" testListId="8c84fa94-04c1-424b-9868-57a2d4851a1d" />
    <TestEntry testId="555728f0-6772-ec4b-ac44-67c7553b6f8c" executionId="16515a94-5f1c-4d9b-9a0c-22dfaa27bc5b" testListId="8c84fa94-04c1-424b-9868-57a2d4851a1d" />
    <TestEntry testId="e24b2363-895f-ba8e-ce32-4ea0aeb39b2c" executionId="026ed8f1-710f-4cd2-9f26-1068bad24d8b" testListId="8c84fa94-04c1-424b-9868-57a2d4851a1d" />
    <TestEntry testId="ed831b8a-2374-12ff-c33c-c1f44e5a2454" executionId="8eefc31c-5c63-4dd2-aa3e-d39d16654dc0" testListId="8c84fa94-04c1-424b-9868-57a2d4851a1d" />
    <TestEntry testId="599e77a4-6fde-de7d-4c87-c34bbd7317fb" executionId="e4559426-ef81-4d33-a033-ee825c1eaa6f" testListId="8c84fa94-04c1-424b-9868-57a2d4851a1d" />
    <TestEntry testId="800b53c4-e597-9174-35ab-8247b00e88d4" executionId="fde599c8-a18d-4abc-9aef-e8b35dfb9c08" testListId="8c84fa94-04c1-424b-9868-57a2d4851a1d" />
    <TestEntry testId="8ac7050d-d7af-c392-8777-837030536554" executionId="26b22c6b-1979-4907-b2b4-3fce07e43e76" testListId="8c84fa94-04c1-424b-9868-57a2d4851a1d" />
    <TestEntry testId="04261274-ab07-3f03-bcf6-21c0fc212f55" executionId="db55f23f-cf8f-4db7-9eed-04f188c7c5d1" testListId="8c84fa94-04c1-424b-9868-57a2d4851a1d" />
    <TestEntry testId="e2b9e8db-7c8b-8fba-6d61-582367e06020" executionId="20b0128d-9a79-46fd-912a-357284daa8db" testListId="8c84fa94-04c1-424b-9868-57a2d4851a1d" />
    <TestEntry testId="89e8a839-345a-b13c-95b7-2e725c0c6866" executionId="f97c6321-5906-4ad5-a6b5-be12acc25e33" testListId="8c84fa94-04c1-424b-9868-57a2d4851a1d" />
    <TestEntry testId="b9aeeb57-77b5-2794-ec49-6942cf68579c" executionId="d4011b89-5169-429a-8a3c-384cfcf579f1" testListId="8c84fa94-04c1-424b-9868-57a2d4851a1d" />
    <TestEntry testId="3fdc559d-49b5-939a-ea88-5f5ccb46e6e5" executionId="3e2078bc-88cb-4c4d-ae2d-82f219f9ecf0" testListId="8c84fa94-04c1-424b-9868-57a2d4851a1d" />
    <TestEntry testId="016a5fd2-b9ac-fdf5-0708-d507797d2d74" executionId="edc169a3-e0c7-4d55-a915-b26dba50ee3d" testListId="8c84fa94-04c1-424b-9868-57a2d4851a1d" />
    <TestEntry testId="a65a202e-4b1a-d7ad-e040-6de035fc4583" executionId="56721514-7dad-4892-9953-f41cda371d04" testListId="8c84fa94-04c1-424b-9868-57a2d4851a1d" />
    <TestEntry testId="e65441a8-f004-9eb6-6824-96e89d755038" executionId="18f572a1-6b04-4d5d-a8fc-f114e5fda096" testListId="8c84fa94-04c1-424b-9868-57a2d4851a1d" />
    <TestEntry testId="35b62df2-148b-f364-c307-afc590091eb3" executionId="0a07109a-57fb-4877-a020-53fe80208117" testListId="8c84fa94-04c1-424b-9868-57a2d4851a1d" />
    <TestEntry testId="5967d81f-e741-bb1c-24ba-b9a1ea697b1e" executionId="bd9e2543-4321-4262-bdcb-e4e9e506ce75" testListId="8c84fa94-04c1-424b-9868-57a2d4851a1d" />
    <TestEntry testId="c8bbc628-0cdb-88d8-32a5-2b8a89b03ec8" executionId="e9002b6c-271b-4505-b912-a82f3a28a12b" testListId="8c84fa94-04c1-424b-9868-57a2d4851a1d" />
    <TestEntry testId="044be290-726d-c554-d312-8462128118ae" executionId="75821aa3-d0de-4c7a-a67f-a715d1b44f6b" testListId="8c84fa94-04c1-424b-9868-57a2d4851a1d" />
    <TestEntry testId="fa537a50-d997-e2ec-552c-1f5eedfee4dd" executionId="a3940f6d-213c-4b28-8a81-b97676c55cd8" testListId="8c84fa94-04c1-424b-9868-57a2d4851a1d" />
  </TestEntries>
  <TestLists>
    <TestList name="Results Not in a List" id="8c84fa94-04c1-424b-9868-57a2d4851a1d" />
    <TestList name="All Loaded Results" id="19431567-8539-422a-85d7-44ee4e166bda" />
  </TestLists>
  <ResultSummary outcome="Completed">
    <Counters total="47" executed="47" passed="47" failed="0" error="0" timeout="0" aborted="0" inconclusive="0" passedButRunAborted="0" notRunnable="0" notExecuted="0" disconnected="0" warning="0" completed="0" inProgress="0" pending="0" />
    <Output>
      <StdOut>NUnit Adapter 5.2.0.0: Test execution started
Running all tests in /home/runner/work/Uno-Builds/Uno-Builds/FieldCheck/app/FieldCheck/FieldCheck.Tests/bin/Release/net10.0/FieldCheck.Tests.dll
   NUnit3TestExecutor discovered 47 of 47 NUnit test cases using Current Discovery mode, Non-Explicit run
NUnit Adapter 5.2.0.0: Test execution complete
</StdOut>
    </Output>
  </ResultSummary>
</TestRun>